-- Found ament_cmake: 1.3.9 (/opt/ros/humble/share/ament_cmake/cmake)
-- Found rclcpp: 16.0.9 (/opt/ros/humble/share/rclcpp/cmake)
-- Found rosidl_generator_c: 3.1.5 (/opt/ros/humble/share/rosidl_generator_c/cmake)
-- Found rosidl_adapter: 3.1.5 (/opt/ros/humble/share/rosidl_adapter/cmake)
-- Found rosidl_generator_cpp: 3.1.5 (/opt/ros/humble/share/rosidl_generator_cpp/cmake)
-- Using all available rosidl_typesupport_c: rosidl_typesupport_fastrtps_c;rosidl_typesupport_introspection_c
-- Using all available rosidl_typesupport_cpp: rosidl_typesupport_fastrtps_cpp;rosidl_typesupport_introspection_cpp
-- Found rmw_implementation_cmake: 6.1.2 (/opt/ros/humble/share/rmw_implementation_cmake/cmake)
-- Found rmw_fastrtps_cpp: 6.2.6 (/opt/ros/humble/share/rmw_fastrtps_cpp/cmake)
-- Using RMW implementation 'rmw_fastrtps_cpp' as default
-- Found nav_msgs: 4.2.4 (/opt/ros/humble/share/nav_msgs/cmake)
-- Found trajectory_msgs: 4.2.4 (/opt/ros/humble/share/trajectory_msgs/cmake)
-- Found visualization_msgs: 4.2.4 (/opt/ros/humble/share/visualization_msgs/cmake)
-- Found custom_interfaces: 0.0.0 (/home/ubuntu/ros2_ws/install/custom_interfaces/share/custom_interfaces/cmake)
-- Found rosidl_default_generators: 1.2.0 (/opt/ros/humble/share/rosidl_default_generators/cmake)
-- Found std_srvs: 4.2.4 (/opt/ros/humble/share/std_srvs/cmake)
-- Found robot_state_publisher: 3.0.3 (/opt/ros/humble/share/robot_state_publisher/cmake)
-- Found eigen3_cmake_module: 0.1.1 (/opt/ros/humble/share/eigen3_cmake_module/cmake)
-- Ensuring Eigen3 include directory is part of orocos-kdl CMake target
-- Found ament_lint_auto: 0.12.11 (/opt/ros/humble/share/ament_lint_auto/cmake)
-- Added test 'cppcheck' to perform static code analysis on C / C++ code
-- Configured cppcheck include dirs: /home/ubuntu/ros2_ws/src/isaac_sim_demo/include;/home/ubuntu/ros2_ws/src/isaac_sim_demo/ros2_ws/install/custom_interfaces/include/custom_interfaces/custom_interfaces;/home/ubuntu/ros2_ws/src/isaac_sim_demo/include/isaac_sim_demo
-- Configured cppcheck exclude dirs and/or files: 
-- Added test 'flake8' to check Python code syntax and style conventions
-- Added test 'lint_cmake' to check CMake code style
-- Added test 'pep257' to check Python code against some of the docstring style conventions in PEP 257
-- Added test 'uncrustify' to check C / C++ code style
-- Configured uncrustify additional arguments: 
-- Added test 'xmllint' to check XML markup files
-- Configuring done
-- Generating done
-- Build files have been written to: /home/ubuntu/ros2_ws/build/isaac_sim_demo
[35m[1mConsolidate compiler generated dependencies of target StateSubscriber_node[0m
[35m[1mConsolidate compiler generated dependencies of target visualization_node[0m
[35m[1mConsolidate compiler generated dependencies of target markers_node[0m
[35m[1mConsolidate compiler generated dependencies of target isaac_sim_demo_library[0m
[  8%] [32mBuilding CXX object CMakeFiles/tf_to_pos.dir/src/tf_to_pos.cpp.o[0m
[ 25%] Built target StateSubscriber_node
[ 41%] Built target markers_node
[ 58%] Built target visualization_node
[ 75%] Built target isaac_sim_demo_library
[35m[1mConsolidate compiler generated dependencies of target ompl_controller_node[0m
[ 91%] Built target ompl_controller_node
[01m[K/home/ubuntu/ros2_ws/src/isaac_sim_demo/src/tf_to_pos.cpp:5:10:[m[K [01;31m[Kfatal error: [m[Ktf2_geometry_msgs/tf2_geometry_msgs.h: No such file or directory
    5 | #include [01;31m[K"tf2_geometry_msgs/tf2_geometry_msgs.h"[m[K
      |          [01;31m[K^~~~~~~~~~~~~~~~~~~~~~~~~~~~~~~~~~~~~~~[m[K
compilation terminated.
gmake[2]: *** [CMakeFiles/tf_to_pos.dir/build.make:76: CMakeFiles/tf_to_pos.dir/src/tf_to_pos.cpp.o] Error 1
gmake[1]: *** [CMakeFiles/Makefile2:277: CMakeFiles/tf_to_pos.dir/all] Error 2
gmake: *** [Makefile:146: all] Error 2
