[  1%] Built target gtest
[  2%] Built target moveit_exceptions
[  4%] Built target gmock
[  5%] Built target moveit_transforms
[  6%] Built target moveit_kinematics_base
[  8%] Built target moveit_utils
[  9%] Built target moveit_smoothing_base
[ 10%] Built target moveit_butterworth_parameters
[ 12%] Built target moveit_version
[ 13%] Built target gtest_main
[ 14%] Built target gmock_main
[ 16%] Built target moveit_distance_field
[ 17%] Built target test_transforms
[ 24%] Built target moveit_robot_model
[ 25%] Built target test_voxel_grid
[ 26%] Built target test_distance_field
[ 27%] Built target moveit_butterworth_filter
[ 28%] Built target moveit_test_utils
[ 31%] Built target moveit_robot_state
[ 32%] Built target test_butterworth_filter
[ 33%] Built target test_robot_model
[ 34%] Built target moveit_robot_trajectory
[ 35%] Built target moveit_kinematics_metrics
[ 36%] Built target test_robot_state_complex
[ 37%] Built target test_robot_state_benchmark
[ 39%] Built target moveit_dynamics_solver
[ 41%] Built target test_robot_state
[ 43%] Built target test_cartesian_interpolator
[ 43%] Built target test_aabb
[ 49%] Built target moveit_collision_detection
[ 51%] Built target test_robot_trajectory
[ 52%] Built target moveit_planning_interface
[ 56%] Built target moveit_trajectory_processing
[ 58%] Built target test_all_valid
[ 58%] Built target test_world
[ 60%] Built target moveit_collision_detection_fcl
[ 62%] Built target test_world_diff
[ 67%] Built target moveit_collision_detection_bullet
[35m[1mConsolidate compiler generated dependencies of target moveit_kinematic_constraints[0m
[ 68%] Built target test_time_parameterization
[ 69%] Built target test_ruckig_traj_smoothing
[ 71%] Built target test_time_optimal_trajectory_generation
[ 73%] Built target test_fcl_collision_env
[ 74%] Built target test_fcl_collision_detection
[ 75%] Built target test_bullet_collision_detection
[ 76%] Built target test_fcl_collision_detection_panda
[ 76%] [32mBuilding CXX object kinematic_constraints/CMakeFiles/moveit_kinematic_constraints.dir/src/kinematic_constraint.cpp.o[0m
[ 78%] Built target test_bullet_continuous_collision_checking
[ 79%] Built target test_bullet_collision_detection_panda
[01m[K/home/ubuntu/ros2_ws/src/moveit2/moveit_core/kinematic_constraints/src/kinematic_constraint.cpp:[m[K In member function â€˜[01m[Kbool kinematic_constraints::VisibilityConstraint::configure(const VisibilityConstraint&, const moveit::core::Transforms&)[m[Kâ€™:
[01m[K/home/ubuntu/ros2_ws/src/moveit2/moveit_core/kinematic_constraints/src/kinematic_constraint.cpp:787:19:[m[K [01;31m[Kerror: [m[Kâ€˜[01m[Kplanning_scene[m[Kâ€™ was not declared in this scope
  787 |   std::shared_ptr<[01;31m[Kplanning_scene[m[K::PlanningScene> planning_scene = std::make_shared<planning_scene::PlanningScene>(robot_model_);
      |                   [01;31m[K^~~~~~~~~~~~~~[m[K
[01m[K/home/ubuntu/ros2_ws/src/moveit2/moveit_core/kinematic_constraints/src/kinematic_constraint.cpp:787:48:[m[K [01;31m[Kerror: [m[Ktemplate argument 1 is invalid
  787 |   std::shared_ptr<planning_scene::PlanningScene[01;31m[K>[m[K planning_scene = std::make_shared<planning_scene::PlanningScene>(robot_model_);
      |                                                [01;31m[K^[m[K
[01m[K/home/ubuntu/ros2_ws/src/moveit2/moveit_core/kinematic_constraints/src/kinematic_constraint.cpp:787:72:[m[K [01;31m[Kerror: [m[Kparse error in template argument list
  787 |   std::shared_ptr<planning_scene::PlanningScene> planning_scene = std::[01;31m[Kmake_shared<planning_scene::PlanningScene>[m[K(robot_model_);
      |                                                                        [01;31m[K^~~~~~~~~~~~~~~~~~~~~~~~~~~~~~~~~~~~~~~~~~[m[K
[01m[K/home/ubuntu/ros2_ws/src/moveit2/moveit_core/kinematic_constraints/src/kinematic_constraint.cpp:787:114:[m[K [01;31m[Kerror: [m[Kno matching function for call to â€˜[01m[Kmake_shared<planning_scene>(moveit::core::RobotModelConstPtr&)[m[Kâ€™
  787 |   std::shared_ptr<planning_scene::PlanningScene> planning_scene = [01;31m[Kstd::make_shared<planning_scene::PlanningScene>(robot_model_)[m[K;
      |                                                                   [01;31m[K~~~~~~~~~~~~~~~~~~~~~~~~~~~~~~~~~~~~~~~~~~~~~~~^~~~~~~~~~~~~~[m[K
In file included from [01m[K/usr/include/c++/11/memory:77[m[K,
                 from [01m[K/home/ubuntu/ros2_ws/src/moveit2/moveit_core/macros/include/moveit/macros/declare_ptr.h:37[m[K,
                 from [01m[K/home/ubuntu/ros2_ws/src/moveit2/moveit_core/macros/include/moveit/macros/class_forward.h:39[m[K,
                 from [01m[K/home/ubuntu/ros2_ws/src/moveit2/moveit_core/robot_model/include/moveit/robot_model/robot_model.h:40[m[K,
                 from [01m[K/home/ubuntu/ros2_ws/src/moveit2/moveit_core/kinematic_constraints/include/moveit/kinematic_constraints/kinematic_constraint.h:39[m[K,
                 from [01m[K/home/ubuntu/ros2_ws/src/moveit2/moveit_core/kinematic_constraints/src/kinematic_constraint.cpp:37[m[K:
[01m[K/usr/include/c++/11/bits/shared_ptr.h:875:5:[m[K [01;36m[Knote: [m[Kcandidate: â€˜[01m[Ktemplate<class _Tp, class ... _Args> std::shared_ptr<_Tp> std::make_shared(_Args&& ...)[m[Kâ€™
  875 |     [01;36m[Kmake_shared[m[K(_Args&&... __args)
      |     [01;36m[K^~~~~~~~~~~[m[K
[01m[K/usr/include/c++/11/bits/shared_ptr.h:875:5:[m[K [01;36m[Knote: [m[K  template argument deduction/substitution failed:
gmake[2]: *** [kinematic_constraints/CMakeFiles/moveit_kinematic_constraints.dir/build.make:76: kinematic_constraints/CMakeFiles/moveit_kinematic_constraints.dir/src/kinematic_constraint.cpp.o] Error 1
gmake[1]: *** [CMakeFiles/Makefile2:1123: kinematic_constraints/CMakeFiles/moveit_kinematic_constraints.dir/all] Error 2
gmake: *** [Makefile:146: all] Error 2
