[0.036s] Invoking command in '/home/ubuntu/ros2_ws/build/moveit_setup_srdf_plugins': AMENT_PREFIX_PATH=/home/ubuntu/ros2_ws/install/moveit_setup_framework:/home/ubuntu/ros2_ws/install/moveit_ros_visualization:/home/ubuntu/ros2_ws/install/moveit_ros_planning_interface:/home/ubuntu/ros2_ws/install/moveit_ros_move_group:/home/ubuntu/ros2_ws/install/moveit_ros_warehouse:/home/ubuntu/ros2_ws/install/moveit_ros_robot_interaction:/home/ubuntu/ros2_ws/install/moveit_planners_ompl:/home/ubuntu/ros2_ws/install/moveit_kinematics:/home/ubuntu/ros2_ws/install/moveit_ros_planning:/home/ubuntu/ros2_ws/install/moveit_simple_controller_manager:/home/ubuntu/ros2_ws/install/moveit_ros_occupancy_map_monitor:/home/ubuntu/ros2_ws/install/moveit_core:/home/ubuntu/ros2_ws/install/moveit_resources_panda_moveit_config:/home/ubuntu/ros2_ws/install/moveit_resources_fanuc_moveit_config:/home/ubuntu/ros2_ws/install/moveit_configs_utils:/home/ubuntu/ros2_ws/install/srdfdom:/home/ubuntu/ros2_ws/install/moveit_resources_pr2_description:/home/ubuntu/ros2_ws/install/moveit_resources_panda_description:/home/ubuntu/ros2_ws/install/moveit_resources_fanuc_description:/home/ubuntu/ros2_ws/install/moveit_common:/home/ubuntu/ros2_ws/install/launch_param_builder:${AMENT_PREFIX_PATH} CMAKE_PREFIX_PATH=/home/ubuntu/ros2_ws/install/moveit_setup_framework:/home/ubuntu/ros2_ws/install/moveit_ros_visualization:/home/ubuntu/ros2_ws/install/moveit_ros_planning_interface:/home/ubuntu/ros2_ws/install/moveit_ros_move_group:/home/ubuntu/ros2_ws/install/moveit_ros_warehouse:/home/ubuntu/ros2_ws/install/moveit_ros_robot_interaction:/home/ubuntu/ros2_ws/install/moveit_planners_ompl:/home/ubuntu/ros2_ws/install/moveit_kinematics:/home/ubuntu/ros2_ws/install/moveit_ros_planning:/home/ubuntu/ros2_ws/install/moveit_simple_controller_manager:/home/ubuntu/ros2_ws/install/moveit_ros_occupancy_map_monitor:/home/ubuntu/ros2_ws/install/moveit_core:/home/ubuntu/ros2_ws/install/moveit_resources_panda_moveit_config:/home/ubuntu/ros2_ws/install/moveit_resources_fanuc_moveit_config:/home/ubuntu/ros2_ws/install/srdfdom:/home/ubuntu/ros2_ws/install/moveit_resources_pr2_description:/home/ubuntu/ros2_ws/install/moveit_resources_panda_description:/home/ubuntu/ros2_ws/install/moveit_resources_fanuc_description:/home/ubuntu/ros2_ws/install/moveit_common:/opt/ros/humble LD_LIBRARY_PATH=/home/ubuntu/ros2_ws/install/moveit_setup_framework/lib:/home/ubuntu/ros2_ws/install/moveit_ros_visualization/lib:/home/ubuntu/ros2_ws/install/moveit_ros_planning_interface/lib:/home/ubuntu/ros2_ws/install/moveit_ros_move_group/lib:/home/ubuntu/ros2_ws/install/moveit_ros_warehouse/lib:/home/ubuntu/ros2_ws/install/moveit_ros_robot_interaction/lib:/home/ubuntu/ros2_ws/install/moveit_planners_ompl/lib:/home/ubuntu/ros2_ws/install/moveit_kinematics/lib:/home/ubuntu/ros2_ws/install/moveit_ros_planning/lib:/home/ubuntu/ros2_ws/install/moveit_simple_controller_manager/lib:/home/ubuntu/ros2_ws/install/moveit_ros_occupancy_map_monitor/lib:/home/ubuntu/ros2_ws/install/moveit_core/lib:/home/ubuntu/ros2_ws/install/srdfdom/lib:${LD_LIBRARY_PATH} PATH=/home/ubuntu/ros2_ws/install/moveit_core/bin:${PATH} PYTHONPATH=/home/ubuntu/ros2_ws/install/moveit_configs_utils/lib/python3.10/site-packages:/home/ubuntu/ros2_ws/install/srdfdom/local/lib/python3.10/dist-packages:/home/ubuntu/ros2_ws/install/launch_param_builder/lib/python3.10/site-packages:${PYTHONPATH} /usr/bin/cmake --build /home/ubuntu/ros2_ws/build/moveit_setup_srdf_plugins -- -j24 -l24
[0.062s] -- Found moveit_common: 2.5.5 (/home/ubuntu/ros2_ws/install/moveit_common/share/moveit_common/cmake)
[0.062s] -- Found ament_cmake: 1.3.10 (/opt/ros/humble/share/ament_cmake/cmake)
[0.249s] -- Found ament_cmake_ros: 0.10.0 (/opt/ros/humble/share/ament_cmake_ros/cmake)
[0.252s] -- Found moveit_setup_framework: 2.5.5 (/home/ubuntu/ros2_ws/install/moveit_setup_framework/share/moveit_setup_framework/cmake)
[0.281s] -- Found rosidl_generator_c: 3.1.5 (/opt/ros/humble/share/rosidl_generator_c/cmake)
[0.283s] -- Found rosidl_adapter: 3.1.5 (/opt/ros/humble/share/rosidl_adapter/cmake)
[0.288s] -- Found rosidl_generator_cpp: 3.1.5 (/opt/ros/humble/share/rosidl_generator_cpp/cmake)
[0.297s] -- Using all available rosidl_typesupport_c: rosidl_typesupport_fastrtps_c;rosidl_typesupport_introspection_c
[0.307s] -- Using all available rosidl_typesupport_cpp: rosidl_typesupport_fastrtps_cpp;rosidl_typesupport_introspection_cpp
[0.335s] -- Found rmw_implementation_cmake: 6.1.2 (/opt/ros/humble/share/rmw_implementation_cmake/cmake)
[0.337s] -- Found rmw_fastrtps_cpp: 6.2.7 (/opt/ros/humble/share/rmw_fastrtps_cpp/cmake)
[0.465s] -- Using RMW implementation 'rmw_fastrtps_cpp' as default
[0.520s] -- Found Boost: /usr/lib/x86_64-linux-gnu/cmake/Boost-1.74.0/BoostConfig.cmake (found version "1.74.0") found components: chrono date_time filesystem iostreams program_options regex serialization system thread 
[0.535s] -- Found parameter_traits: 0.3.8 (/opt/ros/humble/share/parameter_traits/cmake)
[0.541s] -- Found rclcpp_lifecycle: 16.0.10 (/opt/ros/humble/share/rclcpp_lifecycle/cmake)
[0.556s] -- Found Boost: /usr/lib/x86_64-linux-gnu/cmake/Boost-1.74.0/BoostConfig.cmake (found version "1.74.0") found components: filesystem 
[0.593s] -- library: /usr/lib/x86_64-linux-gnu/libcurl.so
[0.632s] -- Ensuring Eigen3 include directory is part of orocos-kdl CMake target
[0.784s] -- Found Boost: /usr/lib/x86_64-linux-gnu/cmake/Boost-1.74.0/BoostConfig.cmake (found version "1.74.0") found components: system filesystem date_time program_options thread chrono 
[0.804s] -- Found Boost: /usr/lib/x86_64-linux-gnu/cmake/Boost-1.74.0/BoostConfig.cmake (found version "1.74.0") found components: thread date_time system filesystem 
[0.813s] -- Found Boost: /usr/lib/x86_64-linux-gnu/cmake/Boost-1.74.0/BoostConfig.cmake (found version "1.74.0") found components: date_time filesystem program_options system thread 
[0.822s] -- Found Boost: /usr/lib/x86_64-linux-gnu/cmake/Boost-1.74.0/BoostConfig.cmake (found version "1.74.0") found components: thread system filesystem regex date_time program_options 
[0.836s] -- Found Boost: /usr/lib/x86_64-linux-gnu/cmake/Boost-1.74.0/BoostConfig.cmake (found version "1.74.0") found components: system filesystem date_time program_options thread 
[0.871s] -- Setting OGRE_DIR to: '/opt/ros/humble/share/rviz_ogre_vendor/cmake/../../../opt/rviz_ogre_vendor/lib/OGRE/cmake'
[0.872s] -- Found OGRE
[0.872s] --   static     : OFF
[0.872s] --   components : HLMS;MeshLodGenerator;Overlay;Paging;Property;RTShaderSystem;Terrain;Volume
[0.872s] --   plugins    : Plugin_BSPSceneManager;Plugin_OctreeSceneManager;Plugin_PCZSceneManager;Plugin_ParticleFX;RenderSystem_GL;RenderSystem_GL3Plus;Codec_STBI
[0.872s] --   media      : /opt/ros/humble/opt/rviz_ogre_vendor/share/OGRE/Media
[0.872s] -- OGRE_LIBRARIES: OgreHLMS;OgreMeshLodGenerator;OgreOverlay;OgrePaging;OgreProperty;OgreRTShaderSystem;OgreTerrain;OgreVolume;OgreMain
[0.873s] -- OGRE_LIBRARY_DIRS: /opt/ros/humble/opt/rviz_ogre_vendor/lib
[0.873s] -- OGRE_PLUGINS: Plugin_BSPSceneManager;Plugin_OctreeSceneManager;Plugin_PCZSceneManager;Plugin_ParticleFX;RenderSystem_GL;RenderSystem_GL3Plus;Codec_STBI
[0.873s] -- OGRE_PLUGIN_DIR: /opt/ros/humble/opt/rviz_ogre_vendor/lib/OGRE
[0.873s] -- rviz_ogre_vendor::OgreOverlay for IMPORTED_LOCATION_RELEASE: /opt/ros/humble/opt/rviz_ogre_vendor/lib/libOgreOverlay.so
[0.873s] -- rviz_ogre_vendor::OgreOverlay for IMPORTED_LOCATION_DEBUG: /opt/ros/humble/opt/rviz_ogre_vendor/lib/libOgreOverlay.so
[0.873s] -- rviz_ogre_vendor::OgreMain for IMPORTED_LOCATION_RELEASE: /opt/ros/humble/opt/rviz_ogre_vendor/lib/libOgreMain.so
[0.873s] -- rviz_ogre_vendor::OgreMain for IMPORTED_LOCATION_DEBUG: /opt/ros/humble/opt/rviz_ogre_vendor/lib/libOgreMain.so
[0.905s] -- Setting assimp_DIR to: '/opt/ros/humble/share/rviz_assimp_vendor/cmake/../../../opt/rviz_assimp_vendor/lib/cmake/assimp-4.1'
[0.967s] -- Found ament_lint_auto: 0.12.11 (/opt/ros/humble/share/ament_lint_auto/cmake)
[0.985s] -- Found gtest sources under '/opt/ros/humble/src/gtest_vendor': C++ tests using 'Google Test' will be built
[0.997s] -- Added test 'lint_cmake' to check CMake code style
[0.997s] -- Added test 'xmllint' to check XML markup files
[1.006s] -- Configuring done
[1.087s] -- Generating done
[1.090s] -- Build files have been written to: /home/ubuntu/ros2_ws/build/moveit_setup_srdf_plugins
[1.122s] [35m[1mConsolidate compiler generated dependencies of target gtest_main[0m
[1.123s] [35m[1mConsolidate compiler generated dependencies of target gtest[0m
[1.137s] [  4%] [32mBuilding CXX object gtest/CMakeFiles/gtest.dir/src/gtest-all.cc.o[0m
[1.137s] [  4%] [32mBuilding CXX object gtest/CMakeFiles/gtest_main.dir/src/gtest_main.cc.o[0m
[1.156s] [35m[1mConsolidate compiler generated dependencies of target moveit_setup_srdf_plugins[0m
[1.331s] [  6%] [32mBuilding CXX object CMakeFiles/moveit_setup_srdf_plugins.dir/src/collision_matrix_model.cpp.o[0m
[1.332s] [  8%] [32mBuilding CXX object CMakeFiles/moveit_setup_srdf_plugins.dir/src/collision_linear_model.cpp.o[0m
[1.337s] [ 10%] [32mBuilding CXX object CMakeFiles/moveit_setup_srdf_plugins.dir/src/compute_default_collisions.cpp.o[0m
[1.338s] [ 12%] [32mBuilding CXX object CMakeFiles/moveit_setup_srdf_plugins.dir/src/default_collisions.cpp.o[0m
[1.345s] [ 14%] [32mBuilding CXX object CMakeFiles/moveit_setup_srdf_plugins.dir/src/end_effectors.cpp.o[0m
[1.345s] [ 16%] [32mBuilding CXX object CMakeFiles/moveit_setup_srdf_plugins.dir/src/end_effectors_widget.cpp.o[0m
[1.348s] [ 18%] [32mBuilding CXX object CMakeFiles/moveit_setup_srdf_plugins.dir/src/group_meta_config.cpp.o[0m
[1.354s] [ 20%] [32mBuilding CXX object CMakeFiles/moveit_setup_srdf_plugins.dir/src/group_edit_widget.cpp.o[0m
[1.358s] [ 22%] [32mBuilding CXX object CMakeFiles/moveit_setup_srdf_plugins.dir/src/default_collisions_widget.cpp.o[0m
[1.462s] [ 25%] [32mBuilding CXX object CMakeFiles/moveit_setup_srdf_plugins.dir/src/planning_groups.cpp.o[0m
[1.466s] [ 27%] [32mBuilding CXX object CMakeFiles/moveit_setup_srdf_plugins.dir/src/kinematic_chain_widget.cpp.o[0m
[1.468s] [ 29%] [32mBuilding CXX object CMakeFiles/moveit_setup_srdf_plugins.dir/src/passive_joints_widget.cpp.o[0m
[1.475s] [ 31%] [32mBuilding CXX object CMakeFiles/moveit_setup_srdf_plugins.dir/src/planning_groups_widget.cpp.o[0m
[1.499s] [ 33%] [32mBuilding CXX object CMakeFiles/moveit_setup_srdf_plugins.dir/src/passive_joints.cpp.o[0m
[1.582s] [ 35%] [32mBuilding CXX object CMakeFiles/moveit_setup_srdf_plugins.dir/include/moveit_setup_srdf_plugins/moc_default_collisions_widget.cpp.o[0m
[1.591s] [ 37%] [32mBuilding CXX object CMakeFiles/moveit_setup_srdf_plugins.dir/include/moveit_setup_srdf_plugins/moc_collision_matrix_model.cpp.o[0m
[1.621s] [ 39%] [32mBuilding CXX object CMakeFiles/moveit_setup_srdf_plugins.dir/include/moveit_setup_srdf_plugins/moc_collision_linear_model.cpp.o[0m
[1.636s] [ 41%] [32mBuilding CXX object CMakeFiles/moveit_setup_srdf_plugins.dir/src/virtual_joints_widget.cpp.o[0m
[1.685s] [ 43%] [32mBuilding CXX object CMakeFiles/moveit_setup_srdf_plugins.dir/src/virtual_joints.cpp.o[0m
[1.740s] [ 45%] [32mBuilding CXX object CMakeFiles/moveit_setup_srdf_plugins.dir/src/rotated_header_view.cpp.o[0m
[1.775s] [ 47%] [32mBuilding CXX object CMakeFiles/moveit_setup_srdf_plugins.dir/src/robot_poses.cpp.o[0m
[1.792s] [ 50%] [32mBuilding CXX object CMakeFiles/moveit_setup_srdf_plugins.dir/src/robot_poses_widget.cpp.o[0m
[2.243s] [ 52%] [32m[1mLinking CXX static library libgtest_main.a[0m
[2.629s] [ 52%] Built target gtest_main
[2.745s] [ 54%] [32mBuilding CXX object CMakeFiles/moveit_setup_srdf_plugins.dir/include/moveit_setup_srdf_plugins/moc_end_effectors_widget.cpp.o[0m
[4.989s] [ 56%] [32mBuilding CXX object CMakeFiles/moveit_setup_srdf_plugins.dir/include/moveit_setup_srdf_plugins/moc_group_edit_widget.cpp.o[0m
[31.168s] [ 58%] [32m[1mLinking CXX static library libgtest.a[0m
[31.589s] [ 58%] Built target gtest
[35.978s] [01m[Kc++:[m[K [01;31m[Kfatal error: [m[KKilled signal terminated program cc1plus
[35.980s] compilation terminated.
[35.995s] gmake[2]: *** [CMakeFiles/moveit_setup_srdf_plugins.dir/build.make:148: CMakeFiles/moveit_setup_srdf_plugins.dir/src/compute_default_collisions.cpp.o] Error 1
[35.999s] gmake[2]: *** Waiting for unfinished jobs....
[43.076s] [01m[Kc++:[m[K [01;31m[Kfatal error: [m[KKilled signal terminated program cc1plus
[43.079s] compilation terminated.
[43.102s] gmake[2]: *** [CMakeFiles/moveit_setup_srdf_plugins.dir/build.make:302: CMakeFiles/moveit_setup_srdf_plugins.dir/src/planning_groups_widget.cpp.o] Error 1
[44.687s] [01m[Kc++:[m[K [01;31m[Kfatal error: [m[KKilled signal terminated program cc1plus
[44.688s] compilation terminated.
[44.706s] gmake[2]: *** [CMakeFiles/moveit_setup_srdf_plugins.dir/build.make:176: CMakeFiles/moveit_setup_srdf_plugins.dir/src/default_collisions_widget.cpp.o] Error 1
[48.195s] [01m[Kc++:[m[K [01;31m[Kfatal error: [m[KKilled signal terminated program cc1plus
[48.196s] compilation terminated.
[48.218s] gmake[2]: *** [CMakeFiles/moveit_setup_srdf_plugins.dir/build.make:288: CMakeFiles/moveit_setup_srdf_plugins.dir/src/planning_groups.cpp.o] Error 1
[56.693s] gmake[1]: *** [CMakeFiles/Makefile2:157: CMakeFiles/moveit_setup_srdf_plugins.dir/all] Error 2
[56.693s] gmake: *** [Makefile:146: all] Error 2
