[0.038s] Invoking command in '/home/ubuntu/ros2_ws/build/moveit_setup_core_plugins': AMENT_PREFIX_PATH=/home/ubuntu/ros2_ws/install/moveit_setup_framework:/home/ubuntu/ros2_ws/install/moveit_ros_visualization:/home/ubuntu/ros2_ws/install/moveit_ros_planning_interface:/home/ubuntu/ros2_ws/install/moveit_ros_move_group:/home/ubuntu/ros2_ws/install/moveit_ros_warehouse:/home/ubuntu/ros2_ws/install/moveit_ros_robot_interaction:/home/ubuntu/ros2_ws/install/moveit_planners_ompl:/home/ubuntu/ros2_ws/install/moveit_kinematics:/home/ubuntu/ros2_ws/install/moveit_ros_planning:/home/ubuntu/ros2_ws/install/moveit_simple_controller_manager:/home/ubuntu/ros2_ws/install/moveit_ros_occupancy_map_monitor:/home/ubuntu/ros2_ws/install/moveit_core:/home/ubuntu/ros2_ws/install/moveit_resources_panda_moveit_config:/home/ubuntu/ros2_ws/install/moveit_resources_fanuc_moveit_config:/home/ubuntu/ros2_ws/install/moveit_configs_utils:/home/ubuntu/ros2_ws/install/srdfdom:/home/ubuntu/ros2_ws/install/moveit_resources_pr2_description:/home/ubuntu/ros2_ws/install/moveit_resources_panda_description:/home/ubuntu/ros2_ws/install/moveit_resources_fanuc_description:/home/ubuntu/ros2_ws/install/moveit_common:/home/ubuntu/ros2_ws/install/launch_param_builder:${AMENT_PREFIX_PATH} CMAKE_PREFIX_PATH=/home/ubuntu/ros2_ws/install/moveit_setup_framework:/home/ubuntu/ros2_ws/install/moveit_ros_visualization:/home/ubuntu/ros2_ws/install/moveit_ros_planning_interface:/home/ubuntu/ros2_ws/install/moveit_ros_move_group:/home/ubuntu/ros2_ws/install/moveit_ros_warehouse:/home/ubuntu/ros2_ws/install/moveit_ros_robot_interaction:/home/ubuntu/ros2_ws/install/moveit_planners_ompl:/home/ubuntu/ros2_ws/install/moveit_kinematics:/home/ubuntu/ros2_ws/install/moveit_ros_planning:/home/ubuntu/ros2_ws/install/moveit_simple_controller_manager:/home/ubuntu/ros2_ws/install/moveit_ros_occupancy_map_monitor:/home/ubuntu/ros2_ws/install/moveit_core:/home/ubuntu/ros2_ws/install/moveit_resources_panda_moveit_config:/home/ubuntu/ros2_ws/install/moveit_resources_fanuc_moveit_config:/home/ubuntu/ros2_ws/install/srdfdom:/home/ubuntu/ros2_ws/install/moveit_resources_pr2_description:/home/ubuntu/ros2_ws/install/moveit_resources_panda_description:/home/ubuntu/ros2_ws/install/moveit_resources_fanuc_description:/home/ubuntu/ros2_ws/install/moveit_common:/opt/ros/humble LD_LIBRARY_PATH=/home/ubuntu/ros2_ws/install/moveit_setup_framework/lib:/home/ubuntu/ros2_ws/install/moveit_ros_visualization/lib:/home/ubuntu/ros2_ws/install/moveit_ros_planning_interface/lib:/home/ubuntu/ros2_ws/install/moveit_ros_move_group/lib:/home/ubuntu/ros2_ws/install/moveit_ros_warehouse/lib:/home/ubuntu/ros2_ws/install/moveit_ros_robot_interaction/lib:/home/ubuntu/ros2_ws/install/moveit_planners_ompl/lib:/home/ubuntu/ros2_ws/install/moveit_kinematics/lib:/home/ubuntu/ros2_ws/install/moveit_ros_planning/lib:/home/ubuntu/ros2_ws/install/moveit_simple_controller_manager/lib:/home/ubuntu/ros2_ws/install/moveit_ros_occupancy_map_monitor/lib:/home/ubuntu/ros2_ws/install/moveit_core/lib:/home/ubuntu/ros2_ws/install/srdfdom/lib:${LD_LIBRARY_PATH} PATH=/home/ubuntu/ros2_ws/install/moveit_core/bin:${PATH} PYTHONPATH=/home/ubuntu/ros2_ws/install/moveit_configs_utils/lib/python3.10/site-packages:/home/ubuntu/ros2_ws/install/srdfdom/local/lib/python3.10/dist-packages:/home/ubuntu/ros2_ws/install/launch_param_builder/lib/python3.10/site-packages:${PYTHONPATH} /usr/bin/cmake --build /home/ubuntu/ros2_ws/build/moveit_setup_core_plugins -- -j24 -l24
[0.064s] -- Found moveit_common: 2.5.5 (/home/ubuntu/ros2_ws/install/moveit_common/share/moveit_common/cmake)
[0.064s] -- Found ament_cmake: 1.3.10 (/opt/ros/humble/share/ament_cmake/cmake)
[0.255s] -- Found ament_cmake_ros: 0.10.0 (/opt/ros/humble/share/ament_cmake_ros/cmake)
[0.257s] -- Found ament_index_cpp: 1.4.0 (/opt/ros/humble/share/ament_index_cpp/cmake)
[0.258s] -- Found moveit_ros_visualization: 2.5.5 (/home/ubuntu/ros2_ws/install/moveit_ros_visualization/share/moveit_ros_visualization/cmake)
[0.267s] -- Found Boost: /usr/lib/x86_64-linux-gnu/cmake/Boost-1.74.0/BoostConfig.cmake (found version "1.74.0") found components: thread date_time system filesystem 
[0.287s] -- Found Boost: /usr/lib/x86_64-linux-gnu/cmake/Boost-1.74.0/BoostConfig.cmake (found version "1.74.0") found components: filesystem 
[0.303s] -- Found rosidl_generator_c: 3.1.5 (/opt/ros/humble/share/rosidl_generator_c/cmake)
[0.305s] -- Found rosidl_adapter: 3.1.5 (/opt/ros/humble/share/rosidl_adapter/cmake)
[0.310s] -- Found rosidl_generator_cpp: 3.1.5 (/opt/ros/humble/share/rosidl_generator_cpp/cmake)
[0.319s] -- Using all available rosidl_typesupport_c: rosidl_typesupport_fastrtps_c;rosidl_typesupport_introspection_c
[0.328s] -- Using all available rosidl_typesupport_cpp: rosidl_typesupport_fastrtps_cpp;rosidl_typesupport_introspection_cpp
[0.386s] -- Found rmw_implementation_cmake: 6.1.2 (/opt/ros/humble/share/rmw_implementation_cmake/cmake)
[0.388s] -- Found rmw_fastrtps_cpp: 6.2.7 (/opt/ros/humble/share/rmw_fastrtps_cpp/cmake)
[0.529s] -- Using RMW implementation 'rmw_fastrtps_cpp' as default
[0.598s] -- library: /usr/lib/x86_64-linux-gnu/libcurl.so
[0.656s] -- Found Boost: /usr/lib/x86_64-linux-gnu/cmake/Boost-1.74.0/BoostConfig.cmake (found version "1.74.0") found components: system filesystem date_time program_options thread chrono 
[0.767s] -- Found Boost: /usr/lib/x86_64-linux-gnu/cmake/Boost-1.74.0/BoostConfig.cmake (found version "1.74.0") found components: chrono date_time filesystem iostreams program_options regex serialization system thread 
[0.785s] -- Found parameter_traits: 0.3.8 (/opt/ros/humble/share/parameter_traits/cmake)
[0.792s] -- Found rclcpp_lifecycle: 16.0.10 (/opt/ros/humble/share/rclcpp_lifecycle/cmake)
[0.811s] -- Ensuring Eigen3 include directory is part of orocos-kdl CMake target
[0.924s] -- Found Boost: /usr/lib/x86_64-linux-gnu/cmake/Boost-1.74.0/BoostConfig.cmake (found version "1.74.0") found components: date_time filesystem program_options system thread 
[0.936s] -- Found Boost: /usr/lib/x86_64-linux-gnu/cmake/Boost-1.74.0/BoostConfig.cmake (found version "1.74.0") found components: thread system filesystem regex date_time program_options 
[0.953s] -- Found Boost: /usr/lib/x86_64-linux-gnu/cmake/Boost-1.74.0/BoostConfig.cmake (found version "1.74.0") found components: system filesystem date_time program_options thread 
[0.999s] -- Setting OGRE_DIR to: '/opt/ros/humble/share/rviz_ogre_vendor/cmake/../../../opt/rviz_ogre_vendor/lib/OGRE/cmake'
[0.999s] -- Found OGRE
[1.000s] --   static     : OFF
[1.000s] --   components : HLMS;MeshLodGenerator;Overlay;Paging;Property;RTShaderSystem;Terrain;Volume
[1.000s] --   plugins    : Plugin_BSPSceneManager;Plugin_OctreeSceneManager;Plugin_PCZSceneManager;Plugin_ParticleFX;RenderSystem_GL;RenderSystem_GL3Plus;Codec_STBI
[1.000s] --   media      : /opt/ros/humble/opt/rviz_ogre_vendor/share/OGRE/Media
[1.000s] -- OGRE_LIBRARIES: OgreHLMS;OgreMeshLodGenerator;OgreOverlay;OgrePaging;OgreProperty;OgreRTShaderSystem;OgreTerrain;OgreVolume;OgreMain
[1.000s] -- OGRE_LIBRARY_DIRS: /opt/ros/humble/opt/rviz_ogre_vendor/lib
[1.000s] -- OGRE_PLUGINS: Plugin_BSPSceneManager;Plugin_OctreeSceneManager;Plugin_PCZSceneManager;Plugin_ParticleFX;RenderSystem_GL;RenderSystem_GL3Plus;Codec_STBI
[1.000s] -- OGRE_PLUGIN_DIR: /opt/ros/humble/opt/rviz_ogre_vendor/lib/OGRE
[1.000s] -- rviz_ogre_vendor::OgreOverlay for IMPORTED_LOCATION_RELEASE: /opt/ros/humble/opt/rviz_ogre_vendor/lib/libOgreOverlay.so
[1.000s] -- rviz_ogre_vendor::OgreOverlay for IMPORTED_LOCATION_DEBUG: /opt/ros/humble/opt/rviz_ogre_vendor/lib/libOgreOverlay.so
[1.000s] -- rviz_ogre_vendor::OgreMain for IMPORTED_LOCATION_RELEASE: /opt/ros/humble/opt/rviz_ogre_vendor/lib/libOgreMain.so
[1.000s] -- rviz_ogre_vendor::OgreMain for IMPORTED_LOCATION_DEBUG: /opt/ros/humble/opt/rviz_ogre_vendor/lib/libOgreMain.so
[1.051s] -- Setting assimp_DIR to: '/opt/ros/humble/share/rviz_assimp_vendor/cmake/../../../opt/rviz_assimp_vendor/lib/cmake/assimp-4.1'
[1.122s] -- Found moveit_setup_framework: 2.5.5 (/home/ubuntu/ros2_ws/install/moveit_setup_framework/share/moveit_setup_framework/cmake)
[1.139s] -- Found ament_lint_auto: 0.12.11 (/opt/ros/humble/share/ament_lint_auto/cmake)
[1.169s] -- Added test 'lint_cmake' to check CMake code style
[1.169s] -- Added test 'xmllint' to check XML markup files
[1.178s] -- Configuring done
[1.263s] -- Generating done
[1.266s] -- Build files have been written to: /home/ubuntu/ros2_ws/build/moveit_setup_core_plugins
[1.306s] [  6%] [34m[1mAutomatic MOC for target moveit_setup_core_plugins[0m
[1.339s] [  6%] Built target moveit_setup_core_plugins_autogen
[1.376s] [35m[1mConsolidate compiler generated dependencies of target moveit_setup_core_plugins[0m
[1.521s] [ 13%] [32mBuilding CXX object CMakeFiles/moveit_setup_core_plugins.dir/moveit_setup_core_plugins_autogen/mocs_compilation.cpp.o[0m
[1.554s] [ 20%] [32mBuilding CXX object CMakeFiles/moveit_setup_core_plugins.dir/src/start_screen.cpp.o[0m
[1.608s] [ 26%] [32mBuilding CXX object CMakeFiles/moveit_setup_core_plugins.dir/src/start_screen_widget.cpp.o[0m
[1.633s] [ 33%] [32mBuilding CXX object CMakeFiles/moveit_setup_core_plugins.dir/src/configuration_files.cpp.o[0m
[1.653s] [ 40%] [32mBuilding CXX object CMakeFiles/moveit_setup_core_plugins.dir/src/configuration_files_widget.cpp.o[0m
[1.731s] [ 46%] [32mBuilding CXX object CMakeFiles/moveit_setup_core_plugins.dir/src/author_information_widget.cpp.o[0m
[1.782s] [ 53%] [32mBuilding CXX object CMakeFiles/moveit_setup_core_plugins.dir/include/moveit_setup_core_plugins/moc_start_screen_widget.cpp.o[0m
[1.782s] [ 60%] [32mBuilding CXX object CMakeFiles/moveit_setup_core_plugins.dir/src/author_information.cpp.o[0m
[1.786s] [ 73%] [32mBuilding CXX object CMakeFiles/moveit_setup_core_plugins.dir/include/moveit_setup_core_plugins/moc_configuration_files_widget.cpp.o[0m
[1.798s] [ 66%] [32mBuilding CXX object CMakeFiles/moveit_setup_core_plugins.dir/include/moveit_setup_core_plugins/moc_author_information_widget.cpp.o[0m
[39.223s] [01m[Kc++:[m[K [01;31m[Kfatal error: [m[KKilled signal terminated program cc1plus
[39.224s] compilation terminated.
[39.235s] gmake[2]: *** [CMakeFiles/moveit_setup_core_plugins.dir/build.make:186: CMakeFiles/moveit_setup_core_plugins.dir/include/moveit_setup_core_plugins/moc_start_screen_widget.cpp.o] Error 1
[39.237s] gmake[2]: *** Waiting for unfinished jobs....
[41.292s] [01m[Kc++:[m[K [01;31m[Kfatal error: [m[KKilled signal terminated program cc1plus
[41.293s] compilation terminated.
[41.293s] gmake[2]: *** [CMakeFiles/moveit_setup_core_plugins.dir/build.make:144: CMakeFiles/moveit_setup_core_plugins.dir/src/configuration_files_widget.cpp.o] Error 1
[56.060s] gmake[1]: *** [CMakeFiles/Makefile2:138: CMakeFiles/moveit_setup_core_plugins.dir/all] Error 2
[56.061s] gmake: *** [Makefile:146: all] Error 2
