[35m[1mConsolidate compiler generated dependencies of target joint_space[0m
[  9%] Built target StateSubscriber_node
[ 27%] Built target tf_to_pos_node
[ 27%] Built target visualization_node
[ 36%] Built target markers_node
[ 45%] Built target spawn_scene
[ 54%] Built target isaac_sim_demo_library
[ 63%] Built target moveit_test_node
[ 72%] Built target cartesian
[ 77%] [32mBuilding CXX object CMakeFiles/joint_space.dir/src/joint_space.cpp.o[0m
[ 95%] Built target ompl_controller_node
[ 95%] Built target ompl_lifecycle
[01m[K/home/ubuntu/ros2_ws/src/isaac_sim_demo/src/joint_space.cpp:[m[K In lambda function:
[01m[K/home/ubuntu/ros2_ws/src/isaac_sim_demo/src/joint_space.cpp:121:5:[m[K [01;31m[Kerror: [m[Kâ€˜[01m[Kdummy_state[m[Kâ€™ was not declared in this scope; did you mean â€˜[01m[K_ymmh_state[m[Kâ€™?
  121 |     [01;31m[Kdummy_state[m[K.setJointGroupPositions(joint_group, joint_group_variable_values);
      |     [01;31m[K^~~~~~~~~~~[m[K
      |     [32m[K_ymmh_state[m[K
gmake[2]: *** [CMakeFiles/joint_space.dir/build.make:76: CMakeFiles/joint_space.dir/src/joint_space.cpp.o] Error 1
gmake[1]: *** [CMakeFiles/Makefile2:339: CMakeFiles/joint_space.dir/all] Error 2
gmake: *** [Makefile:146: all] Error 2
