[0.068s] Invoking command in '/home/ubuntu/ros2_ws/build/isaac_sim_demo': AMENT_PREFIX_PATH=/home/ubuntu/ros2_ws/install/moveit_configs_utils:/home/ubuntu/ros2_ws/install/launch_param_builder:/home/ubuntu/ros2_ws/install/test_moveit_config:/home/ubuntu/ros2_ws/install/pilz_industrial_motion_planner_testutils:/home/ubuntu/ros2_ws/install/moveit_runtime:/home/ubuntu/ros2_ws/install/moveit2_tutorials:/home/ubuntu/ros2_ws/install/moveit:/home/ubuntu/ros2_ws/install/isaac_twin_moveit_config:/home/ubuntu/ros2_ws/install/four_drone_demo:/home/ubuntu/ros2_ws/install/chain_moveit_config:/home/ubuntu/ros2_ws/install/4_drone_demo:/home/ubuntu/ros2_ws/install/isaac_sim_demo:/home/ubuntu/ros2_ws/install/moveit_planners:/home/ubuntu/ros2_ws/install/pilz_industrial_motion_planner:/home/ubuntu/ros2_ws/install/moveit_visual_tools:/home/ubuntu/ros2_ws/install/moveit_task_constructor_visualization:/home/ubuntu/ros2_ws/install/moveit_task_constructor_demo:/home/ubuntu/ros2_ws/install/moveit_task_constructor_capabilities:/home/ubuntu/ros2_ws/install/moveit_task_constructor_core:/home/ubuntu/ros2_ws/install/moveit_ros_control_interface:/home/ubuntu/ros2_ws/install/moveit_plugins:/home/ubuntu/ros2_ws/install/moveit_simple_controller_manager:/home/ubuntu/ros2_ws/install/moveit_setup_assistant:/home/ubuntu/ros2_ws/install/moveit_setup_srdf_plugins:/home/ubuntu/ros2_ws/install/moveit_setup_core_plugins:/home/ubuntu/ros2_ws/install/moveit_setup_controllers:/home/ubuntu/ros2_ws/install/moveit_setup_app_plugins:/home/ubuntu/ros2_ws/install/moveit_setup_framework:/home/ubuntu/ros2_ws/install/moveit_servo:/home/ubuntu/ros2_ws/install/moveit_ros:/home/ubuntu/ros2_ws/install/moveit_ros_visualization:/home/ubuntu/ros2_ws/install/moveit_hybrid_planning:/home/ubuntu/ros2_ws/install/moveit_ros_planning_interface:/home/ubuntu/ros2_ws/install/moveit_ros_benchmarks:/home/ubuntu/ros2_ws/install/moveit_ros_warehouse:/home/ubuntu/ros2_ws/install/moveit_ros_robot_interaction:/home/ubuntu/ros2_ws/install/moveit_ros_perception:/home/ubuntu/ros2_ws/install/moveit_resources_prbt_pg70_support:/home/ubuntu/ros2_ws/install/moveit_resources_prbt_moveit_config:/home/ubuntu/ros2_ws/install/moveit_ros_move_group:/home/ubuntu/ros2_ws/install/moveit_planners_ompl:/home/ubuntu/ros2_ws/install/moveit_ros_planning:/home/ubuntu/ros2_ws/install/moveit_ros_occupancy_map_monitor:/home/ubuntu/ros2_ws/install/moveit_resources_prbt_ikfast_manipulator_plugin:/home/ubuntu/ros2_ws/install/moveit_planners_chomp:/home/ubuntu/ros2_ws/install/moveit_kinematics:/home/ubuntu/ros2_ws/install/moveit_chomp_optimizer_adapter:/home/ubuntu/ros2_ws/install/chomp_motion_planner:/home/ubuntu/ros2_ws/install/moveit_core:/home/ubuntu/ros2_ws/install/srdfdom:/home/ubuntu/ros2_ws/install/rviz_marker_tools:/home/ubuntu/ros2_ws/install/rosparam_shortcuts:/home/ubuntu/ros2_ws/install/moveit_task_constructor_msgs:/home/ubuntu/ros2_ws/install/moveit_resources_prbt_support:/home/ubuntu/ros2_ws/install/moveit_resources:/home/ubuntu/ros2_ws/install/moveit_resources_pr2_description:/home/ubuntu/ros2_ws/install/moveit_resources_panda_moveit_config:/home/ubuntu/ros2_ws/install/moveit_resources_panda_description:/home/ubuntu/ros2_ws/install/moveit_resources_fanuc_moveit_config:/home/ubuntu/ros2_ws/install/moveit_resources_fanuc_description:/home/ubuntu/ros2_ws/install/moveit_common:/home/ubuntu/ros2_ws/install/custom_interfaces:/opt/ros/humble CMAKE_PREFIX_PATH=/home/ubuntu/ros2_ws/install/moveit_setup_assistant:/home/ubuntu/ros2_ws/install/moveit_setup_srdf_plugins:/home/ubuntu/ros2_ws/install/moveit_setup_core_plugins:/home/ubuntu/ros2_ws/install/moveit_setup_controllers:/home/ubuntu/ros2_ws/install/moveit_setup_app_plugins:/home/ubuntu/ros2_ws/install/moveit_planners:/home/ubuntu/ros2_ws/install/pilz_industrial_motion_planner:/home/ubuntu/ros2_ws/install/moveit_setup_framework:/home/ubuntu/ros2_ws/install/moveit_ros_visualization:/home/ubuntu/ros2_ws/install/moveit_resources_prbt_pg70_support:/home/ubuntu/ros2_ws/install/moveit_ros_planning_interface:/home/ubuntu/ros2_ws/install/moveit_resources_prbt_moveit_config:/home/ubuntu/ros2_ws/install/moveit_ros_move_group:/home/ubuntu/ros2_ws/install/moveit_visual_tools:/home/ubuntu/ros2_ws/install/moveit_ros_warehouse:/home/ubuntu/ros2_ws/install/moveit_ros_robot_interaction:/home/ubuntu/ros2_ws/install/moveit_planners_ompl:/home/ubuntu/ros2_ws/install/moveit_kinematics:/home/ubuntu/ros2_ws/install/moveit_ros_planning:/home/ubuntu/ros2_ws/install/pilz_industrial_motion_planner_testutils:/home/ubuntu/ros2_ws/install/moveit_simple_controller_manager:/home/ubuntu/ros2_ws/install/moveit_ros_occupancy_map_monitor:/home/ubuntu/ros2_ws/install/moveit_resources_prbt_ikfast_manipulator_plugin:/home/ubuntu/ros2_ws/install/moveit_core:/home/ubuntu/ros2_ws/install/moveit_resources_panda_moveit_config:/home/ubuntu/ros2_ws/install/moveit_resources_fanuc_moveit_config:/home/ubuntu/ros2_ws/install/srdfdom:/home/ubuntu/ros2_ws/install/moveit_resources_prbt_support:/home/ubuntu/ros2_ws/install/moveit_resources_pr2_description:/home/ubuntu/ros2_ws/install/moveit_resources_panda_description:/home/ubuntu/ros2_ws/install/moveit_resources_fanuc_description:/home/ubuntu/ros2_ws/install/moveit_common:/home/ubuntu/ros2_ws/install/custom_interfaces:/home/ubuntu/ros2_ws/install/test_moveit_config:/home/ubuntu/ros2_ws/install/moveit_runtime:/home/ubuntu/ros2_ws/install/moveit2_tutorials:/home/ubuntu/ros2_ws/install/moveit:/home/ubuntu/ros2_ws/install/isaac_twin_moveit_config:/home/ubuntu/ros2_ws/install/four_drone_demo:/home/ubuntu/ros2_ws/install/chain_moveit_config:/home/ubuntu/ros2_ws/install/4_drone_demo:/home/ubuntu/ros2_ws/install/isaac_sim_demo:/home/ubuntu/ros2_ws/install/moveit_task_constructor_visualization:/home/ubuntu/ros2_ws/install/moveit_task_constructor_demo:/home/ubuntu/ros2_ws/install/moveit_task_constructor_capabilities:/home/ubuntu/ros2_ws/install/moveit_task_constructor_core:/home/ubuntu/ros2_ws/install/moveit_ros_control_interface:/home/ubuntu/ros2_ws/install/moveit_plugins:/home/ubuntu/ros2_ws/install/moveit_servo:/home/ubuntu/ros2_ws/install/moveit_ros:/home/ubuntu/ros2_ws/install/moveit_hybrid_planning:/home/ubuntu/ros2_ws/install/moveit_ros_benchmarks:/home/ubuntu/ros2_ws/install/moveit_ros_perception:/home/ubuntu/ros2_ws/install/moveit_planners_chomp:/home/ubuntu/ros2_ws/install/moveit_chomp_optimizer_adapter:/home/ubuntu/ros2_ws/install/chomp_motion_planner:/home/ubuntu/ros2_ws/install/rviz_marker_tools:/home/ubuntu/ros2_ws/install/rosparam_shortcuts:/home/ubuntu/ros2_ws/install/moveit_task_constructor_msgs:/home/ubuntu/ros2_ws/install/moveit_resources:/home/ubuntu/ros2_ws/install/moveit_configs_utils:/home/ubuntu/ros2_ws/install/launch_param_builder:/opt/ros/humble LD_LIBRARY_PATH=/home/ubuntu/ros2_ws/install/moveit_setup_srdf_plugins/lib:/home/ubuntu/ros2_ws/install/moveit_setup_core_plugins/lib:/home/ubuntu/ros2_ws/install/moveit_setup_controllers/lib:/home/ubuntu/ros2_ws/install/moveit_setup_app_plugins/lib:/home/ubuntu/ros2_ws/install/pilz_industrial_motion_planner/lib:/home/ubuntu/ros2_ws/install/moveit_setup_framework/lib:/home/ubuntu/ros2_ws/install/moveit_ros_visualization/lib:/home/ubuntu/ros2_ws/install/moveit_ros_planning_interface/lib:/home/ubuntu/ros2_ws/install/moveit_ros_move_group/lib:/home/ubuntu/ros2_ws/install/moveit_visual_tools/lib:/home/ubuntu/ros2_ws/install/moveit_ros_warehouse/lib:/home/ubuntu/ros2_ws/install/moveit_ros_robot_interaction/lib:/home/ubuntu/ros2_ws/install/moveit_planners_ompl/lib:/home/ubuntu/ros2_ws/install/moveit_kinematics/lib:/home/ubuntu/ros2_ws/install/moveit_ros_planning/lib:/home/ubuntu/ros2_ws/install/pilz_industrial_motion_planner_testutils/lib:/home/ubuntu/ros2_ws/install/moveit_simple_controller_manager/lib:/home/ubuntu/ros2_ws/install/moveit_ros_occupancy_map_monitor/lib:/home/ubuntu/ros2_ws/install/moveit_resources_prbt_ikfast_manipulator_plugin/lib:/home/ubuntu/ros2_ws/install/moveit_core/lib:/home/ubuntu/ros2_ws/install/srdfdom/lib:/home/ubuntu/ros2_ws/install/custom_interfaces/lib:/home/ubuntu/ros2_ws/install/moveit_task_constructor_visualization/lib:/home/ubuntu/ros2_ws/install/moveit_task_constructor_demo/lib:/home/ubuntu/ros2_ws/install/moveit_task_constructor_capabilities/lib:/home/ubuntu/ros2_ws/install/moveit_task_constructor_core/lib:/home/ubuntu/ros2_ws/install/moveit_ros_control_interface/lib:/home/ubuntu/ros2_ws/install/moveit_setup_assistant/lib:/home/ubuntu/ros2_ws/install/moveit_servo/lib:/home/ubuntu/ros2_ws/install/moveit_hybrid_planning/lib:/home/ubuntu/ros2_ws/install/moveit_ros_benchmarks/lib:/home/ubuntu/ros2_ws/install/moveit_ros_perception/lib:/home/ubuntu/ros2_ws/install/moveit_planners_chomp/lib:/home/ubuntu/ros2_ws/install/moveit_chomp_optimizer_adapter/lib:/home/ubuntu/ros2_ws/install/chomp_motion_planner/lib:/home/ubuntu/ros2_ws/install/rviz_marker_tools/lib:/home/ubuntu/ros2_ws/install/rosparam_shortcuts/lib:/home/ubuntu/ros2_ws/install/moveit_task_constructor_msgs/lib:/opt/ros/humble/opt/rviz_ogre_vendor/lib:/opt/ros/humble/lib/x86_64-linux-gnu:/opt/ros/humble/lib PYTHONPATH=/home/ubuntu/ros2_ws/install/moveit_configs_utils/lib/python3.10/site-packages:/home/ubuntu/ros2_ws/install/launch_param_builder/lib/python3.10/site-packages:/home/ubuntu/ros2_ws/install/srdfdom/local/lib/python3.10/dist-packages:/home/ubuntu/ros2_ws/install/moveit_task_constructor_msgs/local/lib/python3.10/dist-packages:/home/ubuntu/ros2_ws/install/custom_interfaces/local/lib/python3.10/dist-packages:/opt/ros/humble/lib/python3.10/site-packages:/opt/ros/humble/local/lib/python3.10/dist-packages /usr/bin/cmake --build /home/ubuntu/ros2_ws/build/isaac_sim_demo -- -j24 -l24
[0.150s] [ 10%] Built target visualization_node
[0.151s] [ 20%] Built target StateSubscriber_node
[0.151s] [ 30%] Built target markers_node
[0.153s] [ 40%] Built target tf_to_pos_node
[0.159s] [ 45%] [32mBuilding CXX object CMakeFiles/moveit_test_node.dir/src/moveit_demo.cpp.o[0m
[0.160s] [ 55%] Built target spawn_scene
[0.161s] [ 65%] Built target isaac_sim_demo_library
[0.161s] [ 75%] Built target cpp_demo
[0.196s] [ 95%] Built target ompl_controller_node
[0.196s] [ 95%] Built target ompl_lifecycle
[4.514s] [01m[K/home/ubuntu/ros2_ws/src/isaac_sim_demo/src/moveit_demo.cpp:[m[K In function â€˜[01m[Kint main(int, char**)[m[Kâ€™:
[4.514s] [01m[K/home/ubuntu/ros2_ws/src/isaac_sim_demo/src/moveit_demo.cpp:50:38:[m[K [01;31m[Kerror: [m[Kâ€˜[01m[KCollisionObject[m[Kâ€™ is not a member of â€˜[01m[Kmoveit_msgs[m[Kâ€™; did you mean â€˜[01m[Kmoveit_msgs::msg::CollisionObject[m[Kâ€™?
[4.514s]    50 |   std::map<std::string, moveit_msgs::[01;31m[KCollisionObject[m[K> objects = planning_scene_interface.getObjects();
[4.514s]       |                                      [01;31m[K^~~~~~~~~~~~~~~[m[K
[4.514s] In file included from [01m[K/opt/ros/humble/include/moveit_msgs/moveit_msgs/msg/detail/attached_collision_object__struct.hpp:20[m[K,
[4.514s]                  from [01m[K/opt/ros/humble/include/moveit_msgs/moveit_msgs/msg/detail/robot_state__struct.hpp:24[m[K,
[4.514s]                  from [01m[K/opt/ros/humble/include/moveit_msgs/moveit_msgs/msg/robot_state.hpp:7[m[K,
[4.514s]                  from [01m[K/home/ubuntu/ros2_ws/install/moveit_ros_planning_interface/include/moveit/move_group_interface/move_group_interface.h:44[m[K,
[4.514s]                  from [01m[K/home/ubuntu/ros2_ws/src/isaac_sim_demo/src/moveit_demo.cpp:4[m[K:
[4.515s] [01m[K/opt/ros/humble/include/moveit_msgs/moveit_msgs/msg/detail/collision_object__struct.hpp:300:7:[m[K [01;36m[Knote: [m[Kâ€˜[01m[Kmoveit_msgs::msg::CollisionObject[m[Kâ€™ declared here
[4.515s]   300 | using [01;36m[KCollisionObject[m[K =
[4.515s]       |       [01;36m[K^~~~~~~~~~~~~~~[m[K
[4.515s] [01m[K/home/ubuntu/ros2_ws/src/isaac_sim_demo/src/moveit_demo.cpp:50:53:[m[K [01;31m[Kerror: [m[Ktemplate argument 2 is invalid
[4.515s]    50 |   std::map<std::string, moveit_msgs::CollisionObject[01;31m[K>[m[K objects = planning_scene_interface.getObjects();
[4.515s]       |                                                     [01;31m[K^[m[K
[4.515s] [01m[K/home/ubuntu/ros2_ws/src/isaac_sim_demo/src/moveit_demo.cpp:50:53:[m[K [01;31m[Kerror: [m[Ktemplate argument 4 is invalid
[4.518s] [01m[K/home/ubuntu/ros2_ws/src/isaac_sim_demo/src/moveit_demo.cpp:50:100:[m[K [01;31m[Kerror: [m[Kcannot convert â€˜[01m[Kstd::map<std::__cxx11::basic_string<char>, moveit_msgs::msg::CollisionObject_<std::allocator<void> > >[m[Kâ€™ to â€˜[01m[Kint[m[Kâ€™ in initialization
[4.518s]    50 |   std::map<std::string, moveit_msgs::CollisionObject> objects = [01;31m[Kplanning_scene_interface.getObjects()[m[K;
[4.518s]       |                                                                 [01;31m[K~~~~~~~~~~~~~~~~~~~~~~~~~~~~~~~~~~~^~[m[K
[4.518s]       |                                                                                                    [01;31m[K|[m[K
[4.518s]       |                                                                                                    [01;31m[Kstd::map<std::__cxx11::basic_string<char>, moveit_msgs::msg::CollisionObject_<std::allocator<void> > >[m[K
[4.519s] [01m[K/home/ubuntu/ros2_ws/src/isaac_sim_demo/src/moveit_demo.cpp:54:36:[m[K [01;31m[Kerror: [m[Kâ€˜[01m[Kbegin[m[Kâ€™ was not declared in this scope
[4.519s]    54 |     for (const auto& object_pair : [01;31m[Kobjects[m[K)
[4.519s]       |                                    [01;31m[K^~~~~~~[m[K
[4.519s] [01m[K/home/ubuntu/ros2_ws/src/isaac_sim_demo/src/moveit_demo.cpp:54:36:[m[K [01;36m[Knote: [m[Ksuggested alternatives:
[4.520s] In file included from [01m[K/usr/include/c++/11/array:41[m[K,
[4.520s]                  from [01m[K/usr/include/c++/11/tuple:39[m[K,
[4.520s]                  from [01m[K/usr/include/c++/11/bits/unique_ptr.h:37[m[K,
[4.520s]                  from [01m[K/usr/include/c++/11/memory:76[m[K,
[4.520s]                  from [01m[K/home/ubuntu/ros2_ws/src/isaac_sim_demo/src/moveit_demo.cpp:1[m[K:
[4.520s] [01m[K/usr/include/c++/11/bits/range_access.h:108:37:[m[K [01;36m[Knote: [m[K  â€˜[01m[Kstd::begin[m[Kâ€™
[4.520s]   108 |   template<typename _Tp> const _Tp* [01;36m[Kbegin[m[K(const valarray<_Tp>&) noexcept;
[4.520s]       |                                     [01;36m[K^~~~~[m[K
[4.520s] In file included from [01m[K/usr/include/boost/mpl/begin_end.hpp:17[m[K,
[4.520s]                  from [01m[K/usr/include/boost/mpl/iter_fold.hpp:18[m[K,
[4.520s]                  from [01m[K/usr/include/boost/mpl/distance.hpp:18[m[K,
[4.520s]                  from [01m[K/usr/include/boost/variant/detail/apply_visitor_unary.hpp:20[m[K,
[4.520s]                  from [01m[K/usr/include/boost/variant/apply_visitor.hpp:16[m[K,
[4.520s]                  from [01m[K/usr/include/boost/signals2/slot_base.hpp:21[m[K,
[4.520s]                  from [01m[K/usr/include/boost/signals2/detail/tracked_objects_visitor.hpp:18[m[K,
[4.520s]                  from [01m[K/usr/include/boost/signals2/slot.hpp:22[m[K,
[4.521s]                  from [01m[K/usr/include/boost/signals2/connection.hpp:24[m[K,
[4.521s]                  from [01m[K/usr/include/boost/signals2/signal.hpp:22[m[K,
[4.521s]                  from [01m[K/usr/include/boost/signals2.hpp:19[m[K,
[4.521s]                  from [01m[K/home/ubuntu/ros2_ws/install/moveit_ros_planning/include/moveit/planning_scene_monitor/current_state_monitor.h:45[m[K,
[4.521s]                  from [01m[K/home/ubuntu/ros2_ws/install/moveit_ros_planning/include/moveit/planning_scene_monitor/planning_scene_monitor.h:46[m[K,
[4.521s]                  from [01m[K/home/ubuntu/ros2_ws/install/moveit_visual_tools/include/moveit_visual_tools/moveit_visual_tools.h:41[m[K,
[4.521s]                  from [01m[K/home/ubuntu/ros2_ws/src/isaac_sim_demo/src/moveit_demo.cpp:5[m[K:
[4.522s] [01m[K/usr/include/boost/mpl/begin_end_fwd.hpp:22:38:[m[K [01;36m[Knote: [m[K  â€˜[01m[Kboost::mpl::begin[m[Kâ€™
[4.522s]    22 | template< typename Sequence > struct [01;36m[Kbegin[m[K;
[4.522s]       |                                      [01;36m[K^~~~~[m[K
[4.522s] [01m[K/home/ubuntu/ros2_ws/src/isaac_sim_demo/src/moveit_demo.cpp:54:36:[m[K [01;31m[Kerror: [m[Kâ€˜[01m[Kend[m[Kâ€™ was not declared in this scope
[4.522s]    54 |     for (const auto& object_pair : [01;31m[Kobjects[m[K)
[4.522s]       |                                    [01;31m[K^~~~~~~[m[K
[4.522s] [01m[K/home/ubuntu/ros2_ws/src/isaac_sim_demo/src/moveit_demo.cpp:54:36:[m[K [01;36m[Knote: [m[Ksuggested alternatives:
[4.522s] In file included from [01m[K/usr/include/c++/11/array:41[m[K,
[4.522s]                  from [01m[K/usr/include/c++/11/tuple:39[m[K,
[4.522s]                  from [01m[K/usr/include/c++/11/bits/unique_ptr.h:37[m[K,
[4.522s]                  from [01m[K/usr/include/c++/11/memory:76[m[K,
[4.522s]                  from [01m[K/home/ubuntu/ros2_ws/src/isaac_sim_demo/src/moveit_demo.cpp:1[m[K:
[4.522s] [01m[K/usr/include/c++/11/bits/range_access.h:110:37:[m[K [01;36m[Knote: [m[K  â€˜[01m[Kstd::end[m[Kâ€™
[4.522s]   110 |   template<typename _Tp> const _Tp* [01;36m[Kend[m[K(const valarray<_Tp>&) noexcept;
[4.522s]       |                                     [01;36m[K^~~[m[K
[4.522s] In file included from [01m[K/usr/include/boost/mpl/begin_end.hpp:17[m[K,
[4.523s]                  from [01m[K/usr/include/boost/mpl/iter_fold.hpp:18[m[K,
[4.523s]                  from [01m[K/usr/include/boost/mpl/distance.hpp:18[m[K,
[4.523s]                  from [01m[K/usr/include/boost/variant/detail/apply_visitor_unary.hpp:20[m[K,
[4.523s]                  from [01m[K/usr/include/boost/variant/apply_visitor.hpp:16[m[K,
[4.523s]                  from [01m[K/usr/include/boost/signals2/slot_base.hpp:21[m[K,
[4.523s]                  from [01m[K/usr/include/boost/signals2/detail/tracked_objects_visitor.hpp:18[m[K,
[4.523s]                  from [01m[K/usr/include/boost/signals2/slot.hpp:22[m[K,
[4.523s]                  from [01m[K/usr/include/boost/signals2/connection.hpp:24[m[K,
[4.523s]                  from [01m[K/usr/include/boost/signals2/signal.hpp:22[m[K,
[4.523s]                  from [01m[K/usr/include/boost/signals2.hpp:19[m[K,
[4.523s]                  from [01m[K/home/ubuntu/ros2_ws/install/moveit_ros_planning/include/moveit/planning_scene_monitor/current_state_monitor.h:45[m[K,
[4.523s]                  from [01m[K/home/ubuntu/ros2_ws/install/moveit_ros_planning/include/moveit/planning_scene_monitor/planning_scene_monitor.h:46[m[K,
[4.523s]                  from [01m[K/home/ubuntu/ros2_ws/install/moveit_visual_tools/include/moveit_visual_tools/moveit_visual_tools.h:41[m[K,
[4.523s]                  from [01m[K/home/ubuntu/ros2_ws/src/isaac_sim_demo/src/moveit_demo.cpp:5[m[K:
[4.523s] [01m[K/usr/include/boost/mpl/begin_end_fwd.hpp:23:38:[m[K [01;36m[Knote: [m[K  â€˜[01m[Kboost::mpl::end[m[Kâ€™
[4.523s]    23 | template< typename Sequence > struct [01;36m[Kend[m[K;
[4.523s]       |                                      [01;36m[K^~~[m[K
[4.523s] In file included from [01m[K/usr/include/eigen3/Eigen/Core:265[m[K,
[4.523s]                  from [01m[K/usr/include/eigen3/Eigen/Geometry:11[m[K,
[4.524s]                  from [01m[K/home/ubuntu/ros2_ws/install/moveit_core/include/moveit/robot_model/joint_model.h:46[m[K,
[4.524s]                  from [01m[K/home/ubuntu/ros2_ws/install/moveit_core/include/moveit/robot_model/joint_model_group.h:40[m[K,
[4.524s]                  from [01m[K/home/ubuntu/ros2_ws/install/moveit_core/include/moveit/robot_model/robot_model.h:45[m[K,
[4.524s]                  from [01m[K/home/ubuntu/ros2_ws/install/moveit_core/include/moveit/robot_state/robot_state.h:40[m[K,
[4.524s]                  from [01m[K/home/ubuntu/ros2_ws/install/moveit_ros_planning_interface/include/moveit/move_group_interface/move_group_interface.h:41[m[K,
[4.524s]                  from [01m[K/home/ubuntu/ros2_ws/src/isaac_sim_demo/src/moveit_demo.cpp:4[m[K:
[4.524s] [01m[K/usr/include/eigen3/Eigen/src/Core/util/IndexedViewHelper.h:181:40:[m[K [01;36m[Knote: [m[K  â€˜[01m[KEigen::placeholders::end[m[Kâ€™
[4.524s]   181 |   EIGEN_DEPRECATED static const end_t  [01;36m[Kend[m[K  = Eigen::lastp1; // PLEASE use Eigen::lastp1 instead of Eigen::placeholders::end
[4.524s]       |                                        [01;36m[K^~~[m[K
[4.524s] [01m[K/home/ubuntu/ros2_ws/src/isaac_sim_demo/src/moveit_demo.cpp:57:28:[m[K [01;31m[Kerror: [m[Kâ€˜[01m[KCollisionObject[m[Kâ€™ in namespace â€˜[01m[Kmoveit_msgs[m[Kâ€™ does not name a type
[4.524s]    57 |         const moveit_msgs::[01;31m[KCollisionObject[m[K& collision_object = object_pair.second;
[4.524s]       |                            [01;31m[K^~~~~~~~~~~~~~~[m[K
[4.524s] [01m[K/home/ubuntu/ros2_ws/src/isaac_sim_demo/src/moveit_demo.cpp:59:39:[m[K [01;31m[Kerror: [m[Kno match for â€˜[01m[Koperator<<[m[Kâ€™ (operand types are â€˜[01m[Kconst char [12][m[Kâ€™ and â€˜[01m[Kconst string[m[Kâ€™ {aka â€˜[01m[Kconst std::__cxx11::basic_string<char>[m[Kâ€™})
[4.524s]    59 |         ROS_INFO_STREAM([32m[K"Object ID: "[m[K [01;31m[K<<[m[K [34m[Kobject_id[m[K);
[4.524s]       |                         [32m[K~~~~~~~~~~~~~[m[K [01;31m[K^~[m[K [34m[K~~~~~~~~~[m[K
[4.524s]       |                         [32m[K|[m[K                [34m[K|[m[K
[4.524s]       |                         [32m[Kconst char [12][m[K  [34m[Kconst string {aka const std::__cxx11::basic_string<char>}[m[K
[4.524s] In file included from [01m[K/usr/include/c++/11/memory:77[m[K,
[4.524s]                  from [01m[K/home/ubuntu/ros2_ws/src/isaac_sim_demo/src/moveit_demo.cpp:1[m[K:
[4.525s] [01m[K/usr/include/c++/11/bits/shared_ptr.h:70:5:[m[K [01;36m[Knote: [m[Kcandidate: â€˜[01m[Ktemplate<class _Ch, class _Tr, class _Tp, __gnu_cxx::_Lock_policy _Lp> std::basic_ostream<_Ch, _Tr>& std::operator<<(std::basic_ostream<_Ch, _Tr>&, const std::__shared_ptr<_Tp, _Lp>&)[m[Kâ€™
[4.525s]    70 |     [01;36m[Koperator[m[K<<(std::basic_ostream<_Ch, _Tr>& __os,
[4.525s]       |     [01;36m[K^~~~~~~~[m[K
[4.525s] [01m[K/usr/include/c++/11/bits/shared_ptr.h:70:5:[m[K [01;36m[Knote: [m[K  template argument deduction/substitution failed:
[4.525s] [01m[K/home/ubuntu/ros2_ws/src/isaac_sim_demo/src/moveit_demo.cpp:59:42:[m[K [01;36m[Knote: [m[K  mismatched types â€˜[01m[Kstd::basic_ostream<_Ch, _Tr>[m[Kâ€™ and â€˜[01m[Kconst char [12][m[Kâ€™
[4.525s]    59 |         ROS_INFO_STREAM("Object ID: " << [01;36m[Kobject_id[m[K);
[4.525s]       |                                          [01;36m[K^~~~~~~~~[m[K
[4.525s] In file included from [01m[K/home/ubuntu/ros2_ws/src/isaac_sim_demo/src/moveit_demo.cpp:2[m[K:
[4.525s] [01m[K/usr/include/c++/11/thread:92:5:[m[K [01;36m[Knote: [m[Kcandidate: â€˜[01m[Ktemplate<class _CharT, class _Traits> std::basic_ostream<_Ch, _Tr>& std::operator<<(std::basic_ostream<_Ch, _Tr>&, std::thread::id)[m[Kâ€™
[4.525s]    92 |     [01;36m[Koperator[m[K<<(basic_ostream<_CharT, _Traits>& __out, thread::id __id)
[4.525s]       |     [01;36m[K^~~~~~~~[m[K
[4.525s] [01m[K/usr/include/c++/11/thread:92:5:[m[K [01;36m[Knote: [m[K  template argument deduction/substitution failed:
[4.525s] [01m[K/home/ubuntu/ros2_ws/src/isaac_sim_demo/src/moveit_demo.cpp:59:42:[m[K [01;36m[Knote: [m[K  mismatched types â€˜[01m[Kstd::basic_ostream<_Ch, _Tr>[m[Kâ€™ and â€˜[01m[Kconst char [12][m[Kâ€™
[4.525s]    59 |         ROS_INFO_STREAM("Object ID: " << [01;36m[Kobject_id[m[K);
[4.525s]       |                                          [01;36m[K^~~~~~~~~[m[K
[4.525s] In file included from [01m[K/usr/include/c++/11/bits/basic_string.h:48[m[K,
[4.525s]                  from [01m[K/usr/include/c++/11/string:55[m[K,
[4.525s]                  from [01m[K/usr/include/c++/11/stdexcept:39[m[K,
[4.525s]                  from [01m[K/usr/include/c++/11/system_error:41[m[K,
[4.525s]                  from [01m[K/usr/include/c++/11/mutex:42[m[K,
[4.525s]                  from [01m[K/usr/include/c++/11/future:38[m[K,
[4.525s]                  from [01m[K/opt/ros/humble/include/rclcpp/rclcpp/executors.hpp:18[m[K,
[4.525s]                  from [01m[K/opt/ros/humble/include/rclcpp/rclcpp/rclcpp.hpp:155[m[K,
[4.525s]                  from [01m[K/home/ubuntu/ros2_ws/src/isaac_sim_demo/src/moveit_demo.cpp:3[m[K:
[4.525s] [01m[K/usr/include/c++/11/string_view:667:5:[m[K [01;36m[Knote: [m[Kcandidate: â€˜[01m[Ktemplate<class _CharT, class _Traits> std::basic_ostream<_Ch, _Tr>& std::operator<<(std::basic_ostream<_Ch, _Tr>&, std::basic_string_view<_CharT, _Traits>)[m[Kâ€™
[4.525s]   667 |     [01;36m[Koperator[m[K<<(basic_ostream<_CharT, _Traits>& __os,
[4.525s]       |     [01;36m[K^~~~~~~~[m[K
[4.525s] [01m[K/usr/include/c++/11/string_view:667:5:[m[K [01;36m[Knote: [m[K  template argument deduction/substitution failed:
[4.525s] [01m[K/home/ubuntu/ros2_ws/src/isaac_sim_demo/src/moveit_demo.cpp:59:42:[m[K [01;36m[Knote: [m[K  mismatched types â€˜[01m[Kstd::basic_ostream<_Ch, _Tr>[m[Kâ€™ and â€˜[01m[Kconst char [12][m[Kâ€™
[4.525s]    59 |         ROS_INFO_STREAM("Object ID: " << [01;36m[Kobject_id[m[K);
[4.525s]       |                                          [01;36m[K^~~~~~~~~[m[K
[4.525s] In file included from [01m[K/usr/include/c++/11/string:55[m[K,
[4.525s]                  from [01m[K/usr/include/c++/11/stdexcept:39[m[K,
[4.525s]                  from [01m[K/usr/include/c++/11/system_error:41[m[K,
[4.525s]                  from [01m[K/usr/include/c++/11/mutex:42[m[K,
[4.526s]                  from [01m[K/usr/include/c++/11/future:38[m[K,
[4.526s]                  from [01m[K/opt/ros/humble/include/rclcpp/rclcpp/executors.hpp:18[m[K,
[4.526s]                  from [01m[K/opt/ros/humble/include/rclcpp/rclcpp/rclcpp.hpp:155[m[K,
[4.526s]                  from [01m[K/home/ubuntu/ros2_ws/src/isaac_sim_demo/src/moveit_demo.cpp:3[m[K:
[4.526s] [01m[K/usr/include/c++/11/bits/basic_string.h:6531:5:[m[K [01;36m[Knote: [m[Kcandidate: â€˜[01m[Ktemplate<class _CharT, class _Traits, class _Alloc> std::basic_ostream<_Ch, _Tr>& std::operator<<(std::basic_ostream<_Ch, _Tr>&, const std::__cxx11::basic_string<_CharT, _Traits, _Allocator>&)[m[Kâ€™
[4.526s]  6531 |     [01;36m[Koperator[m[K<<(basic_ostream<_CharT, _Traits>& __os,
[4.526s]       |     [01;36m[K^~~~~~~~[m[K
[4.526s] [01m[K/usr/include/c++/11/bits/basic_string.h:6531:5:[m[K [01;36m[Knote: [m[K  template argument deduction/substitution failed:
[4.526s] [01m[K/home/ubuntu/ros2_ws/src/isaac_sim_demo/src/moveit_demo.cpp:59:42:[m[K [01;36m[Knote: [m[K  mismatched types â€˜[01m[Kstd::basic_ostream<_Ch, _Tr>[m[Kâ€™ and â€˜[01m[Kconst char [12][m[Kâ€™
[4.526s]    59 |         ROS_INFO_STREAM("Object ID: " << [01;36m[Kobject_id[m[K);
[4.526s]       |                                          [01;36m[K^~~~~~~~~[m[K
[4.526s] In file included from [01m[K/usr/include/c++/11/mutex:42[m[K,
[4.526s]                  from [01m[K/usr/include/c++/11/future:38[m[K,
[4.526s]                  from [01m[K/opt/ros/humble/include/rclcpp/rclcpp/executors.hpp:18[m[K,
[4.526s]                  from [01m[K/opt/ros/humble/include/rclcpp/rclcpp/rclcpp.hpp:155[m[K,
[4.526s]                  from [01m[K/home/ubuntu/ros2_ws/src/isaac_sim_demo/src/moveit_demo.cpp:3[m[K:
[4.526s] [01m[K/usr/include/c++/11/system_error:279:5:[m[K [01;36m[Knote: [m[Kcandidate: â€˜[01m[Ktemplate<class _CharT, class _Traits> std::basic_ostream<_Ch, _Tr>& std::operator<<(std::basic_ostream<_Ch, _Tr>&, const std::error_code&)[m[Kâ€™
[4.526s]   279 |     [01;36m[Koperator[m[K<<(basic_ostream<_CharT, _Traits>& __os, const error_code& __e)
[4.526s]       |     [01;36m[K^~~~~~~~[m[K
[4.526s] [01m[K/usr/include/c++/11/system_error:279:5:[m[K [01;36m[Knote: [m[K  template argument deduction/substitution failed:
[4.526s] [01m[K/home/ubuntu/ros2_ws/src/isaac_sim_demo/src/moveit_demo.cpp:59:42:[m[K [01;36m[Knote: [m[K  mismatched types â€˜[01m[Kstd::basic_ostream<_Ch, _Tr>[m[Kâ€™ and â€˜[01m[Kconst char [12][m[Kâ€™
[4.526s]    59 |         ROS_INFO_STREAM("Object ID: " << [01;36m[Kobject_id[m[K);
[4.526s]       |                                          [01;36m[K^~~~~~~~~[m[K
[4.526s] In file included from [01m[K/usr/include/c++/11/iostream:39[m[K,
[4.526s]                  from [01m[K/opt/ros/humble/include/rclcpp/rclcpp/executor.hpp:22[m[K,
[4.526s]                  from [01m[K/opt/ros/humble/include/rclcpp/rclcpp/executors/multi_threaded_executor.hpp:25[m[K,
[4.526s]                  from [01m[K/opt/ros/humble/include/rclcpp/rclcpp/executors.hpp:21[m[K,
[4.526s]                  from [01m[K/opt/ros/humble/include/rclcpp/rclcpp/rclcpp.hpp:155[m[K,
[4.526s]                  from [01m[K/home/ubuntu/ros2_ws/src/isaac_sim_demo/src/moveit_demo.cpp:3[m[K:
[4.526s] [01m[K/usr/include/c++/11/ostream:513:5:[m[K [01;36m[Knote: [m[Kcandidate: â€˜[01m[Ktemplate<class _CharT, class _Traits> std::basic_ostream<_Ch, _Tr>& std::operator<<(std::basic_ostream<_Ch, _Tr>&, _CharT)[m[Kâ€™
[4.526s]   513 |     [01;36m[Koperator[m[K<<(basic_ostream<_CharT, _Traits>& __out, _CharT __c)
[4.526s]       |     [01;36m[K^~~~~~~~[m[K
[4.526s] [01m[K/usr/include/c++/11/ostream:513:5:[m[K [01;36m[Knote: [m[K  template argument deduction/substitution failed:
[4.526s] [01m[K/home/ubuntu/ros2_ws/src/isaac_sim_demo/src/moveit_demo.cpp:59:42:[m[K [01;36m[Knote: [m[K  mismatched types â€˜[01m[Kstd::basic_ostream<_Ch, _Tr>[m[Kâ€™ and â€˜[01m[Kconst char [12][m[Kâ€™
[4.526s]    59 |         ROS_INFO_STREAM("Object ID: " << [01;36m[Kobject_id[m[K);
[4.526s]       |                                          [01;36m[K^~~~~~~~~[m[K
[4.527s] In file included from [01m[K/usr/include/c++/11/iostream:39[m[K,
[4.527s]                  from [01m[K/opt/ros/humble/include/rclcpp/rclcpp/executor.hpp:22[m[K,
[4.527s]                  from [01m[K/opt/ros/humble/include/rclcpp/rclcpp/executors/multi_threaded_executor.hpp:25[m[K,
[4.527s]                  from [01m[K/opt/ros/humble/include/rclcpp/rclcpp/executors.hpp:21[m[K,
[4.527s]                  from [01m[K/opt/ros/humble/include/rclcpp/rclcpp/rclcpp.hpp:155[m[K,
[4.527s]                  from [01m[K/home/ubuntu/ros2_ws/src/isaac_sim_demo/src/moveit_demo.cpp:3[m[K:
[4.527s] [01m[K/usr/include/c++/11/ostream:518:5:[m[K [01;36m[Knote: [m[Kcandidate: â€˜[01m[Ktemplate<class _CharT, class _Traits> std::basic_ostream<_Ch, _Tr>& std::operator<<(std::basic_ostream<_Ch, _Tr>&, char)[m[Kâ€™
[4.527s]   518 |     [01;36m[Koperator[m[K<<(basic_ostream<_CharT, _Traits>& __out, char __c)
[4.527s]       |     [01;36m[K^~~~~~~~[m[K
[4.527s] [01m[K/usr/include/c++/11/ostream:518:5:[m[K [01;36m[Knote: [m[K  template argument deduction/substitution failed:
[4.527s] [01m[K/home/ubuntu/ros2_ws/src/isaac_sim_demo/src/moveit_demo.cpp:59:42:[m[K [01;36m[Knote: [m[K  mismatched types â€˜[01m[Kstd::basic_ostream<_Ch, _Tr>[m[Kâ€™ and â€˜[01m[Kconst char [12][m[Kâ€™
[4.527s]    59 |         ROS_INFO_STREAM("Object ID: " << [01;36m[Kobject_id[m[K);
[4.527s]       |                                          [01;36m[K^~~~~~~~~[m[K
[4.527s] In file included from [01m[K/usr/include/c++/11/iostream:39[m[K,
[4.527s]                  from [01m[K/opt/ros/humble/include/rclcpp/rclcpp/executor.hpp:22[m[K,
[4.527s]                  from [01m[K/opt/ros/humble/include/rclcpp/rclcpp/executors/multi_threaded_executor.hpp:25[m[K,
[4.527s]                  from [01m[K/opt/ros/humble/include/rclcpp/rclcpp/executors.hpp:21[m[K,
[4.527s]                  from [01m[K/opt/ros/humble/include/rclcpp/rclcpp/rclcpp.hpp:155[m[K,
[4.527s]                  from [01m[K/home/ubuntu/ros2_ws/src/isaac_sim_demo/src/moveit_demo.cpp:3[m[K:
[4.527s] [01m[K/usr/include/c++/11/ostream:524:5:[m[K [01;36m[Knote: [m[Kcandidate: â€˜[01m[Ktemplate<class _Traits> std::basic_ostream<char, _Traits>& std::operator<<(std::basic_ostream<char, _Traits>&, char)[m[Kâ€™
[4.527s]   524 |     [01;36m[Koperator[m[K<<(basic_ostream<char, _Traits>& __out, char __c)
[4.527s]       |     [01;36m[K^~~~~~~~[m[K
[4.527s] [01m[K/usr/include/c++/11/ostream:524:5:[m[K [01;36m[Knote: [m[K  template argument deduction/substitution failed:
[4.527s] [01m[K/home/ubuntu/ros2_ws/src/isaac_sim_demo/src/moveit_demo.cpp:59:42:[m[K [01;36m[Knote: [m[K  mismatched types â€˜[01m[Kstd::basic_ostream<char, _Traits>[m[Kâ€™ and â€˜[01m[Kconst char [12][m[Kâ€™
[4.527s]    59 |         ROS_INFO_STREAM("Object ID: " << [01;36m[Kobject_id[m[K);
[4.527s]       |                                          [01;36m[K^~~~~~~~~[m[K
[4.527s] In file included from [01m[K/usr/include/c++/11/iostream:39[m[K,
[4.527s]                  from [01m[K/opt/ros/humble/include/rclcpp/rclcpp/executor.hpp:22[m[K,
[4.527s]                  from [01m[K/opt/ros/humble/include/rclcpp/rclcpp/executors/multi_threaded_executor.hpp:25[m[K,
[4.527s]                  from [01m[K/opt/ros/humble/include/rclcpp/rclcpp/executors.hpp:21[m[K,
[4.527s]                  from [01m[K/opt/ros/humble/include/rclcpp/rclcpp/rclcpp.hpp:155[m[K,
[4.527s]                  from [01m[K/home/ubuntu/ros2_ws/src/isaac_sim_demo/src/moveit_demo.cpp:3[m[K:
[4.527s] [01m[K/usr/include/c++/11/ostream:530:5:[m[K [01;36m[Knote: [m[Kcandidate: â€˜[01m[Ktemplate<class _Traits> std::basic_ostream<char, _Traits>& std::operator<<(std::basic_ostream<char, _Traits>&, signed char)[m[Kâ€™
[4.527s]   530 |     [01;36m[Koperator[m[K<<(basic_ostream<char, _Traits>& __out, signed char __c)
[4.527s]       |     [01;36m[K^~~~~~~~[m[K
[4.527s] [01m[K/usr/include/c++/11/ostream:530:5:[m[K [01;36m[Knote: [m[K  template argument deduction/substitution failed:
[4.527s] [01m[K/home/ubuntu/ros2_ws/src/isaac_sim_demo/src/moveit_demo.cpp:59:42:[m[K [01;36m[Knote: [m[K  mismatched types â€˜[01m[Kstd::basic_ostream<char, _Traits>[m[Kâ€™ and â€˜[01m[Kconst char [12][m[Kâ€™
[4.528s]    59 |         ROS_INFO_STREAM("Object ID: " << [01;36m[Kobject_id[m[K);
[4.528s]       |                                          [01;36m[K^~~~~~~~~[m[K
[4.528s] In file included from [01m[K/usr/include/c++/11/iostream:39[m[K,
[4.528s]                  from [01m[K/opt/ros/humble/include/rclcpp/rclcpp/executor.hpp:22[m[K,
[4.528s]                  from [01m[K/opt/ros/humble/include/rclcpp/rclcpp/executors/multi_threaded_executor.hpp:25[m[K,
[4.528s]                  from [01m[K/opt/ros/humble/include/rclcpp/rclcpp/executors.hpp:21[m[K,
[4.528s]                  from [01m[K/opt/ros/humble/include/rclcpp/rclcpp/rclcpp.hpp:155[m[K,
[4.528s]                  from [01m[K/home/ubuntu/ros2_ws/src/isaac_sim_demo/src/moveit_demo.cpp:3[m[K:
[4.528s] [01m[K/usr/include/c++/11/ostream:535:5:[m[K [01;36m[Knote: [m[Kcandidate: â€˜[01m[Ktemplate<class _Traits> std::basic_ostream<char, _Traits>& std::operator<<(std::basic_ostream<char, _Traits>&, unsigned char)[m[Kâ€™
[4.528s]   535 |     [01;36m[Koperator[m[K<<(basic_ostream<char, _Traits>& __out, unsigned char __c)
[4.528s]       |     [01;36m[K^~~~~~~~[m[K
[4.528s] [01m[K/usr/include/c++/11/ostream:535:5:[m[K [01;36m[Knote: [m[K  template argument deduction/substitution failed:
[4.528s] [01m[K/home/ubuntu/ros2_ws/src/isaac_sim_demo/src/moveit_demo.cpp:59:42:[m[K [01;36m[Knote: [m[K  mismatched types â€˜[01m[Kstd::basic_ostream<char, _Traits>[m[Kâ€™ and â€˜[01m[Kconst char [12][m[Kâ€™
[4.528s]    59 |         ROS_INFO_STREAM("Object ID: " << [01;36m[Kobject_id[m[K);
[4.528s]       |                                          [01;36m[K^~~~~~~~~[m[K
[4.528s] In file included from [01m[K/usr/include/c++/11/iostream:39[m[K,
[4.528s]                  from [01m[K/opt/ros/humble/include/rclcpp/rclcpp/executor.hpp:22[m[K,
[4.528s]                  from [01m[K/opt/ros/humble/include/rclcpp/rclcpp/executors/multi_threaded_executor.hpp:25[m[K,
[4.528s]                  from [01m[K/opt/ros/humble/include/rclcpp/rclcpp/executors.hpp:21[m[K,
[4.528s]                  from [01m[K/opt/ros/humble/include/rclcpp/rclcpp/rclcpp.hpp:155[m[K,
[4.528s]                  from [01m[K/home/ubuntu/ros2_ws/src/isaac_sim_demo/src/moveit_demo.cpp:3[m[K:
[4.528s] [01m[K/usr/include/c++/11/ostream:594:5:[m[K [01;36m[Knote: [m[Kcandidate: â€˜[01m[Ktemplate<class _CharT, class _Traits> std::basic_ostream<_Ch, _Tr>& std::operator<<(std::basic_ostream<_Ch, _Tr>&, const _CharT*)[m[Kâ€™
[4.528s]   594 |     [01;36m[Koperator[m[K<<(basic_ostream<_CharT, _Traits>& __out, const _CharT* __s)
[4.528s]       |     [01;36m[K^~~~~~~~[m[K
[4.528s] [01m[K/usr/include/c++/11/ostream:594:5:[m[K [01;36m[Knote: [m[K  template argument deduction/substitution failed:
[4.528s] [01m[K/home/ubuntu/ros2_ws/src/isaac_sim_demo/src/moveit_demo.cpp:59:42:[m[K [01;36m[Knote: [m[K  mismatched types â€˜[01m[Kstd::basic_ostream<_Ch, _Tr>[m[Kâ€™ and â€˜[01m[Kconst char [12][m[Kâ€™
[4.528s]    59 |         ROS_INFO_STREAM("Object ID: " << [01;36m[Kobject_id[m[K);
[4.528s]       |                                          [01;36m[K^~~~~~~~~[m[K
[4.528s] In file included from [01m[K/usr/include/c++/11/ostream:829[m[K,
[4.528s]                  from [01m[K/usr/include/c++/11/iostream:39[m[K,
[4.528s]                  from [01m[K/opt/ros/humble/include/rclcpp/rclcpp/executor.hpp:22[m[K,
[4.528s]                  from [01m[K/opt/ros/humble/include/rclcpp/rclcpp/executors/multi_threaded_executor.hpp:25[m[K,
[4.528s]                  from [01m[K/opt/ros/humble/include/rclcpp/rclcpp/executors.hpp:21[m[K,
[4.528s]                  from [01m[K/opt/ros/humble/include/rclcpp/rclcpp/rclcpp.hpp:155[m[K,
[4.528s]                  from [01m[K/home/ubuntu/ros2_ws/src/isaac_sim_demo/src/moveit_demo.cpp:3[m[K:
[4.528s] [01m[K/usr/include/c++/11/bits/ostream.tcc:321:5:[m[K [01;36m[Knote: [m[Kcandidate: â€˜[01m[Ktemplate<class _CharT, class _Traits> std::basic_ostream<_Ch, _Tr>& std::operator<<(std::basic_ostream<_Ch, _Tr>&, const char*)[m[Kâ€™
[4.528s]   321 |     [01;36m[Koperator[m[K<<(basic_ostream<_CharT, _Traits>& __out, const char* __s)
[4.529s]       |     [01;36m[K^~~~~~~~[m[K
[4.529s] [01m[K/usr/include/c++/11/bits/ostream.tcc:321:5:[m[K [01;36m[Knote: [m[K  template argument deduction/substitution failed:
[4.529s] [01m[K/home/ubuntu/ros2_ws/src/isaac_sim_demo/src/moveit_demo.cpp:59:42:[m[K [01;36m[Knote: [m[K  mismatched types â€˜[01m[Kstd::basic_ostream<_Ch, _Tr>[m[Kâ€™ and â€˜[01m[Kconst char [12][m[Kâ€™
[4.529s]    59 |         ROS_INFO_STREAM("Object ID: " << [01;36m[Kobject_id[m[K);
[4.529s]       |                                          [01;36m[K^~~~~~~~~[m[K
[4.529s] In file included from [01m[K/usr/include/c++/11/iostream:39[m[K,
[4.529s]                  from [01m[K/opt/ros/humble/include/rclcpp/rclcpp/executor.hpp:22[m[K,
[4.529s]                  from [01m[K/opt/ros/humble/include/rclcpp/rclcpp/executors/multi_threaded_executor.hpp:25[m[K,
[4.529s]                  from [01m[K/opt/ros/humble/include/rclcpp/rclcpp/executors.hpp:21[m[K,
[4.529s]                  from [01m[K/opt/ros/humble/include/rclcpp/rclcpp/rclcpp.hpp:155[m[K,
[4.529s]                  from [01m[K/home/ubuntu/ros2_ws/src/isaac_sim_demo/src/moveit_demo.cpp:3[m[K:
[4.529s] [01m[K/usr/include/c++/11/ostream:611:5:[m[K [01;36m[Knote: [m[Kcandidate: â€˜[01m[Ktemplate<class _Traits> std::basic_ostream<char, _Traits>& std::operator<<(std::basic_ostream<char, _Traits>&, const char*)[m[Kâ€™
[4.529s]   611 |     [01;36m[Koperator[m[K<<(basic_ostream<char, _Traits>& __out, const char* __s)
[4.529s]       |     [01;36m[K^~~~~~~~[m[K
[4.529s] [01m[K/usr/include/c++/11/ostream:611:5:[m[K [01;36m[Knote: [m[K  template argument deduction/substitution failed:
[4.529s] [01m[K/home/ubuntu/ros2_ws/src/isaac_sim_demo/src/moveit_demo.cpp:59:42:[m[K [01;36m[Knote: [m[K  mismatched types â€˜[01m[Kstd::basic_ostream<char, _Traits>[m[Kâ€™ and â€˜[01m[Kconst char [12][m[Kâ€™
[4.529s]    59 |         ROS_INFO_STREAM("Object ID: " << [01;36m[Kobject_id[m[K);
[4.529s]       |                                          [01;36m[K^~~~~~~~~[m[K
[4.529s] In file included from [01m[K/usr/include/c++/11/iostream:39[m[K,
[4.529s]                  from [01m[K/opt/ros/humble/include/rclcpp/rclcpp/executor.hpp:22[m[K,
[4.529s]                  from [01m[K/opt/ros/humble/include/rclcpp/rclcpp/executors/multi_threaded_executor.hpp:25[m[K,
[4.529s]                  from [01m[K/opt/ros/humble/include/rclcpp/rclcpp/executors.hpp:21[m[K,
[4.529s]                  from [01m[K/opt/ros/humble/include/rclcpp/rclcpp/rclcpp.hpp:155[m[K,
[4.529s]                  from [01m[K/home/ubuntu/ros2_ws/src/isaac_sim_demo/src/moveit_demo.cpp:3[m[K:
[4.529s] [01m[K/usr/include/c++/11/ostream:624:5:[m[K [01;36m[Knote: [m[Kcandidate: â€˜[01m[Ktemplate<class _Traits> std::basic_ostream<char, _Traits>& std::operator<<(std::basic_ostream<char, _Traits>&, const signed char*)[m[Kâ€™
[4.529s]   624 |     [01;36m[Koperator[m[K<<(basic_ostream<char, _Traits>& __out, const signed char* __s)
[4.529s]       |     [01;36m[K^~~~~~~~[m[K
[4.529s] [01m[K/usr/include/c++/11/ostream:624:5:[m[K [01;36m[Knote: [m[K  template argument deduction/substitution failed:
[4.529s] [01m[K/home/ubuntu/ros2_ws/src/isaac_sim_demo/src/moveit_demo.cpp:59:42:[m[K [01;36m[Knote: [m[K  mismatched types â€˜[01m[Kstd::basic_ostream<char, _Traits>[m[Kâ€™ and â€˜[01m[Kconst char [12][m[Kâ€™
[4.529s]    59 |         ROS_INFO_STREAM("Object ID: " << [01;36m[Kobject_id[m[K);
[4.529s]       |                                          [01;36m[K^~~~~~~~~[m[K
[4.529s] In file included from [01m[K/usr/include/c++/11/iostream:39[m[K,
[4.529s]                  from [01m[K/opt/ros/humble/include/rclcpp/rclcpp/executor.hpp:22[m[K,
[4.529s]                  from [01m[K/opt/ros/humble/include/rclcpp/rclcpp/executors/multi_threaded_executor.hpp:25[m[K,
[4.529s]                  from [01m[K/opt/ros/humble/include/rclcpp/rclcpp/executors.hpp:21[m[K,
[4.529s]                  from [01m[K/opt/ros/humble/include/rclcpp/rclcpp/rclcpp.hpp:155[m[K,
[4.530s]                  from [01m[K/home/ubuntu/ros2_ws/src/isaac_sim_demo/src/moveit_demo.cpp:3[m[K:
[4.530s] [01m[K/usr/include/c++/11/ostream:629:5:[m[K [01;36m[Knote: [m[Kcandidate: â€˜[01m[Ktemplate<class _Traits> std::basic_ostream<char, _Traits>& std::operator<<(std::basic_ostream<char, _Traits>&, const unsigned char*)[m[Kâ€™
[4.530s]   629 |     [01;36m[Koperator[m[K<<(basic_ostream<char, _Traits>& __out, const unsigned char* __s)
[4.530s]       |     [01;36m[K^~~~~~~~[m[K
[4.530s] [01m[K/usr/include/c++/11/ostream:629:5:[m[K [01;36m[Knote: [m[K  template argument deduction/substitution failed:
[4.530s] [01m[K/home/ubuntu/ros2_ws/src/isaac_sim_demo/src/moveit_demo.cpp:59:42:[m[K [01;36m[Knote: [m[K  mismatched types â€˜[01m[Kstd::basic_ostream<char, _Traits>[m[Kâ€™ and â€˜[01m[Kconst char [12][m[Kâ€™
[4.530s]    59 |         ROS_INFO_STREAM("Object ID: " << [01;36m[Kobject_id[m[K);
[4.530s]       |                                          [01;36m[K^~~~~~~~~[m[K
[4.530s] In file included from [01m[K/usr/include/c++/11/iostream:39[m[K,
[4.530s]                  from [01m[K/opt/ros/humble/include/rclcpp/rclcpp/executor.hpp:22[m[K,
[4.530s]                  from [01m[K/opt/ros/humble/include/rclcpp/rclcpp/executors/multi_threaded_executor.hpp:25[m[K,
[4.530s]                  from [01m[K/opt/ros/humble/include/rclcpp/rclcpp/executors.hpp:21[m[K,
[4.530s]                  from [01m[K/opt/ros/humble/include/rclcpp/rclcpp/rclcpp.hpp:155[m[K,
[4.530s]                  from [01m[K/home/ubuntu/ros2_ws/src/isaac_sim_demo/src/moveit_demo.cpp:3[m[K:
[4.530s] [01m[K/usr/include/c++/11/ostream:750:5:[m[K [01;36m[Knote: [m[Kcandidate: â€˜[01m[Ktemplate<class _Ostream, class _Tp> _Ostream&& std::operator<<(_Ostream&&, const _Tp&)[m[Kâ€™
[4.530s]   750 |     [01;36m[Koperator[m[K<<(_Ostream&& __os, const _Tp& __x)
[4.530s]       |     [01;36m[K^~~~~~~~[m[K
[4.530s] [01m[K/usr/include/c++/11/ostream:750:5:[m[K [01;36m[Knote: [m[K  template argument deduction/substitution failed:
[4.530s] /usr/include/c++/11/ostream: In substitution of â€˜[01m[Ktemplate<class _Ostream, class _Tp> _Ostream&& std::operator<<(_Ostream&&, const _Tp&) [with _Ostream = const char (&)[12]; _Tp = std::__cxx11::basic_string<char>][m[Kâ€™:
[4.530s] [01m[K/home/ubuntu/ros2_ws/src/isaac_sim_demo/src/moveit_demo.cpp:59:42:[m[K   required from here
[4.530s] [01m[K/usr/include/c++/11/ostream:750:5:[m[K [01;31m[Kerror: [m[Kno type named â€˜[01m[Ktype[m[Kâ€™ in â€˜[01m[Kstruct std::enable_if<false, void>[m[Kâ€™
[4.530s] In file included from [01m[K/opt/ros/humble/include/rosidl_runtime_cpp/rosidl_runtime_cpp/traits.hpp:19[m[K,
[4.530s]                  from [01m[K/opt/ros/humble/include/builtin_interfaces/builtin_interfaces/msg/detail/duration__traits.hpp:15[m[K,
[4.530s]                  from [01m[K/opt/ros/humble/include/builtin_interfaces/builtin_interfaces/msg/duration.hpp:9[m[K,
[4.530s]                  from [01m[K/opt/ros/humble/include/rclcpp/rclcpp/duration.hpp:20[m[K,
[4.530s]                  from [01m[K/opt/ros/humble/include/rclcpp/rclcpp/qos.hpp:20[m[K,
[4.530s]                  from [01m[K/opt/ros/humble/include/rclcpp/rclcpp/node_interfaces/node_graph_interface.hpp:32[m[K,
[4.530s]                  from [01m[K/opt/ros/humble/include/rclcpp/rclcpp/client.hpp:42[m[K,
[4.530s]                  from [01m[K/opt/ros/humble/include/rclcpp/rclcpp/callback_group.hpp:24[m[K,
[4.530s]                  from [01m[K/opt/ros/humble/include/rclcpp/rclcpp/any_executable.hpp:20[m[K,
[4.530s]                  from [01m[K/opt/ros/humble/include/rclcpp/rclcpp/memory_strategy.hpp:25[m[K,
[4.530s]                  from [01m[K/opt/ros/humble/include/rclcpp/rclcpp/memory_strategies.hpp:18[m[K,
[4.530s]                  from [01m[K/opt/ros/humble/include/rclcpp/rclcpp/executor_options.hpp:20[m[K,
[4.530s]                  from [01m[K/opt/ros/humble/include/rclcpp/rclcpp/executor.hpp:37[m[K,
[4.530s]                  from [01m[K/opt/ros/humble/include/rclcpp/rclcpp/executors/multi_threaded_executor.hpp:25[m[K,
[4.530s]                  from [01m[K/opt/ros/humble/include/rclcpp/rclcpp/executors.hpp:21[m[K,
[4.530s]                  from [01m[K/opt/ros/humble/include/rclcpp/rclcpp/rclcpp.hpp:155[m[K,
[4.531s]                  from [01m[K/home/ubuntu/ros2_ws/src/isaac_sim_demo/src/moveit_demo.cpp:3[m[K:
[4.531s] [01m[K/usr/include/c++/11/iomanip:79:5:[m[K [01;36m[Knote: [m[Kcandidate: â€˜[01m[Ktemplate<class _CharT, class _Traits> std::basic_ostream<_Ch, _Tr>& std::operator<<(std::basic_ostream<_Ch, _Tr>&, std::_Resetiosflags)[m[Kâ€™
[4.531s]    79 |     [01;36m[Koperator[m[K<<(basic_ostream<_CharT, _Traits>& __os, _Resetiosflags __f)
[4.531s]       |     [01;36m[K^~~~~~~~[m[K
[4.531s] [01m[K/usr/include/c++/11/iomanip:79:5:[m[K [01;36m[Knote: [m[K  template argument deduction/substitution failed:
[4.531s] [01m[K/home/ubuntu/ros2_ws/src/isaac_sim_demo/src/moveit_demo.cpp:59:42:[m[K [01;36m[Knote: [m[K  mismatched types â€˜[01m[Kstd::basic_ostream<_Ch, _Tr>[m[Kâ€™ and â€˜[01m[Kconst char [12][m[Kâ€™
[4.531s]    59 |         ROS_INFO_STREAM("Object ID: " << [01;36m[Kobject_id[m[K);
[4.531s]       |                                          [01;36m[K^~~~~~~~~[m[K
[4.531s] In file included from [01m[K/opt/ros/humble/include/rosidl_runtime_cpp/rosidl_runtime_cpp/traits.hpp:19[m[K,
[4.531s]                  from [01m[K/opt/ros/humble/include/builtin_interfaces/builtin_interfaces/msg/detail/duration__traits.hpp:15[m[K,
[4.531s]                  from [01m[K/opt/ros/humble/include/builtin_interfaces/builtin_interfaces/msg/duration.hpp:9[m[K,
[4.531s]                  from [01m[K/opt/ros/humble/include/rclcpp/rclcpp/duration.hpp:20[m[K,
[4.531s]                  from [01m[K/opt/ros/humble/include/rclcpp/rclcpp/qos.hpp:20[m[K,
[4.531s]                  from [01m[K/opt/ros/humble/include/rclcpp/rclcpp/node_interfaces/node_graph_interface.hpp:32[m[K,
[4.531s]                  from [01m[K/opt/ros/humble/include/rclcpp/rclcpp/client.hpp:42[m[K,
[4.531s]                  from [01m[K/opt/ros/humble/include/rclcpp/rclcpp/callback_group.hpp:24[m[K,
[4.531s]                  from [01m[K/opt/ros/humble/include/rclcpp/rclcpp/any_executable.hpp:20[m[K,
[4.531s]                  from [01m[K/opt/ros/humble/include/rclcpp/rclcpp/memory_strategy.hpp:25[m[K,
[4.531s]                  from [01m[K/opt/ros/humble/include/rclcpp/rclcpp/memory_strategies.hpp:18[m[K,
[4.531s]                  from [01m[K/opt/ros/humble/include/rclcpp/rclcpp/executor_options.hpp:20[m[K,
[4.531s]                  from [01m[K/opt/ros/humble/include/rclcpp/rclcpp/executor.hpp:37[m[K,
[4.531s]                  from [01m[K/opt/ros/humble/include/rclcpp/rclcpp/executors/multi_threaded_executor.hpp:25[m[K,
[4.531s]                  from [01m[K/opt/ros/humble/include/rclcpp/rclcpp/executors.hpp:21[m[K,
[4.531s]                  from [01m[K/opt/ros/humble/include/rclcpp/rclcpp/rclcpp.hpp:155[m[K,
[4.531s]                  from [01m[K/home/ubuntu/ros2_ws/src/isaac_sim_demo/src/moveit_demo.cpp:3[m[K:
[4.531s] [01m[K/usr/include/c++/11/iomanip:109:5:[m[K [01;36m[Knote: [m[Kcandidate: â€˜[01m[Ktemplate<class _CharT, class _Traits> std::basic_ostream<_Ch, _Tr>& std::operator<<(std::basic_ostream<_Ch, _Tr>&, std::_Setiosflags)[m[Kâ€™
[4.531s]   109 |     [01;36m[Koperator[m[K<<(basic_ostream<_CharT, _Traits>& __os, _Setiosflags __f)
[4.531s]       |     [01;36m[K^~~~~~~~[m[K
[4.531s] [01m[K/usr/include/c++/11/iomanip:109:5:[m[K [01;36m[Knote: [m[K  template argument deduction/substitution failed:
[4.531s] [01m[K/home/ubuntu/ros2_ws/src/isaac_sim_demo/src/moveit_demo.cpp:59:42:[m[K [01;36m[Knote: [m[K  mismatched types â€˜[01m[Kstd::basic_ostream<_Ch, _Tr>[m[Kâ€™ and â€˜[01m[Kconst char [12][m[Kâ€™
[4.531s]    59 |         ROS_INFO_STREAM("Object ID: " << [01;36m[Kobject_id[m[K);
[4.531s]       |                                          [01;36m[K^~~~~~~~~[m[K
[4.531s] In file included from [01m[K/opt/ros/humble/include/rosidl_runtime_cpp/rosidl_runtime_cpp/traits.hpp:19[m[K,
[4.531s]                  from [01m[K/opt/ros/humble/include/builtin_interfaces/builtin_interfaces/msg/detail/duration__traits.hpp:15[m[K,
[4.531s]                  from [01m[K/opt/ros/humble/include/builtin_interfaces/builtin_interfaces/msg/duration.hpp:9[m[K,
[4.531s]                  from [01m[K/opt/ros/humble/include/rclcpp/rclcpp/duration.hpp:20[m[K,
[4.531s]                  from [01m[K/opt/ros/humble/include/rclcpp/rclcpp/qos.hpp:20[m[K,
[4.532s]                  from [01m[K/opt/ros/humble/include/rclcpp/rclcpp/node_interfaces/node_graph_interface.hpp:32[m[K,
[4.532s]                  from [01m[K/opt/ros/humble/include/rclcpp/rclcpp/client.hpp:42[m[K,
[4.532s]                  from [01m[K/opt/ros/humble/include/rclcpp/rclcpp/callback_group.hpp:24[m[K,
[4.532s]                  from [01m[K/opt/ros/humble/include/rclcpp/rclcpp/any_executable.hpp:20[m[K,
[4.532s]                  from [01m[K/opt/ros/humble/include/rclcpp/rclcpp/memory_strategy.hpp:25[m[K,
[4.532s]                  from [01m[K/opt/ros/humble/include/rclcpp/rclcpp/memory_strategies.hpp:18[m[K,
[4.532s]                  from [01m[K/opt/ros/humble/include/rclcpp/rclcpp/executor_options.hpp:20[m[K,
[4.532s]                  from [01m[K/opt/ros/humble/include/rclcpp/rclcpp/executor.hpp:37[m[K,
[4.532s]                  from [01m[K/opt/ros/humble/include/rclcpp/rclcpp/executors/multi_threaded_executor.hpp:25[m[K,
[4.532s]                  from [01m[K/opt/ros/humble/include/rclcpp/rclcpp/executors.hpp:21[m[K,
[4.532s]                  from [01m[K/opt/ros/humble/include/rclcpp/rclcpp/rclcpp.hpp:155[m[K,
[4.532s]                  from [01m[K/home/ubuntu/ros2_ws/src/isaac_sim_demo/src/moveit_demo.cpp:3[m[K:
[4.532s] [01m[K/usr/include/c++/11/iomanip:143:5:[m[K [01;36m[Knote: [m[Kcandidate: â€˜[01m[Ktemplate<class _CharT, class _Traits> std::basic_ostream<_Ch, _Tr>& std::operator<<(std::basic_ostream<_Ch, _Tr>&, std::_Setbase)[m[Kâ€™
[4.532s]   143 |     [01;36m[Koperator[m[K<<(basic_ostream<_CharT, _Traits>& __os, _Setbase __f)
[4.532s]       |     [01;36m[K^~~~~~~~[m[K
[4.532s] [01m[K/usr/include/c++/11/iomanip:143:5:[m[K [01;36m[Knote: [m[K  template argument deduction/substitution failed:
[4.532s] [01m[K/home/ubuntu/ros2_ws/src/isaac_sim_demo/src/moveit_demo.cpp:59:42:[m[K [01;36m[Knote: [m[K  mismatched types â€˜[01m[Kstd::basic_ostream<_Ch, _Tr>[m[Kâ€™ and â€˜[01m[Kconst char [12][m[Kâ€™
[4.532s]    59 |         ROS_INFO_STREAM("Object ID: " << [01;36m[Kobject_id[m[K);
[4.532s]       |                                          [01;36m[K^~~~~~~~~[m[K
[4.532s] In file included from [01m[K/opt/ros/humble/include/rosidl_runtime_cpp/rosidl_runtime_cpp/traits.hpp:19[m[K,
[4.532s]                  from [01m[K/opt/ros/humble/include/builtin_interfaces/builtin_interfaces/msg/detail/duration__traits.hpp:15[m[K,
[4.532s]                  from [01m[K/opt/ros/humble/include/builtin_interfaces/builtin_interfaces/msg/duration.hpp:9[m[K,
[4.532s]                  from [01m[K/opt/ros/humble/include/rclcpp/rclcpp/duration.hpp:20[m[K,
[4.532s]                  from [01m[K/opt/ros/humble/include/rclcpp/rclcpp/qos.hpp:20[m[K,
[4.532s]                  from [01m[K/opt/ros/humble/include/rclcpp/rclcpp/node_interfaces/node_graph_interface.hpp:32[m[K,
[4.532s]                  from [01m[K/opt/ros/humble/include/rclcpp/rclcpp/client.hpp:42[m[K,
[4.532s]                  from [01m[K/opt/ros/humble/include/rclcpp/rclcpp/callback_group.hpp:24[m[K,
[4.532s]                  from [01m[K/opt/ros/humble/include/rclcpp/rclcpp/any_executable.hpp:20[m[K,
[4.532s]                  from [01m[K/opt/ros/humble/include/rclcpp/rclcpp/memory_strategy.hpp:25[m[K,
[4.532s]                  from [01m[K/opt/ros/humble/include/rclcpp/rclcpp/memory_strategies.hpp:18[m[K,
[4.532s]                  from [01m[K/opt/ros/humble/include/rclcpp/rclcpp/executor_options.hpp:20[m[K,
[4.532s]                  from [01m[K/opt/ros/humble/include/rclcpp/rclcpp/executor.hpp:37[m[K,
[4.532s]                  from [01m[K/opt/ros/humble/include/rclcpp/rclcpp/executors/multi_threaded_executor.hpp:25[m[K,
[4.532s]                  from [01m[K/opt/ros/humble/include/rclcpp/rclcpp/executors.hpp:21[m[K,
[4.532s]                  from [01m[K/opt/ros/humble/include/rclcpp/rclcpp/rclcpp.hpp:155[m[K,
[4.532s]                  from [01m[K/home/ubuntu/ros2_ws/src/isaac_sim_demo/src/moveit_demo.cpp:3[m[K:
[4.532s] [01m[K/usr/include/c++/11/iomanip:178:5:[m[K [01;36m[Knote: [m[Kcandidate: â€˜[01m[Ktemplate<class _CharT, class _Traits> std::basic_ostream<_Ch, _Tr>& std::operator<<(std::basic_ostream<_Ch, _Tr>&, std::_Setfill<_CharT>)[m[Kâ€™
[4.532s]   178 |     [01;36m[Koperator[m[K<<(basic_ostream<_CharT, _Traits>& __os, _Setfill<_CharT> __f)
[4.533s]       |     [01;36m[K^~~~~~~~[m[K
[4.533s] [01m[K/usr/include/c++/11/iomanip:178:5:[m[K [01;36m[Knote: [m[K  template argument deduction/substitution failed:
[4.533s] [01m[K/home/ubuntu/ros2_ws/src/isaac_sim_demo/src/moveit_demo.cpp:59:42:[m[K [01;36m[Knote: [m[K  mismatched types â€˜[01m[Kstd::basic_ostream<_Ch, _Tr>[m[Kâ€™ and â€˜[01m[Kconst char [12][m[Kâ€™
[4.533s]    59 |         ROS_INFO_STREAM("Object ID: " << [01;36m[Kobject_id[m[K);
[4.533s]       |                                          [01;36m[K^~~~~~~~~[m[K
[4.533s] In file included from [01m[K/opt/ros/humble/include/rosidl_runtime_cpp/rosidl_runtime_cpp/traits.hpp:19[m[K,
[4.533s]                  from [01m[K/opt/ros/humble/include/builtin_interfaces/builtin_interfaces/msg/detail/duration__traits.hpp:15[m[K,
[4.533s]                  from [01m[K/opt/ros/humble/include/builtin_interfaces/builtin_interfaces/msg/duration.hpp:9[m[K,
[4.533s]                  from [01m[K/opt/ros/humble/include/rclcpp/rclcpp/duration.hpp:20[m[K,
[4.533s]                  from [01m[K/opt/ros/humble/include/rclcpp/rclcpp/qos.hpp:20[m[K,
[4.533s]                  from [01m[K/opt/ros/humble/include/rclcpp/rclcpp/node_interfaces/node_graph_interface.hpp:32[m[K,
[4.533s]                  from [01m[K/opt/ros/humble/include/rclcpp/rclcpp/client.hpp:42[m[K,
[4.533s]                  from [01m[K/opt/ros/humble/include/rclcpp/rclcpp/callback_group.hpp:24[m[K,
[4.533s]                  from [01m[K/opt/ros/humble/include/rclcpp/rclcpp/any_executable.hpp:20[m[K,
[4.533s]                  from [01m[K/opt/ros/humble/include/rclcpp/rclcpp/memory_strategy.hpp:25[m[K,
[4.533s]                  from [01m[K/opt/ros/humble/include/rclcpp/rclcpp/memory_strategies.hpp:18[m[K,
[4.533s]                  from [01m[K/opt/ros/humble/include/rclcpp/rclcpp/executor_options.hpp:20[m[K,
[4.533s]                  from [01m[K/opt/ros/humble/include/rclcpp/rclcpp/executor.hpp:37[m[K,
[4.533s]                  from [01m[K/opt/ros/humble/include/rclcpp/rclcpp/executors/multi_threaded_executor.hpp:25[m[K,
[4.533s]                  from [01m[K/opt/ros/humble/include/rclcpp/rclcpp/executors.hpp:21[m[K,
[4.533s]                  from [01m[K/opt/ros/humble/include/rclcpp/rclcpp/rclcpp.hpp:155[m[K,
[4.533s]                  from [01m[K/home/ubuntu/ros2_ws/src/isaac_sim_demo/src/moveit_demo.cpp:3[m[K:
[4.533s] [01m[K/usr/include/c++/11/iomanip:208:5:[m[K [01;36m[Knote: [m[Kcandidate: â€˜[01m[Ktemplate<class _CharT, class _Traits> std::basic_ostream<_Ch, _Tr>& std::operator<<(std::basic_ostream<_Ch, _Tr>&, std::_Setprecision)[m[Kâ€™
[4.533s]   208 |     [01;36m[Koperator[m[K<<(basic_ostream<_CharT, _Traits>& __os, _Setprecision __f)
[4.533s]       |     [01;36m[K^~~~~~~~[m[K
[4.533s] [01m[K/usr/include/c++/11/iomanip:208:5:[m[K [01;36m[Knote: [m[K  template argument deduction/substitution failed:
[4.533s] [01m[K/home/ubuntu/ros2_ws/src/isaac_sim_demo/src/moveit_demo.cpp:59:42:[m[K [01;36m[Knote: [m[K  mismatched types â€˜[01m[Kstd::basic_ostream<_Ch, _Tr>[m[Kâ€™ and â€˜[01m[Kconst char [12][m[Kâ€™
[4.533s]    59 |         ROS_INFO_STREAM("Object ID: " << [01;36m[Kobject_id[m[K);
[4.533s]       |                                          [01;36m[K^~~~~~~~~[m[K
[4.533s] In file included from [01m[K/opt/ros/humble/include/rosidl_runtime_cpp/rosidl_runtime_cpp/traits.hpp:19[m[K,
[4.533s]                  from [01m[K/opt/ros/humble/include/builtin_interfaces/builtin_interfaces/msg/detail/duration__traits.hpp:15[m[K,
[4.533s]                  from [01m[K/opt/ros/humble/include/builtin_interfaces/builtin_interfaces/msg/duration.hpp:9[m[K,
[4.533s]                  from [01m[K/opt/ros/humble/include/rclcpp/rclcpp/duration.hpp:20[m[K,
[4.533s]                  from [01m[K/opt/ros/humble/include/rclcpp/rclcpp/qos.hpp:20[m[K,
[4.533s]                  from [01m[K/opt/ros/humble/include/rclcpp/rclcpp/node_interfaces/node_graph_interface.hpp:32[m[K,
[4.533s]                  from [01m[K/opt/ros/humble/include/rclcpp/rclcpp/client.hpp:42[m[K,
[4.533s]                  from [01m[K/opt/ros/humble/include/rclcpp/rclcpp/callback_group.hpp:24[m[K,
[4.533s]                  from [01m[K/opt/ros/humble/include/rclcpp/rclcpp/any_executable.hpp:20[m[K,
[4.533s]                  from [01m[K/opt/ros/humble/include/rclcpp/rclcpp/memory_strategy.hpp:25[m[K,
[4.534s]                  from [01m[K/opt/ros/humble/include/rclcpp/rclcpp/memory_strategies.hpp:18[m[K,
[4.534s]                  from [01m[K/opt/ros/humble/include/rclcpp/rclcpp/executor_options.hpp:20[m[K,
[4.534s]                  from [01m[K/opt/ros/humble/include/rclcpp/rclcpp/executor.hpp:37[m[K,
[4.534s]                  from [01m[K/opt/ros/humble/include/rclcpp/rclcpp/executors/multi_threaded_executor.hpp:25[m[K,
[4.534s]                  from [01m[K/opt/ros/humble/include/rclcpp/rclcpp/executors.hpp:21[m[K,
[4.534s]                  from [01m[K/opt/ros/humble/include/rclcpp/rclcpp/rclcpp.hpp:155[m[K,
[4.534s]                  from [01m[K/home/ubuntu/ros2_ws/src/isaac_sim_demo/src/moveit_demo.cpp:3[m[K:
[4.534s] [01m[K/usr/include/c++/11/iomanip:238:5:[m[K [01;36m[Knote: [m[Kcandidate: â€˜[01m[Ktemplate<class _CharT, class _Traits> std::basic_ostream<_Ch, _Tr>& std::operator<<(std::basic_ostream<_Ch, _Tr>&, std::_Setw)[m[Kâ€™
[4.534s]   238 |     [01;36m[Koperator[m[K<<(basic_ostream<_CharT, _Traits>& __os, _Setw __f)
[4.534s]       |     [01;36m[K^~~~~~~~[m[K
[4.534s] [01m[K/usr/include/c++/11/iomanip:238:5:[m[K [01;36m[Knote: [m[K  template argument deduction/substitution failed:
[4.534s] [01m[K/home/ubuntu/ros2_ws/src/isaac_sim_demo/src/moveit_demo.cpp:59:42:[m[K [01;36m[Knote: [m[K  mismatched types â€˜[01m[Kstd::basic_ostream<_Ch, _Tr>[m[Kâ€™ and â€˜[01m[Kconst char [12][m[Kâ€™
[4.534s]    59 |         ROS_INFO_STREAM("Object ID: " << [01;36m[Kobject_id[m[K);
[4.534s]       |                                          [01;36m[K^~~~~~~~~[m[K
[4.534s] In file included from [01m[K/opt/ros/humble/include/rosidl_runtime_cpp/rosidl_runtime_cpp/traits.hpp:19[m[K,
[4.534s]                  from [01m[K/opt/ros/humble/include/builtin_interfaces/builtin_interfaces/msg/detail/duration__traits.hpp:15[m[K,
[4.534s]                  from [01m[K/opt/ros/humble/include/builtin_interfaces/builtin_interfaces/msg/duration.hpp:9[m[K,
[4.534s]                  from [01m[K/opt/ros/humble/include/rclcpp/rclcpp/duration.hpp:20[m[K,
[4.534s]                  from [01m[K/opt/ros/humble/include/rclcpp/rclcpp/qos.hpp:20[m[K,
[4.534s]                  from [01m[K/opt/ros/humble/include/rclcpp/rclcpp/node_interfaces/node_graph_interface.hpp:32[m[K,
[4.534s]                  from [01m[K/opt/ros/humble/include/rclcpp/rclcpp/client.hpp:42[m[K,
[4.534s]                  from [01m[K/opt/ros/humble/include/rclcpp/rclcpp/callback_group.hpp:24[m[K,
[4.534s]                  from [01m[K/opt/ros/humble/include/rclcpp/rclcpp/any_executable.hpp:20[m[K,
[4.534s]                  from [01m[K/opt/ros/humble/include/rclcpp/rclcpp/memory_strategy.hpp:25[m[K,
[4.534s]                  from [01m[K/opt/ros/humble/include/rclcpp/rclcpp/memory_strategies.hpp:18[m[K,
[4.534s]                  from [01m[K/opt/ros/humble/include/rclcpp/rclcpp/executor_options.hpp:20[m[K,
[4.534s]                  from [01m[K/opt/ros/humble/include/rclcpp/rclcpp/executor.hpp:37[m[K,
[4.534s]                  from [01m[K/opt/ros/humble/include/rclcpp/rclcpp/executors/multi_threaded_executor.hpp:25[m[K,
[4.534s]                  from [01m[K/opt/ros/humble/include/rclcpp/rclcpp/executors.hpp:21[m[K,
[4.534s]                  from [01m[K/opt/ros/humble/include/rclcpp/rclcpp/rclcpp.hpp:155[m[K,
[4.534s]                  from [01m[K/home/ubuntu/ros2_ws/src/isaac_sim_demo/src/moveit_demo.cpp:3[m[K:
[4.534s] [01m[K/usr/include/c++/11/iomanip:311:5:[m[K [01;36m[Knote: [m[Kcandidate: â€˜[01m[Ktemplate<class _CharT, class _Traits, class _MoneyT> std::basic_ostream<_Ch, _Tr>& std::operator<<(std::basic_ostream<_Ch, _Tr>&, std::_Put_money<_MoneyT>)[m[Kâ€™
[4.534s]   311 |     [01;36m[Koperator[m[K<<(basic_ostream<_CharT, _Traits>& __os, _Put_money<_MoneyT> __f)
[4.534s]       |     [01;36m[K^~~~~~~~[m[K
[4.534s] [01m[K/usr/include/c++/11/iomanip:311:5:[m[K [01;36m[Knote: [m[K  template argument deduction/substitution failed:
[4.534s] [01m[K/home/ubuntu/ros2_ws/src/isaac_sim_demo/src/moveit_demo.cpp:59:42:[m[K [01;36m[Knote: [m[K  mismatched types â€˜[01m[Kstd::basic_ostream<_Ch, _Tr>[m[Kâ€™ and â€˜[01m[Kconst char [12][m[Kâ€™
[4.534s]    59 |         ROS_INFO_STREAM("Object ID: " << [01;36m[Kobject_id[m[K);
[4.534s]       |                                          [01;36m[K^~~~~~~~~[m[K
[4.534s] In file included from [01m[K/opt/ros/humble/include/rosidl_runtime_cpp/rosidl_runtime_cpp/traits.hpp:19[m[K,
[4.535s]                  from [01m[K/opt/ros/humble/include/builtin_interfaces/builtin_interfaces/msg/detail/duration__traits.hpp:15[m[K,
[4.535s]                  from [01m[K/opt/ros/humble/include/builtin_interfaces/builtin_interfaces/msg/duration.hpp:9[m[K,
[4.535s]                  from [01m[K/opt/ros/humble/include/rclcpp/rclcpp/duration.hpp:20[m[K,
[4.535s]                  from [01m[K/opt/ros/humble/include/rclcpp/rclcpp/qos.hpp:20[m[K,
[4.535s]                  from [01m[K/opt/ros/humble/include/rclcpp/rclcpp/node_interfaces/node_graph_interface.hpp:32[m[K,
[4.535s]                  from [01m[K/opt/ros/humble/include/rclcpp/rclcpp/client.hpp:42[m[K,
[4.535s]                  from [01m[K/opt/ros/humble/include/rclcpp/rclcpp/callback_group.hpp:24[m[K,
[4.535s]                  from [01m[K/opt/ros/humble/include/rclcpp/rclcpp/any_executable.hpp:20[m[K,
[4.535s]                  from [01m[K/opt/ros/humble/include/rclcpp/rclcpp/memory_strategy.hpp:25[m[K,
[4.535s]                  from [01m[K/opt/ros/humble/include/rclcpp/rclcpp/memory_strategies.hpp:18[m[K,
[4.535s]                  from [01m[K/opt/ros/humble/include/rclcpp/rclcpp/executor_options.hpp:20[m[K,
[4.535s]                  from [01m[K/opt/ros/humble/include/rclcpp/rclcpp/executor.hpp:37[m[K,
[4.535s]                  from [01m[K/opt/ros/humble/include/rclcpp/rclcpp/executors/multi_threaded_executor.hpp:25[m[K,
[4.535s]                  from [01m[K/opt/ros/humble/include/rclcpp/rclcpp/executors.hpp:21[m[K,
[4.535s]                  from [01m[K/opt/ros/humble/include/rclcpp/rclcpp/rclcpp.hpp:155[m[K,
[4.535s]                  from [01m[K/home/ubuntu/ros2_ws/src/isaac_sim_demo/src/moveit_demo.cpp:3[m[K:
[4.535s] [01m[K/usr/include/c++/11/iomanip:363:5:[m[K [01;36m[Knote: [m[Kcandidate: â€˜[01m[Ktemplate<class _CharT, class _Traits> std::basic_ostream<_Ch, _Tr>& std::operator<<(std::basic_ostream<_Ch, _Tr>&, std::_Put_time<_CharT>)[m[Kâ€™
[4.535s]   363 |     [01;36m[Koperator[m[K<<(basic_ostream<_CharT, _Traits>& __os, _Put_time<_CharT> __f)
[4.535s]       |     [01;36m[K^~~~~~~~[m[K
[4.535s] [01m[K/usr/include/c++/11/iomanip:363:5:[m[K [01;36m[Knote: [m[K  template argument deduction/substitution failed:
[4.535s] [01m[K/home/ubuntu/ros2_ws/src/isaac_sim_demo/src/moveit_demo.cpp:59:42:[m[K [01;36m[Knote: [m[K  mismatched types â€˜[01m[Kstd::basic_ostream<_Ch, _Tr>[m[Kâ€™ and â€˜[01m[Kconst char [12][m[Kâ€™
[4.535s]    59 |         ROS_INFO_STREAM("Object ID: " << [01;36m[Kobject_id[m[K);
[4.535s]       |                                          [01;36m[K^~~~~~~~~[m[K
[4.535s] In file included from [01m[K/usr/include/boost/config/compiler/gcc.hpp:165[m[K,
[4.535s]                  from [01m[K/usr/include/boost/config.hpp:39[m[K,
[4.535s]                  from [01m[K/usr/include/boost/random/mersenne_twister.hpp:24[m[K,
[4.535s]                  from [01m[K/opt/ros/humble/include/random_numbers/random_numbers.h:40[m[K,
[4.535s]                  from [01m[K/home/ubuntu/ros2_ws/install/moveit_core/include/moveit/robot_model/joint_model.h:45[m[K,
[4.535s]                  from [01m[K/home/ubuntu/ros2_ws/install/moveit_core/include/moveit/robot_model/joint_model_group.h:40[m[K,
[4.535s]                  from [01m[K/home/ubuntu/ros2_ws/install/moveit_core/include/moveit/robot_model/robot_model.h:45[m[K,
[4.535s]                  from [01m[K/home/ubuntu/ros2_ws/install/moveit_core/include/moveit/robot_state/robot_state.h:40[m[K,
[4.535s]                  from [01m[K/home/ubuntu/ros2_ws/install/moveit_ros_planning_interface/include/moveit/move_group_interface/move_group_interface.h:41[m[K,
[4.535s]                  from [01m[K/home/ubuntu/ros2_ws/src/isaac_sim_demo/src/moveit_demo.cpp:4[m[K:
[4.535s] [01m[K/usr/include/c++/11/cstddef:126:5:[m[K [01;36m[Knote: [m[Kcandidate: â€˜[01m[Ktemplate<class _IntegerType> constexpr std::__byte_op_t<_IntegerType> std::operator<<(std::byte, _IntegerType)[m[Kâ€™
[4.535s]   126 |     [01;36m[Koperator[m[K<<(byte __b, _IntegerType __shift) noexcept
[4.535s]       |     [01;36m[K^~~~~~~~[m[K
[4.535s] [01m[K/usr/include/c++/11/cstddef:126:5:[m[K [01;36m[Knote: [m[K  template argument deduction/substitution failed:
[4.535s] [01m[K/home/ubuntu/ros2_ws/src/isaac_sim_demo/src/moveit_demo.cpp:59:25:[m[K [01;36m[Knote: [m[K  cannot convert â€˜[01m[K"Object ID: "[m[Kâ€™ (type â€˜[01m[Kconst char [12][m[Kâ€™) to type â€˜[01m[Kstd::byte[m[Kâ€™
[4.535s]    59 |         ROS_INFO_STREAM([01;36m[K"Object ID: "[m[K << object_id);
[4.536s]       |                         [01;36m[K^~~~~~~~~~~~~[m[K
[4.536s] In file included from [01m[K/usr/include/eigen3/Eigen/Core:50[m[K,
[4.536s]                  from [01m[K/usr/include/eigen3/Eigen/Geometry:11[m[K,
[4.536s]                  from [01m[K/home/ubuntu/ros2_ws/install/moveit_core/include/moveit/robot_model/joint_model.h:46[m[K,
[4.536s]                  from [01m[K/home/ubuntu/ros2_ws/install/moveit_core/include/moveit/robot_model/joint_model_group.h:40[m[K,
[4.536s]                  from [01m[K/home/ubuntu/ros2_ws/install/moveit_core/include/moveit/robot_model/robot_model.h:45[m[K,
[4.536s]                  from [01m[K/home/ubuntu/ros2_ws/install/moveit_core/include/moveit/robot_state/robot_state.h:40[m[K,
[4.536s]                  from [01m[K/home/ubuntu/ros2_ws/install/moveit_ros_planning_interface/include/moveit/move_group_interface/move_group_interface.h:41[m[K,
[4.536s]                  from [01m[K/home/ubuntu/ros2_ws/src/isaac_sim_demo/src/moveit_demo.cpp:4[m[K:
[4.536s] [01m[K/usr/include/c++/11/complex:555:5:[m[K [01;36m[Knote: [m[Kcandidate: â€˜[01m[Ktemplate<class _Tp, class _CharT, class _Traits> std::basic_ostream<_CharT, _Traits>& std::operator<<(std::basic_ostream<_CharT, _Traits>&, const std::complex<_Tp>&)[m[Kâ€™
[4.536s]   555 |     [01;36m[Koperator[m[K<<(basic_ostream<_CharT, _Traits>& __os, const complex<_Tp>& __x)
[4.536s]       |     [01;36m[K^~~~~~~~[m[K
[4.536s] [01m[K/usr/include/c++/11/complex:555:5:[m[K [01;36m[Knote: [m[K  template argument deduction/substitution failed:
[4.536s] [01m[K/home/ubuntu/ros2_ws/src/isaac_sim_demo/src/moveit_demo.cpp:59:42:[m[K [01;36m[Knote: [m[K  mismatched types â€˜[01m[Kstd::basic_ostream<_CharT, _Traits>[m[Kâ€™ and â€˜[01m[Kconst char [12][m[Kâ€™
[4.536s]    59 |         ROS_INFO_STREAM("Object ID: " << [01;36m[Kobject_id[m[K);
[4.536s]       |                                          [01;36m[K^~~~~~~~~[m[K
[4.536s] In file included from [01m[K/opt/ros/humble/include/octomap/OcTreeBaseImpl.h:42[m[K,
[4.536s]                  from [01m[K/opt/ros/humble/include/octomap/OccupancyOcTreeBase.h:44[m[K,
[4.536s]                  from [01m[K/opt/ros/humble/include/octomap/OcTree.h:38[m[K,
[4.536s]                  from [01m[K/opt/ros/humble/include/octomap/octomap.h:37[m[K,
[4.536s]                  from [01m[K/home/ubuntu/ros2_ws/install/moveit_core/include/moveit/collision_detection/occupancy_map.h:39[m[K,
[4.536s]                  from [01m[K/opt/ros/humble/include/moveit/occupancy_map_monitor/occupancy_map_monitor.h:39[m[K,
[4.536s]                  from [01m[K/home/ubuntu/ros2_ws/install/moveit_ros_planning/include/moveit/planning_scene_monitor/planning_scene_monitor.h:45[m[K,
[4.536s]                  from [01m[K/home/ubuntu/ros2_ws/install/moveit_visual_tools/include/moveit_visual_tools/moveit_visual_tools.h:41[m[K,
[4.536s]                  from [01m[K/home/ubuntu/ros2_ws/src/isaac_sim_demo/src/moveit_demo.cpp:5[m[K:
[4.536s] [01m[K/usr/include/c++/11/bitset:1540:5:[m[K [01;36m[Knote: [m[Kcandidate: â€˜[01m[Ktemplate<class _CharT, class _Traits, long unsigned int _Nb> std::basic_ostream<_Ch, _Tr>& std::operator<<(std::basic_ostream<_Ch, _Tr>&, const std::bitset<_Nb>&)[m[Kâ€™
[4.536s]  1540 |     [01;36m[Koperator[m[K<<(std::basic_ostream<_CharT, _Traits>& __os,
[4.536s]       |     [01;36m[K^~~~~~~~[m[K
[4.536s] [01m[K/usr/include/c++/11/bitset:1540:5:[m[K [01;36m[Knote: [m[K  template argument deduction/substitution failed:
[4.536s] [01m[K/home/ubuntu/ros2_ws/src/isaac_sim_demo/src/moveit_demo.cpp:59:42:[m[K [01;36m[Knote: [m[K  mismatched types â€˜[01m[Kstd::basic_ostream<_Ch, _Tr>[m[Kâ€™ and â€˜[01m[Kconst char [12][m[Kâ€™
[4.536s]    59 |         ROS_INFO_STREAM("Object ID: " << [01;36m[Kobject_id[m[K);
[4.536s]       |                                          [01;36m[K^~~~~~~~~[m[K
[4.536s] [01m[K/home/ubuntu/ros2_ws/src/isaac_sim_demo/src/moveit_demo.cpp:59:9:[m[K [01;31m[Kerror: [m[Kâ€˜[01m[KROS_INFO_STREAM[m[Kâ€™ was not declared in this scope; did you mean â€˜[01m[KRCLCPP_INFO_STREAM[m[Kâ€™?
[4.536s]    59 |         [01;31m[KROS_INFO_STREAM[m[K("Object ID: " << object_id);
[4.536s]       |         [01;31m[K^~~~~~~~~~~~~~~[m[K
[4.536s]       |         [32m[KRCLCPP_INFO_STREAM[m[K
[4.537s] [01m[K/home/ubuntu/ros2_ws/src/isaac_sim_demo/src/moveit_demo.cpp:60:48:[m[K [01;31m[Kerror: [m[Kâ€˜[01m[Kcollision_object[m[Kâ€™ was not declared in this scope; did you mean â€˜[01m[Kcollision_detection[m[Kâ€™?
[4.537s]    60 |         ROS_INFO_STREAM("Object Frame ID: " << [01;31m[Kcollision_object[m[K.header.frame_id);
[4.537s]       |                                                [01;31m[K^~~~~~~~~~~~~~~~[m[K
[4.537s]       |                                                [32m[Kcollision_detection[m[K
[4.537s] [01m[K/home/ubuntu/ros2_ws/src/isaac_sim_demo/src/moveit_demo.cpp:68:31:[m[K [01;31m[Kerror: [m[Kâ€˜[01m[KSolidPrimitive[m[Kâ€™ in namespace â€˜[01m[Kshape_msgs[m[Kâ€™ does not name a type
[4.537s]    68 |             const shape_msgs::[01;31m[KSolidPrimitive[m[K& primitive = collision_object.primitives[0];
[4.537s]       |                               [01;31m[K^~~~~~~~~~~~~~[m[K
[4.541s] [01m[K/home/ubuntu/ros2_ws/src/isaac_sim_demo/src/moveit_demo.cpp:69:58:[m[K [01;31m[Kerror: [m[Kâ€˜[01m[Kprimitive[m[Kâ€™ was not declared in this scope
[4.541s]    69 |             ROS_INFO_STREAM("Object Primitive Type: " << [01;31m[Kprimitive[m[K.type);
[4.541s]       |                                                          [01;31m[K^~~~~~~~~[m[K
[4.541s] [01m[K/home/ubuntu/ros2_ws/src/isaac_sim_demo/src/moveit_demo.cpp:70:47:[m[K [01;31m[Kerror: [m[Kâ€˜[01m[Kshape_msgs::SolidPrimitive[m[Kâ€™ has not been declared
[4.541s]    70 |             if (primitive.type == shape_msgs::[01;31m[KSolidPrimitive[m[K::BOX) {
[4.541s]       |                                               [01;31m[K^~~~~~~~~~~~~~[m[K
[4.541s] [01m[K/home/ubuntu/ros2_ws/src/isaac_sim_demo/src/moveit_demo.cpp:72:69:[m[K [01;31m[Kerror: [m[Kâ€˜[01m[Kshape_msgs::SolidPrimitive[m[Kâ€™ has not been declared
[4.541s]    72 |                                 << primitive.dimensions[shape_msgs::[01;31m[KSolidPrimitive[m[K::BOX_X] << ", "
[4.541s]       |                                                                     [01;31m[K^~~~~~~~~~~~~~[m[K
[4.541s] [01m[K/home/ubuntu/ros2_ws/src/isaac_sim_demo/src/moveit_demo.cpp:73:69:[m[K [01;31m[Kerror: [m[Kâ€˜[01m[Kshape_msgs::SolidPrimitive[m[Kâ€™ has not been declared
[4.541s]    73 |                                 << primitive.dimensions[shape_msgs::[01;31m[KSolidPrimitive[m[K::BOX_Y] << ", "
[4.541s]       |                                                                     [01;31m[K^~~~~~~~~~~~~~[m[K
[4.541s] [01m[K/home/ubuntu/ros2_ws/src/isaac_sim_demo/src/moveit_demo.cpp:74:69:[m[K [01;31m[Kerror: [m[Kâ€˜[01m[Kshape_msgs::SolidPrimitive[m[Kâ€™ has not been declared
[4.541s]    74 |                                 << primitive.dimensions[shape_msgs::[01;31m[KSolidPrimitive[m[K::BOX_Z] << "]");
[4.541s]       |                                                                     [01;31m[K^~~~~~~~~~~~~~[m[K
[6.096s] gmake[2]: *** [CMakeFiles/moveit_test_node.dir/build.make:76: CMakeFiles/moveit_test_node.dir/src/moveit_demo.cpp.o] Error 1
[6.096s] gmake[1]: *** [CMakeFiles/Makefile2:311: CMakeFiles/moveit_test_node.dir/all] Error 2
[6.096s] gmake: *** [Makefile:146: all] Error 2
[6.097s] Invoked command in '/home/ubuntu/ros2_ws/build/isaac_sim_demo' returned '2': AMENT_PREFIX_PATH=/home/ubuntu/ros2_ws/install/moveit_configs_utils:/home/ubuntu/ros2_ws/install/launch_param_builder:/home/ubuntu/ros2_ws/install/test_moveit_config:/home/ubuntu/ros2_ws/install/pilz_industrial_motion_planner_testutils:/home/ubuntu/ros2_ws/install/moveit_runtime:/home/ubuntu/ros2_ws/install/moveit2_tutorials:/home/ubuntu/ros2_ws/install/moveit:/home/ubuntu/ros2_ws/install/isaac_twin_moveit_config:/home/ubuntu/ros2_ws/install/four_drone_demo:/home/ubuntu/ros2_ws/install/chain_moveit_config:/home/ubuntu/ros2_ws/install/4_drone_demo:/home/ubuntu/ros2_ws/install/isaac_sim_demo:/home/ubuntu/ros2_ws/install/moveit_planners:/home/ubuntu/ros2_ws/install/pilz_industrial_motion_planner:/home/ubuntu/ros2_ws/install/moveit_visual_tools:/home/ubuntu/ros2_ws/install/moveit_task_constructor_visualization:/home/ubuntu/ros2_ws/install/moveit_task_constructor_demo:/home/ubuntu/ros2_ws/install/moveit_task_constructor_capabilities:/home/ubuntu/ros2_ws/install/moveit_task_constructor_core:/home/ubuntu/ros2_ws/install/moveit_ros_control_interface:/home/ubuntu/ros2_ws/install/moveit_plugins:/home/ubuntu/ros2_ws/install/moveit_simple_controller_manager:/home/ubuntu/ros2_ws/install/moveit_setup_assistant:/home/ubuntu/ros2_ws/install/moveit_setup_srdf_plugins:/home/ubuntu/ros2_ws/install/moveit_setup_core_plugins:/home/ubuntu/ros2_ws/install/moveit_setup_controllers:/home/ubuntu/ros2_ws/install/moveit_setup_app_plugins:/home/ubuntu/ros2_ws/install/moveit_setup_framework:/home/ubuntu/ros2_ws/install/moveit_servo:/home/ubuntu/ros2_ws/install/moveit_ros:/home/ubuntu/ros2_ws/install/moveit_ros_visualization:/home/ubuntu/ros2_ws/install/moveit_hybrid_planning:/home/ubuntu/ros2_ws/install/moveit_ros_planning_interface:/home/ubuntu/ros2_ws/install/moveit_ros_benchmarks:/home/ubuntu/ros2_ws/install/moveit_ros_warehouse:/home/ubuntu/ros2_ws/install/moveit_ros_robot_interaction:/home/ubuntu/ros2_ws/install/moveit_ros_perception:/home/ubuntu/ros2_ws/install/moveit_resources_prbt_pg70_support:/home/ubuntu/ros2_ws/install/moveit_resources_prbt_moveit_config:/home/ubuntu/ros2_ws/install/moveit_ros_move_group:/home/ubuntu/ros2_ws/install/moveit_planners_ompl:/home/ubuntu/ros2_ws/install/moveit_ros_planning:/home/ubuntu/ros2_ws/install/moveit_ros_occupancy_map_monitor:/home/ubuntu/ros2_ws/install/moveit_resources_prbt_ikfast_manipulator_plugin:/home/ubuntu/ros2_ws/install/moveit_planners_chomp:/home/ubuntu/ros2_ws/install/moveit_kinematics:/home/ubuntu/ros2_ws/install/moveit_chomp_optimizer_adapter:/home/ubuntu/ros2_ws/install/chomp_motion_planner:/home/ubuntu/ros2_ws/install/moveit_core:/home/ubuntu/ros2_ws/install/srdfdom:/home/ubuntu/ros2_ws/install/rviz_marker_tools:/home/ubuntu/ros2_ws/install/rosparam_shortcuts:/home/ubuntu/ros2_ws/install/moveit_task_constructor_msgs:/home/ubuntu/ros2_ws/install/moveit_resources_prbt_support:/home/ubuntu/ros2_ws/install/moveit_resources:/home/ubuntu/ros2_ws/install/moveit_resources_pr2_description:/home/ubuntu/ros2_ws/install/moveit_resources_panda_moveit_config:/home/ubuntu/ros2_ws/install/moveit_resources_panda_description:/home/ubuntu/ros2_ws/install/moveit_resources_fanuc_moveit_config:/home/ubuntu/ros2_ws/install/moveit_resources_fanuc_description:/home/ubuntu/ros2_ws/install/moveit_common:/home/ubuntu/ros2_ws/install/custom_interfaces:/opt/ros/humble CMAKE_PREFIX_PATH=/home/ubuntu/ros2_ws/install/moveit_setup_assistant:/home/ubuntu/ros2_ws/install/moveit_setup_srdf_plugins:/home/ubuntu/ros2_ws/install/moveit_setup_core_plugins:/home/ubuntu/ros2_ws/install/moveit_setup_controllers:/home/ubuntu/ros2_ws/install/moveit_setup_app_plugins:/home/ubuntu/ros2_ws/install/moveit_planners:/home/ubuntu/ros2_ws/install/pilz_industrial_motion_planner:/home/ubuntu/ros2_ws/install/moveit_setup_framework:/home/ubuntu/ros2_ws/install/moveit_ros_visualization:/home/ubuntu/ros2_ws/install/moveit_resources_prbt_pg70_support:/home/ubuntu/ros2_ws/install/moveit_ros_planning_interface:/home/ubuntu/ros2_ws/install/moveit_resources_prbt_moveit_config:/home/ubuntu/ros2_ws/install/moveit_ros_move_group:/home/ubuntu/ros2_ws/install/moveit_visual_tools:/home/ubuntu/ros2_ws/install/moveit_ros_warehouse:/home/ubuntu/ros2_ws/install/moveit_ros_robot_interaction:/home/ubuntu/ros2_ws/install/moveit_planners_ompl:/home/ubuntu/ros2_ws/install/moveit_kinematics:/home/ubuntu/ros2_ws/install/moveit_ros_planning:/home/ubuntu/ros2_ws/install/pilz_industrial_motion_planner_testutils:/home/ubuntu/ros2_ws/install/moveit_simple_controller_manager:/home/ubuntu/ros2_ws/install/moveit_ros_occupancy_map_monitor:/home/ubuntu/ros2_ws/install/moveit_resources_prbt_ikfast_manipulator_plugin:/home/ubuntu/ros2_ws/install/moveit_core:/home/ubuntu/ros2_ws/install/moveit_resources_panda_moveit_config:/home/ubuntu/ros2_ws/install/moveit_resources_fanuc_moveit_config:/home/ubuntu/ros2_ws/install/srdfdom:/home/ubuntu/ros2_ws/install/moveit_resources_prbt_support:/home/ubuntu/ros2_ws/install/moveit_resources_pr2_description:/home/ubuntu/ros2_ws/install/moveit_resources_panda_description:/home/ubuntu/ros2_ws/install/moveit_resources_fanuc_description:/home/ubuntu/ros2_ws/install/moveit_common:/home/ubuntu/ros2_ws/install/custom_interfaces:/home/ubuntu/ros2_ws/install/test_moveit_config:/home/ubuntu/ros2_ws/install/moveit_runtime:/home/ubuntu/ros2_ws/install/moveit2_tutorials:/home/ubuntu/ros2_ws/install/moveit:/home/ubuntu/ros2_ws/install/isaac_twin_moveit_config:/home/ubuntu/ros2_ws/install/four_drone_demo:/home/ubuntu/ros2_ws/install/chain_moveit_config:/home/ubuntu/ros2_ws/install/4_drone_demo:/home/ubuntu/ros2_ws/install/isaac_sim_demo:/home/ubuntu/ros2_ws/install/moveit_task_constructor_visualization:/home/ubuntu/ros2_ws/install/moveit_task_constructor_demo:/home/ubuntu/ros2_ws/install/moveit_task_constructor_capabilities:/home/ubuntu/ros2_ws/install/moveit_task_constructor_core:/home/ubuntu/ros2_ws/install/moveit_ros_control_interface:/home/ubuntu/ros2_ws/install/moveit_plugins:/home/ubuntu/ros2_ws/install/moveit_servo:/home/ubuntu/ros2_ws/install/moveit_ros:/home/ubuntu/ros2_ws/install/moveit_hybrid_planning:/home/ubuntu/ros2_ws/install/moveit_ros_benchmarks:/home/ubuntu/ros2_ws/install/moveit_ros_perception:/home/ubuntu/ros2_ws/install/moveit_planners_chomp:/home/ubuntu/ros2_ws/install/moveit_chomp_optimizer_adapter:/home/ubuntu/ros2_ws/install/chomp_motion_planner:/home/ubuntu/ros2_ws/install/rviz_marker_tools:/home/ubuntu/ros2_ws/install/rosparam_shortcuts:/home/ubuntu/ros2_ws/install/moveit_task_constructor_msgs:/home/ubuntu/ros2_ws/install/moveit_resources:/home/ubuntu/ros2_ws/install/moveit_configs_utils:/home/ubuntu/ros2_ws/install/launch_param_builder:/opt/ros/humble LD_LIBRARY_PATH=/home/ubuntu/ros2_ws/install/moveit_setup_srdf_plugins/lib:/home/ubuntu/ros2_ws/install/moveit_setup_core_plugins/lib:/home/ubuntu/ros2_ws/install/moveit_setup_controllers/lib:/home/ubuntu/ros2_ws/install/moveit_setup_app_plugins/lib:/home/ubuntu/ros2_ws/install/pilz_industrial_motion_planner/lib:/home/ubuntu/ros2_ws/install/moveit_setup_framework/lib:/home/ubuntu/ros2_ws/install/moveit_ros_visualization/lib:/home/ubuntu/ros2_ws/install/moveit_ros_planning_interface/lib:/home/ubuntu/ros2_ws/install/moveit_ros_move_group/lib:/home/ubuntu/ros2_ws/install/moveit_visual_tools/lib:/home/ubuntu/ros2_ws/install/moveit_ros_warehouse/lib:/home/ubuntu/ros2_ws/install/moveit_ros_robot_interaction/lib:/home/ubuntu/ros2_ws/install/moveit_planners_ompl/lib:/home/ubuntu/ros2_ws/install/moveit_kinematics/lib:/home/ubuntu/ros2_ws/install/moveit_ros_planning/lib:/home/ubuntu/ros2_ws/install/pilz_industrial_motion_planner_testutils/lib:/home/ubuntu/ros2_ws/install/moveit_simple_controller_manager/lib:/home/ubuntu/ros2_ws/install/moveit_ros_occupancy_map_monitor/lib:/home/ubuntu/ros2_ws/install/moveit_resources_prbt_ikfast_manipulator_plugin/lib:/home/ubuntu/ros2_ws/install/moveit_core/lib:/home/ubuntu/ros2_ws/install/srdfdom/lib:/home/ubuntu/ros2_ws/install/custom_interfaces/lib:/home/ubuntu/ros2_ws/install/moveit_task_constructor_visualization/lib:/home/ubuntu/ros2_ws/install/moveit_task_constructor_demo/lib:/home/ubuntu/ros2_ws/install/moveit_task_constructor_capabilities/lib:/home/ubuntu/ros2_ws/install/moveit_task_constructor_core/lib:/home/ubuntu/ros2_ws/install/moveit_ros_control_interface/lib:/home/ubuntu/ros2_ws/install/moveit_setup_assistant/lib:/home/ubuntu/ros2_ws/install/moveit_servo/lib:/home/ubuntu/ros2_ws/install/moveit_hybrid_planning/lib:/home/ubuntu/ros2_ws/install/moveit_ros_benchmarks/lib:/home/ubuntu/ros2_ws/install/moveit_ros_perception/lib:/home/ubuntu/ros2_ws/install/moveit_planners_chomp/lib:/home/ubuntu/ros2_ws/install/moveit_chomp_optimizer_adapter/lib:/home/ubuntu/ros2_ws/install/chomp_motion_planner/lib:/home/ubuntu/ros2_ws/install/rviz_marker_tools/lib:/home/ubuntu/ros2_ws/install/rosparam_shortcuts/lib:/home/ubuntu/ros2_ws/install/moveit_task_constructor_msgs/lib:/opt/ros/humble/opt/rviz_ogre_vendor/lib:/opt/ros/humble/lib/x86_64-linux-gnu:/opt/ros/humble/lib PYTHONPATH=/home/ubuntu/ros2_ws/install/moveit_configs_utils/lib/python3.10/site-packages:/home/ubuntu/ros2_ws/install/launch_param_builder/lib/python3.10/site-packages:/home/ubuntu/ros2_ws/install/srdfdom/local/lib/python3.10/dist-packages:/home/ubuntu/ros2_ws/install/moveit_task_constructor_msgs/local/lib/python3.10/dist-packages:/home/ubuntu/ros2_ws/install/custom_interfaces/local/lib/python3.10/dist-packages:/opt/ros/humble/lib/python3.10/site-packages:/opt/ros/humble/local/lib/python3.10/dist-packages /usr/bin/cmake --build /home/ubuntu/ros2_ws/build/isaac_sim_demo -- -j24 -l24
