[01m[K/home/ubuntu/ros2_ws/src/isaac_sim_demo/src/cpp_int.cpp:[m[K In function â€˜[01m[Kint main(int, char**)[m[Kâ€™:
[01m[K/home/ubuntu/ros2_ws/src/isaac_sim_demo/src/cpp_int.cpp:218:41:[m[K [01;31m[Kerror: [m[Kno matching function for call to â€˜[01m[Kmoveit::planning_interface::MoveGroupInterface::execute(robot_trajectory::RobotTrajectoryPtr&)[m[Kâ€™
  218 |         if ([01;31m[Kmove_group_interface.execute(res.trajectory_)[m[K == moveit::planning_interface::MoveItErrorCode::SUCCESS)
      |             [01;31m[K~~~~~~~~~~~~~~~~~~~~~~~~~~~~^~~~~~~~~~~~~~~~~[m[K
In file included from [01m[K/home/ubuntu/ros2_ws/src/isaac_sim_demo/src/cpp_int.cpp:20[m[K:
[01m[K/home/ubuntu/ros2_ws/install/moveit_ros_planning_interface/include/moveit/move_group_interface/move_group_interface.h:729:33:[m[K [01;36m[Knote: [m[Kcandidate: â€˜[01m[Kmoveit::core::MoveItErrorCode moveit::planning_interface::MoveGroupInterface::execute(const moveit::planning_interface::MoveGroupInterface::Plan&)[m[Kâ€™
  729 |   moveit::core::MoveItErrorCode [01;36m[Kexecute[m[K(const Plan& plan);
      |                                 [01;36m[K^~~~~~~[m[K
[01m[K/home/ubuntu/ros2_ws/install/moveit_ros_planning_interface/include/moveit/move_group_interface/move_group_interface.h:729:53:[m[K [01;36m[Knote: [m[K  no known conversion for argument 1 from â€˜[01m[Krobot_trajectory::RobotTrajectoryPtr[m[Kâ€™ {aka â€˜[01m[Kstd::shared_ptr<robot_trajectory::RobotTrajectory>[m[Kâ€™} to â€˜[01m[Kconst moveit::planning_interface::MoveGroupInterface::Plan&[m[Kâ€™
  729 |   moveit::core::MoveItErrorCode execute([01;36m[Kconst Plan& plan[m[K);
      |                                         [01;36m[K~~~~~~~~~~~~^~~~[m[K
[01m[K/home/ubuntu/ros2_ws/install/moveit_ros_planning_interface/include/moveit/move_group_interface/move_group_interface.h:732:33:[m[K [01;36m[Knote: [m[Kcandidate: â€˜[01m[Kmoveit::core::MoveItErrorCode moveit::planning_interface::MoveGroupInterface::execute(const RobotTrajectory&)[m[Kâ€™
  732 |   moveit::core::MoveItErrorCode [01;36m[Kexecute[m[K(const moveit_msgs::msg::RobotTrajectory& trajectory);
      |                                 [01;36m[K^~~~~~~[m[K
[01m[K/home/ubuntu/ros2_ws/install/moveit_ros_planning_interface/include/moveit/move_group_interface/move_group_interface.h:732:82:[m[K [01;36m[Knote: [m[K  no known conversion for argument 1 from â€˜[01m[Krobot_trajectory::RobotTrajectoryPtr[m[Kâ€™ {aka â€˜[01m[Kstd::shared_ptr<robot_trajectory::RobotTrajectory>[m[Kâ€™} to â€˜[01m[Kconst RobotTrajectory&[m[Kâ€™ {aka â€˜[01m[Kconst moveit_msgs::msg::RobotTrajectory_<std::allocator<void> >&[m[Kâ€™}
  732 |   moveit::core::MoveItErrorCode execute([01;36m[Kconst moveit_msgs::msg::RobotTrajectory& trajectory[m[K);
      |                                         [01;36m[K~~~~~~~~~~~~~~~~~~~~~~~~~~~~~~~~~~~~~~~~~^~~~~~~~~~[m[K
[01m[K/home/ubuntu/ros2_ws/src/isaac_sim_demo/src/cpp_int.cpp:218:107:[m[K [01;35m[Kwarning: [m[Kâ€˜[01m[Kusing MoveItErrorCode = class moveit::core::MoveItErrorCode[m[Kâ€™ is deprecated: Use moveit::core::MoveItErrorCode [[01;35m[K]8;;https://gcc.gnu.org/onlinedocs/gcc/Warning-Options.html#index-Wdeprecated-declarations-Wdeprecated-declarations]8;;[m[K]
  218 |         if (move_group_interface.execute(res.trajectory_) == moveit::planning_interface::MoveItErrorCode::[01;35m[KSUCCESS[m[K)
      |                                                                                                           [01;35m[K^~~~~~~[m[K
In file included from [01m[K/home/ubuntu/ros2_ws/src/isaac_sim_demo/src/cpp_int.cpp:20[m[K:
[01m[K/home/ubuntu/ros2_ws/install/moveit_ros_planning_interface/include/moveit/move_group_interface/move_group_interface.h:71:7:[m[K [01;36m[Knote: [m[Kdeclared here
   71 | using [01;36m[KMoveItErrorCode[m[K [[deprecated("Use moveit::core::MoveItErrorCode")]] = moveit::core::MoveItErrorCode;
      |       [01;36m[K^~~~~~~~~~~~~~~[m[K
gmake[2]: *** [CMakeFiles/cpp_demo.dir/build.make:76: CMakeFiles/cpp_demo.dir/src/cpp_int.cpp.o] Error 1
gmake[1]: *** [CMakeFiles/Makefile2:337: CMakeFiles/cpp_demo.dir/all] Error 2
gmake: *** [Makefile:146: all] Error 2
