[  5%] Built target moveit_exceptions
[  5%] Built target moveit_version
[  5%] Built target moveit_utils
[  6%] Built target moveit_butterworth_parameters
[  7%] Built target moveit_kinematics_base
[  8%] Built target moveit_smoothing_base
[  9%] Built target gtest
[ 11%] Built target gmock
[ 12%] Built target gtest_main
[ 14%] Built target moveit_distance_field
[ 15%] Built target gmock_main
[ 16%] Built target moveit_transforms
[ 19%] Built target test_voxel_grid
[ 19%] Built target test_transforms
[ 25%] Built target moveit_robot_model
[ 26%] Built target test_distance_field
[ 27%] Built target moveit_butterworth_filter
[ 28%] Built target moveit_test_utils
[ 31%] Built target moveit_robot_state
[ 32%] Built target moveit_robot_trajectory
[ 33%] Built target test_butterworth_filter
[ 34%] Built target test_robot_model
[ 35%] Built target test_robot_state_benchmark
[ 36%] Built target test_aabb
[ 42%] Built target moveit_collision_detection
[ 43%] Built target test_cartesian_interpolator
[ 44%] Built target test_robot_state_complex
[ 45%] Built target moveit_kinematics_metrics
[ 47%] Built target test_robot_state
[ 49%] Built target moveit_dynamics_solver
[ 52%] Built target moveit_planning_interface
[ 52%] Built target test_robot_trajectory
[ 56%] Built target moveit_trajectory_processing
[ 57%] Built target test_world
[ 59%] Built target test_all_valid
[ 60%] Built target test_world_diff
[ 62%] Built target moveit_collision_detection_fcl
[ 67%] Built target moveit_collision_detection_bullet
[35m[1mConsolidate compiler generated dependencies of target moveit_kinematic_constraints[0m
[ 68%] Built target test_time_parameterization
[ 69%] Built target test_ruckig_traj_smoothing
[ 71%] Built target test_time_optimal_trajectory_generation
[ 72%] Built target test_fcl_collision_detection
[ 73%] Built target test_fcl_collision_detection_panda
[ 75%] Built target test_fcl_collision_env
[ 75%] [32mBuilding CXX object kinematic_constraints/CMakeFiles/moveit_kinematic_constraints.dir/src/kinematic_constraint.cpp.o[0m
[ 76%] Built target test_bullet_collision_detection
[ 79%] Built target test_bullet_collision_detection_panda
[ 79%] Built target test_bullet_continuous_collision_checking
[01m[K/home/ubuntu/ros2_ws/src/moveit2/moveit_core/kinematic_constraints/src/kinematic_constraint.cpp:[m[K In member function â€˜[01m[Kvirtual kinematic_constraints::ConstraintEvaluationResult kinematic_constraints::VisibilityConstraint::decide(const moveit::core::RobotState&, bool) const[m[Kâ€™:
[01m[K/home/ubuntu/ros2_ws/src/moveit2/moveit_core/kinematic_constraints/src/kinematic_constraint.cpp:1117:3:[m[K [01;31m[Kerror: [m[Kexpected initializer before â€˜[01m[Kcollision_env_[m[Kâ€™
 1117 |   [01;31m[Kcollision_env_[m[K->setWorld(world_ptr)
      |   [01;31m[K^~~~~~~~~~~~~~[m[K
gmake[2]: *** [kinematic_constraints/CMakeFiles/moveit_kinematic_constraints.dir/build.make:76: kinematic_constraints/CMakeFiles/moveit_kinematic_constraints.dir/src/kinematic_constraint.cpp.o] Error 1
gmake[1]: *** [CMakeFiles/Makefile2:1123: kinematic_constraints/CMakeFiles/moveit_kinematic_constraints.dir/all] Error 2
gmake: *** [Makefile:146: all] Error 2
