[01m[K/home/ubuntu/ros2_ws/src/isaac_sim_demo/src/joint_space.cpp:[m[K In function â€˜[01m[Kvoid configure_bullet(std::shared_ptr<planning_scene::PlanningScene>, moveit::core::RobotState&)[m[Kâ€™:
[01m[K/home/ubuntu/ros2_ws/src/isaac_sim_demo/src/joint_space.cpp:150:8:[m[K [01;31m[Kerror: [m[Kredeclaration of â€˜[01m[Kbool intersects[m[Kâ€™
  150 |   bool [01;31m[Kintersects[m[K = checkRayBoxIntersection(dynamicsWorld, P3, P2);
      |        [01;31m[K^~~~~~~~~~[m[K
[01m[K/home/ubuntu/ros2_ws/src/isaac_sim_demo/src/joint_space.cpp:149:8:[m[K [01;36m[Knote: [m[Kâ€˜[01m[Kbool intersects[m[Kâ€™ previously declared here
  149 |   bool [01;36m[Kintersects[m[K = checkRayBoxIntersection(dynamicsWorld, P3, P4);
      |        [01;36m[K^~~~~~~~~~[m[K
[01m[K/home/ubuntu/ros2_ws/src/isaac_sim_demo/src/joint_space.cpp:151:8:[m[K [01;31m[Kerror: [m[Kredeclaration of â€˜[01m[Kbool intersects[m[Kâ€™
  151 |   bool [01;31m[Kintersects[m[K = checkRayBoxIntersection(dynamicsWorld, P1, P2);
      |        [01;31m[K^~~~~~~~~~[m[K
[01m[K/home/ubuntu/ros2_ws/src/isaac_sim_demo/src/joint_space.cpp:149:8:[m[K [01;36m[Knote: [m[Kâ€˜[01m[Kbool intersects[m[Kâ€™ previously declared here
  149 |   bool [01;36m[Kintersects[m[K = checkRayBoxIntersection(dynamicsWorld, P3, P4);
      |        [01;36m[K^~~~~~~~~~[m[K
[01m[K/home/ubuntu/ros2_ws/src/isaac_sim_demo/src/joint_space.cpp:152:8:[m[K [01;31m[Kerror: [m[Kredeclaration of â€˜[01m[Kbool intersects[m[Kâ€™
  152 |   bool [01;31m[Kintersects[m[K = checkRayBoxIntersection(dynamicsWorld, P4, P3);
      |        [01;31m[K^~~~~~~~~~[m[K
[01m[K/home/ubuntu/ros2_ws/src/isaac_sim_demo/src/joint_space.cpp:149:8:[m[K [01;36m[Knote: [m[Kâ€˜[01m[Kbool intersects[m[Kâ€™ previously declared here
  149 |   bool [01;36m[Kintersects[m[K = checkRayBoxIntersection(dynamicsWorld, P3, P4);
      |        [01;36m[K^~~~~~~~~~[m[K
gmake[2]: *** [CMakeFiles/joint_space.dir/build.make:76: CMakeFiles/joint_space.dir/src/joint_space.cpp.o] Error 1
gmake[1]: *** [CMakeFiles/Makefile2:339: CMakeFiles/joint_space.dir/all] Error 2
gmake: *** [Makefile:146: all] Error 2
