[35m[1mConsolidate compiler generated dependencies of target joint_space[0m
[  9%] Built target StateSubscriber_node
[ 18%] Built target visualization_node
[ 27%] Built target tf_to_pos_node
[ 36%] Built target markers_node
[ 45%] Built target moveit_test_node
[ 63%] Built target cartesian
[ 63%] Built target isaac_sim_demo_library
[ 72%] Built target spawn_scene
[ 77%] [32mBuilding CXX object CMakeFiles/joint_space.dir/src/joint_space.cpp.o[0m
[ 86%] Built target ompl_controller_node
[ 95%] Built target ompl_lifecycle
[01m[K/home/ubuntu/ros2_ws/src/isaac_sim_demo/src/joint_space.cpp:[m[K In function â€˜[01m[Kint main(int, char**)[m[Kâ€™:
[01m[K/home/ubuntu/ros2_ws/src/isaac_sim_demo/src/joint_space.cpp:314:37:[m[K [01;31m[Kerror: [m[Kno match for â€˜[01m[Koperator=[m[Kâ€™ (operand types are â€˜[01m[Kgeometry_msgs::msg::PoseStamped[m[Kâ€™ {aka â€˜[01m[Kgeometry_msgs::msg::PoseStamped_<std::allocator<void> >[m[Kâ€™} and â€˜[01m[Kgeometry_msgs::msg::PoseStamped_<std::allocator<void> >::_pose_type[m[Kâ€™ {aka â€˜[01m[Kgeometry_msgs::msg::Pose_<std::allocator<void> >[m[Kâ€™})
  314 |       ik_pose_stamped=path.poses[i].[01;31m[Kpose[m[K;
      |                                     [01;31m[K^~~~[m[K
In file included from [01m[K/opt/ros/humble/include/moveit_msgs/moveit_msgs/msg/detail/visibility_constraint__struct.hpp:21[m[K,
                 from [01m[K/opt/ros/humble/include/moveit_msgs/moveit_msgs/msg/detail/constraints__struct.hpp:26[m[K,
                 from [01m[K/opt/ros/humble/include/moveit_msgs/moveit_msgs/msg/detail/motion_plan_request__struct.hpp:25[m[K,
                 from [01m[K/opt/ros/humble/include/moveit_msgs/moveit_msgs/msg/motion_plan_request.hpp:7[m[K,
                 from [01m[K/home/ubuntu/ros2_ws/install/moveit_core/include/moveit/planning_interface/planning_request.h:39[m[K,
                 from [01m[K/home/ubuntu/ros2_ws/install/moveit_core/include/moveit/planning_interface/planning_interface.h:40[m[K,
                 from [01m[K/home/ubuntu/ros2_ws/install/moveit_ros_planning/include/moveit/planning_pipeline/planning_pipeline.h:39[m[K,
                 from [01m[K/home/ubuntu/ros2_ws/src/isaac_sim_demo/src/joint_space.cpp:8[m[K:
[01m[K/opt/ros/humble/include/geometry_msgs/geometry_msgs/msg/detail/pose_stamped__struct.hpp:38:8:[m[K [01;36m[Knote: [m[Kcandidate: â€˜[01m[Kgeometry_msgs::msg::PoseStamped_<std::allocator<void> >& geometry_msgs::msg::PoseStamped_<std::allocator<void> >::operator=(const geometry_msgs::msg::PoseStamped_<std::allocator<void> >&)[m[Kâ€™
   38 | struct [01;36m[KPoseStamped_[m[K
      |        [01;36m[K^~~~~~~~~~~~[m[K
[01m[K/opt/ros/humble/include/geometry_msgs/geometry_msgs/msg/detail/pose_stamped__struct.hpp:38:8:[m[K [01;36m[Knote: [m[K  no known conversion for argument 1 from â€˜[01m[Kgeometry_msgs::msg::PoseStamped_<std::allocator<void> >::_pose_type[m[Kâ€™ {aka â€˜[01m[Kgeometry_msgs::msg::Pose_<std::allocator<void> >[m[Kâ€™} to â€˜[01m[Kconst geometry_msgs::msg::PoseStamped_<std::allocator<void> >&[m[Kâ€™
[01m[K/opt/ros/humble/include/geometry_msgs/geometry_msgs/msg/detail/pose_stamped__struct.hpp:38:8:[m[K [01;36m[Knote: [m[Kcandidate: â€˜[01m[Kgeometry_msgs::msg::PoseStamped_<std::allocator<void> >& geometry_msgs::msg::PoseStamped_<std::allocator<void> >::operator=(geometry_msgs::msg::PoseStamped_<std::allocator<void> >&&)[m[Kâ€™
[01m[K/opt/ros/humble/include/geometry_msgs/geometry_msgs/msg/detail/pose_stamped__struct.hpp:38:8:[m[K [01;36m[Knote: [m[K  no known conversion for argument 1 from â€˜[01m[Kgeometry_msgs::msg::PoseStamped_<std::allocator<void> >::_pose_type[m[Kâ€™ {aka â€˜[01m[Kgeometry_msgs::msg::Pose_<std::allocator<void> >[m[Kâ€™} to â€˜[01m[Kgeometry_msgs::msg::PoseStamped_<std::allocator<void> >&&[m[Kâ€™
gmake[2]: *** [CMakeFiles/joint_space.dir/build.make:76: CMakeFiles/joint_space.dir/src/joint_space.cpp.o] Error 1
gmake[1]: *** [CMakeFiles/Makefile2:339: CMakeFiles/joint_space.dir/all] Error 2
gmake: *** [Makefile:146: all] Error 2
