[01m[K/home/ubuntu/ros2_ws/src/isaac_sim_demo/src/joint_space.cpp:[m[K In function â€˜[01m[Kint main(int, char**)[m[Kâ€™:
[01m[K/home/ubuntu/ros2_ws/src/isaac_sim_demo/src/joint_space.cpp:615:5:[m[K [01;31m[Kerror: [m[Kcannot convert â€˜[01m[Kmain(int, char**)::<lambda(moveit::core::RobotState*, bool)>[m[Kâ€™ to â€˜[01m[Kbool[m[Kâ€™ in initialization
  615 |     [01;31m[K}[m[K
      |     [01;31m[K^[m[K
In file included from [01m[K/opt/ros/humble/include/pluginlib/pluginlib/class_loader_imp.hpp:57[m[K,
                 from [01m[K/opt/ros/humble/include/pluginlib/pluginlib/class_loader.hpp:334[m[K,
                 from [01m[K/home/ubuntu/ros2_ws/src/isaac_sim_demo/src/joint_space.cpp:1[m[K:
[01m[K/home/ubuntu/ros2_ws/src/isaac_sim_demo/src/joint_space.cpp:617:30:[m[K [01;31m[Kerror: [m[Kâ€˜[01m[KLoS[m[Kâ€™ was not declared in this scope
  617 |     RCLCPP_INFO(LOGGER,"%s", [01;31m[KLoS[m[K ? "true" : "false");
      |                              [01;31m[K^~~[m[K
gmake[2]: *** [CMakeFiles/joint_space.dir/build.make:76: CMakeFiles/joint_space.dir/src/joint_space.cpp.o] Error 1
gmake[1]: *** [CMakeFiles/Makefile2:339: CMakeFiles/joint_space.dir/all] Error 2
gmake: *** [Makefile:146: all] Error 2
