[35m[1mConsolidate compiler generated dependencies of target cpp_demo[0m
[ 10%] Built target StateSubscriber_node
[ 20%] Built target markers_node
[ 30%] Built target tf_to_pos_node
[ 40%] Built target visualization_node
[ 50%] Built target moveit_test_node
[ 60%] Built target isaac_sim_demo_library
[ 70%] Built target spawn_scene
[ 75%] [32mBuilding CXX object CMakeFiles/cpp_demo.dir/src/cpp_int.cpp.o[0m
[ 95%] Built target ompl_lifecycle
[ 95%] Built target ompl_controller_node
[01m[K/home/ubuntu/ros2_ws/src/isaac_sim_demo/src/cpp_int.cpp:[m[K In function â€˜[01m[Kint main(int, char**)[m[Kâ€™:
[01m[K/home/ubuntu/ros2_ws/src/isaac_sim_demo/src/cpp_int.cpp:192:9:[m[K [01;31m[Kerror: [m[Kexpected â€˜[01m[K,[m[Kâ€™ or â€˜[01m[K;[m[Kâ€™ before â€˜[01m[Kif[m[Kâ€™
  192 |         [01;31m[Kif[m[K (!planning_pipeline->generatePlan(planning_scene, req, res,publish_received_requests) || res.error_code_.val != res.error_code_.SUCCESS) {
      |         [01;31m[K^~[m[K
[01m[K/home/ubuntu/ros2_ws/src/isaac_sim_demo/src/cpp_int.cpp:194:11:[m[K [01;31m[Kerror: [m[Kâ€˜[01m[Kelse[m[Kâ€™ without a previous â€˜[01m[Kif[m[Kâ€™
  194 |         } [01;31m[Kelse[m[K {
      |           [01;31m[K^~~~[m[K
gmake[2]: *** [CMakeFiles/cpp_demo.dir/build.make:76: CMakeFiles/cpp_demo.dir/src/cpp_int.cpp.o] Error 1
gmake[1]: *** [CMakeFiles/Makefile2:337: CMakeFiles/cpp_demo.dir/all] Error 2
gmake: *** [Makefile:146: all] Error 2
