[01m[K/home/ubuntu/ros2_ws/src/isaac_sim_demo/src/joint_space.cpp:[m[K In lambda function:
[01m[K/home/ubuntu/ros2_ws/src/isaac_sim_demo/src/joint_space.cpp:130:33:[m[K [01;31m[Kerror: [m[Kexpected â€˜[01m[K;[m[Kâ€™ before â€˜[01m[Kstd[m[Kâ€™
  130 |         std::cout << "Not valid"[01;31m[K [m[K[32m[Kstd[m[K::endl;
      |                                 [01;31m[K^[m[K[32m[K~~~[m[K
      |                                 [32m[K;[m[K
gmake[2]: *** [CMakeFiles/joint_space.dir/build.make:76: CMakeFiles/joint_space.dir/src/joint_space.cpp.o] Error 1
gmake[1]: *** [CMakeFiles/Makefile2:339: CMakeFiles/joint_space.dir/all] Error 2
gmake: *** [Makefile:146: all] Error 2
