[  8%] Built target StateSubscriber_node
[ 16%] Built target drone_marker_publisher
[ 25%] Built target markers_node
[ 41%] Built target tf_to_pos_node
[ 41%] Built target isaac_sim_demo_library
[ 50%] Built target visualization_node
[ 58%] Built target moveit_test_node
[ 66%] Built target cartesian
[ 79%] Built target spawn_scene
[ 79%] [32mBuilding CXX object CMakeFiles/joint_space.dir/src/joint_space.cpp.o[0m
[ 87%] Built target ompl_controller_node
[ 95%] Built target ompl_lifecycle
[01m[K/home/ubuntu/ros2_ws/src/isaac_sim_demo/src/joint_space.cpp:[m[K In function â€˜[01m[Kint main(int, char**)[m[Kâ€™:
[01m[K/home/ubuntu/ros2_ws/src/isaac_sim_demo/src/joint_space.cpp:491:18:[m[K [01;31m[Kerror: [m[Kexpected â€˜[01m[K;[m[Kâ€™ before â€˜[01m[K}[m[Kâ€™ token
  491 |         counter++
      |                  [01;31m[K^[m[K
      |                  [32m[K;[m[K
  492 |       [32m[K}[m[K
      |       [32m[K~[m[K           
gmake[2]: *** [CMakeFiles/joint_space.dir/build.make:76: CMakeFiles/joint_space.dir/src/joint_space.cpp.o] Error 1
gmake[1]: *** [CMakeFiles/Makefile2:341: CMakeFiles/joint_space.dir/all] Error 2
gmake: *** [Makefile:146: all] Error 2
