[01m[K/home/ubuntu/ros2_ws/src/isaac_sim_demo/src/moveit_demo.cpp:[m[K In function â€˜[01m[Kint main(int, char**)[m[Kâ€™:
[01m[K/home/ubuntu/ros2_ws/src/isaac_sim_demo/src/moveit_demo.cpp:179:92:[m[K [01;31m[Kerror: [m[Kexpected primary-expression before â€˜[01m[K&[m[Kâ€™ token
  179 |     visual_tools.publishRobotState(joint_values,joint_model_group,rviz_visual_tools::Colors[01;31m[K&[m[K color = BLUE);
      |                                                                                            [01;31m[K^[m[K
[01m[K/home/ubuntu/ros2_ws/src/isaac_sim_demo/src/moveit_demo.cpp:179:94:[m[K [01;31m[Kerror: [m[Kâ€˜[01m[Kcolor[m[Kâ€™ was not declared in this scope
  179 |     visual_tools.publishRobotState(joint_values,joint_model_group,rviz_visual_tools::Colors& [01;31m[Kcolor[m[K = BLUE);
      |                                                                                              [01;31m[K^~~~~[m[K
[01m[K/home/ubuntu/ros2_ws/src/isaac_sim_demo/src/moveit_demo.cpp:179:102:[m[K [01;31m[Kerror: [m[Kâ€˜[01m[KBLUE[m[Kâ€™ was not declared in this scope; did you mean â€˜[01m[Krviz_visual_tools::BLUE[m[Kâ€™?
  179 |     visual_tools.publishRobotState(joint_values,joint_model_group,rviz_visual_tools::Colors& color = [01;31m[KBLUE[m[K);
      |                                                                                                      [01;31m[K^~~~[m[K
      |                                                                                                      [32m[Krviz_visual_tools::BLUE[m[K
In file included from [01m[K/home/ubuntu/ros2_ws/install/moveit_visual_tools/include/moveit_visual_tools/moveit_visual_tools.h:38[m[K,
                 from [01m[K/home/ubuntu/ros2_ws/src/isaac_sim_demo/src/moveit_demo.cpp:5[m[K:
[01m[K/opt/ros/humble/include/rviz_visual_tools/rviz_visual_tools.hpp:85:3:[m[K [01;36m[Knote: [m[Kâ€˜[01m[Krviz_visual_tools::BLUE[m[Kâ€™ declared here
   85 |   [01;36m[KBLUE[m[K = 2,
      |   [01;36m[K^~~~[m[K
gmake[2]: *** [CMakeFiles/moveit_test_node.dir/build.make:76: CMakeFiles/moveit_test_node.dir/src/moveit_demo.cpp.o] Error 1
gmake[1]: *** [CMakeFiles/Makefile2:311: CMakeFiles/moveit_test_node.dir/all] Error 2
gmake: *** [Makefile:146: all] Error 2
