[35m[1mConsolidate compiler generated dependencies of target cpp_demo[0m
[ 10%] Built target markers_node
[ 20%] Built target StateSubscriber_node
[ 30%] Built target visualization_node
[ 40%] Built target tf_to_pos_node
[ 60%] Built target spawn_scene
[ 60%] Built target moveit_test_node
[ 70%] Built target isaac_sim_demo_library
[ 75%] [32mBuilding CXX object CMakeFiles/cpp_demo.dir/src/cpp_int.cpp.o[0m
[ 95%] Built target ompl_lifecycle
[ 95%] Built target ompl_controller_node
[01m[K/home/ubuntu/ros2_ws/src/isaac_sim_demo/src/cpp_int.cpp:[m[K In function â€˜[01m[Kint main(int, char**)[m[Kâ€™:
[01m[K/home/ubuntu/ros2_ws/src/isaac_sim_demo/src/cpp_int.cpp:217:29:[m[K [01;31m[Kerror: [m[Kâ€˜[01m[Krobot_trajectory::RobotTrajectoryPtr[m[Kâ€™ {aka â€˜[01m[Kclass std::shared_ptr<robot_trajectory::RobotTrajectory>[m[Kâ€™} has no member named â€˜[01m[KgetRobotTrajectoryMsg[m[Kâ€™
  217 |             res.trajectory_.[01;31m[KgetRobotTrajectoryMsg[m[K(trajectory_msg);        // if (move_group_interface.move(trajectory) == moveit::planning_interface::MoveItErrorCode::SUCCESS)
      |                             [01;31m[K^~~~~~~~~~~~~~~~~~~~~[m[K
[01m[K/home/ubuntu/ros2_ws/src/isaac_sim_demo/src/cpp_int.cpp:217:51:[m[K [01;31m[Kerror: [m[Kâ€˜[01m[Ktrajectory_msg[m[Kâ€™ was not declared in this scope; did you mean â€˜[01m[Ktrajectory_msgs[m[Kâ€™?
  217 |             res.trajectory_.getRobotTrajectoryMsg([01;31m[Ktrajectory_msg[m[K);        // if (move_group_interface.move(trajectory) == moveit::planning_interface::MoveItErrorCode::SUCCESS)
      |                                                   [01;31m[K^~~~~~~~~~~~~~[m[K
      |                                                   [32m[Ktrajectory_msgs[m[K
gmake[2]: *** [CMakeFiles/cpp_demo.dir/build.make:76: CMakeFiles/cpp_demo.dir/src/cpp_int.cpp.o] Error 1
gmake[1]: *** [CMakeFiles/Makefile2:337: CMakeFiles/cpp_demo.dir/all] Error 2
gmake: *** [Makefile:146: all] Error 2
