[01m[K/home/ubuntu/ros2_ws/src/isaac_sim_demo/src/joint_space.cpp:46:12:[m[K [01;31m[Kerror: [m[Kexpected â€˜[01m[K;[m[Kâ€™ at end of member declaration
   46 |     double [01;31m[Kheight[m[K
      |            [01;31m[K^~~~~~[m[K
      |                  [32m[K;[m[K
[01m[K/home/ubuntu/ros2_ws/src/isaac_sim_demo/src/joint_space.cpp:[m[K In lambda function:
[01m[K/home/ubuntu/ros2_ws/src/isaac_sim_demo/src/joint_space.cpp:421:9:[m[K [01;31m[Kerror: [m[Kâ€˜[01m[Kcylinder_primitive[m[Kâ€™ was not declared in this scope
  421 |         [01;31m[Kcylinder_primitive[m[K.dimensions.resize(2);
      |         [01;31m[K^~~~~~~~~~~~~~~~~~[m[K
[01m[K/home/ubuntu/ros2_ws/src/isaac_sim_demo/src/joint_space.cpp:422:91:[m[K [01;31m[Kerror: [m[Kâ€˜[01m[Kinfo[m[Kâ€™ was not declared in this scope
  422 |         cylinder_primitive.dimensions[shape_msgs::msg::SolidPrimitive::CYLINDER_HEIGHT] = [01;31m[Kinfo[m[K.height;  // Height in meters
      |                                                                                           [01;31m[K^~~~[m[K
gmake[2]: *** [CMakeFiles/joint_space.dir/build.make:76: CMakeFiles/joint_space.dir/src/joint_space.cpp.o] Error 1
gmake[1]: *** [CMakeFiles/Makefile2:339: CMakeFiles/joint_space.dir/all] Error 2
gmake: *** [Makefile:146: all] Error 2
