[  2%] Built target gtest
[  2%] Built target gtest_main
[  4%] Built target moveit_utils
[  6%] Built target moveit_version
[  7%] Built target moveit_transforms
[  9%] Built target moveit_distance_field
[ 11%] Built target moveit_exceptions
[ 11%] Built target moveit_smoothing_base
[ 13%] Built target gmock
[ 14%] Built target moveit_butterworth_parameters
[ 15%] Built target gmock_main
[ 16%] Built target moveit_kinematics_base
[ 17%] Built target test_transforms
[ 18%] Built target test_voxel_grid
[ 19%] Built target test_distance_field
[ 26%] Built target moveit_robot_model
[ 27%] Built target moveit_butterworth_filter
[ 28%] Built target moveit_test_utils
[ 31%] Built target moveit_robot_state
[ 32%] Built target moveit_robot_trajectory
[ 33%] Built target test_butterworth_filter
[ 35%] Built target moveit_dynamics_solver
[ 36%] Built target test_robot_model
[ 37%] Built target test_cartesian_interpolator
[ 38%] Built target moveit_kinematics_metrics
[ 40%] Built target test_robot_state
[ 46%] Built target moveit_collision_detection
[ 47%] Built target test_robot_state_benchmark
[ 48%] Built target test_robot_state_complex
[ 49%] Built target test_aabb
[ 50%] Built target test_robot_trajectory
[ 52%] Built target moveit_planning_interface
[ 56%] Built target moveit_trajectory_processing
[ 57%] Built target test_world
[ 59%] Built target test_world_diff
[ 61%] Built target moveit_collision_detection_fcl
[ 62%] Built target test_all_valid
[ 67%] Built target moveit_collision_detection_bullet
[35m[1mConsolidate compiler generated dependencies of target moveit_kinematic_constraints[0m
[ 68%] Built target test_ruckig_traj_smoothing
[ 69%] Built target test_time_parameterization
[ 71%] Built target test_time_optimal_trajectory_generation
[ 73%] Built target test_fcl_collision_env
[ 75%] Built target test_bullet_continuous_collision_checking
[ 76%] Built target test_bullet_collision_detection
[ 77%] Built target test_fcl_collision_detection
[ 78%] Built target test_bullet_collision_detection_panda
[ 79%] Built target test_fcl_collision_detection_panda
[ 79%] [32mBuilding CXX object kinematic_constraints/CMakeFiles/moveit_kinematic_constraints.dir/src/kinematic_constraint.cpp.o[0m
[01m[K/home/ubuntu/ros2_ws/src/moveit2/moveit_core/kinematic_constraints/src/kinematic_constraint.cpp:[m[K In member function â€˜[01m[Kbool kinematic_constraints::VisibilityConstraint::configure(const VisibilityConstraint&, const moveit::core::Transforms&)[m[Kâ€™:
[01m[K/home/ubuntu/ros2_ws/src/moveit2/moveit_core/kinematic_constraints/src/kinematic_constraint.cpp:791:28:[m[K [01;31m[Kerror: [m[Kcannot convert â€˜[01m[Kcollision_detection::World[m[Kâ€™ to â€˜[01m[Kconst WorldPtr&[m[Kâ€™ {aka â€˜[01m[Kconst std::shared_ptr<collision_detection::World>&[m[Kâ€™}
  791 |   collision_env_->setWorld([01;31m[KWorld[m[K)
      |                            [01;31m[K^~~~~[m[K
      |                            [01;31m[K|[m[K
      |                            [01;31m[Kcollision_detection::World[m[K
In file included from [01m[K/home/ubuntu/ros2_ws/src/moveit2/moveit_core/kinematic_constraints/include/moveit/kinematic_constraints/kinematic_constraint.h:42[m[K,
                 from [01m[K/home/ubuntu/ros2_ws/src/moveit2/moveit_core/kinematic_constraints/src/kinematic_constraint.cpp:37[m[K:
[01m[K/home/ubuntu/ros2_ws/src/moveit2/moveit_core/collision_detection/include/moveit/collision_detection/collision_env.h:237:41:[m[K [01;36m[Knote: [m[K  initializing argument 1 of â€˜[01m[Kvirtual void collision_detection::CollisionEnv::setWorld(const WorldPtr&)[m[Kâ€™
  237 |   virtual void setWorld([01;36m[Kconst WorldPtr& world[m[K);
      |                         [01;36m[K~~~~~~~~~~~~~~~~^~~~~[m[K
gmake[2]: *** [kinematic_constraints/CMakeFiles/moveit_kinematic_constraints.dir/build.make:76: kinematic_constraints/CMakeFiles/moveit_kinematic_constraints.dir/src/kinematic_constraint.cpp.o] Error 1
gmake[1]: *** [CMakeFiles/Makefile2:1123: kinematic_constraints/CMakeFiles/moveit_kinematic_constraints.dir/all] Error 2
gmake: *** [Makefile:146: all] Error 2
