[35m[1mConsolidate compiler generated dependencies of target moveit_test_node[0m
[ 10%] Built target StateSubscriber_node
[ 20%] Built target markers_node
[ 30%] Built target visualization_node
[ 40%] Built target tf_to_pos_node
[ 50%] Built target cpp_demo
[ 60%] Built target isaac_sim_demo_library
[ 70%] Built target spawn_scene
[ 75%] [32mBuilding CXX object CMakeFiles/moveit_test_node.dir/src/moveit_demo.cpp.o[0m
[ 95%] Built target ompl_lifecycle
[ 95%] Built target ompl_controller_node
[01m[K/home/ubuntu/ros2_ws/src/isaac_sim_demo/src/moveit_demo.cpp:[m[K In function â€˜[01m[Kint main(int, char**)[m[Kâ€™:
[01m[K/home/ubuntu/ros2_ws/src/isaac_sim_demo/src/moveit_demo.cpp:179:37:[m[K [01;31m[Kerror: [m[Kcannot convert â€˜[01m[Kstd::vector<double, std::allocator<double> >[m[Kâ€™ to â€˜[01m[Kconst std::vector<trajectory_msgs::msg::JointTrajectoryPoint_<std::allocator<void> >, std::allocator<trajectory_msgs::msg::JointTrajectoryPoint_<std::allocator<void> > > >&[m[Kâ€™
  179 |     visual_tools.publishIKSolutions([01;31m[Kjoint_values[m[K,joint_model_group,5);
      |                                     [01;31m[K^~~~~~~~~~~~[m[K
      |                                     [01;31m[K|[m[K
      |                                     [01;31m[Kstd::vector<double, std::allocator<double> >[m[K
In file included from [01m[K/home/ubuntu/ros2_ws/src/isaac_sim_demo/src/moveit_demo.cpp:5[m[K:
[01m[K/home/ubuntu/ros2_ws/install/moveit_visual_tools/include/moveit_visual_tools/moveit_visual_tools.h:287:90:[m[K [01;36m[Knote: [m[K  initializing argument 1 of â€˜[01m[Kbool moveit_visual_tools::MoveItVisualTools::publishIKSolutions(const std::vector<trajectory_msgs::msg::JointTrajectoryPoint_<std::allocator<void> >, std::allocator<trajectory_msgs::msg::JointTrajectoryPoint_<std::allocator<void> > > >&, const moveit::core::JointModelGroup*, double)[m[Kâ€™
  287 |   bool publishIKSolutions([01;36m[Kconst std::vector<trajectory_msgs::msg::JointTrajectoryPoint>& ik_solutions[m[K,
      |                           [01;36m[K~~~~~~~~~~~~~~~~~~~~~~~~~~~~~~~~~~~~~~~~~~~~~~~~~~~~~~~~~~~~~~~^~~~~~~~~~~~[m[K
gmake[2]: *** [CMakeFiles/moveit_test_node.dir/build.make:76: CMakeFiles/moveit_test_node.dir/src/moveit_demo.cpp.o] Error 1
gmake[1]: *** [CMakeFiles/Makefile2:311: CMakeFiles/moveit_test_node.dir/all] Error 2
gmake: *** [Makefile:146: all] Error 2
