[01m[K/home/ubuntu/ros2_ws/src/isaac_sim_demo/src/joint_space.cpp:[m[K In function â€˜[01m[Kint main(int, char**)[m[Kâ€™:
[01m[K/home/ubuntu/ros2_ws/src/isaac_sim_demo/src/joint_space.cpp:565:11:[m[K [01;31m[Kerror: [m[Kâ€˜[01m[Ktrajectory_publisher_[m[Kâ€™ was not declared in this scope; did you mean â€˜[01m[Kmarker_array_publisher_[m[Kâ€™?
  565 |           [01;31m[Ktrajectory_publisher_[m[K->publish(msg.trajectory);
      |           [01;31m[K^~~~~~~~~~~~~~~~~~~~~[m[K
      |           [32m[Kmarker_array_publisher_[m[K
gmake[2]: *** [CMakeFiles/joint_space.dir/build.make:76: CMakeFiles/joint_space.dir/src/joint_space.cpp.o] Error 1
gmake[1]: *** [CMakeFiles/Makefile2:341: CMakeFiles/joint_space.dir/all] Error 2
gmake: *** [Makefile:146: all] Error 2
