[01m[K/home/ubuntu/ros2_ws/src/isaac_sim_demo/src/moveit_demo.cpp:[m[K In function â€˜[01m[Kint main(int, char**)[m[Kâ€™:
[01m[K/home/ubuntu/ros2_ws/src/isaac_sim_demo/src/moveit_demo.cpp:262:28:[m[K [01;31m[Kerror: [m[Kâ€˜[01m[Ktext_pose[m[Kâ€™ was not declared in this scope; did you mean â€˜[01m[Ktarget_pose[m[Kâ€™?
  262 |   visual_tools.publishText([01;31m[Ktext_pose[m[K, "Cartesian_Path", rvt::WHITE, rvt::XLARGE);
      |                            [01;31m[K^~~~~~~~~[m[K
      |                            [32m[Ktarget_pose[m[K
gmake[2]: *** [CMakeFiles/moveit_test.dir/build.make:76: CMakeFiles/moveit_test.dir/src/moveit_demo.cpp.o] Error 1
gmake[1]: *** [CMakeFiles/Makefile2:307: CMakeFiles/moveit_test.dir/all] Error 2
gmake: *** [Makefile:146: all] Error 2
