[01m[K/home/ubuntu/ros2_ws/src/isaac_sim_demo/src/tf_to_pos.cpp:[m[K In constructor â€˜[01m[KTransformListenerNode::TransformListenerNode()[m[Kâ€™:
[01m[K/home/ubuntu/ros2_ws/src/isaac_sim_demo/src/tf_to_pos.cpp:18:42:[m[K [01;31m[Kerror: [m[Kunable to find numeric literal operator â€˜[01m[Koperator""ms[m[Kâ€™
   18 |         timer_ = this->create_wall_timer([01;31m[K500ms[m[K, std::bind(&TransformListenerNode::timer_callback, this));
      |                                          [01;31m[K^~~~~[m[K
gmake[2]: *** [CMakeFiles/tf_to_pos.dir/build.make:76: CMakeFiles/tf_to_pos.dir/src/tf_to_pos.cpp.o] Error 1
gmake[1]: *** [CMakeFiles/Makefile2:277: CMakeFiles/tf_to_pos.dir/all] Error 2
gmake: *** [Makefile:146: all] Error 2
