[  8%] Built target StateSubscriber_node
[ 16%] Built target visualization_node
[ 25%] Built target markers_node
[ 33%] Built target tf_to_pos_node
[ 41%] Built target drone_marker_publisher
[ 45%] [32mBuilding CXX object CMakeFiles/joint_space.dir/src/joint_space.cpp.o[0m
[ 54%] Built target cartesian
[ 62%] Built target spawn_scene
[ 70%] Built target moveit_test_node
[ 79%] Built target isaac_sim_demo_library
[ 95%] Built target ompl_controller_node
[ 95%] Built target ompl_lifecycle
[01m[K/home/ubuntu/ros2_ws/src/isaac_sim_demo/src/joint_space.cpp:[m[K In function â€˜[01m[Kint main(int, char**)[m[Kâ€™:
[01m[K/home/ubuntu/ros2_ws/src/isaac_sim_demo/src/joint_space.cpp:197:53:[m[K [01;31m[Kerror: [m[Kredeclaration of â€˜[01m[Krclcpp::Publisher<nav_msgs::msg::Path_<std::allocator<void> > >::SharedPtr publisher_[m[Kâ€™
  197 |   rclcpp::Publisher<nav_msgs::msg::Path>::SharedPtr [01;31m[Kpublisher_[m[K;
      |                                                     [01;31m[K^~~~~~~~~~[m[K
[01m[K/home/ubuntu/ros2_ws/src/isaac_sim_demo/src/joint_space.cpp:196:53:[m[K [01;36m[Knote: [m[Kâ€˜[01m[Krclcpp::Publisher<nav_msgs::msg::Path_<std::allocator<void> > >::SharedPtr publisher_[m[Kâ€™ previously declared here
  196 |   rclcpp::Publisher<nav_msgs::msg::Path>::SharedPtr [01;36m[Kpublisher_[m[K;
      |                                                     [01;36m[K^~~~~~~~~~[m[K
gmake[2]: *** [CMakeFiles/joint_space.dir/build.make:76: CMakeFiles/joint_space.dir/src/joint_space.cpp.o] Error 1
gmake[1]: *** [CMakeFiles/Makefile2:341: CMakeFiles/joint_space.dir/all] Error 2
gmake: *** [Makefile:146: all] Error 2
