[0.065s] Invoking command in '/home/ubuntu/ros2_ws/build/isaac_sim_demo': AMENT_PREFIX_PATH=/home/ubuntu/ros2_ws/install/moveit_configs_utils:/home/ubuntu/ros2_ws/install/launch_param_builder:/home/ubuntu/ros2_ws/install/prismatic_moveit_config:/home/ubuntu/ros2_ws/install/test_moveit_config:/home/ubuntu/ros2_ws/install/pilz_industrial_motion_planner_testutils:/home/ubuntu/ros2_ws/install/moveit_runtime:/home/ubuntu/ros2_ws/install/moveit2_tutorials:/home/ubuntu/ros2_ws/install/moveit:/home/ubuntu/ros2_ws/install/isaac_twin_moveit_config:/home/ubuntu/ros2_ws/install/four_drone_demo:/home/ubuntu/ros2_ws/install/floating_moveit_config:/home/ubuntu/ros2_ws/install/chain_moveit_config:/home/ubuntu/ros2_ws/install/4_drone_demo:/home/ubuntu/ros2_ws/install/isaac_sim_demo:/home/ubuntu/ros2_ws/install/moveit_planners:/home/ubuntu/ros2_ws/install/pilz_industrial_motion_planner:/home/ubuntu/ros2_ws/install/pick_ik:/home/ubuntu/ros2_ws/install/moveit_visual_tools:/home/ubuntu/ros2_ws/install/moveit_task_constructor_visualization:/home/ubuntu/ros2_ws/install/moveit_task_constructor_demo:/home/ubuntu/ros2_ws/install/moveit_task_constructor_capabilities:/home/ubuntu/ros2_ws/install/moveit_task_constructor_core:/home/ubuntu/ros2_ws/install/moveit_ros_control_interface:/home/ubuntu/ros2_ws/install/moveit_plugins:/home/ubuntu/ros2_ws/install/moveit_simple_controller_manager:/home/ubuntu/ros2_ws/install/moveit_setup_assistant:/home/ubuntu/ros2_ws/install/moveit_setup_srdf_plugins:/home/ubuntu/ros2_ws/install/moveit_setup_core_plugins:/home/ubuntu/ros2_ws/install/moveit_setup_controllers:/home/ubuntu/ros2_ws/install/moveit_setup_app_plugins:/home/ubuntu/ros2_ws/install/moveit_setup_framework:/home/ubuntu/ros2_ws/install/moveit_servo:/home/ubuntu/ros2_ws/install/moveit_ros:/home/ubuntu/ros2_ws/install/moveit_ros_visualization:/home/ubuntu/ros2_ws/install/moveit_hybrid_planning:/home/ubuntu/ros2_ws/install/moveit_ros_planning_interface:/home/ubuntu/ros2_ws/install/moveit_ros_benchmarks:/home/ubuntu/ros2_ws/install/moveit_ros_warehouse:/home/ubuntu/ros2_ws/install/moveit_ros_robot_interaction:/home/ubuntu/ros2_ws/install/moveit_ros_perception:/home/ubuntu/ros2_ws/install/moveit_resources_prbt_pg70_support:/home/ubuntu/ros2_ws/install/moveit_resources_prbt_moveit_config:/home/ubuntu/ros2_ws/install/moveit_ros_move_group:/home/ubuntu/ros2_ws/install/moveit_planners_ompl:/home/ubuntu/ros2_ws/install/moveit_ros_planning:/home/ubuntu/ros2_ws/install/moveit_ros_occupancy_map_monitor:/home/ubuntu/ros2_ws/install/moveit_resources_prbt_ikfast_manipulator_plugin:/home/ubuntu/ros2_ws/install/moveit_planners_chomp:/home/ubuntu/ros2_ws/install/moveit_kinematics:/home/ubuntu/ros2_ws/install/moveit_chomp_optimizer_adapter:/home/ubuntu/ros2_ws/install/chomp_motion_planner:/home/ubuntu/ros2_ws/install/moveit_core:/home/ubuntu/ros2_ws/install/srdfdom:/home/ubuntu/ros2_ws/install/rviz_marker_tools:/home/ubuntu/ros2_ws/install/rosparam_shortcuts:/home/ubuntu/ros2_ws/install/moveit_task_constructor_msgs:/home/ubuntu/ros2_ws/install/moveit_resources_prbt_support:/home/ubuntu/ros2_ws/install/moveit_resources:/home/ubuntu/ros2_ws/install/moveit_resources_pr2_description:/home/ubuntu/ros2_ws/install/moveit_resources_panda_moveit_config:/home/ubuntu/ros2_ws/install/moveit_resources_panda_description:/home/ubuntu/ros2_ws/install/moveit_resources_fanuc_moveit_config:/home/ubuntu/ros2_ws/install/moveit_resources_fanuc_description:/home/ubuntu/ros2_ws/install/moveit_common:/home/ubuntu/ros2_ws/install/custom_interfaces:/opt/ros/humble CMAKE_PREFIX_PATH=/home/ubuntu/ros2_ws/install/moveit_setup_assistant:/home/ubuntu/ros2_ws/install/moveit_setup_srdf_plugins:/home/ubuntu/ros2_ws/install/moveit_setup_core_plugins:/home/ubuntu/ros2_ws/install/moveit_setup_controllers:/home/ubuntu/ros2_ws/install/moveit_setup_app_plugins:/home/ubuntu/ros2_ws/install/moveit_planners:/home/ubuntu/ros2_ws/install/pilz_industrial_motion_planner:/home/ubuntu/ros2_ws/install/moveit_setup_framework:/home/ubuntu/ros2_ws/install/moveit_ros_visualization:/home/ubuntu/ros2_ws/install/moveit_resources_prbt_pg70_support:/home/ubuntu/ros2_ws/install/moveit_ros_planning_interface:/home/ubuntu/ros2_ws/install/moveit_resources_prbt_moveit_config:/home/ubuntu/ros2_ws/install/moveit_ros_move_group:/home/ubuntu/ros2_ws/install/moveit_visual_tools:/home/ubuntu/ros2_ws/install/moveit_ros_warehouse:/home/ubuntu/ros2_ws/install/moveit_ros_robot_interaction:/home/ubuntu/ros2_ws/install/moveit_planners_ompl:/home/ubuntu/ros2_ws/install/moveit_kinematics:/home/ubuntu/ros2_ws/install/moveit_ros_planning:/home/ubuntu/ros2_ws/install/pilz_industrial_motion_planner_testutils:/home/ubuntu/ros2_ws/install/moveit_simple_controller_manager:/home/ubuntu/ros2_ws/install/moveit_ros_occupancy_map_monitor:/home/ubuntu/ros2_ws/install/moveit_resources_prbt_ikfast_manipulator_plugin:/home/ubuntu/ros2_ws/install/moveit_core:/home/ubuntu/ros2_ws/install/moveit_resources_panda_moveit_config:/home/ubuntu/ros2_ws/install/moveit_resources_fanuc_moveit_config:/home/ubuntu/ros2_ws/install/srdfdom:/home/ubuntu/ros2_ws/install/moveit_resources_prbt_support:/home/ubuntu/ros2_ws/install/moveit_resources_pr2_description:/home/ubuntu/ros2_ws/install/moveit_resources_panda_description:/home/ubuntu/ros2_ws/install/moveit_resources_fanuc_description:/home/ubuntu/ros2_ws/install/moveit_common:/home/ubuntu/ros2_ws/install/custom_interfaces:/home/ubuntu/ros2_ws/install/prismatic_moveit_config:/home/ubuntu/ros2_ws/install/test_moveit_config:/home/ubuntu/ros2_ws/install/moveit_runtime:/home/ubuntu/ros2_ws/install/moveit2_tutorials:/home/ubuntu/ros2_ws/install/moveit:/home/ubuntu/ros2_ws/install/isaac_twin_moveit_config:/home/ubuntu/ros2_ws/install/four_drone_demo:/home/ubuntu/ros2_ws/install/floating_moveit_config:/home/ubuntu/ros2_ws/install/chain_moveit_config:/home/ubuntu/ros2_ws/install/4_drone_demo:/home/ubuntu/ros2_ws/install/isaac_sim_demo:/home/ubuntu/ros2_ws/install/pick_ik:/home/ubuntu/ros2_ws/install/moveit_task_constructor_visualization:/home/ubuntu/ros2_ws/install/moveit_task_constructor_demo:/home/ubuntu/ros2_ws/install/moveit_task_constructor_capabilities:/home/ubuntu/ros2_ws/install/moveit_task_constructor_core:/home/ubuntu/ros2_ws/install/moveit_ros_control_interface:/home/ubuntu/ros2_ws/install/moveit_plugins:/home/ubuntu/ros2_ws/install/moveit_servo:/home/ubuntu/ros2_ws/install/moveit_ros:/home/ubuntu/ros2_ws/install/moveit_hybrid_planning:/home/ubuntu/ros2_ws/install/moveit_ros_benchmarks:/home/ubuntu/ros2_ws/install/moveit_ros_perception:/home/ubuntu/ros2_ws/install/moveit_planners_chomp:/home/ubuntu/ros2_ws/install/moveit_chomp_optimizer_adapter:/home/ubuntu/ros2_ws/install/chomp_motion_planner:/home/ubuntu/ros2_ws/install/rviz_marker_tools:/home/ubuntu/ros2_ws/install/rosparam_shortcuts:/home/ubuntu/ros2_ws/install/moveit_task_constructor_msgs:/home/ubuntu/ros2_ws/install/moveit_resources:/home/ubuntu/ros2_ws/install/moveit_configs_utils:/home/ubuntu/ros2_ws/install/launch_param_builder:/opt/ros/humble LD_LIBRARY_PATH=/home/ubuntu/ros2_ws/install/moveit_setup_srdf_plugins/lib:/home/ubuntu/ros2_ws/install/moveit_setup_core_plugins/lib:/home/ubuntu/ros2_ws/install/moveit_setup_controllers/lib:/home/ubuntu/ros2_ws/install/moveit_setup_app_plugins/lib:/home/ubuntu/ros2_ws/install/pilz_industrial_motion_planner/lib:/home/ubuntu/ros2_ws/install/moveit_setup_framework/lib:/home/ubuntu/ros2_ws/install/moveit_ros_visualization/lib:/home/ubuntu/ros2_ws/install/moveit_ros_planning_interface/lib:/home/ubuntu/ros2_ws/install/moveit_ros_move_group/lib:/home/ubuntu/ros2_ws/install/moveit_visual_tools/lib:/home/ubuntu/ros2_ws/install/moveit_ros_warehouse/lib:/home/ubuntu/ros2_ws/install/moveit_ros_robot_interaction/lib:/home/ubuntu/ros2_ws/install/moveit_planners_ompl/lib:/home/ubuntu/ros2_ws/install/moveit_kinematics/lib:/home/ubuntu/ros2_ws/install/moveit_ros_planning/lib:/home/ubuntu/ros2_ws/install/pilz_industrial_motion_planner_testutils/lib:/home/ubuntu/ros2_ws/install/moveit_simple_controller_manager/lib:/home/ubuntu/ros2_ws/install/moveit_ros_occupancy_map_monitor/lib:/home/ubuntu/ros2_ws/install/moveit_resources_prbt_ikfast_manipulator_plugin/lib:/home/ubuntu/ros2_ws/install/moveit_core/lib:/home/ubuntu/ros2_ws/install/srdfdom/lib:/home/ubuntu/ros2_ws/install/custom_interfaces/lib:/home/ubuntu/ros2_ws/install/pick_ik/lib:/home/ubuntu/ros2_ws/install/moveit_task_constructor_visualization/lib:/home/ubuntu/ros2_ws/install/moveit_task_constructor_demo/lib:/home/ubuntu/ros2_ws/install/moveit_task_constructor_capabilities/lib:/home/ubuntu/ros2_ws/install/moveit_task_constructor_core/lib:/home/ubuntu/ros2_ws/install/moveit_ros_control_interface/lib:/home/ubuntu/ros2_ws/install/moveit_setup_assistant/lib:/home/ubuntu/ros2_ws/install/moveit_servo/lib:/home/ubuntu/ros2_ws/install/moveit_hybrid_planning/lib:/home/ubuntu/ros2_ws/install/moveit_ros_benchmarks/lib:/home/ubuntu/ros2_ws/install/moveit_ros_perception/lib:/home/ubuntu/ros2_ws/install/moveit_planners_chomp/lib:/home/ubuntu/ros2_ws/install/moveit_chomp_optimizer_adapter/lib:/home/ubuntu/ros2_ws/install/chomp_motion_planner/lib:/home/ubuntu/ros2_ws/install/rviz_marker_tools/lib:/home/ubuntu/ros2_ws/install/rosparam_shortcuts/lib:/home/ubuntu/ros2_ws/install/moveit_task_constructor_msgs/lib:/opt/ros/humble/opt/rviz_ogre_vendor/lib:/opt/ros/humble/lib/x86_64-linux-gnu:/opt/ros/humble/lib PYTHONPATH=/home/ubuntu/ros2_ws/install/moveit_configs_utils/lib/python3.10/site-packages:/home/ubuntu/ros2_ws/install/launch_param_builder/lib/python3.10/site-packages:/home/ubuntu/ros2_ws/install/srdfdom/local/lib/python3.10/dist-packages:/home/ubuntu/ros2_ws/install/moveit_task_constructor_msgs/local/lib/python3.10/dist-packages:/home/ubuntu/ros2_ws/install/custom_interfaces/local/lib/python3.10/dist-packages:/opt/ros/humble/lib/python3.10/site-packages:/opt/ros/humble/local/lib/python3.10/dist-packages /usr/bin/cmake --build /home/ubuntu/ros2_ws/build/isaac_sim_demo -- -j24 -l24
[0.124s] [  9%] Built target markers_node
[0.125s] [35m[1mConsolidate compiler generated dependencies of target joint_space[0m
[0.127s] [ 18%] Built target StateSubscriber_node
[0.127s] [ 27%] Built target tf_to_pos_node
[0.128s] [ 36%] Built target visualization_node
[0.137s] [ 45%] Built target moveit_test_node
[0.141s] [ 54%] Built target isaac_sim_demo_library
[0.142s] [ 72%] Built target cartesian
[0.142s] [ 72%] Built target spawn_scene
[0.160s] [ 77%] [32mBuilding CXX object CMakeFiles/joint_space.dir/src/joint_space.cpp.o[0m
[0.176s] [ 86%] Built target ompl_lifecycle
[0.176s] [ 95%] Built target ompl_controller_node
[5.531s] [01m[K/home/ubuntu/ros2_ws/src/isaac_sim_demo/src/joint_space.cpp:[m[K In function â€˜[01m[Kvoid configure_bullet(std::shared_ptr<planning_scene::PlanningScene>, moveit::core::RobotState&)[m[Kâ€™:
[5.531s] [01m[K/home/ubuntu/ros2_ws/src/isaac_sim_demo/src/joint_space.cpp:120:17:[m[K [01;31m[Kerror: [m[Kno match for â€˜[01m[Koperator<<[m[Kâ€™ (operand types are â€˜[01m[Kstd::ostream[m[Kâ€™ {aka â€˜[01m[Kstd::basic_ostream<char>[m[Kâ€™} and â€˜[01m[Kconst shapes::Box[m[Kâ€™)
[5.531s]   120 |       [32m[Kstd::cout[m[K [01;31m[K<<[m[K [34m[K*box[m[K << std::endl;
[5.531s]       |       [32m[K~~~~~~~~~[m[K [01;31m[K^~[m[K [34m[K~~~~[m[K
[5.531s]       |            [32m[K|[m[K       [34m[K|[m[K
[5.531s]       |            [32m[K|[m[K       [34m[Kconst shapes::Box[m[K
[5.531s]       |            [32m[Kstd::ostream {aka std::basic_ostream<char>}[m[K
[5.532s] In file included from [01m[K/usr/include/c++/11/istream:39[m[K,
[5.532s]                  from [01m[K/usr/include/c++/11/sstream:38[m[K,
[5.532s]                  from [01m[K/opt/ros/humble/include/pluginlib/pluginlib/class_loader_imp.hpp:44[m[K,
[5.532s]                  from [01m[K/opt/ros/humble/include/pluginlib/pluginlib/class_loader.hpp:334[m[K,
[5.532s]                  from [01m[K/home/ubuntu/ros2_ws/src/isaac_sim_demo/src/joint_space.cpp:1[m[K:
[5.532s] [01m[K/usr/include/c++/11/ostream:108:7:[m[K [01;36m[Knote: [m[Kcandidate: â€˜[01m[Kstd::basic_ostream<_CharT, _Traits>::__ostream_type& std::basic_ostream<_CharT, _Traits>::operator<<(std::basic_ostream<_CharT, _Traits>::__ostream_type& (*)(std::basic_ostream<_CharT, _Traits>::__ostream_type&)) [with _CharT = char; _Traits = std::char_traits<char>; std::basic_ostream<_CharT, _Traits>::__ostream_type = std::basic_ostream<char>][m[Kâ€™
[5.532s]   108 |       [01;36m[Koperator[m[K<<(__ostream_type& (*__pf)(__ostream_type&))
[5.532s]       |       [01;36m[K^~~~~~~~[m[K
[5.533s] [01m[K/usr/include/c++/11/ostream:108:36:[m[K [01;36m[Knote: [m[K  no known conversion for argument 1 from â€˜[01m[Kconst shapes::Box[m[Kâ€™ to â€˜[01m[Kstd::basic_ostream<char>::__ostream_type& (*)(std::basic_ostream<char>::__ostream_type&)[m[Kâ€™ {aka â€˜[01m[Kstd::basic_ostream<char>& (*)(std::basic_ostream<char>&)[m[Kâ€™}
[5.533s]   108 |       operator<<([01;36m[K__ostream_type& (*__pf)(__ostream_type&)[m[K)
[5.533s]       |                  [01;36m[K~~~~~~~~~~~~~~~~~~^~~~~~~~~~~~~~~~~~~~~~[m[K
[5.533s] [01m[K/usr/include/c++/11/ostream:117:7:[m[K [01;36m[Knote: [m[Kcandidate: â€˜[01m[Kstd::basic_ostream<_CharT, _Traits>::__ostream_type& std::basic_ostream<_CharT, _Traits>::operator<<(std::basic_ostream<_CharT, _Traits>::__ios_type& (*)(std::basic_ostream<_CharT, _Traits>::__ios_type&)) [with _CharT = char; _Traits = std::char_traits<char>; std::basic_ostream<_CharT, _Traits>::__ostream_type = std::basic_ostream<char>; std::basic_ostream<_CharT, _Traits>::__ios_type = std::basic_ios<char>][m[Kâ€™
[5.533s]   117 |       [01;36m[Koperator[m[K<<(__ios_type& (*__pf)(__ios_type&))
[5.533s]       |       [01;36m[K^~~~~~~~[m[K
[5.533s] [01m[K/usr/include/c++/11/ostream:117:32:[m[K [01;36m[Knote: [m[K  no known conversion for argument 1 from â€˜[01m[Kconst shapes::Box[m[Kâ€™ to â€˜[01m[Kstd::basic_ostream<char>::__ios_type& (*)(std::basic_ostream<char>::__ios_type&)[m[Kâ€™ {aka â€˜[01m[Kstd::basic_ios<char>& (*)(std::basic_ios<char>&)[m[Kâ€™}
[5.533s]   117 |       operator<<([01;36m[K__ios_type& (*__pf)(__ios_type&)[m[K)
[5.533s]       |                  [01;36m[K~~~~~~~~~~~~~~^~~~~~~~~~~~~~~~~~[m[K
[5.533s] [01m[K/usr/include/c++/11/ostream:127:7:[m[K [01;36m[Knote: [m[Kcandidate: â€˜[01m[Kstd::basic_ostream<_CharT, _Traits>::__ostream_type& std::basic_ostream<_CharT, _Traits>::operator<<(std::ios_base& (*)(std::ios_base&)) [with _CharT = char; _Traits = std::char_traits<char>; std::basic_ostream<_CharT, _Traits>::__ostream_type = std::basic_ostream<char>][m[Kâ€™
[5.533s]   127 |       [01;36m[Koperator[m[K<<(ios_base& (*__pf) (ios_base&))
[5.534s]       |       [01;36m[K^~~~~~~~[m[K
[5.534s] [01m[K/usr/include/c++/11/ostream:127:30:[m[K [01;36m[Knote: [m[K  no known conversion for argument 1 from â€˜[01m[Kconst shapes::Box[m[Kâ€™ to â€˜[01m[Kstd::ios_base& (*)(std::ios_base&)[m[Kâ€™
[5.534s]   127 |       operator<<([01;36m[Kios_base& (*__pf) (ios_base&)[m[K)
[5.534s]       |                  [01;36m[K~~~~~~~~~~~~^~~~~~~~~~~~~~~~~[m[K
[5.534s] [01m[K/usr/include/c++/11/ostream:166:7:[m[K [01;36m[Knote: [m[Kcandidate: â€˜[01m[Kstd::basic_ostream<_CharT, _Traits>::__ostream_type& std::basic_ostream<_CharT, _Traits>::operator<<(long int) [with _CharT = char; _Traits = std::char_traits<char>; std::basic_ostream<_CharT, _Traits>::__ostream_type = std::basic_ostream<char>][m[Kâ€™
[5.534s]   166 |       [01;36m[Koperator[m[K<<(long __n)
[5.534s]       |       [01;36m[K^~~~~~~~[m[K
[5.534s] [01m[K/usr/include/c++/11/ostream:166:23:[m[K [01;36m[Knote: [m[K  no known conversion for argument 1 from â€˜[01m[Kconst shapes::Box[m[Kâ€™ to â€˜[01m[Klong int[m[Kâ€™
[5.534s]   166 |       operator<<([01;36m[Klong __n[m[K)
[5.534s]       |                  [01;36m[K~~~~~^~~[m[K
[5.534s] [01m[K/usr/include/c++/11/ostream:170:7:[m[K [01;36m[Knote: [m[Kcandidate: â€˜[01m[Kstd::basic_ostream<_CharT, _Traits>::__ostream_type& std::basic_ostream<_CharT, _Traits>::operator<<(long unsigned int) [with _CharT = char; _Traits = std::char_traits<char>; std::basic_ostream<_CharT, _Traits>::__ostream_type = std::basic_ostream<char>][m[Kâ€™
[5.534s]   170 |       [01;36m[Koperator[m[K<<(unsigned long __n)
[5.534s]       |       [01;36m[K^~~~~~~~[m[K
[5.534s] [01m[K/usr/include/c++/11/ostream:170:32:[m[K [01;36m[Knote: [m[K  no known conversion for argument 1 from â€˜[01m[Kconst shapes::Box[m[Kâ€™ to â€˜[01m[Klong unsigned int[m[Kâ€™
[5.534s]   170 |       operator<<([01;36m[Kunsigned long __n[m[K)
[5.534s]       |                  [01;36m[K~~~~~~~~~~~~~~^~~[m[K
[5.534s] [01m[K/usr/include/c++/11/ostream:174:7:[m[K [01;36m[Knote: [m[Kcandidate: â€˜[01m[Kstd::basic_ostream<_CharT, _Traits>::__ostream_type& std::basic_ostream<_CharT, _Traits>::operator<<(bool) [with _CharT = char; _Traits = std::char_traits<char>; std::basic_ostream<_CharT, _Traits>::__ostream_type = std::basic_ostream<char>][m[Kâ€™
[5.534s]   174 |       [01;36m[Koperator[m[K<<(bool __n)
[5.534s]       |       [01;36m[K^~~~~~~~[m[K
[5.534s] [01m[K/usr/include/c++/11/ostream:174:23:[m[K [01;36m[Knote: [m[K  no known conversion for argument 1 from â€˜[01m[Kconst shapes::Box[m[Kâ€™ to â€˜[01m[Kbool[m[Kâ€™
[5.534s]   174 |       operator<<([01;36m[Kbool __n[m[K)
[5.534s]       |                  [01;36m[K~~~~~^~~[m[K
[5.534s] In file included from [01m[K/usr/include/c++/11/ostream:829[m[K,
[5.534s]                  from [01m[K/usr/include/c++/11/istream:39[m[K,
[5.534s]                  from [01m[K/usr/include/c++/11/sstream:38[m[K,
[5.534s]                  from [01m[K/opt/ros/humble/include/pluginlib/pluginlib/class_loader_imp.hpp:44[m[K,
[5.534s]                  from [01m[K/opt/ros/humble/include/pluginlib/pluginlib/class_loader.hpp:334[m[K,
[5.534s]                  from [01m[K/home/ubuntu/ros2_ws/src/isaac_sim_demo/src/joint_space.cpp:1[m[K:
[5.534s] [01m[K/usr/include/c++/11/bits/ostream.tcc:91:5:[m[K [01;36m[Knote: [m[Kcandidate: â€˜[01m[Kstd::basic_ostream<_Ch, _Tr>& std::basic_ostream<_CharT, _Traits>::operator<<(short int) [with _CharT = char; _Traits = std::char_traits<char>][m[Kâ€™
[5.534s]    91 |     [01;36m[Kbasic_ostream<_CharT, _Traits>[m[K::
[5.534s]       |     [01;36m[K^~~~~~~~~~~~~~~~~~~~~~~~~~~~~~[m[K
[5.534s] [01m[K/usr/include/c++/11/bits/ostream.tcc:92:22:[m[K [01;36m[Knote: [m[K  no known conversion for argument 1 from â€˜[01m[Kconst shapes::Box[m[Kâ€™ to â€˜[01m[Kshort int[m[Kâ€™
[5.535s]    92 |     operator<<([01;36m[Kshort __n[m[K)
[5.535s]       |                [01;36m[K~~~~~~^~~[m[K
[5.535s] In file included from [01m[K/usr/include/c++/11/istream:39[m[K,
[5.535s]                  from [01m[K/usr/include/c++/11/sstream:38[m[K,
[5.535s]                  from [01m[K/opt/ros/humble/include/pluginlib/pluginlib/class_loader_imp.hpp:44[m[K,
[5.535s]                  from [01m[K/opt/ros/humble/include/pluginlib/pluginlib/class_loader.hpp:334[m[K,
[5.535s]                  from [01m[K/home/ubuntu/ros2_ws/src/isaac_sim_demo/src/joint_space.cpp:1[m[K:
[5.535s] [01m[K/usr/include/c++/11/ostream:181:7:[m[K [01;36m[Knote: [m[Kcandidate: â€˜[01m[Kstd::basic_ostream<_CharT, _Traits>::__ostream_type& std::basic_ostream<_CharT, _Traits>::operator<<(short unsigned int) [with _CharT = char; _Traits = std::char_traits<char>; std::basic_ostream<_CharT, _Traits>::__ostream_type = std::basic_ostream<char>][m[Kâ€™
[5.535s]   181 |       [01;36m[Koperator[m[K<<(unsigned short __n)
[5.535s]       |       [01;36m[K^~~~~~~~[m[K
[5.535s] [01m[K/usr/include/c++/11/ostream:181:33:[m[K [01;36m[Knote: [m[K  no known conversion for argument 1 from â€˜[01m[Kconst shapes::Box[m[Kâ€™ to â€˜[01m[Kshort unsigned int[m[Kâ€™
[5.535s]   181 |       operator<<([01;36m[Kunsigned short __n[m[K)
[5.535s]       |                  [01;36m[K~~~~~~~~~~~~~~~^~~[m[K
[5.535s] In file included from [01m[K/usr/include/c++/11/ostream:829[m[K,
[5.535s]                  from [01m[K/usr/include/c++/11/istream:39[m[K,
[5.535s]                  from [01m[K/usr/include/c++/11/sstream:38[m[K,
[5.535s]                  from [01m[K/opt/ros/humble/include/pluginlib/pluginlib/class_loader_imp.hpp:44[m[K,
[5.535s]                  from [01m[K/opt/ros/humble/include/pluginlib/pluginlib/class_loader.hpp:334[m[K,
[5.535s]                  from [01m[K/home/ubuntu/ros2_ws/src/isaac_sim_demo/src/joint_space.cpp:1[m[K:
[5.535s] [01m[K/usr/include/c++/11/bits/ostream.tcc:105:5:[m[K [01;36m[Knote: [m[Kcandidate: â€˜[01m[Kstd::basic_ostream<_Ch, _Tr>& std::basic_ostream<_CharT, _Traits>::operator<<(int) [with _CharT = char; _Traits = std::char_traits<char>][m[Kâ€™
[5.535s]   105 |     [01;36m[Kbasic_ostream<_CharT, _Traits>[m[K::
[5.535s]       |     [01;36m[K^~~~~~~~~~~~~~~~~~~~~~~~~~~~~~[m[K
[5.535s] [01m[K/usr/include/c++/11/bits/ostream.tcc:106:20:[m[K [01;36m[Knote: [m[K  no known conversion for argument 1 from â€˜[01m[Kconst shapes::Box[m[Kâ€™ to â€˜[01m[Kint[m[Kâ€™
[5.535s]   106 |     operator<<([01;36m[Kint __n[m[K)
[5.535s]       |                [01;36m[K~~~~^~~[m[K
[5.535s] In file included from [01m[K/usr/include/c++/11/istream:39[m[K,
[5.535s]                  from [01m[K/usr/include/c++/11/sstream:38[m[K,
[5.535s]                  from [01m[K/opt/ros/humble/include/pluginlib/pluginlib/class_loader_imp.hpp:44[m[K,
[5.535s]                  from [01m[K/opt/ros/humble/include/pluginlib/pluginlib/class_loader.hpp:334[m[K,
[5.535s]                  from [01m[K/home/ubuntu/ros2_ws/src/isaac_sim_demo/src/joint_space.cpp:1[m[K:
[5.535s] [01m[K/usr/include/c++/11/ostream:192:7:[m[K [01;36m[Knote: [m[Kcandidate: â€˜[01m[Kstd::basic_ostream<_CharT, _Traits>::__ostream_type& std::basic_ostream<_CharT, _Traits>::operator<<(unsigned int) [with _CharT = char; _Traits = std::char_traits<char>; std::basic_ostream<_CharT, _Traits>::__ostream_type = std::basic_ostream<char>][m[Kâ€™
[5.535s]   192 |       [01;36m[Koperator[m[K<<(unsigned int __n)
[5.535s]       |       [01;36m[K^~~~~~~~[m[K
[5.536s] [01m[K/usr/include/c++/11/ostream:192:31:[m[K [01;36m[Knote: [m[K  no known conversion for argument 1 from â€˜[01m[Kconst shapes::Box[m[Kâ€™ to â€˜[01m[Kunsigned int[m[Kâ€™
[5.536s]   192 |       operator<<([01;36m[Kunsigned int __n[m[K)
[5.536s]       |                  [01;36m[K~~~~~~~~~~~~~^~~[m[K
[5.536s] [01m[K/usr/include/c++/11/ostream:201:7:[m[K [01;36m[Knote: [m[Kcandidate: â€˜[01m[Kstd::basic_ostream<_CharT, _Traits>::__ostream_type& std::basic_ostream<_CharT, _Traits>::operator<<(long long int) [with _CharT = char; _Traits = std::char_traits<char>; std::basic_ostream<_CharT, _Traits>::__ostream_type = std::basic_ostream<char>][m[Kâ€™
[5.536s]   201 |       [01;36m[Koperator[m[K<<(long long __n)
[5.536s]       |       [01;36m[K^~~~~~~~[m[K
[5.536s] [01m[K/usr/include/c++/11/ostream:201:28:[m[K [01;36m[Knote: [m[K  no known conversion for argument 1 from â€˜[01m[Kconst shapes::Box[m[Kâ€™ to â€˜[01m[Klong long int[m[Kâ€™
[5.536s]   201 |       operator<<([01;36m[Klong long __n[m[K)
[5.536s]       |                  [01;36m[K~~~~~~~~~~^~~[m[K
[5.536s] [01m[K/usr/include/c++/11/ostream:205:7:[m[K [01;36m[Knote: [m[Kcandidate: â€˜[01m[Kstd::basic_ostream<_CharT, _Traits>::__ostream_type& std::basic_ostream<_CharT, _Traits>::operator<<(long long unsigned int) [with _CharT = char; _Traits = std::char_traits<char>; std::basic_ostream<_CharT, _Traits>::__ostream_type = std::basic_ostream<char>][m[Kâ€™
[5.536s]   205 |       [01;36m[Koperator[m[K<<(unsigned long long __n)
[5.536s]       |       [01;36m[K^~~~~~~~[m[K
[5.536s] [01m[K/usr/include/c++/11/ostream:205:37:[m[K [01;36m[Knote: [m[K  no known conversion for argument 1 from â€˜[01m[Kconst shapes::Box[m[Kâ€™ to â€˜[01m[Klong long unsigned int[m[Kâ€™
[5.536s]   205 |       operator<<([01;36m[Kunsigned long long __n[m[K)
[5.536s]       |                  [01;36m[K~~~~~~~~~~~~~~~~~~~^~~[m[K
[5.536s] [01m[K/usr/include/c++/11/ostream:220:7:[m[K [01;36m[Knote: [m[Kcandidate: â€˜[01m[Kstd::basic_ostream<_CharT, _Traits>::__ostream_type& std::basic_ostream<_CharT, _Traits>::operator<<(double) [with _CharT = char; _Traits = std::char_traits<char>; std::basic_ostream<_CharT, _Traits>::__ostream_type = std::basic_ostream<char>][m[Kâ€™
[5.536s]   220 |       [01;36m[Koperator[m[K<<(double __f)
[5.536s]       |       [01;36m[K^~~~~~~~[m[K
[5.536s] [01m[K/usr/include/c++/11/ostream:220:25:[m[K [01;36m[Knote: [m[K  no known conversion for argument 1 from â€˜[01m[Kconst shapes::Box[m[Kâ€™ to â€˜[01m[Kdouble[m[Kâ€™
[5.536s]   220 |       operator<<([01;36m[Kdouble __f[m[K)
[5.536s]       |                  [01;36m[K~~~~~~~^~~[m[K
[5.536s] [01m[K/usr/include/c++/11/ostream:224:7:[m[K [01;36m[Knote: [m[Kcandidate: â€˜[01m[Kstd::basic_ostream<_CharT, _Traits>::__ostream_type& std::basic_ostream<_CharT, _Traits>::operator<<(float) [with _CharT = char; _Traits = std::char_traits<char>; std::basic_ostream<_CharT, _Traits>::__ostream_type = std::basic_ostream<char>][m[Kâ€™
[5.536s]   224 |       [01;36m[Koperator[m[K<<(float __f)
[5.536s]       |       [01;36m[K^~~~~~~~[m[K
[5.536s] [01m[K/usr/include/c++/11/ostream:224:24:[m[K [01;36m[Knote: [m[K  no known conversion for argument 1 from â€˜[01m[Kconst shapes::Box[m[Kâ€™ to â€˜[01m[Kfloat[m[Kâ€™
[5.536s]   224 |       operator<<([01;36m[Kfloat __f[m[K)
[5.536s]       |                  [01;36m[K~~~~~~^~~[m[K
[5.536s] [01m[K/usr/include/c++/11/ostream:232:7:[m[K [01;36m[Knote: [m[Kcandidate: â€˜[01m[Kstd::basic_ostream<_CharT, _Traits>::__ostream_type& std::basic_ostream<_CharT, _Traits>::operator<<(long double) [with _CharT = char; _Traits = std::char_traits<char>; std::basic_ostream<_CharT, _Traits>::__ostream_type = std::basic_ostream<char>][m[Kâ€™
[5.536s]   232 |       [01;36m[Koperator[m[K<<(long double __f)
[5.536s]       |       [01;36m[K^~~~~~~~[m[K
[5.536s] [01m[K/usr/include/c++/11/ostream:232:30:[m[K [01;36m[Knote: [m[K  no known conversion for argument 1 from â€˜[01m[Kconst shapes::Box[m[Kâ€™ to â€˜[01m[Klong double[m[Kâ€™
[5.536s]   232 |       operator<<([01;36m[Klong double __f[m[K)
[5.536s]       |                  [01;36m[K~~~~~~~~~~~~^~~[m[K
[5.536s] [01m[K/usr/include/c++/11/ostream:245:7:[m[K [01;36m[Knote: [m[Kcandidate: â€˜[01m[Kstd::basic_ostream<_CharT, _Traits>::__ostream_type& std::basic_ostream<_CharT, _Traits>::operator<<(const void*) [with _CharT = char; _Traits = std::char_traits<char>; std::basic_ostream<_CharT, _Traits>::__ostream_type = std::basic_ostream<char>][m[Kâ€™
[5.537s]   245 |       [01;36m[Koperator[m[K<<(const void* __p)
[5.537s]       |       [01;36m[K^~~~~~~~[m[K
[5.537s] [01m[K/usr/include/c++/11/ostream:245:30:[m[K [01;36m[Knote: [m[K  no known conversion for argument 1 from â€˜[01m[Kconst shapes::Box[m[Kâ€™ to â€˜[01m[Kconst void*[m[Kâ€™
[5.537s]   245 |       operator<<([01;36m[Kconst void* __p[m[K)
[5.537s]       |                  [01;36m[K~~~~~~~~~~~~^~~[m[K
[5.537s] [01m[K/usr/include/c++/11/ostream:250:7:[m[K [01;36m[Knote: [m[Kcandidate: â€˜[01m[Kstd::basic_ostream<_CharT, _Traits>::__ostream_type& std::basic_ostream<_CharT, _Traits>::operator<<(std::nullptr_t) [with _CharT = char; _Traits = std::char_traits<char>; std::basic_ostream<_CharT, _Traits>::__ostream_type = std::basic_ostream<char>; std::nullptr_t = std::nullptr_t][m[Kâ€™
[5.537s]   250 |       [01;36m[Koperator[m[K<<(nullptr_t)
[5.537s]       |       [01;36m[K^~~~~~~~[m[K
[5.537s] [01m[K/usr/include/c++/11/ostream:250:18:[m[K [01;36m[Knote: [m[K  no known conversion for argument 1 from â€˜[01m[Kconst shapes::Box[m[Kâ€™ to â€˜[01m[Kstd::nullptr_t[m[Kâ€™
[5.537s]   250 |       operator<<([01;36m[Knullptr_t[m[K)
[5.537s]       |                  [01;36m[K^~~~~~~~~[m[K
[5.537s] In file included from [01m[K/usr/include/c++/11/ostream:829[m[K,
[5.537s]                  from [01m[K/usr/include/c++/11/istream:39[m[K,
[5.537s]                  from [01m[K/usr/include/c++/11/sstream:38[m[K,
[5.537s]                  from [01m[K/opt/ros/humble/include/pluginlib/pluginlib/class_loader_imp.hpp:44[m[K,
[5.537s]                  from [01m[K/opt/ros/humble/include/pluginlib/pluginlib/class_loader.hpp:334[m[K,
[5.537s]                  from [01m[K/home/ubuntu/ros2_ws/src/isaac_sim_demo/src/joint_space.cpp:1[m[K:
[5.537s] [01m[K/usr/include/c++/11/bits/ostream.tcc:119:5:[m[K [01;36m[Knote: [m[Kcandidate: â€˜[01m[Kstd::basic_ostream<_Ch, _Tr>& std::basic_ostream<_CharT, _Traits>::operator<<(std::basic_ostream<_CharT, _Traits>::__streambuf_type*) [with _CharT = char; _Traits = std::char_traits<char>; std::basic_ostream<_CharT, _Traits>::__streambuf_type = std::basic_streambuf<char>][m[Kâ€™
[5.537s]   119 |     [01;36m[Kbasic_ostream<_CharT, _Traits>[m[K::
[5.537s]       |     [01;36m[K^~~~~~~~~~~~~~~~~~~~~~~~~~~~~~[m[K
[5.537s] [01m[K/usr/include/c++/11/bits/ostream.tcc:120:34:[m[K [01;36m[Knote: [m[K  no known conversion for argument 1 from â€˜[01m[Kconst shapes::Box[m[Kâ€™ to â€˜[01m[Kstd::basic_ostream<char>::__streambuf_type*[m[Kâ€™ {aka â€˜[01m[Kstd::basic_streambuf<char>*[m[Kâ€™}
[5.537s]   120 |     operator<<([01;36m[K__streambuf_type* __sbin[m[K)
[5.537s]       |                [01;36m[K~~~~~~~~~~~~~~~~~~^~~~~~[m[K
[5.537s] In file included from [01m[K/usr/include/c++/11/regex:63[m[K,
[5.537s]                  from [01m[K/opt/ros/humble/include/pluginlib/pluginlib/impl/split.hpp:33[m[K,
[5.537s]                  from [01m[K/opt/ros/humble/include/pluginlib/pluginlib/class_loader_imp.hpp:60[m[K,
[5.537s]                  from [01m[K/opt/ros/humble/include/pluginlib/pluginlib/class_loader.hpp:334[m[K,
[5.537s]                  from [01m[K/home/ubuntu/ros2_ws/src/isaac_sim_demo/src/joint_space.cpp:1[m[K:
[5.537s] [01m[K/usr/include/c++/11/bits/regex.h:1671:5:[m[K [01;36m[Knote: [m[Kcandidate: â€˜[01m[Ktemplate<class _Ch_type, class _Ch_traits, class _Bi_iter> std::basic_ostream<_Ch, _Tr>& std::__cxx11::operator<<(std::basic_ostream<_Ch, _Tr>&, const std::__cxx11::sub_match<_Bi_iter>&)[m[Kâ€™
[5.537s]  1671 |     [01;36m[Koperator[m[K<<(basic_ostream<_Ch_type, _Ch_traits>& __os,
[5.537s]       |     [01;36m[K^~~~~~~~[m[K
[5.537s] [01m[K/usr/include/c++/11/bits/regex.h:1671:5:[m[K [01;36m[Knote: [m[K  template argument deduction/substitution failed:
[5.537s] [01m[K/home/ubuntu/ros2_ws/src/isaac_sim_demo/src/joint_space.cpp:120:21:[m[K [01;36m[Knote: [m[K  â€˜[01m[Kconst shapes::Box[m[Kâ€™ is not derived from â€˜[01m[Kconst std::__cxx11::sub_match<_Bi_iter>[m[Kâ€™
[5.538s]   120 |       std::cout << *[01;36m[Kbox[m[K << std::endl;
[5.538s]       |                     [01;36m[K^~~[m[K
[5.538s] In file included from [01m[K/usr/include/c++/11/memory:77[m[K,
[5.538s]                  from [01m[K/opt/ros/humble/include/pluginlib/pluginlib/class_loader.hpp:34[m[K,
[5.538s]                  from [01m[K/home/ubuntu/ros2_ws/src/isaac_sim_demo/src/joint_space.cpp:1[m[K:
[5.538s] [01m[K/usr/include/c++/11/bits/shared_ptr.h:70:5:[m[K [01;36m[Knote: [m[Kcandidate: â€˜[01m[Ktemplate<class _Ch, class _Tr, class _Tp, __gnu_cxx::_Lock_policy _Lp> std::basic_ostream<_Ch, _Tr>& std::operator<<(std::basic_ostream<_Ch, _Tr>&, const std::__shared_ptr<_Tp, _Lp>&)[m[Kâ€™
[5.538s]    70 |     [01;36m[Koperator[m[K<<(std::basic_ostream<_Ch, _Tr>& __os,
[5.538s]       |     [01;36m[K^~~~~~~~[m[K
[5.538s] [01m[K/usr/include/c++/11/bits/shared_ptr.h:70:5:[m[K [01;36m[Knote: [m[K  template argument deduction/substitution failed:
[5.538s] [01m[K/home/ubuntu/ros2_ws/src/isaac_sim_demo/src/joint_space.cpp:120:21:[m[K [01;36m[Knote: [m[K  â€˜[01m[Kconst shapes::Box[m[Kâ€™ is not derived from â€˜[01m[Kconst std::__shared_ptr<_Tp, _Lp>[m[Kâ€™
[5.538s]   120 |       std::cout << *[01;36m[Kbox[m[K << std::endl;
[5.538s]       |                     [01;36m[K^~~[m[K
[5.538s] In file included from [01m[K/usr/include/c++/11/bits/basic_string.h:48[m[K,
[5.538s]                  from [01m[K/usr/include/c++/11/string:55[m[K,
[5.538s]                  from [01m[K/opt/ros/humble/include/pluginlib/pluginlib/class_loader.hpp:35[m[K,
[5.538s]                  from [01m[K/home/ubuntu/ros2_ws/src/isaac_sim_demo/src/joint_space.cpp:1[m[K:
[5.538s] [01m[K/usr/include/c++/11/string_view:667:5:[m[K [01;36m[Knote: [m[Kcandidate: â€˜[01m[Ktemplate<class _CharT, class _Traits> std::basic_ostream<_Ch, _Tr>& std::operator<<(std::basic_ostream<_Ch, _Tr>&, std::basic_string_view<_CharT, _Traits>)[m[Kâ€™
[5.538s]   667 |     [01;36m[Koperator[m[K<<(basic_ostream<_CharT, _Traits>& __os,
[5.538s]       |     [01;36m[K^~~~~~~~[m[K
[5.538s] [01m[K/usr/include/c++/11/string_view:667:5:[m[K [01;36m[Knote: [m[K  template argument deduction/substitution failed:
[5.538s] [01m[K/home/ubuntu/ros2_ws/src/isaac_sim_demo/src/joint_space.cpp:120:21:[m[K [01;36m[Knote: [m[K  â€˜[01m[Kshapes::Box[m[Kâ€™ is not derived from â€˜[01m[Kstd::basic_string_view<_CharT, _Traits>[m[Kâ€™
[5.538s]   120 |       std::cout << *[01;36m[Kbox[m[K << std::endl;
[5.538s]       |                     [01;36m[K^~~[m[K
[5.538s] In file included from [01m[K/usr/include/c++/11/string:55[m[K,
[5.538s]                  from [01m[K/opt/ros/humble/include/pluginlib/pluginlib/class_loader.hpp:35[m[K,
[5.538s]                  from [01m[K/home/ubuntu/ros2_ws/src/isaac_sim_demo/src/joint_space.cpp:1[m[K:
[5.538s] [01m[K/usr/include/c++/11/bits/basic_string.h:6531:5:[m[K [01;36m[Knote: [m[Kcandidate: â€˜[01m[Ktemplate<class _CharT, class _Traits, class _Alloc> std::basic_ostream<_Ch, _Tr>& std::operator<<(std::basic_ostream<_Ch, _Tr>&, const std::__cxx11::basic_string<_CharT, _Traits, _Allocator>&)[m[Kâ€™
[5.538s]  6531 |     [01;36m[Koperator[m[K<<(basic_ostream<_CharT, _Traits>& __os,
[5.538s]       |     [01;36m[K^~~~~~~~[m[K
[5.538s] [01m[K/usr/include/c++/11/bits/basic_string.h:6531:5:[m[K [01;36m[Knote: [m[K  template argument deduction/substitution failed:
[5.538s] [01m[K/home/ubuntu/ros2_ws/src/isaac_sim_demo/src/joint_space.cpp:120:21:[m[K [01;36m[Knote: [m[K  â€˜[01m[Kconst shapes::Box[m[Kâ€™ is not derived from â€˜[01m[Kconst std::__cxx11::basic_string<_CharT, _Traits, _Allocator>[m[Kâ€™
[5.538s]   120 |       std::cout << *[01;36m[Kbox[m[K << std::endl;
[5.539s]       |                     [01;36m[K^~~[m[K
[5.539s] In file included from [01m[K/opt/ros/humble/include/class_loader/class_loader/multi_library_class_loader.hpp:35[m[K,
[5.539s]                  from [01m[K/opt/ros/humble/include/pluginlib/pluginlib/class_loader.hpp:38[m[K,
[5.539s]                  from [01m[K/home/ubuntu/ros2_ws/src/isaac_sim_demo/src/joint_space.cpp:1[m[K:
[5.539s] [01m[K/usr/include/c++/11/cstddef:126:5:[m[K [01;36m[Knote: [m[Kcandidate: â€˜[01m[Ktemplate<class _IntegerType> constexpr std::__byte_op_t<_IntegerType> std::operator<<(std::byte, _IntegerType)[m[Kâ€™
[5.539s]   126 |     [01;36m[Koperator[m[K<<(byte __b, _IntegerType __shift) noexcept
[5.539s]       |     [01;36m[K^~~~~~~~[m[K
[5.539s] [01m[K/usr/include/c++/11/cstddef:126:5:[m[K [01;36m[Knote: [m[K  template argument deduction/substitution failed:
[5.539s] [01m[K/home/ubuntu/ros2_ws/src/isaac_sim_demo/src/joint_space.cpp:120:12:[m[K [01;36m[Knote: [m[K  cannot convert â€˜[01m[Kstd::cout[m[Kâ€™ (type â€˜[01m[Kstd::ostream[m[Kâ€™ {aka â€˜[01m[Kstd::basic_ostream<char>[m[Kâ€™}) to type â€˜[01m[Kstd::byte[m[Kâ€™
[5.539s]   120 |       [01;36m[Kstd::cout[m[K << *box << std::endl;
[5.539s]       |       [01;36m[K~~~~~^~~~[m[K
[5.539s] In file included from [01m[K/usr/include/c++/11/mutex:42[m[K,
[5.539s]                  from [01m[K/opt/ros/humble/include/class_loader/class_loader/class_loader.hpp:40[m[K,
[5.539s]                  from [01m[K/opt/ros/humble/include/class_loader/class_loader/multi_library_class_loader.hpp:52[m[K,
[5.539s]                  from [01m[K/opt/ros/humble/include/pluginlib/pluginlib/class_loader.hpp:38[m[K,
[5.539s]                  from [01m[K/home/ubuntu/ros2_ws/src/isaac_sim_demo/src/joint_space.cpp:1[m[K:
[5.539s] [01m[K/usr/include/c++/11/system_error:279:5:[m[K [01;36m[Knote: [m[Kcandidate: â€˜[01m[Ktemplate<class _CharT, class _Traits> std::basic_ostream<_Ch, _Tr>& std::operator<<(std::basic_ostream<_Ch, _Tr>&, const std::error_code&)[m[Kâ€™
[5.539s]   279 |     [01;36m[Koperator[m[K<<(basic_ostream<_CharT, _Traits>& __os, const error_code& __e)
[5.539s]       |     [01;36m[K^~~~~~~~[m[K
[5.539s] [01m[K/usr/include/c++/11/system_error:279:5:[m[K [01;36m[Knote: [m[K  template argument deduction/substitution failed:
[5.539s] [01m[K/home/ubuntu/ros2_ws/src/isaac_sim_demo/src/joint_space.cpp:120:20:[m[K [01;36m[Knote: [m[K  cannot convert â€˜[01m[K* box[m[Kâ€™ (type â€˜[01m[Kconst shapes::Box[m[Kâ€™) to type â€˜[01m[Kconst std::error_code&[m[Kâ€™
[5.539s]   120 |       std::cout << [01;36m[K*box[m[K << std::endl;
[5.539s]       |                    [01;36m[K^~~~[m[K
[5.539s] In file included from [01m[K/usr/include/c++/11/istream:39[m[K,
[5.539s]                  from [01m[K/usr/include/c++/11/sstream:38[m[K,
[5.539s]                  from [01m[K/opt/ros/humble/include/pluginlib/pluginlib/class_loader_imp.hpp:44[m[K,
[5.539s]                  from [01m[K/opt/ros/humble/include/pluginlib/pluginlib/class_loader.hpp:334[m[K,
[5.539s]                  from [01m[K/home/ubuntu/ros2_ws/src/isaac_sim_demo/src/joint_space.cpp:1[m[K:
[5.539s] [01m[K/usr/include/c++/11/ostream:513:5:[m[K [01;36m[Knote: [m[Kcandidate: â€˜[01m[Ktemplate<class _CharT, class _Traits> std::basic_ostream<_Ch, _Tr>& std::operator<<(std::basic_ostream<_Ch, _Tr>&, _CharT)[m[Kâ€™
[5.539s]   513 |     [01;36m[Koperator[m[K<<(basic_ostream<_CharT, _Traits>& __out, _CharT __c)
[5.539s]       |     [01;36m[K^~~~~~~~[m[K
[5.539s] [01m[K/usr/include/c++/11/ostream:513:5:[m[K [01;36m[Knote: [m[K  template argument deduction/substitution failed:
[5.539s] [01m[K/home/ubuntu/ros2_ws/src/isaac_sim_demo/src/joint_space.cpp:120:21:[m[K [01;36m[Knote: [m[K  deduced conflicting types for parameter â€˜[01m[K_CharT[m[Kâ€™ (â€˜[01m[Kchar[m[Kâ€™ and â€˜[01m[Kshapes::Box[m[Kâ€™)
[5.540s]   120 |       std::cout << *[01;36m[Kbox[m[K << std::endl;
[5.540s]       |                     [01;36m[K^~~[m[K
[5.540s] In file included from [01m[K/usr/include/c++/11/istream:39[m[K,
[5.540s]                  from [01m[K/usr/include/c++/11/sstream:38[m[K,
[5.540s]                  from [01m[K/opt/ros/humble/include/pluginlib/pluginlib/class_loader_imp.hpp:44[m[K,
[5.540s]                  from [01m[K/opt/ros/humble/include/pluginlib/pluginlib/class_loader.hpp:334[m[K,
[5.540s]                  from [01m[K/home/ubuntu/ros2_ws/src/isaac_sim_demo/src/joint_space.cpp:1[m[K:
[5.540s] [01m[K/usr/include/c++/11/ostream:518:5:[m[K [01;36m[Knote: [m[Kcandidate: â€˜[01m[Ktemplate<class _CharT, class _Traits> std::basic_ostream<_Ch, _Tr>& std::operator<<(std::basic_ostream<_Ch, _Tr>&, char)[m[Kâ€™
[5.540s]   518 |     [01;36m[Koperator[m[K<<(basic_ostream<_CharT, _Traits>& __out, char __c)
[5.540s]       |     [01;36m[K^~~~~~~~[m[K
[5.540s] [01m[K/usr/include/c++/11/ostream:518:5:[m[K [01;36m[Knote: [m[K  template argument deduction/substitution failed:
[5.540s] [01m[K/home/ubuntu/ros2_ws/src/isaac_sim_demo/src/joint_space.cpp:120:20:[m[K [01;36m[Knote: [m[K  cannot convert â€˜[01m[K* box[m[Kâ€™ (type â€˜[01m[Kconst shapes::Box[m[Kâ€™) to type â€˜[01m[Kchar[m[Kâ€™
[5.540s]   120 |       std::cout << [01;36m[K*box[m[K << std::endl;
[5.540s]       |                    [01;36m[K^~~~[m[K
[5.540s] In file included from [01m[K/usr/include/c++/11/istream:39[m[K,
[5.540s]                  from [01m[K/usr/include/c++/11/sstream:38[m[K,
[5.540s]                  from [01m[K/opt/ros/humble/include/pluginlib/pluginlib/class_loader_imp.hpp:44[m[K,
[5.540s]                  from [01m[K/opt/ros/humble/include/pluginlib/pluginlib/class_loader.hpp:334[m[K,
[5.540s]                  from [01m[K/home/ubuntu/ros2_ws/src/isaac_sim_demo/src/joint_space.cpp:1[m[K:
[5.540s] [01m[K/usr/include/c++/11/ostream:524:5:[m[K [01;36m[Knote: [m[Kcandidate: â€˜[01m[Ktemplate<class _Traits> std::basic_ostream<char, _Traits>& std::operator<<(std::basic_ostream<char, _Traits>&, char)[m[Kâ€™
[5.540s]   524 |     [01;36m[Koperator[m[K<<(basic_ostream<char, _Traits>& __out, char __c)
[5.540s]       |     [01;36m[K^~~~~~~~[m[K
[5.540s] [01m[K/usr/include/c++/11/ostream:524:5:[m[K [01;36m[Knote: [m[K  template argument deduction/substitution failed:
[5.540s] [01m[K/home/ubuntu/ros2_ws/src/isaac_sim_demo/src/joint_space.cpp:120:20:[m[K [01;36m[Knote: [m[K  cannot convert â€˜[01m[K* box[m[Kâ€™ (type â€˜[01m[Kconst shapes::Box[m[Kâ€™) to type â€˜[01m[Kchar[m[Kâ€™
[5.540s]   120 |       std::cout << [01;36m[K*box[m[K << std::endl;
[5.540s]       |                    [01;36m[K^~~~[m[K
[5.540s] In file included from [01m[K/usr/include/c++/11/istream:39[m[K,
[5.540s]                  from [01m[K/usr/include/c++/11/sstream:38[m[K,
[5.540s]                  from [01m[K/opt/ros/humble/include/pluginlib/pluginlib/class_loader_imp.hpp:44[m[K,
[5.540s]                  from [01m[K/opt/ros/humble/include/pluginlib/pluginlib/class_loader.hpp:334[m[K,
[5.540s]                  from [01m[K/home/ubuntu/ros2_ws/src/isaac_sim_demo/src/joint_space.cpp:1[m[K:
[5.540s] [01m[K/usr/include/c++/11/ostream:530:5:[m[K [01;36m[Knote: [m[Kcandidate: â€˜[01m[Ktemplate<class _Traits> std::basic_ostream<char, _Traits>& std::operator<<(std::basic_ostream<char, _Traits>&, signed char)[m[Kâ€™
[5.541s]   530 |     [01;36m[Koperator[m[K<<(basic_ostream<char, _Traits>& __out, signed char __c)
[5.541s]       |     [01;36m[K^~~~~~~~[m[K
[5.541s] [01m[K/usr/include/c++/11/ostream:530:5:[m[K [01;36m[Knote: [m[K  template argument deduction/substitution failed:
[5.541s] [01m[K/home/ubuntu/ros2_ws/src/isaac_sim_demo/src/joint_space.cpp:120:20:[m[K [01;36m[Knote: [m[K  cannot convert â€˜[01m[K* box[m[Kâ€™ (type â€˜[01m[Kconst shapes::Box[m[Kâ€™) to type â€˜[01m[Ksigned char[m[Kâ€™
[5.541s]   120 |       std::cout << [01;36m[K*box[m[K << std::endl;
[5.541s]       |                    [01;36m[K^~~~[m[K
[5.541s] In file included from [01m[K/usr/include/c++/11/istream:39[m[K,
[5.541s]                  from [01m[K/usr/include/c++/11/sstream:38[m[K,
[5.541s]                  from [01m[K/opt/ros/humble/include/pluginlib/pluginlib/class_loader_imp.hpp:44[m[K,
[5.541s]                  from [01m[K/opt/ros/humble/include/pluginlib/pluginlib/class_loader.hpp:334[m[K,
[5.541s]                  from [01m[K/home/ubuntu/ros2_ws/src/isaac_sim_demo/src/joint_space.cpp:1[m[K:
[5.541s] [01m[K/usr/include/c++/11/ostream:535:5:[m[K [01;36m[Knote: [m[Kcandidate: â€˜[01m[Ktemplate<class _Traits> std::basic_ostream<char, _Traits>& std::operator<<(std::basic_ostream<char, _Traits>&, unsigned char)[m[Kâ€™
[5.541s]   535 |     [01;36m[Koperator[m[K<<(basic_ostream<char, _Traits>& __out, unsigned char __c)
[5.541s]       |     [01;36m[K^~~~~~~~[m[K
[5.541s] [01m[K/usr/include/c++/11/ostream:535:5:[m[K [01;36m[Knote: [m[K  template argument deduction/substitution failed:
[5.541s] [01m[K/home/ubuntu/ros2_ws/src/isaac_sim_demo/src/joint_space.cpp:120:20:[m[K [01;36m[Knote: [m[K  cannot convert â€˜[01m[K* box[m[Kâ€™ (type â€˜[01m[Kconst shapes::Box[m[Kâ€™) to type â€˜[01m[Kunsigned char[m[Kâ€™
[5.541s]   120 |       std::cout << [01;36m[K*box[m[K << std::endl;
[5.541s]       |                    [01;36m[K^~~~[m[K
[5.541s] In file included from [01m[K/usr/include/c++/11/istream:39[m[K,
[5.541s]                  from [01m[K/usr/include/c++/11/sstream:38[m[K,
[5.541s]                  from [01m[K/opt/ros/humble/include/pluginlib/pluginlib/class_loader_imp.hpp:44[m[K,
[5.541s]                  from [01m[K/opt/ros/humble/include/pluginlib/pluginlib/class_loader.hpp:334[m[K,
[5.541s]                  from [01m[K/home/ubuntu/ros2_ws/src/isaac_sim_demo/src/joint_space.cpp:1[m[K:
[5.541s] [01m[K/usr/include/c++/11/ostream:594:5:[m[K [01;36m[Knote: [m[Kcandidate: â€˜[01m[Ktemplate<class _CharT, class _Traits> std::basic_ostream<_Ch, _Tr>& std::operator<<(std::basic_ostream<_Ch, _Tr>&, const _CharT*)[m[Kâ€™
[5.541s]   594 |     [01;36m[Koperator[m[K<<(basic_ostream<_CharT, _Traits>& __out, const _CharT* __s)
[5.541s]       |     [01;36m[K^~~~~~~~[m[K
[5.541s] [01m[K/usr/include/c++/11/ostream:594:5:[m[K [01;36m[Knote: [m[K  template argument deduction/substitution failed:
[5.541s] [01m[K/home/ubuntu/ros2_ws/src/isaac_sim_demo/src/joint_space.cpp:120:21:[m[K [01;36m[Knote: [m[K  mismatched types â€˜[01m[Kconst _CharT*[m[Kâ€™ and â€˜[01m[Kshapes::Box[m[Kâ€™
[5.541s]   120 |       std::cout << *[01;36m[Kbox[m[K << std::endl;
[5.541s]       |                     [01;36m[K^~~[m[K
[5.541s] In file included from [01m[K/usr/include/c++/11/ostream:829[m[K,
[5.541s]                  from [01m[K/usr/include/c++/11/istream:39[m[K,
[5.542s]                  from [01m[K/usr/include/c++/11/sstream:38[m[K,
[5.542s]                  from [01m[K/opt/ros/humble/include/pluginlib/pluginlib/class_loader_imp.hpp:44[m[K,
[5.542s]                  from [01m[K/opt/ros/humble/include/pluginlib/pluginlib/class_loader.hpp:334[m[K,
[5.542s]                  from [01m[K/home/ubuntu/ros2_ws/src/isaac_sim_demo/src/joint_space.cpp:1[m[K:
[5.542s] [01m[K/usr/include/c++/11/bits/ostream.tcc:321:5:[m[K [01;36m[Knote: [m[Kcandidate: â€˜[01m[Ktemplate<class _CharT, class _Traits> std::basic_ostream<_Ch, _Tr>& std::operator<<(std::basic_ostream<_Ch, _Tr>&, const char*)[m[Kâ€™
[5.542s]   321 |     [01;36m[Koperator[m[K<<(basic_ostream<_CharT, _Traits>& __out, const char* __s)
[5.542s]       |     [01;36m[K^~~~~~~~[m[K
[5.542s] [01m[K/usr/include/c++/11/bits/ostream.tcc:321:5:[m[K [01;36m[Knote: [m[K  template argument deduction/substitution failed:
[5.542s] [01m[K/home/ubuntu/ros2_ws/src/isaac_sim_demo/src/joint_space.cpp:120:20:[m[K [01;36m[Knote: [m[K  cannot convert â€˜[01m[K* box[m[Kâ€™ (type â€˜[01m[Kconst shapes::Box[m[Kâ€™) to type â€˜[01m[Kconst char*[m[Kâ€™
[5.542s]   120 |       std::cout << [01;36m[K*box[m[K << std::endl;
[5.542s]       |                    [01;36m[K^~~~[m[K
[5.542s] In file included from [01m[K/usr/include/c++/11/istream:39[m[K,
[5.542s]                  from [01m[K/usr/include/c++/11/sstream:38[m[K,
[5.542s]                  from [01m[K/opt/ros/humble/include/pluginlib/pluginlib/class_loader_imp.hpp:44[m[K,
[5.542s]                  from [01m[K/opt/ros/humble/include/pluginlib/pluginlib/class_loader.hpp:334[m[K,
[5.542s]                  from [01m[K/home/ubuntu/ros2_ws/src/isaac_sim_demo/src/joint_space.cpp:1[m[K:
[5.542s] [01m[K/usr/include/c++/11/ostream:611:5:[m[K [01;36m[Knote: [m[Kcandidate: â€˜[01m[Ktemplate<class _Traits> std::basic_ostream<char, _Traits>& std::operator<<(std::basic_ostream<char, _Traits>&, const char*)[m[Kâ€™
[5.542s]   611 |     [01;36m[Koperator[m[K<<(basic_ostream<char, _Traits>& __out, const char* __s)
[5.542s]       |     [01;36m[K^~~~~~~~[m[K
[5.542s] [01m[K/usr/include/c++/11/ostream:611:5:[m[K [01;36m[Knote: [m[K  template argument deduction/substitution failed:
[5.542s] [01m[K/home/ubuntu/ros2_ws/src/isaac_sim_demo/src/joint_space.cpp:120:20:[m[K [01;36m[Knote: [m[K  cannot convert â€˜[01m[K* box[m[Kâ€™ (type â€˜[01m[Kconst shapes::Box[m[Kâ€™) to type â€˜[01m[Kconst char*[m[Kâ€™
[5.542s]   120 |       std::cout << [01;36m[K*box[m[K << std::endl;
[5.542s]       |                    [01;36m[K^~~~[m[K
[5.542s] In file included from [01m[K/usr/include/c++/11/istream:39[m[K,
[5.542s]                  from [01m[K/usr/include/c++/11/sstream:38[m[K,
[5.542s]                  from [01m[K/opt/ros/humble/include/pluginlib/pluginlib/class_loader_imp.hpp:44[m[K,
[5.542s]                  from [01m[K/opt/ros/humble/include/pluginlib/pluginlib/class_loader.hpp:334[m[K,
[5.542s]                  from [01m[K/home/ubuntu/ros2_ws/src/isaac_sim_demo/src/joint_space.cpp:1[m[K:
[5.542s] [01m[K/usr/include/c++/11/ostream:624:5:[m[K [01;36m[Knote: [m[Kcandidate: â€˜[01m[Ktemplate<class _Traits> std::basic_ostream<char, _Traits>& std::operator<<(std::basic_ostream<char, _Traits>&, const signed char*)[m[Kâ€™
[5.542s]   624 |     [01;36m[Koperator[m[K<<(basic_ostream<char, _Traits>& __out, const signed char* __s)
[5.542s]       |     [01;36m[K^~~~~~~~[m[K
[5.542s] [01m[K/usr/include/c++/11/ostream:624:5:[m[K [01;36m[Knote: [m[K  template argument deduction/substitution failed:
[5.542s] [01m[K/home/ubuntu/ros2_ws/src/isaac_sim_demo/src/joint_space.cpp:120:20:[m[K [01;36m[Knote: [m[K  cannot convert â€˜[01m[K* box[m[Kâ€™ (type â€˜[01m[Kconst shapes::Box[m[Kâ€™) to type â€˜[01m[Kconst signed char*[m[Kâ€™
[5.542s]   120 |       std::cout << [01;36m[K*box[m[K << std::endl;
[5.542s]       |                    [01;36m[K^~~~[m[K
[5.543s] In file included from [01m[K/usr/include/c++/11/istream:39[m[K,
[5.543s]                  from [01m[K/usr/include/c++/11/sstream:38[m[K,
[5.543s]                  from [01m[K/opt/ros/humble/include/pluginlib/pluginlib/class_loader_imp.hpp:44[m[K,
[5.543s]                  from [01m[K/opt/ros/humble/include/pluginlib/pluginlib/class_loader.hpp:334[m[K,
[5.543s]                  from [01m[K/home/ubuntu/ros2_ws/src/isaac_sim_demo/src/joint_space.cpp:1[m[K:
[5.543s] [01m[K/usr/include/c++/11/ostream:629:5:[m[K [01;36m[Knote: [m[Kcandidate: â€˜[01m[Ktemplate<class _Traits> std::basic_ostream<char, _Traits>& std::operator<<(std::basic_ostream<char, _Traits>&, const unsigned char*)[m[Kâ€™
[5.543s]   629 |     [01;36m[Koperator[m[K<<(basic_ostream<char, _Traits>& __out, const unsigned char* __s)
[5.543s]       |     [01;36m[K^~~~~~~~[m[K
[5.543s] [01m[K/usr/include/c++/11/ostream:629:5:[m[K [01;36m[Knote: [m[K  template argument deduction/substitution failed:
[5.543s] [01m[K/home/ubuntu/ros2_ws/src/isaac_sim_demo/src/joint_space.cpp:120:20:[m[K [01;36m[Knote: [m[K  cannot convert â€˜[01m[K* box[m[Kâ€™ (type â€˜[01m[Kconst shapes::Box[m[Kâ€™) to type â€˜[01m[Kconst unsigned char*[m[Kâ€™
[5.543s]   120 |       std::cout << [01;36m[K*box[m[K << std::endl;
[5.543s]       |                    [01;36m[K^~~~[m[K
[5.543s] In file included from [01m[K/usr/include/c++/11/istream:39[m[K,
[5.543s]                  from [01m[K/usr/include/c++/11/sstream:38[m[K,
[5.543s]                  from [01m[K/opt/ros/humble/include/pluginlib/pluginlib/class_loader_imp.hpp:44[m[K,
[5.543s]                  from [01m[K/opt/ros/humble/include/pluginlib/pluginlib/class_loader.hpp:334[m[K,
[5.543s]                  from [01m[K/home/ubuntu/ros2_ws/src/isaac_sim_demo/src/joint_space.cpp:1[m[K:
[5.543s] [01m[K/usr/include/c++/11/ostream:750:5:[m[K [01;36m[Knote: [m[Kcandidate: â€˜[01m[Ktemplate<class _Ostream, class _Tp> _Ostream&& std::operator<<(_Ostream&&, const _Tp&)[m[Kâ€™
[5.543s]   750 |     [01;36m[Koperator[m[K<<(_Ostream&& __os, const _Tp& __x)
[5.543s]       |     [01;36m[K^~~~~~~~[m[K
[5.543s] [01m[K/usr/include/c++/11/ostream:750:5:[m[K [01;36m[Knote: [m[K  template argument deduction/substitution failed:
[5.543s] /usr/include/c++/11/ostream: In substitution of â€˜[01m[Ktemplate<class _Ostream, class _Tp> _Ostream&& std::operator<<(_Ostream&&, const _Tp&) [with _Ostream = std::basic_ostream<char>&; _Tp = shapes::Box][m[Kâ€™:
[5.543s] [01m[K/home/ubuntu/ros2_ws/src/isaac_sim_demo/src/joint_space.cpp:120:21:[m[K   required from here
[5.543s] [01m[K/usr/include/c++/11/ostream:750:5:[m[K [01;31m[Kerror: [m[Kno type named â€˜[01m[Ktype[m[Kâ€™ in â€˜[01m[Kstruct std::enable_if<false, void>[m[Kâ€™
[5.543s] In file included from [01m[K/usr/include/c++/11/regex:39[m[K,
[5.543s]                  from [01m[K/opt/ros/humble/include/pluginlib/pluginlib/impl/split.hpp:33[m[K,
[5.543s]                  from [01m[K/opt/ros/humble/include/pluginlib/pluginlib/class_loader_imp.hpp:60[m[K,
[5.543s]                  from [01m[K/opt/ros/humble/include/pluginlib/pluginlib/class_loader.hpp:334[m[K,
[5.543s]                  from [01m[K/home/ubuntu/ros2_ws/src/isaac_sim_demo/src/joint_space.cpp:1[m[K:
[5.543s] [01m[K/usr/include/c++/11/bitset:1540:5:[m[K [01;36m[Knote: [m[Kcandidate: â€˜[01m[Ktemplate<class _CharT, class _Traits, long unsigned int _Nb> std::basic_ostream<_Ch, _Tr>& std::operator<<(std::basic_ostream<_Ch, _Tr>&, const std::bitset<_Nb>&)[m[Kâ€™
[5.543s]  1540 |     [01;36m[Koperator[m[K<<(std::basic_ostream<_CharT, _Traits>& __os,
[5.543s]       |     [01;36m[K^~~~~~~~[m[K
[5.543s] [01m[K/usr/include/c++/11/bitset:1540:5:[m[K [01;36m[Knote: [m[K  template argument deduction/substitution failed:
[5.544s] [01m[K/home/ubuntu/ros2_ws/src/isaac_sim_demo/src/joint_space.cpp:120:21:[m[K [01;36m[Knote: [m[K  â€˜[01m[Kconst shapes::Box[m[Kâ€™ is not derived from â€˜[01m[Kconst std::bitset<_Nb>[m[Kâ€™
[5.544s]   120 |       std::cout << *[01;36m[Kbox[m[K << std::endl;
[5.544s]       |                     [01;36m[K^~~[m[K
[5.544s] In file included from [01m[K/opt/ros/humble/include/rosidl_runtime_cpp/rosidl_runtime_cpp/traits.hpp:19[m[K,
[5.544s]                  from [01m[K/opt/ros/humble/include/moveit_msgs/moveit_msgs/msg/detail/joint_limits__traits.hpp:15[m[K,
[5.544s]                  from [01m[K/opt/ros/humble/include/moveit_msgs/moveit_msgs/msg/joint_limits.hpp:9[m[K,
[5.544s]                  from [01m[K/home/ubuntu/ros2_ws/install/moveit_core/include/moveit/robot_model/joint_model.h:44[m[K,
[5.544s]                  from [01m[K/home/ubuntu/ros2_ws/install/moveit_core/include/moveit/robot_model/joint_model_group.h:40[m[K,
[5.544s]                  from [01m[K/home/ubuntu/ros2_ws/install/moveit_core/include/moveit/robot_model/robot_model.h:45[m[K,
[5.544s]                  from [01m[K/home/ubuntu/ros2_ws/install/moveit_ros_planning/include/moveit/trajectory_execution_manager/trajectory_execution_manager.h:40[m[K,
[5.544s]                  from [01m[K/home/ubuntu/ros2_ws/src/isaac_sim_demo/src/joint_space.cpp:5[m[K:
[5.544s] [01m[K/usr/include/c++/11/iomanip:79:5:[m[K [01;36m[Knote: [m[Kcandidate: â€˜[01m[Ktemplate<class _CharT, class _Traits> std::basic_ostream<_Ch, _Tr>& std::operator<<(std::basic_ostream<_Ch, _Tr>&, std::_Resetiosflags)[m[Kâ€™
[5.544s]    79 |     [01;36m[Koperator[m[K<<(basic_ostream<_CharT, _Traits>& __os, _Resetiosflags __f)
[5.544s]       |     [01;36m[K^~~~~~~~[m[K
[5.544s] [01m[K/usr/include/c++/11/iomanip:79:5:[m[K [01;36m[Knote: [m[K  template argument deduction/substitution failed:
[5.544s] [01m[K/home/ubuntu/ros2_ws/src/isaac_sim_demo/src/joint_space.cpp:120:20:[m[K [01;36m[Knote: [m[K  cannot convert â€˜[01m[K* box[m[Kâ€™ (type â€˜[01m[Kconst shapes::Box[m[Kâ€™) to type â€˜[01m[Kstd::_Resetiosflags[m[Kâ€™
[5.544s]   120 |       std::cout << [01;36m[K*box[m[K << std::endl;
[5.544s]       |                    [01;36m[K^~~~[m[K
[5.544s] In file included from [01m[K/opt/ros/humble/include/rosidl_runtime_cpp/rosidl_runtime_cpp/traits.hpp:19[m[K,
[5.544s]                  from [01m[K/opt/ros/humble/include/moveit_msgs/moveit_msgs/msg/detail/joint_limits__traits.hpp:15[m[K,
[5.544s]                  from [01m[K/opt/ros/humble/include/moveit_msgs/moveit_msgs/msg/joint_limits.hpp:9[m[K,
[5.544s]                  from [01m[K/home/ubuntu/ros2_ws/install/moveit_core/include/moveit/robot_model/joint_model.h:44[m[K,
[5.544s]                  from [01m[K/home/ubuntu/ros2_ws/install/moveit_core/include/moveit/robot_model/joint_model_group.h:40[m[K,
[5.544s]                  from [01m[K/home/ubuntu/ros2_ws/install/moveit_core/include/moveit/robot_model/robot_model.h:45[m[K,
[5.544s]                  from [01m[K/home/ubuntu/ros2_ws/install/moveit_ros_planning/include/moveit/trajectory_execution_manager/trajectory_execution_manager.h:40[m[K,
[5.544s]                  from [01m[K/home/ubuntu/ros2_ws/src/isaac_sim_demo/src/joint_space.cpp:5[m[K:
[5.544s] [01m[K/usr/include/c++/11/iomanip:109:5:[m[K [01;36m[Knote: [m[Kcandidate: â€˜[01m[Ktemplate<class _CharT, class _Traits> std::basic_ostream<_Ch, _Tr>& std::operator<<(std::basic_ostream<_Ch, _Tr>&, std::_Setiosflags)[m[Kâ€™
[5.544s]   109 |     [01;36m[Koperator[m[K<<(basic_ostream<_CharT, _Traits>& __os, _Setiosflags __f)
[5.544s]       |     [01;36m[K^~~~~~~~[m[K
[5.544s] [01m[K/usr/include/c++/11/iomanip:109:5:[m[K [01;36m[Knote: [m[K  template argument deduction/substitution failed:
[5.544s] [01m[K/home/ubuntu/ros2_ws/src/isaac_sim_demo/src/joint_space.cpp:120:20:[m[K [01;36m[Knote: [m[K  cannot convert â€˜[01m[K* box[m[Kâ€™ (type â€˜[01m[Kconst shapes::Box[m[Kâ€™) to type â€˜[01m[Kstd::_Setiosflags[m[Kâ€™
[5.544s]   120 |       std::cout << [01;36m[K*box[m[K << std::endl;
[5.544s]       |                    [01;36m[K^~~~[m[K
[5.544s] In file included from [01m[K/opt/ros/humble/include/rosidl_runtime_cpp/rosidl_runtime_cpp/traits.hpp:19[m[K,
[5.544s]                  from [01m[K/opt/ros/humble/include/moveit_msgs/moveit_msgs/msg/detail/joint_limits__traits.hpp:15[m[K,
[5.544s]                  from [01m[K/opt/ros/humble/include/moveit_msgs/moveit_msgs/msg/joint_limits.hpp:9[m[K,
[5.545s]                  from [01m[K/home/ubuntu/ros2_ws/install/moveit_core/include/moveit/robot_model/joint_model.h:44[m[K,
[5.545s]                  from [01m[K/home/ubuntu/ros2_ws/install/moveit_core/include/moveit/robot_model/joint_model_group.h:40[m[K,
[5.545s]                  from [01m[K/home/ubuntu/ros2_ws/install/moveit_core/include/moveit/robot_model/robot_model.h:45[m[K,
[5.545s]                  from [01m[K/home/ubuntu/ros2_ws/install/moveit_ros_planning/include/moveit/trajectory_execution_manager/trajectory_execution_manager.h:40[m[K,
[5.545s]                  from [01m[K/home/ubuntu/ros2_ws/src/isaac_sim_demo/src/joint_space.cpp:5[m[K:
[5.545s] [01m[K/usr/include/c++/11/iomanip:143:5:[m[K [01;36m[Knote: [m[Kcandidate: â€˜[01m[Ktemplate<class _CharT, class _Traits> std::basic_ostream<_Ch, _Tr>& std::operator<<(std::basic_ostream<_Ch, _Tr>&, std::_Setbase)[m[Kâ€™
[5.545s]   143 |     [01;36m[Koperator[m[K<<(basic_ostream<_CharT, _Traits>& __os, _Setbase __f)
[5.545s]       |     [01;36m[K^~~~~~~~[m[K
[5.545s] [01m[K/usr/include/c++/11/iomanip:143:5:[m[K [01;36m[Knote: [m[K  template argument deduction/substitution failed:
[5.545s] [01m[K/home/ubuntu/ros2_ws/src/isaac_sim_demo/src/joint_space.cpp:120:20:[m[K [01;36m[Knote: [m[K  cannot convert â€˜[01m[K* box[m[Kâ€™ (type â€˜[01m[Kconst shapes::Box[m[Kâ€™) to type â€˜[01m[Kstd::_Setbase[m[Kâ€™
[5.545s]   120 |       std::cout << [01;36m[K*box[m[K << std::endl;
[5.545s]       |                    [01;36m[K^~~~[m[K
[5.545s] In file included from [01m[K/opt/ros/humble/include/rosidl_runtime_cpp/rosidl_runtime_cpp/traits.hpp:19[m[K,
[5.545s]                  from [01m[K/opt/ros/humble/include/moveit_msgs/moveit_msgs/msg/detail/joint_limits__traits.hpp:15[m[K,
[5.545s]                  from [01m[K/opt/ros/humble/include/moveit_msgs/moveit_msgs/msg/joint_limits.hpp:9[m[K,
[5.545s]                  from [01m[K/home/ubuntu/ros2_ws/install/moveit_core/include/moveit/robot_model/joint_model.h:44[m[K,
[5.545s]                  from [01m[K/home/ubuntu/ros2_ws/install/moveit_core/include/moveit/robot_model/joint_model_group.h:40[m[K,
[5.545s]                  from [01m[K/home/ubuntu/ros2_ws/install/moveit_core/include/moveit/robot_model/robot_model.h:45[m[K,
[5.545s]                  from [01m[K/home/ubuntu/ros2_ws/install/moveit_ros_planning/include/moveit/trajectory_execution_manager/trajectory_execution_manager.h:40[m[K,
[5.545s]                  from [01m[K/home/ubuntu/ros2_ws/src/isaac_sim_demo/src/joint_space.cpp:5[m[K:
[5.545s] [01m[K/usr/include/c++/11/iomanip:178:5:[m[K [01;36m[Knote: [m[Kcandidate: â€˜[01m[Ktemplate<class _CharT, class _Traits> std::basic_ostream<_Ch, _Tr>& std::operator<<(std::basic_ostream<_Ch, _Tr>&, std::_Setfill<_CharT>)[m[Kâ€™
[5.545s]   178 |     [01;36m[Koperator[m[K<<(basic_ostream<_CharT, _Traits>& __os, _Setfill<_CharT> __f)
[5.545s]       |     [01;36m[K^~~~~~~~[m[K
[5.545s] [01m[K/usr/include/c++/11/iomanip:178:5:[m[K [01;36m[Knote: [m[K  template argument deduction/substitution failed:
[5.545s] [01m[K/home/ubuntu/ros2_ws/src/isaac_sim_demo/src/joint_space.cpp:120:21:[m[K [01;36m[Knote: [m[K  â€˜[01m[Kshapes::Box[m[Kâ€™ is not derived from â€˜[01m[Kstd::_Setfill<_CharT>[m[Kâ€™
[5.545s]   120 |       std::cout << *[01;36m[Kbox[m[K << std::endl;
[5.545s]       |                     [01;36m[K^~~[m[K
[5.545s] In file included from [01m[K/opt/ros/humble/include/rosidl_runtime_cpp/rosidl_runtime_cpp/traits.hpp:19[m[K,
[5.545s]                  from [01m[K/opt/ros/humble/include/moveit_msgs/moveit_msgs/msg/detail/joint_limits__traits.hpp:15[m[K,
[5.545s]                  from [01m[K/opt/ros/humble/include/moveit_msgs/moveit_msgs/msg/joint_limits.hpp:9[m[K,
[5.545s]                  from [01m[K/home/ubuntu/ros2_ws/install/moveit_core/include/moveit/robot_model/joint_model.h:44[m[K,
[5.545s]                  from [01m[K/home/ubuntu/ros2_ws/install/moveit_core/include/moveit/robot_model/joint_model_group.h:40[m[K,
[5.545s]                  from [01m[K/home/ubuntu/ros2_ws/install/moveit_core/include/moveit/robot_model/robot_model.h:45[m[K,
[5.545s]                  from [01m[K/home/ubuntu/ros2_ws/install/moveit_ros_planning/include/moveit/trajectory_execution_manager/trajectory_execution_manager.h:40[m[K,
[5.545s]                  from [01m[K/home/ubuntu/ros2_ws/src/isaac_sim_demo/src/joint_space.cpp:5[m[K:
[5.545s] [01m[K/usr/include/c++/11/iomanip:208:5:[m[K [01;36m[Knote: [m[Kcandidate: â€˜[01m[Ktemplate<class _CharT, class _Traits> std::basic_ostream<_Ch, _Tr>& std::operator<<(std::basic_ostream<_Ch, _Tr>&, std::_Setprecision)[m[Kâ€™
[5.546s]   208 |     [01;36m[Koperator[m[K<<(basic_ostream<_CharT, _Traits>& __os, _Setprecision __f)
[5.546s]       |     [01;36m[K^~~~~~~~[m[K
[5.546s] [01m[K/usr/include/c++/11/iomanip:208:5:[m[K [01;36m[Knote: [m[K  template argument deduction/substitution failed:
[5.546s] [01m[K/home/ubuntu/ros2_ws/src/isaac_sim_demo/src/joint_space.cpp:120:20:[m[K [01;36m[Knote: [m[K  cannot convert â€˜[01m[K* box[m[Kâ€™ (type â€˜[01m[Kconst shapes::Box[m[Kâ€™) to type â€˜[01m[Kstd::_Setprecision[m[Kâ€™
[5.546s]   120 |       std::cout << [01;36m[K*box[m[K << std::endl;
[5.546s]       |                    [01;36m[K^~~~[m[K
[5.546s] In file included from [01m[K/opt/ros/humble/include/rosidl_runtime_cpp/rosidl_runtime_cpp/traits.hpp:19[m[K,
[5.546s]                  from [01m[K/opt/ros/humble/include/moveit_msgs/moveit_msgs/msg/detail/joint_limits__traits.hpp:15[m[K,
[5.546s]                  from [01m[K/opt/ros/humble/include/moveit_msgs/moveit_msgs/msg/joint_limits.hpp:9[m[K,
[5.546s]                  from [01m[K/home/ubuntu/ros2_ws/install/moveit_core/include/moveit/robot_model/joint_model.h:44[m[K,
[5.546s]                  from [01m[K/home/ubuntu/ros2_ws/install/moveit_core/include/moveit/robot_model/joint_model_group.h:40[m[K,
[5.546s]                  from [01m[K/home/ubuntu/ros2_ws/install/moveit_core/include/moveit/robot_model/robot_model.h:45[m[K,
[5.546s]                  from [01m[K/home/ubuntu/ros2_ws/install/moveit_ros_planning/include/moveit/trajectory_execution_manager/trajectory_execution_manager.h:40[m[K,
[5.546s]                  from [01m[K/home/ubuntu/ros2_ws/src/isaac_sim_demo/src/joint_space.cpp:5[m[K:
[5.546s] [01m[K/usr/include/c++/11/iomanip:238:5:[m[K [01;36m[Knote: [m[Kcandidate: â€˜[01m[Ktemplate<class _CharT, class _Traits> std::basic_ostream<_Ch, _Tr>& std::operator<<(std::basic_ostream<_Ch, _Tr>&, std::_Setw)[m[Kâ€™
[5.546s]   238 |     [01;36m[Koperator[m[K<<(basic_ostream<_CharT, _Traits>& __os, _Setw __f)
[5.546s]       |     [01;36m[K^~~~~~~~[m[K
[5.546s] [01m[K/usr/include/c++/11/iomanip:238:5:[m[K [01;36m[Knote: [m[K  template argument deduction/substitution failed:
[5.546s] [01m[K/home/ubuntu/ros2_ws/src/isaac_sim_demo/src/joint_space.cpp:120:20:[m[K [01;36m[Knote: [m[K  cannot convert â€˜[01m[K* box[m[Kâ€™ (type â€˜[01m[Kconst shapes::Box[m[Kâ€™) to type â€˜[01m[Kstd::_Setw[m[Kâ€™
[5.546s]   120 |       std::cout << [01;36m[K*box[m[K << std::endl;
[5.546s]       |                    [01;36m[K^~~~[m[K
[5.546s] In file included from [01m[K/opt/ros/humble/include/rosidl_runtime_cpp/rosidl_runtime_cpp/traits.hpp:19[m[K,
[5.546s]                  from [01m[K/opt/ros/humble/include/moveit_msgs/moveit_msgs/msg/detail/joint_limits__traits.hpp:15[m[K,
[5.546s]                  from [01m[K/opt/ros/humble/include/moveit_msgs/moveit_msgs/msg/joint_limits.hpp:9[m[K,
[5.546s]                  from [01m[K/home/ubuntu/ros2_ws/install/moveit_core/include/moveit/robot_model/joint_model.h:44[m[K,
[5.546s]                  from [01m[K/home/ubuntu/ros2_ws/install/moveit_core/include/moveit/robot_model/joint_model_group.h:40[m[K,
[5.546s]                  from [01m[K/home/ubuntu/ros2_ws/install/moveit_core/include/moveit/robot_model/robot_model.h:45[m[K,
[5.546s]                  from [01m[K/home/ubuntu/ros2_ws/install/moveit_ros_planning/include/moveit/trajectory_execution_manager/trajectory_execution_manager.h:40[m[K,
[5.546s]                  from [01m[K/home/ubuntu/ros2_ws/src/isaac_sim_demo/src/joint_space.cpp:5[m[K:
[5.546s] [01m[K/usr/include/c++/11/iomanip:311:5:[m[K [01;36m[Knote: [m[Kcandidate: â€˜[01m[Ktemplate<class _CharT, class _Traits, class _MoneyT> std::basic_ostream<_Ch, _Tr>& std::operator<<(std::basic_ostream<_Ch, _Tr>&, std::_Put_money<_MoneyT>)[m[Kâ€™
[5.546s]   311 |     [01;36m[Koperator[m[K<<(basic_ostream<_CharT, _Traits>& __os, _Put_money<_MoneyT> __f)
[5.546s]       |     [01;36m[K^~~~~~~~[m[K
[5.546s] [01m[K/usr/include/c++/11/iomanip:311:5:[m[K [01;36m[Knote: [m[K  template argument deduction/substitution failed:
[5.546s] [01m[K/home/ubuntu/ros2_ws/src/isaac_sim_demo/src/joint_space.cpp:120:21:[m[K [01;36m[Knote: [m[K  â€˜[01m[Kshapes::Box[m[Kâ€™ is not derived from â€˜[01m[Kstd::_Put_money<_MoneyT>[m[Kâ€™
[5.546s]   120 |       std::cout << *[01;36m[Kbox[m[K << std::endl;
[5.546s]       |                     [01;36m[K^~~[m[K
[5.547s] In file included from [01m[K/opt/ros/humble/include/rosidl_runtime_cpp/rosidl_runtime_cpp/traits.hpp:19[m[K,
[5.547s]                  from [01m[K/opt/ros/humble/include/moveit_msgs/moveit_msgs/msg/detail/joint_limits__traits.hpp:15[m[K,
[5.547s]                  from [01m[K/opt/ros/humble/include/moveit_msgs/moveit_msgs/msg/joint_limits.hpp:9[m[K,
[5.547s]                  from [01m[K/home/ubuntu/ros2_ws/install/moveit_core/include/moveit/robot_model/joint_model.h:44[m[K,
[5.547s]                  from [01m[K/home/ubuntu/ros2_ws/install/moveit_core/include/moveit/robot_model/joint_model_group.h:40[m[K,
[5.547s]                  from [01m[K/home/ubuntu/ros2_ws/install/moveit_core/include/moveit/robot_model/robot_model.h:45[m[K,
[5.547s]                  from [01m[K/home/ubuntu/ros2_ws/install/moveit_ros_planning/include/moveit/trajectory_execution_manager/trajectory_execution_manager.h:40[m[K,
[5.547s]                  from [01m[K/home/ubuntu/ros2_ws/src/isaac_sim_demo/src/joint_space.cpp:5[m[K:
[5.547s] [01m[K/usr/include/c++/11/iomanip:363:5:[m[K [01;36m[Knote: [m[Kcandidate: â€˜[01m[Ktemplate<class _CharT, class _Traits> std::basic_ostream<_Ch, _Tr>& std::operator<<(std::basic_ostream<_Ch, _Tr>&, std::_Put_time<_CharT>)[m[Kâ€™
[5.547s]   363 |     [01;36m[Koperator[m[K<<(basic_ostream<_CharT, _Traits>& __os, _Put_time<_CharT> __f)
[5.547s]       |     [01;36m[K^~~~~~~~[m[K
[5.547s] [01m[K/usr/include/c++/11/iomanip:363:5:[m[K [01;36m[Knote: [m[K  template argument deduction/substitution failed:
[5.547s] [01m[K/home/ubuntu/ros2_ws/src/isaac_sim_demo/src/joint_space.cpp:120:21:[m[K [01;36m[Knote: [m[K  â€˜[01m[Kshapes::Box[m[Kâ€™ is not derived from â€˜[01m[Kstd::_Put_time<_CharT>[m[Kâ€™
[5.547s]   120 |       std::cout << *[01;36m[Kbox[m[K << std::endl;
[5.547s]       |                     [01;36m[K^~~[m[K
[5.547s] In file included from [01m[K/usr/include/eigen3/Eigen/Core:50[m[K,
[5.547s]                  from [01m[K/usr/include/eigen3/Eigen/Geometry:11[m[K,
[5.547s]                  from [01m[K/home/ubuntu/ros2_ws/install/moveit_core/include/moveit/robot_model/joint_model.h:46[m[K,
[5.547s]                  from [01m[K/home/ubuntu/ros2_ws/install/moveit_core/include/moveit/robot_model/joint_model_group.h:40[m[K,
[5.547s]                  from [01m[K/home/ubuntu/ros2_ws/install/moveit_core/include/moveit/robot_model/robot_model.h:45[m[K,
[5.547s]                  from [01m[K/home/ubuntu/ros2_ws/install/moveit_ros_planning/include/moveit/trajectory_execution_manager/trajectory_execution_manager.h:40[m[K,
[5.547s]                  from [01m[K/home/ubuntu/ros2_ws/src/isaac_sim_demo/src/joint_space.cpp:5[m[K:
[5.547s] [01m[K/usr/include/c++/11/complex:555:5:[m[K [01;36m[Knote: [m[Kcandidate: â€˜[01m[Ktemplate<class _Tp, class _CharT, class _Traits> std::basic_ostream<_CharT, _Traits>& std::operator<<(std::basic_ostream<_CharT, _Traits>&, const std::complex<_Tp>&)[m[Kâ€™
[5.547s]   555 |     [01;36m[Koperator[m[K<<(basic_ostream<_CharT, _Traits>& __os, const complex<_Tp>& __x)
[5.547s]       |     [01;36m[K^~~~~~~~[m[K
[5.547s] [01m[K/usr/include/c++/11/complex:555:5:[m[K [01;36m[Knote: [m[K  template argument deduction/substitution failed:
[5.547s] [01m[K/home/ubuntu/ros2_ws/src/isaac_sim_demo/src/joint_space.cpp:120:21:[m[K [01;36m[Knote: [m[K  â€˜[01m[Kconst shapes::Box[m[Kâ€™ is not derived from â€˜[01m[Kconst std::complex<_Tp>[m[Kâ€™
[5.547s]   120 |       std::cout << *[01;36m[Kbox[m[K << std::endl;
[5.547s]       |                     [01;36m[K^~~[m[K
[5.547s] In file included from [01m[K/opt/ros/humble/include/rclcpp/rclcpp/timer.hpp:23[m[K,
[5.547s]                  from [01m[K/opt/ros/humble/include/rclcpp/rclcpp/callback_group.hpp:30[m[K,
[5.547s]                  from [01m[K/opt/ros/humble/include/rclcpp/rclcpp/node.hpp:40[m[K,
[5.547s]                  from [01m[K/home/ubuntu/ros2_ws/install/moveit_core/include/moveit/kinematics_base/kinematics_base.h:43[m[K,
[5.547s]                  from [01m[K/home/ubuntu/ros2_ws/install/moveit_core/include/moveit/robot_model/joint_model_group.h:42[m[K,
[5.547s]                  from [01m[K/home/ubuntu/ros2_ws/install/moveit_core/include/moveit/robot_model/robot_model.h:45[m[K,
[5.547s]                  from [01m[K/home/ubuntu/ros2_ws/install/moveit_ros_planning/include/moveit/trajectory_execution_manager/trajectory_execution_manager.h:40[m[K,
[5.547s]                  from [01m[K/home/ubuntu/ros2_ws/src/isaac_sim_demo/src/joint_space.cpp:5[m[K:
[5.548s] [01m[K/usr/include/c++/11/thread:92:5:[m[K [01;36m[Knote: [m[Kcandidate: â€˜[01m[Ktemplate<class _CharT, class _Traits> std::basic_ostream<_Ch, _Tr>& std::operator<<(std::basic_ostream<_Ch, _Tr>&, std::thread::id)[m[Kâ€™
[5.548s]    92 |     [01;36m[Koperator[m[K<<(basic_ostream<_CharT, _Traits>& __out, thread::id __id)
[5.548s]       |     [01;36m[K^~~~~~~~[m[K
[5.548s] [01m[K/usr/include/c++/11/thread:92:5:[m[K [01;36m[Knote: [m[K  template argument deduction/substitution failed:
[5.548s] [01m[K/home/ubuntu/ros2_ws/src/isaac_sim_demo/src/joint_space.cpp:120:20:[m[K [01;36m[Knote: [m[K  cannot convert â€˜[01m[K* box[m[Kâ€™ (type â€˜[01m[Kconst shapes::Box[m[Kâ€™) to type â€˜[01m[Kstd::thread::id[m[Kâ€™
[5.548s]   120 |       std::cout << [01;36m[K*box[m[K << std::endl;
[5.548s]       |                    [01;36m[K^~~~[m[K
[5.548s] In file included from [01m[K/usr/include/c++/11/random:49[m[K,
[5.548s]                  from [01m[K/usr/include/fcl/math/rng.h:42[m[K,
[5.548s]                  from [01m[K/usr/include/fcl/fcl.h:105[m[K,
[5.548s]                  from [01m[K/home/ubuntu/ros2_ws/src/isaac_sim_demo/src/joint_space.cpp:31[m[K:
[5.548s] [01m[K/usr/include/c++/11/bits/random.h:1309:5:[m[K [01;36m[Knote: [m[Kcandidate: â€˜[01m[Ktemplate<class _RandomNumberEngine, long unsigned int __w, class _UIntType, class _CharT, class _Traits> std::basic_ostream<_CharT, _Traits>& std::operator<<(std::basic_ostream<_CharT, _Traits>&, const std::independent_bits_engine<_RandomNumberEngine, __w, _UIntType>&)[m[Kâ€™
[5.548s]  1309 |     [01;36m[Koperator[m[K<<(std::basic_ostream<_CharT, _Traits>& __os,
[5.548s]       |     [01;36m[K^~~~~~~~[m[K
[5.548s] [01m[K/usr/include/c++/11/bits/random.h:1309:5:[m[K [01;36m[Knote: [m[K  template argument deduction/substitution failed:
[5.548s] [01m[K/home/ubuntu/ros2_ws/src/isaac_sim_demo/src/joint_space.cpp:120:21:[m[K [01;36m[Knote: [m[K  â€˜[01m[Kconst shapes::Box[m[Kâ€™ is not derived from â€˜[01m[Kconst std::independent_bits_engine<_RandomNumberEngine, __w, _UIntType>[m[Kâ€™
[5.548s]   120 |       std::cout << *[01;36m[Kbox[m[K << std::endl;
[5.548s]       |                     [01;36m[K^~~[m[K
[5.548s] In file included from [01m[K/usr/include/c++/11/random:51[m[K,
[5.548s]                  from [01m[K/usr/include/fcl/math/rng.h:42[m[K,
[5.548s]                  from [01m[K/usr/include/fcl/fcl.h:105[m[K,
[5.548s]                  from [01m[K/home/ubuntu/ros2_ws/src/isaac_sim_demo/src/joint_space.cpp:31[m[K:
[5.548s] [01m[K/usr/include/c++/11/bits/random.tcc:901:5:[m[K [01;36m[Knote: [m[Kcandidate: â€˜[01m[Ktemplate<class _IntType, class _CharT, class _Traits> std::basic_ostream<_CharT, _Traits>& std::operator<<(std::basic_ostream<_CharT, _Traits>&, const std::uniform_int_distribution<_IntType>&)[m[Kâ€™
[5.548s]   901 |     [01;36m[Koperator[m[K<<(std::basic_ostream<_CharT, _Traits>& __os,
[5.548s]       |     [01;36m[K^~~~~~~~[m[K
[5.548s] [01m[K/usr/include/c++/11/bits/random.tcc:901:5:[m[K [01;36m[Knote: [m[K  template argument deduction/substitution failed:
[5.548s] [01m[K/home/ubuntu/ros2_ws/src/isaac_sim_demo/src/joint_space.cpp:120:21:[m[K [01;36m[Knote: [m[K  â€˜[01m[Kconst shapes::Box[m[Kâ€™ is not derived from â€˜[01m[Kconst std::uniform_int_distribution<_IntType>[m[Kâ€™
[5.548s]   120 |       std::cout << *[01;36m[Kbox[m[K << std::endl;
[5.548s]       |                     [01;36m[K^~~[m[K
[5.548s] In file included from [01m[K/usr/include/c++/11/random:51[m[K,
[5.548s]                  from [01m[K/usr/include/fcl/math/rng.h:42[m[K,
[5.548s]                  from [01m[K/usr/include/fcl/fcl.h:105[m[K,
[5.548s]                  from [01m[K/home/ubuntu/ros2_ws/src/isaac_sim_demo/src/joint_space.cpp:31[m[K:
[5.548s] [01m[K/usr/include/c++/11/bits/random.tcc:959:5:[m[K [01;36m[Knote: [m[Kcandidate: â€˜[01m[Ktemplate<class _RealType, class _CharT, class _Traits> std::basic_ostream<_CharT, _Traits>& std::operator<<(std::basic_ostream<_CharT, _Traits>&, const std::uniform_real_distribution<_IntType>&)[m[Kâ€™
[5.548s]   959 |     [01;36m[Koperator[m[K<<(std::basic_ostream<_CharT, _Traits>& __os,
[5.548s]       |     [01;36m[K^~~~~~~~[m[K
[5.549s] [01m[K/usr/include/c++/11/bits/random.tcc:959:5:[m[K [01;36m[Knote: [m[K  template argument deduction/substitution failed:
[5.549s] [01m[K/home/ubuntu/ros2_ws/src/isaac_sim_demo/src/joint_space.cpp:120:21:[m[K [01;36m[Knote: [m[K  â€˜[01m[Kconst shapes::Box[m[Kâ€™ is not derived from â€˜[01m[Kconst std::uniform_real_distribution<_IntType>[m[Kâ€™
[5.549s]   120 |       std::cout << *[01;36m[Kbox[m[K << std::endl;
[5.549s]       |                     [01;36m[K^~~[m[K
[5.549s] In file included from [01m[K/usr/include/c++/11/random:51[m[K,
[5.549s]                  from [01m[K/usr/include/fcl/math/rng.h:42[m[K,
[5.549s]                  from [01m[K/usr/include/fcl/fcl.h:105[m[K,
[5.549s]                  from [01m[K/home/ubuntu/ros2_ws/src/isaac_sim_demo/src/joint_space.cpp:31[m[K:
[5.549s] [01m[K/usr/include/c++/11/bits/random.tcc:2144:5:[m[K [01;36m[Knote: [m[Kcandidate: â€˜[01m[Ktemplate<class _RealType, class _CharT, class _Traits> std::basic_ostream<_CharT, _Traits>& std::operator<<(std::basic_ostream<_CharT, _Traits>&, const std::cauchy_distribution<_RealType>&)[m[Kâ€™
[5.549s]  2144 |     [01;36m[Koperator[m[K<<(std::basic_ostream<_CharT, _Traits>& __os,
[5.549s]       |     [01;36m[K^~~~~~~~[m[K
[5.549s] [01m[K/usr/include/c++/11/bits/random.tcc:2144:5:[m[K [01;36m[Knote: [m[K  template argument deduction/substitution failed:
[5.549s] [01m[K/home/ubuntu/ros2_ws/src/isaac_sim_demo/src/joint_space.cpp:120:21:[m[K [01;36m[Knote: [m[K  â€˜[01m[Kconst shapes::Box[m[Kâ€™ is not derived from â€˜[01m[Kconst std::cauchy_distribution<_RealType>[m[Kâ€™
[5.549s]   120 |       std::cout << *[01;36m[Kbox[m[K << std::endl;
[5.549s]       |                     [01;36m[K^~~[m[K
[5.549s] In file included from [01m[K/usr/include/c++/11/random:51[m[K,
[5.549s]                  from [01m[K/usr/include/fcl/math/rng.h:42[m[K,
[5.549s]                  from [01m[K/usr/include/fcl/fcl.h:105[m[K,
[5.549s]                  from [01m[K/home/ubuntu/ros2_ws/src/isaac_sim_demo/src/joint_space.cpp:31[m[K:
[5.549s] [01m[K/usr/include/c++/11/bits/random.tcc:1020:5:[m[K [01;36m[Knote: [m[Kcandidate: â€˜[01m[Ktemplate<class _CharT, class _Traits> std::basic_ostream<_Ch, _Tr>& std::operator<<(std::basic_ostream<_Ch, _Tr>&, const std::bernoulli_distribution&)[m[Kâ€™
[5.549s]  1020 |     [01;36m[Koperator[m[K<<(std::basic_ostream<_CharT, _Traits>& __os,
[5.549s]       |     [01;36m[K^~~~~~~~[m[K
[5.549s] [01m[K/usr/include/c++/11/bits/random.tcc:1020:5:[m[K [01;36m[Knote: [m[K  template argument deduction/substitution failed:
[5.549s] [01m[K/home/ubuntu/ros2_ws/src/isaac_sim_demo/src/joint_space.cpp:120:20:[m[K [01;36m[Knote: [m[K  cannot convert â€˜[01m[K* box[m[Kâ€™ (type â€˜[01m[Kconst shapes::Box[m[Kâ€™) to type â€˜[01m[Kconst std::bernoulli_distribution&[m[Kâ€™
[5.549s]   120 |       std::cout << [01;36m[K*box[m[K << std::endl;
[5.549s]       |                    [01;36m[K^~~~[m[K
[5.549s] In file included from [01m[K/usr/include/c++/11/random:51[m[K,
[5.549s]                  from [01m[K/usr/include/fcl/math/rng.h:42[m[K,
[5.549s]                  from [01m[K/usr/include/fcl/fcl.h:105[m[K,
[5.549s]                  from [01m[K/home/ubuntu/ros2_ws/src/isaac_sim_demo/src/joint_space.cpp:31[m[K:
[5.549s] [01m[K/usr/include/c++/11/bits/random.tcc:1101:5:[m[K [01;36m[Knote: [m[Kcandidate: â€˜[01m[Ktemplate<class _IntType, class _CharT, class _Traits> std::basic_ostream<_CharT, _Traits>& std::operator<<(std::basic_ostream<_CharT, _Traits>&, const std::geometric_distribution<_IntType>&)[m[Kâ€™
[5.549s]  1101 |     [01;36m[Koperator[m[K<<(std::basic_ostream<_CharT, _Traits>& __os,
[5.549s]       |     [01;36m[K^~~~~~~~[m[K
[5.549s] [01m[K/usr/include/c++/11/bits/random.tcc:1101:5:[m[K [01;36m[Knote: [m[K  template argument deduction/substitution failed:
[5.549s] [01m[K/home/ubuntu/ros2_ws/src/isaac_sim_demo/src/joint_space.cpp:120:21:[m[K [01;36m[Knote: [m[K  â€˜[01m[Kconst shapes::Box[m[Kâ€™ is not derived from â€˜[01m[Kconst std::geometric_distribution<_IntType>[m[Kâ€™
[5.549s]   120 |       std::cout << *[01;36m[Kbox[m[K << std::endl;
[5.549s]       |                     [01;36m[K^~~[m[K
[5.549s] In file included from [01m[K/usr/include/c++/11/random:51[m[K,
[5.550s]                  from [01m[K/usr/include/fcl/math/rng.h:42[m[K,
[5.550s]                  from [01m[K/usr/include/fcl/fcl.h:105[m[K,
[5.550s]                  from [01m[K/home/ubuntu/ros2_ws/src/isaac_sim_demo/src/joint_space.cpp:31[m[K:
[5.550s] [01m[K/usr/include/c++/11/bits/random.tcc:1753:5:[m[K [01;36m[Knote: [m[Kcandidate: â€˜[01m[Ktemplate<class _RealType, class _CharT, class _Traits> std::basic_ostream<_CharT, _Traits>& std::operator<<(std::basic_ostream<_CharT, _Traits>&, const std::exponential_distribution<_RealType>&)[m[Kâ€™
[5.550s]  1753 |     [01;36m[Koperator[m[K<<(std::basic_ostream<_CharT, _Traits>& __os,
[5.550s]       |     [01;36m[K^~~~~~~~[m[K
[5.550s] [01m[K/usr/include/c++/11/bits/random.tcc:1753:5:[m[K [01;36m[Knote: [m[K  template argument deduction/substitution failed:
[5.550s] [01m[K/home/ubuntu/ros2_ws/src/isaac_sim_demo/src/joint_space.cpp:120:21:[m[K [01;36m[Knote: [m[K  â€˜[01m[Kconst shapes::Box[m[Kâ€™ is not derived from â€˜[01m[Kconst std::exponential_distribution<_RealType>[m[Kâ€™
[5.550s]   120 |       std::cout << *[01;36m[Kbox[m[K << std::endl;
[5.550s]       |                     [01;36m[K^~~[m[K
[5.550s] In file included from [01m[K/usr/include/c++/11/random:51[m[K,
[5.550s]                  from [01m[K/usr/include/fcl/math/rng.h:42[m[K,
[5.550s]                  from [01m[K/usr/include/fcl/fcl.h:105[m[K,
[5.550s]                  from [01m[K/home/ubuntu/ros2_ws/src/isaac_sim_demo/src/joint_space.cpp:31[m[K:
[5.550s] [01m[K/usr/include/c++/11/bits/random.tcc:2538:5:[m[K [01;36m[Knote: [m[Kcandidate: â€˜[01m[Ktemplate<class _RealType, class _CharT, class _Traits> std::basic_ostream<_CharT, _Traits>& std::operator<<(std::basic_ostream<_CharT, _Traits>&, const std::weibull_distribution<_RealType>&)[m[Kâ€™
[5.550s]  2538 |     [01;36m[Koperator[m[K<<(std::basic_ostream<_CharT, _Traits>& __os,
[5.550s]       |     [01;36m[K^~~~~~~~[m[K
[5.550s] [01m[K/usr/include/c++/11/bits/random.tcc:2538:5:[m[K [01;36m[Knote: [m[K  template argument deduction/substitution failed:
[5.550s] [01m[K/home/ubuntu/ros2_ws/src/isaac_sim_demo/src/joint_space.cpp:120:21:[m[K [01;36m[Knote: [m[K  â€˜[01m[Kconst shapes::Box[m[Kâ€™ is not derived from â€˜[01m[Kconst std::weibull_distribution<_RealType>[m[Kâ€™
[5.550s]   120 |       std::cout << *[01;36m[Kbox[m[K << std::endl;
[5.550s]       |                     [01;36m[K^~~[m[K
[5.550s] In file included from [01m[K/usr/include/c++/11/random:51[m[K,
[5.550s]                  from [01m[K/usr/include/fcl/math/rng.h:42[m[K,
[5.550s]                  from [01m[K/usr/include/fcl/fcl.h:105[m[K,
[5.550s]                  from [01m[K/home/ubuntu/ros2_ws/src/isaac_sim_demo/src/joint_space.cpp:31[m[K:
[5.550s] [01m[K/usr/include/c++/11/bits/random.tcc:2612:5:[m[K [01;36m[Knote: [m[Kcandidate: â€˜[01m[Ktemplate<class _RealType, class _CharT, class _Traits> std::basic_ostream<_CharT, _Traits>& std::operator<<(std::basic_ostream<_CharT, _Traits>&, const std::extreme_value_distribution<_RealType>&)[m[Kâ€™
[5.550s]  2612 |     [01;36m[Koperator[m[K<<(std::basic_ostream<_CharT, _Traits>& __os,
[5.550s]       |     [01;36m[K^~~~~~~~[m[K
[5.550s] [01m[K/usr/include/c++/11/bits/random.tcc:2612:5:[m[K [01;36m[Knote: [m[K  template argument deduction/substitution failed:
[5.550s] [01m[K/home/ubuntu/ros2_ws/src/isaac_sim_demo/src/joint_space.cpp:120:21:[m[K [01;36m[Knote: [m[K  â€˜[01m[Kconst shapes::Box[m[Kâ€™ is not derived from â€˜[01m[Kconst std::extreme_value_distribution<_RealType>[m[Kâ€™
[5.550s]   120 |       std::cout << *[01;36m[Kbox[m[K << std::endl;
[5.550s]       |                     [01;36m[K^~~[m[K
[5.550s] In file included from [01m[K/usr/include/c++/11/random:51[m[K,
[5.550s]                  from [01m[K/usr/include/fcl/math/rng.h:42[m[K,
[5.550s]                  from [01m[K/usr/include/fcl/fcl.h:105[m[K,
[5.550s]                  from [01m[K/home/ubuntu/ros2_ws/src/isaac_sim_demo/src/joint_space.cpp:31[m[K:
[5.550s] [01m[K/usr/include/c++/11/bits/random.tcc:154:5:[m[K [01;36m[Knote: [m[Kcandidate: â€˜[01m[Ktemplate<class _UIntType, _UIntType __a, _UIntType __c, _UIntType __m, class _CharT, class _Traits> std::basic_ostream<_CharT, _Traits>& std::operator<<(std::basic_ostream<_CharT, _Traits>&, const std::linear_congruential_engine<_UIntType, __a, __c, __m>&)[m[Kâ€™
[5.551s]   154 |     [01;36m[Koperator[m[K<<(std::basic_ostream<_CharT, _Traits>& __os,
[5.551s]       |     [01;36m[K^~~~~~~~[m[K
[5.551s] [01m[K/usr/include/c++/11/bits/random.tcc:154:5:[m[K [01;36m[Knote: [m[K  template argument deduction/substitution failed:
[5.551s] [01m[K/home/ubuntu/ros2_ws/src/isaac_sim_demo/src/joint_space.cpp:120:21:[m[K [01;36m[Knote: [m[K  â€˜[01m[Kconst shapes::Box[m[Kâ€™ is not derived from â€˜[01m[Kconst std::linear_congruential_engine<_UIntType, __a, __c, __m>[m[Kâ€™
[5.551s]   120 |       std::cout << *[01;36m[Kbox[m[K << std::endl;
[5.551s]       |                     [01;36m[K^~~[m[K
[5.551s] In file included from [01m[K/usr/include/c++/11/random:51[m[K,
[5.551s]                  from [01m[K/usr/include/fcl/math/rng.h:42[m[K,
[5.551s]                  from [01m[K/usr/include/fcl/fcl.h:105[m[K,
[5.551s]                  from [01m[K/home/ubuntu/ros2_ws/src/isaac_sim_demo/src/joint_space.cpp:31[m[K:
[5.551s] [01m[K/usr/include/c++/11/bits/random.tcc:474:5:[m[K [01;36m[Knote: [m[Kcandidate: â€˜[01m[Ktemplate<class _UIntType1, long unsigned int __w1, long unsigned int __n1, long unsigned int __m1, long unsigned int __r1, _UIntType1 __a1, long unsigned int __u1, _UIntType1 __d1, long unsigned int __s1, _UIntType1 __b1, long unsigned int __t1, _UIntType1 __c1, long unsigned int __l1, _UIntType1 __f1, class _CharT, class _Traits> std::basic_ostream<_CharT, _Traits>& std::operator<<(std::basic_ostream<_CharT, _Traits>&, const std::mersenne_twister_engine<_UIntType, __w, __n, __m, __r, __a, __u, __d, __s, __b, __t, __c, __l, __f>&)[m[Kâ€™
[5.551s]   474 |     [01;36m[Koperator[m[K<<(std::basic_ostream<_CharT, _Traits>& __os,
[5.551s]       |     [01;36m[K^~~~~~~~[m[K
[5.551s] [01m[K/usr/include/c++/11/bits/random.tcc:474:5:[m[K [01;36m[Knote: [m[K  template argument deduction/substitution failed:
[5.551s] [01m[K/home/ubuntu/ros2_ws/src/isaac_sim_demo/src/joint_space.cpp:120:21:[m[K [01;36m[Knote: [m[K  â€˜[01m[Kconst shapes::Box[m[Kâ€™ is not derived from â€˜[01m[Kconst std::mersenne_twister_engine<_UIntType, __w, __n, __m, __r, __a, __u, __d, __s, __b, __t, __c, __l, __f>[m[Kâ€™
[5.551s]   120 |       std::cout << *[01;36m[Kbox[m[K << std::endl;
[5.551s]       |                     [01;36m[K^~~[m[K
[5.551s] In file included from [01m[K/usr/include/c++/11/random:51[m[K,
[5.551s]                  from [01m[K/usr/include/fcl/math/rng.h:42[m[K,
[5.551s]                  from [01m[K/usr/include/fcl/fcl.h:105[m[K,
[5.551s]                  from [01m[K/home/ubuntu/ros2_ws/src/isaac_sim_demo/src/joint_space.cpp:31[m[K:
[5.551s] [01m[K/usr/include/c++/11/bits/random.tcc:628:5:[m[K [01;36m[Knote: [m[Kcandidate: â€˜[01m[Ktemplate<class _UIntType, long unsigned int __w, long unsigned int __s, long unsigned int __r, class _CharT, class _Traits> std::basic_ostream<_CharT, _Traits>& std::operator<<(std::basic_ostream<_CharT, _Traits>&, const std::subtract_with_carry_engine<_UIntType, __w, __s, __r>&)[m[Kâ€™
[5.551s]   628 |     [01;36m[Koperator[m[K<<(std::basic_ostream<_CharT, _Traits>& __os,
[5.551s]       |     [01;36m[K^~~~~~~~[m[K
[5.551s] [01m[K/usr/include/c++/11/bits/random.tcc:628:5:[m[K [01;36m[Knote: [m[K  template argument deduction/substitution failed:
[5.551s] [01m[K/home/ubuntu/ros2_ws/src/isaac_sim_demo/src/joint_space.cpp:120:21:[m[K [01;36m[Knote: [m[K  â€˜[01m[Kconst shapes::Box[m[Kâ€™ is not derived from â€˜[01m[Kconst std::subtract_with_carry_engine<_UIntType, __w, __s, __r>[m[Kâ€™
[5.551s]   120 |       std::cout << *[01;36m[Kbox[m[K << std::endl;
[5.551s]       |                     [01;36m[K^~~[m[K
[5.551s] In file included from [01m[K/usr/include/c++/11/random:51[m[K,
[5.551s]                  from [01m[K/usr/include/fcl/math/rng.h:42[m[K,
[5.551s]                  from [01m[K/usr/include/fcl/fcl.h:105[m[K,
[5.551s]                  from [01m[K/home/ubuntu/ros2_ws/src/isaac_sim_demo/src/joint_space.cpp:31[m[K:
[5.551s] [01m[K/usr/include/c++/11/bits/random.tcc:696:5:[m[K [01;36m[Knote: [m[Kcandidate: â€˜[01m[Ktemplate<class _RandomNumberEngine, long unsigned int __p, long unsigned int __r, class _CharT, class _Traits> std::basic_ostream<_CharT, _Traits>& std::operator<<(std::basic_ostream<_CharT, _Traits>&, const std::discard_block_engine<_RandomNumberEngine, __p, __r>&)[m[Kâ€™
[5.551s]   696 |     [01;36m[Koperator[m[K<<(std::basic_ostream<_CharT, _Traits>& __os,
[5.551s]       |     [01;36m[K^~~~~~~~[m[K
[5.551s] [01m[K/usr/include/c++/11/bits/random.tcc:696:5:[m[K [01;36m[Knote: [m[K  template argument deduction/substitution failed:
[5.551s] [01m[K/home/ubuntu/ros2_ws/src/isaac_sim_demo/src/joint_space.cpp:120:21:[m[K [01;36m[Knote: [m[K  â€˜[01m[Kconst shapes::Box[m[Kâ€™ is not derived from â€˜[01m[Kconst std::discard_block_engine<_RandomNumberEngine, __p, __r>[m[Kâ€™
[5.552s]   120 |       std::cout << *[01;36m[Kbox[m[K << std::endl;
[5.552s]       |                     [01;36m[K^~~[m[K
[5.552s] In file included from [01m[K/usr/include/c++/11/random:51[m[K,
[5.552s]                  from [01m[K/usr/include/fcl/math/rng.h:42[m[K,
[5.552s]                  from [01m[K/usr/include/fcl/fcl.h:105[m[K,
[5.552s]                  from [01m[K/home/ubuntu/ros2_ws/src/isaac_sim_demo/src/joint_space.cpp:31[m[K:
[5.552s] [01m[K/usr/include/c++/11/bits/random.tcc:857:5:[m[K [01;36m[Knote: [m[Kcandidate: â€˜[01m[Ktemplate<class _RandomNumberEngine, long unsigned int __k, class _CharT, class _Traits> std::basic_ostream<_CharT, _Traits>& std::operator<<(std::basic_ostream<_CharT, _Traits>&, const std::shuffle_order_engine<_RandomNumberEngine, __k>&)[m[Kâ€™
[5.552s]   857 |     [01;36m[Koperator[m[K<<(std::basic_ostream<_CharT, _Traits>& __os,
[5.552s]       |     [01;36m[K^~~~~~~~[m[K
[5.552s] [01m[K/usr/include/c++/11/bits/random.tcc:857:5:[m[K [01;36m[Knote: [m[K  template argument deduction/substitution failed:
[5.552s] [01m[K/home/ubuntu/ros2_ws/src/isaac_sim_demo/src/joint_space.cpp:120:21:[m[K [01;36m[Knote: [m[K  â€˜[01m[Kconst shapes::Box[m[Kâ€™ is not derived from â€˜[01m[Kconst std::shuffle_order_engine<_RandomNumberEngine, __k>[m[Kâ€™
[5.552s]   120 |       std::cout << *[01;36m[Kbox[m[K << std::endl;
[5.552s]       |                     [01;36m[K^~~[m[K
[5.552s] In file included from [01m[K/usr/include/c++/11/random:51[m[K,
[5.552s]                  from [01m[K/usr/include/fcl/math/rng.h:42[m[K,
[5.552s]                  from [01m[K/usr/include/fcl/fcl.h:105[m[K,
[5.552s]                  from [01m[K/home/ubuntu/ros2_ws/src/isaac_sim_demo/src/joint_space.cpp:31[m[K:
[5.552s] [01m[K/usr/include/c++/11/bits/random.tcc:1215:5:[m[K [01;36m[Knote: [m[Kcandidate: â€˜[01m[Ktemplate<class _IntType, class _CharT, class _Traits> std::basic_ostream<_CharT, _Traits>& std::operator<<(std::basic_ostream<_CharT, _Traits>&, const std::negative_binomial_distribution<_IntType>&)[m[Kâ€™
[5.552s]  1215 |     [01;36m[Koperator[m[K<<(std::basic_ostream<_CharT, _Traits>& __os,
[5.552s]       |     [01;36m[K^~~~~~~~[m[K
[5.552s] [01m[K/usr/include/c++/11/bits/random.tcc:1215:5:[m[K [01;36m[Knote: [m[K  template argument deduction/substitution failed:
[5.552s] [01m[K/home/ubuntu/ros2_ws/src/isaac_sim_demo/src/joint_space.cpp:120:21:[m[K [01;36m[Knote: [m[K  â€˜[01m[Kconst shapes::Box[m[Kâ€™ is not derived from â€˜[01m[Kconst std::negative_binomial_distribution<_IntType>[m[Kâ€™
[5.552s]   120 |       std::cout << *[01;36m[Kbox[m[K << std::endl;
[5.552s]       |                     [01;36m[K^~~[m[K
[5.552s] In file included from [01m[K/usr/include/c++/11/random:51[m[K,
[5.552s]                  from [01m[K/usr/include/fcl/math/rng.h:42[m[K,
[5.552s]                  from [01m[K/usr/include/fcl/fcl.h:105[m[K,
[5.552s]                  from [01m[K/home/ubuntu/ros2_ws/src/isaac_sim_demo/src/joint_space.cpp:31[m[K:
[5.552s] [01m[K/usr/include/c++/11/bits/random.tcc:1425:5:[m[K [01;36m[Knote: [m[Kcandidate: â€˜[01m[Ktemplate<class _IntType, class _CharT, class _Traits> std::basic_ostream<_CharT, _Traits>& std::operator<<(std::basic_ostream<_CharT, _Traits>&, const std::poisson_distribution<_IntType>&)[m[Kâ€™
[5.552s]  1425 |     [01;36m[Koperator[m[K<<(std::basic_ostream<_CharT, _Traits>& __os,
[5.552s]       |     [01;36m[K^~~~~~~~[m[K
[5.552s] [01m[K/usr/include/c++/11/bits/random.tcc:1425:5:[m[K [01;36m[Knote: [m[K  template argument deduction/substitution failed:
[5.552s] [01m[K/home/ubuntu/ros2_ws/src/isaac_sim_demo/src/joint_space.cpp:120:21:[m[K [01;36m[Knote: [m[K  â€˜[01m[Kconst shapes::Box[m[Kâ€™ is not derived from â€˜[01m[Kconst std::poisson_distribution<_IntType>[m[Kâ€™
[5.552s]   120 |       std::cout << *[01;36m[Kbox[m[K << std::endl;
[5.552s]       |                     [01;36m[K^~~[m[K
[5.552s] In file included from [01m[K/usr/include/c++/11/random:51[m[K,
[5.552s]                  from [01m[K/usr/include/fcl/math/rng.h:42[m[K,
[5.553s]                  from [01m[K/usr/include/fcl/fcl.h:105[m[K,
[5.553s]                  from [01m[K/home/ubuntu/ros2_ws/src/isaac_sim_demo/src/joint_space.cpp:31[m[K:
[5.553s] [01m[K/usr/include/c++/11/bits/random.tcc:1691:5:[m[K [01;36m[Knote: [m[Kcandidate: â€˜[01m[Ktemplate<class _IntType, class _CharT, class _Traits> std::basic_ostream<_CharT, _Traits>& std::operator<<(std::basic_ostream<_CharT, _Traits>&, const std::binomial_distribution<_IntType>&)[m[Kâ€™
[5.553s]  1691 |     [01;36m[Koperator[m[K<<(std::basic_ostream<_CharT, _Traits>& __os,
[5.553s]       |     [01;36m[K^~~~~~~~[m[K
[5.553s] [01m[K/usr/include/c++/11/bits/random.tcc:1691:5:[m[K [01;36m[Knote: [m[K  template argument deduction/substitution failed:
[5.553s] [01m[K/home/ubuntu/ros2_ws/src/isaac_sim_demo/src/joint_space.cpp:120:21:[m[K [01;36m[Knote: [m[K  â€˜[01m[Kconst shapes::Box[m[Kâ€™ is not derived from â€˜[01m[Kconst std::binomial_distribution<_IntType>[m[Kâ€™
[5.553s]   120 |       std::cout << *[01;36m[Kbox[m[K << std::endl;
[5.553s]       |                     [01;36m[K^~~[m[K
[5.553s] In file included from [01m[K/usr/include/c++/11/random:51[m[K,
[5.553s]                  from [01m[K/usr/include/fcl/math/rng.h:42[m[K,
[5.553s]                  from [01m[K/usr/include/fcl/fcl.h:105[m[K,
[5.553s]                  from [01m[K/home/ubuntu/ros2_ws/src/isaac_sim_demo/src/joint_space.cpp:31[m[K:
[5.553s] [01m[K/usr/include/c++/11/bits/random.tcc:1919:5:[m[K [01;36m[Knote: [m[Kcandidate: â€˜[01m[Ktemplate<class _RealType1, class _CharT, class _Traits> std::basic_ostream<_CharT, _Traits>& std::operator<<(std::basic_ostream<_CharT, _Traits>&, const std::normal_distribution<_RealType>&)[m[Kâ€™
[5.553s]  1919 |     [01;36m[Koperator[m[K<<(std::basic_ostream<_CharT, _Traits>& __os,
[5.553s]       |     [01;36m[K^~~~~~~~[m[K
[5.553s] [01m[K/usr/include/c++/11/bits/random.tcc:1919:5:[m[K [01;36m[Knote: [m[K  template argument deduction/substitution failed:
[5.553s] [01m[K/home/ubuntu/ros2_ws/src/isaac_sim_demo/src/joint_space.cpp:120:21:[m[K [01;36m[Knote: [m[K  â€˜[01m[Kconst shapes::Box[m[Kâ€™ is not derived from â€˜[01m[Kconst std::normal_distribution<_RealType>[m[Kâ€™
[5.553s]   120 |       std::cout << *[01;36m[Kbox[m[K << std::endl;
[5.553s]       |                     [01;36m[K^~~[m[K
[5.553s] In file included from [01m[K/usr/include/c++/11/random:51[m[K,
[5.553s]                  from [01m[K/usr/include/fcl/math/rng.h:42[m[K,
[5.553s]                  from [01m[K/usr/include/fcl/fcl.h:105[m[K,
[5.553s]                  from [01m[K/home/ubuntu/ros2_ws/src/isaac_sim_demo/src/joint_space.cpp:31[m[K:
[5.553s] [01m[K/usr/include/c++/11/bits/random.tcc:1986:5:[m[K [01;36m[Knote: [m[Kcandidate: â€˜[01m[Ktemplate<class _RealType, class _CharT, class _Traits> std::basic_ostream<_CharT, _Traits>& std::operator<<(std::basic_ostream<_CharT, _Traits>&, const std::lognormal_distribution<_RealType>&)[m[Kâ€™
[5.553s]  1986 |     [01;36m[Koperator[m[K<<(std::basic_ostream<_CharT, _Traits>& __os,
[5.553s]       |     [01;36m[K^~~~~~~~[m[K
[5.553s] [01m[K/usr/include/c++/11/bits/random.tcc:1986:5:[m[K [01;36m[Knote: [m[K  template argument deduction/substitution failed:
[5.553s] [01m[K/home/ubuntu/ros2_ws/src/isaac_sim_demo/src/joint_space.cpp:120:21:[m[K [01;36m[Knote: [m[K  â€˜[01m[Kconst shapes::Box[m[Kâ€™ is not derived from â€˜[01m[Kconst std::lognormal_distribution<_RealType>[m[Kâ€™
[5.553s]   120 |       std::cout << *[01;36m[Kbox[m[K << std::endl;
[5.553s]       |                     [01;36m[K^~~[m[K
[5.553s] In file included from [01m[K/usr/include/c++/11/random:51[m[K,
[5.553s]                  from [01m[K/usr/include/fcl/math/rng.h:42[m[K,
[5.553s]                  from [01m[K/usr/include/fcl/fcl.h:105[m[K,
[5.553s]                  from [01m[K/home/ubuntu/ros2_ws/src/isaac_sim_demo/src/joint_space.cpp:31[m[K:
[5.553s] [01m[K/usr/include/c++/11/bits/random.tcc:2058:5:[m[K [01;36m[Knote: [m[Kcandidate: â€˜[01m[Ktemplate<class _RealType, class _CharT, class _Traits> std::basic_ostream<_CharT, _Traits>& std::operator<<(std::basic_ostream<_CharT, _Traits>&, const std::chi_squared_distribution<_RealType>&)[m[Kâ€™
[5.553s]  2058 |     [01;36m[Koperator[m[K<<(std::basic_ostream<_CharT, _Traits>& __os,
[5.554s]       |     [01;36m[K^~~~~~~~[m[K
[5.554s] [01m[K/usr/include/c++/11/bits/random.tcc:2058:5:[m[K [01;36m[Knote: [m[K  template argument deduction/substitution failed:
[5.554s] [01m[K/home/ubuntu/ros2_ws/src/isaac_sim_demo/src/joint_space.cpp:120:21:[m[K [01;36m[Knote: [m[K  â€˜[01m[Kconst shapes::Box[m[Kâ€™ is not derived from â€˜[01m[Kconst std::chi_squared_distribution<_RealType>[m[Kâ€™
[5.554s]   120 |       std::cout << *[01;36m[Kbox[m[K << std::endl;
[5.554s]       |                     [01;36m[K^~~[m[K
[5.554s] In file included from [01m[K/usr/include/c++/11/random:51[m[K,
[5.554s]                  from [01m[K/usr/include/fcl/math/rng.h:42[m[K,
[5.554s]                  from [01m[K/usr/include/fcl/fcl.h:105[m[K,
[5.554s]                  from [01m[K/home/ubuntu/ros2_ws/src/isaac_sim_demo/src/joint_space.cpp:31[m[K:
[5.554s] [01m[K/usr/include/c++/11/bits/random.tcc:2219:5:[m[K [01;36m[Knote: [m[Kcandidate: â€˜[01m[Ktemplate<class _RealType, class _CharT, class _Traits> std::basic_ostream<_CharT, _Traits>& std::operator<<(std::basic_ostream<_CharT, _Traits>&, const std::fisher_f_distribution<_RealType>&)[m[Kâ€™
[5.554s]  2219 |     [01;36m[Koperator[m[K<<(std::basic_ostream<_CharT, _Traits>& __os,
[5.554s]       |     [01;36m[K^~~~~~~~[m[K
[5.554s] [01m[K/usr/include/c++/11/bits/random.tcc:2219:5:[m[K [01;36m[Knote: [m[K  template argument deduction/substitution failed:
[5.554s] [01m[K/home/ubuntu/ros2_ws/src/isaac_sim_demo/src/joint_space.cpp:120:21:[m[K [01;36m[Knote: [m[K  â€˜[01m[Kconst shapes::Box[m[Kâ€™ is not derived from â€˜[01m[Kconst std::fisher_f_distribution<_RealType>[m[Kâ€™
[5.554s]   120 |       std::cout << *[01;36m[Kbox[m[K << std::endl;
[5.554s]       |                     [01;36m[K^~~[m[K
[5.554s] In file included from [01m[K/usr/include/c++/11/random:51[m[K,
[5.554s]                  from [01m[K/usr/include/fcl/math/rng.h:42[m[K,
[5.554s]                  from [01m[K/usr/include/fcl/fcl.h:105[m[K,
[5.554s]                  from [01m[K/home/ubuntu/ros2_ws/src/isaac_sim_demo/src/joint_space.cpp:31[m[K:
[5.554s] [01m[K/usr/include/c++/11/bits/random.tcc:2293:5:[m[K [01;36m[Knote: [m[Kcandidate: â€˜[01m[Ktemplate<class _RealType, class _CharT, class _Traits> std::basic_ostream<_CharT, _Traits>& std::operator<<(std::basic_ostream<_CharT, _Traits>&, const std::student_t_distribution<_RealType>&)[m[Kâ€™
[5.554s]  2293 |     [01;36m[Koperator[m[K<<(std::basic_ostream<_CharT, _Traits>& __os,
[5.554s]       |     [01;36m[K^~~~~~~~[m[K
[5.554s] [01m[K/usr/include/c++/11/bits/random.tcc:2293:5:[m[K [01;36m[Knote: [m[K  template argument deduction/substitution failed:
[5.554s] [01m[K/home/ubuntu/ros2_ws/src/isaac_sim_demo/src/joint_space.cpp:120:21:[m[K [01;36m[Knote: [m[K  â€˜[01m[Kconst shapes::Box[m[Kâ€™ is not derived from â€˜[01m[Kconst std::student_t_distribution<_RealType>[m[Kâ€™
[5.554s]   120 |       std::cout << *[01;36m[Kbox[m[K << std::endl;
[5.554s]       |                     [01;36m[K^~~[m[K
[5.554s] In file included from [01m[K/usr/include/c++/11/random:51[m[K,
[5.554s]                  from [01m[K/usr/include/fcl/math/rng.h:42[m[K,
[5.554s]                  from [01m[K/usr/include/fcl/fcl.h:105[m[K,
[5.554s]                  from [01m[K/home/ubuntu/ros2_ws/src/isaac_sim_demo/src/joint_space.cpp:31[m[K:
[5.554s] [01m[K/usr/include/c++/11/bits/random.tcc:2462:5:[m[K [01;36m[Knote: [m[Kcandidate: â€˜[01m[Ktemplate<class _RealType1, class _CharT, class _Traits> std::basic_ostream<_CharT, _Traits>& std::operator<<(std::basic_ostream<_CharT, _Traits>&, const std::gamma_distribution<_RealType>&)[m[Kâ€™
[5.554s]  2462 |     [01;36m[Koperator[m[K<<(std::basic_ostream<_CharT, _Traits>& __os,
[5.554s]       |     [01;36m[K^~~~~~~~[m[K
[5.554s] [01m[K/usr/include/c++/11/bits/random.tcc:2462:5:[m[K [01;36m[Knote: [m[K  template argument deduction/substitution failed:
[5.554s] [01m[K/home/ubuntu/ros2_ws/src/isaac_sim_demo/src/joint_space.cpp:120:21:[m[K [01;36m[Knote: [m[K  â€˜[01m[Kconst shapes::Box[m[Kâ€™ is not derived from â€˜[01m[Kconst std::gamma_distribution<_RealType>[m[Kâ€™
[5.554s]   120 |       std::cout << *[01;36m[Kbox[m[K << std::endl;
[5.555s]       |                     [01;36m[K^~~[m[K
[5.555s] In file included from [01m[K/usr/include/c++/11/random:51[m[K,
[5.555s]                  from [01m[K/usr/include/fcl/math/rng.h:42[m[K,
[5.555s]                  from [01m[K/usr/include/fcl/fcl.h:105[m[K,
[5.555s]                  from [01m[K/home/ubuntu/ros2_ws/src/isaac_sim_demo/src/joint_space.cpp:31[m[K:
[5.555s] [01m[K/usr/include/c++/11/bits/random.tcc:2748:5:[m[K [01;36m[Knote: [m[Kcandidate: â€˜[01m[Ktemplate<class _IntType, class _CharT, class _Traits> std::basic_ostream<_CharT, _Traits>& std::operator<<(std::basic_ostream<_CharT, _Traits>&, const std::discrete_distribution<_IntType>&)[m[Kâ€™
[5.555s]  2748 |     [01;36m[Koperator[m[K<<(std::basic_ostream<_CharT, _Traits>& __os,
[5.555s]       |     [01;36m[K^~~~~~~~[m[K
[5.555s] [01m[K/usr/include/c++/11/bits/random.tcc:2748:5:[m[K [01;36m[Knote: [m[K  template argument deduction/substitution failed:
[5.555s] [01m[K/home/ubuntu/ros2_ws/src/isaac_sim_demo/src/joint_space.cpp:120:21:[m[K [01;36m[Knote: [m[K  â€˜[01m[Kconst shapes::Box[m[Kâ€™ is not derived from â€˜[01m[Kconst std::discrete_distribution<_IntType>[m[Kâ€™
[5.555s]   120 |       std::cout << *[01;36m[Kbox[m[K << std::endl;
[5.555s]       |                     [01;36m[K^~~[m[K
[5.555s] In file included from [01m[K/usr/include/c++/11/random:51[m[K,
[5.555s]                  from [01m[K/usr/include/fcl/math/rng.h:42[m[K,
[5.555s]                  from [01m[K/usr/include/fcl/fcl.h:105[m[K,
[5.555s]                  from [01m[K/home/ubuntu/ros2_ws/src/isaac_sim_demo/src/joint_space.cpp:31[m[K:
[5.555s] [01m[K/usr/include/c++/11/bits/random.tcc:2970:5:[m[K [01;36m[Knote: [m[Kcandidate: â€˜[01m[Ktemplate<class _RealType, class _CharT, class _Traits> std::basic_ostream<_CharT, _Traits>& std::operator<<(std::basic_ostream<_CharT, _Traits>&, const std::piecewise_constant_distribution<_RealType>&)[m[Kâ€™
[5.555s]  2970 |     [01;36m[Koperator[m[K<<(std::basic_ostream<_CharT, _Traits>& __os,
[5.555s]       |     [01;36m[K^~~~~~~~[m[K
[5.555s] [01m[K/usr/include/c++/11/bits/random.tcc:2970:5:[m[K [01;36m[Knote: [m[K  template argument deduction/substitution failed:
[5.555s] [01m[K/home/ubuntu/ros2_ws/src/isaac_sim_demo/src/joint_space.cpp:120:21:[m[K [01;36m[Knote: [m[K  â€˜[01m[Kconst shapes::Box[m[Kâ€™ is not derived from â€˜[01m[Kconst std::piecewise_constant_distribution<_RealType>[m[Kâ€™
[5.555s]   120 |       std::cout << *[01;36m[Kbox[m[K << std::endl;
[5.555s]       |                     [01;36m[K^~~[m[K
[5.555s] In file included from [01m[K/usr/include/c++/11/random:51[m[K,
[5.555s]                  from [01m[K/usr/include/fcl/math/rng.h:42[m[K,
[5.555s]                  from [01m[K/usr/include/fcl/fcl.h:105[m[K,
[5.555s]                  from [01m[K/home/ubuntu/ros2_ws/src/isaac_sim_demo/src/joint_space.cpp:31[m[K:
[5.555s] [01m[K/usr/include/c++/11/bits/random.tcc:3176:5:[m[K [01;36m[Knote: [m[Kcandidate: â€˜[01m[Ktemplate<class _RealType, class _CharT, class _Traits> std::basic_ostream<_CharT, _Traits>& std::operator<<(std::basic_ostream<_CharT, _Traits>&, const std::piecewise_linear_distribution<_RealType>&)[m[Kâ€™
[5.555s]  3176 |     [01;36m[Koperator[m[K<<(std::basic_ostream<_CharT, _Traits>& __os,
[5.555s]       |     [01;36m[K^~~~~~~~[m[K
[5.555s] [01m[K/usr/include/c++/11/bits/random.tcc:3176:5:[m[K [01;36m[Knote: [m[K  template argument deduction/substitution failed:
[5.555s] [01m[K/home/ubuntu/ros2_ws/src/isaac_sim_demo/src/joint_space.cpp:120:21:[m[K [01;36m[Knote: [m[K  â€˜[01m[Kconst shapes::Box[m[Kâ€™ is not derived from â€˜[01m[Kconst std::piecewise_linear_distribution<_RealType>[m[Kâ€™
[5.555s]   120 |       std::cout << *[01;36m[Kbox[m[K << std::endl;
[5.555s]       |                     [01;36m[K^~~[m[K
[5.555s] In file included from [01m[K/opt/ros/humble/include/geometric_shapes/bodies.h:36[m[K,
[5.555s]                  from [01m[K/home/ubuntu/ros2_ws/install/moveit_core/include/moveit/kinematic_constraints/kinematic_constraint.h:45[m[K,
[5.555s]                  from [01m[K/home/ubuntu/ros2_ws/install/moveit_core/include/moveit/planning_scene/planning_scene.h:45[m[K,
[5.556s]                  from [01m[K/home/ubuntu/ros2_ws/install/moveit_core/include/moveit/planning_request_adapter/planning_request_adapter.h:41[m[K,
[5.556s]                  from [01m[K/home/ubuntu/ros2_ws/install/moveit_ros_planning/include/moveit/planning_pipeline/planning_pipeline.h:40[m[K,
[5.556s]                  from [01m[K/home/ubuntu/ros2_ws/src/isaac_sim_demo/src/joint_space.cpp:8[m[K:
[5.556s] [01m[K/opt/ros/humble/include/geometric_shapes/shapes.h:64:15:[m[K [01;36m[Knote: [m[Kcandidate: â€˜[01m[Kstd::ostream& shapes::operator<<(std::ostream&, shapes::ShapeType)[m[Kâ€™
[5.556s]    64 | std::ostream& [01;36m[Koperator[m[K<<(std::ostream& ss, ShapeType type);
[5.556s]       |               [01;36m[K^~~~~~~~[m[K
[5.556s] [01m[K/opt/ros/humble/include/geometric_shapes/shapes.h:64:54:[m[K [01;36m[Knote: [m[K  no known conversion for argument 2 from â€˜[01m[Kconst shapes::Box[m[Kâ€™ to â€˜[01m[Kshapes::ShapeType[m[Kâ€™
[5.556s]    64 | std::ostream& operator<<(std::ostream& ss, [01;36m[KShapeType type[m[K);
[5.556s]       |                                            [01;36m[K~~~~~~~~~~^~~~[m[K
[8.193s] gmake[2]: *** [CMakeFiles/joint_space.dir/build.make:76: CMakeFiles/joint_space.dir/src/joint_space.cpp.o] Error 1
[8.194s] gmake[1]: *** [CMakeFiles/Makefile2:339: CMakeFiles/joint_space.dir/all] Error 2
[8.194s] gmake: *** [Makefile:146: all] Error 2
[8.196s] Invoked command in '/home/ubuntu/ros2_ws/build/isaac_sim_demo' returned '2': AMENT_PREFIX_PATH=/home/ubuntu/ros2_ws/install/moveit_configs_utils:/home/ubuntu/ros2_ws/install/launch_param_builder:/home/ubuntu/ros2_ws/install/prismatic_moveit_config:/home/ubuntu/ros2_ws/install/test_moveit_config:/home/ubuntu/ros2_ws/install/pilz_industrial_motion_planner_testutils:/home/ubuntu/ros2_ws/install/moveit_runtime:/home/ubuntu/ros2_ws/install/moveit2_tutorials:/home/ubuntu/ros2_ws/install/moveit:/home/ubuntu/ros2_ws/install/isaac_twin_moveit_config:/home/ubuntu/ros2_ws/install/four_drone_demo:/home/ubuntu/ros2_ws/install/floating_moveit_config:/home/ubuntu/ros2_ws/install/chain_moveit_config:/home/ubuntu/ros2_ws/install/4_drone_demo:/home/ubuntu/ros2_ws/install/isaac_sim_demo:/home/ubuntu/ros2_ws/install/moveit_planners:/home/ubuntu/ros2_ws/install/pilz_industrial_motion_planner:/home/ubuntu/ros2_ws/install/pick_ik:/home/ubuntu/ros2_ws/install/moveit_visual_tools:/home/ubuntu/ros2_ws/install/moveit_task_constructor_visualization:/home/ubuntu/ros2_ws/install/moveit_task_constructor_demo:/home/ubuntu/ros2_ws/install/moveit_task_constructor_capabilities:/home/ubuntu/ros2_ws/install/moveit_task_constructor_core:/home/ubuntu/ros2_ws/install/moveit_ros_control_interface:/home/ubuntu/ros2_ws/install/moveit_plugins:/home/ubuntu/ros2_ws/install/moveit_simple_controller_manager:/home/ubuntu/ros2_ws/install/moveit_setup_assistant:/home/ubuntu/ros2_ws/install/moveit_setup_srdf_plugins:/home/ubuntu/ros2_ws/install/moveit_setup_core_plugins:/home/ubuntu/ros2_ws/install/moveit_setup_controllers:/home/ubuntu/ros2_ws/install/moveit_setup_app_plugins:/home/ubuntu/ros2_ws/install/moveit_setup_framework:/home/ubuntu/ros2_ws/install/moveit_servo:/home/ubuntu/ros2_ws/install/moveit_ros:/home/ubuntu/ros2_ws/install/moveit_ros_visualization:/home/ubuntu/ros2_ws/install/moveit_hybrid_planning:/home/ubuntu/ros2_ws/install/moveit_ros_planning_interface:/home/ubuntu/ros2_ws/install/moveit_ros_benchmarks:/home/ubuntu/ros2_ws/install/moveit_ros_warehouse:/home/ubuntu/ros2_ws/install/moveit_ros_robot_interaction:/home/ubuntu/ros2_ws/install/moveit_ros_perception:/home/ubuntu/ros2_ws/install/moveit_resources_prbt_pg70_support:/home/ubuntu/ros2_ws/install/moveit_resources_prbt_moveit_config:/home/ubuntu/ros2_ws/install/moveit_ros_move_group:/home/ubuntu/ros2_ws/install/moveit_planners_ompl:/home/ubuntu/ros2_ws/install/moveit_ros_planning:/home/ubuntu/ros2_ws/install/moveit_ros_occupancy_map_monitor:/home/ubuntu/ros2_ws/install/moveit_resources_prbt_ikfast_manipulator_plugin:/home/ubuntu/ros2_ws/install/moveit_planners_chomp:/home/ubuntu/ros2_ws/install/moveit_kinematics:/home/ubuntu/ros2_ws/install/moveit_chomp_optimizer_adapter:/home/ubuntu/ros2_ws/install/chomp_motion_planner:/home/ubuntu/ros2_ws/install/moveit_core:/home/ubuntu/ros2_ws/install/srdfdom:/home/ubuntu/ros2_ws/install/rviz_marker_tools:/home/ubuntu/ros2_ws/install/rosparam_shortcuts:/home/ubuntu/ros2_ws/install/moveit_task_constructor_msgs:/home/ubuntu/ros2_ws/install/moveit_resources_prbt_support:/home/ubuntu/ros2_ws/install/moveit_resources:/home/ubuntu/ros2_ws/install/moveit_resources_pr2_description:/home/ubuntu/ros2_ws/install/moveit_resources_panda_moveit_config:/home/ubuntu/ros2_ws/install/moveit_resources_panda_description:/home/ubuntu/ros2_ws/install/moveit_resources_fanuc_moveit_config:/home/ubuntu/ros2_ws/install/moveit_resources_fanuc_description:/home/ubuntu/ros2_ws/install/moveit_common:/home/ubuntu/ros2_ws/install/custom_interfaces:/opt/ros/humble CMAKE_PREFIX_PATH=/home/ubuntu/ros2_ws/install/moveit_setup_assistant:/home/ubuntu/ros2_ws/install/moveit_setup_srdf_plugins:/home/ubuntu/ros2_ws/install/moveit_setup_core_plugins:/home/ubuntu/ros2_ws/install/moveit_setup_controllers:/home/ubuntu/ros2_ws/install/moveit_setup_app_plugins:/home/ubuntu/ros2_ws/install/moveit_planners:/home/ubuntu/ros2_ws/install/pilz_industrial_motion_planner:/home/ubuntu/ros2_ws/install/moveit_setup_framework:/home/ubuntu/ros2_ws/install/moveit_ros_visualization:/home/ubuntu/ros2_ws/install/moveit_resources_prbt_pg70_support:/home/ubuntu/ros2_ws/install/moveit_ros_planning_interface:/home/ubuntu/ros2_ws/install/moveit_resources_prbt_moveit_config:/home/ubuntu/ros2_ws/install/moveit_ros_move_group:/home/ubuntu/ros2_ws/install/moveit_visual_tools:/home/ubuntu/ros2_ws/install/moveit_ros_warehouse:/home/ubuntu/ros2_ws/install/moveit_ros_robot_interaction:/home/ubuntu/ros2_ws/install/moveit_planners_ompl:/home/ubuntu/ros2_ws/install/moveit_kinematics:/home/ubuntu/ros2_ws/install/moveit_ros_planning:/home/ubuntu/ros2_ws/install/pilz_industrial_motion_planner_testutils:/home/ubuntu/ros2_ws/install/moveit_simple_controller_manager:/home/ubuntu/ros2_ws/install/moveit_ros_occupancy_map_monitor:/home/ubuntu/ros2_ws/install/moveit_resources_prbt_ikfast_manipulator_plugin:/home/ubuntu/ros2_ws/install/moveit_core:/home/ubuntu/ros2_ws/install/moveit_resources_panda_moveit_config:/home/ubuntu/ros2_ws/install/moveit_resources_fanuc_moveit_config:/home/ubuntu/ros2_ws/install/srdfdom:/home/ubuntu/ros2_ws/install/moveit_resources_prbt_support:/home/ubuntu/ros2_ws/install/moveit_resources_pr2_description:/home/ubuntu/ros2_ws/install/moveit_resources_panda_description:/home/ubuntu/ros2_ws/install/moveit_resources_fanuc_description:/home/ubuntu/ros2_ws/install/moveit_common:/home/ubuntu/ros2_ws/install/custom_interfaces:/home/ubuntu/ros2_ws/install/prismatic_moveit_config:/home/ubuntu/ros2_ws/install/test_moveit_config:/home/ubuntu/ros2_ws/install/moveit_runtime:/home/ubuntu/ros2_ws/install/moveit2_tutorials:/home/ubuntu/ros2_ws/install/moveit:/home/ubuntu/ros2_ws/install/isaac_twin_moveit_config:/home/ubuntu/ros2_ws/install/four_drone_demo:/home/ubuntu/ros2_ws/install/floating_moveit_config:/home/ubuntu/ros2_ws/install/chain_moveit_config:/home/ubuntu/ros2_ws/install/4_drone_demo:/home/ubuntu/ros2_ws/install/isaac_sim_demo:/home/ubuntu/ros2_ws/install/pick_ik:/home/ubuntu/ros2_ws/install/moveit_task_constructor_visualization:/home/ubuntu/ros2_ws/install/moveit_task_constructor_demo:/home/ubuntu/ros2_ws/install/moveit_task_constructor_capabilities:/home/ubuntu/ros2_ws/install/moveit_task_constructor_core:/home/ubuntu/ros2_ws/install/moveit_ros_control_interface:/home/ubuntu/ros2_ws/install/moveit_plugins:/home/ubuntu/ros2_ws/install/moveit_servo:/home/ubuntu/ros2_ws/install/moveit_ros:/home/ubuntu/ros2_ws/install/moveit_hybrid_planning:/home/ubuntu/ros2_ws/install/moveit_ros_benchmarks:/home/ubuntu/ros2_ws/install/moveit_ros_perception:/home/ubuntu/ros2_ws/install/moveit_planners_chomp:/home/ubuntu/ros2_ws/install/moveit_chomp_optimizer_adapter:/home/ubuntu/ros2_ws/install/chomp_motion_planner:/home/ubuntu/ros2_ws/install/rviz_marker_tools:/home/ubuntu/ros2_ws/install/rosparam_shortcuts:/home/ubuntu/ros2_ws/install/moveit_task_constructor_msgs:/home/ubuntu/ros2_ws/install/moveit_resources:/home/ubuntu/ros2_ws/install/moveit_configs_utils:/home/ubuntu/ros2_ws/install/launch_param_builder:/opt/ros/humble LD_LIBRARY_PATH=/home/ubuntu/ros2_ws/install/moveit_setup_srdf_plugins/lib:/home/ubuntu/ros2_ws/install/moveit_setup_core_plugins/lib:/home/ubuntu/ros2_ws/install/moveit_setup_controllers/lib:/home/ubuntu/ros2_ws/install/moveit_setup_app_plugins/lib:/home/ubuntu/ros2_ws/install/pilz_industrial_motion_planner/lib:/home/ubuntu/ros2_ws/install/moveit_setup_framework/lib:/home/ubuntu/ros2_ws/install/moveit_ros_visualization/lib:/home/ubuntu/ros2_ws/install/moveit_ros_planning_interface/lib:/home/ubuntu/ros2_ws/install/moveit_ros_move_group/lib:/home/ubuntu/ros2_ws/install/moveit_visual_tools/lib:/home/ubuntu/ros2_ws/install/moveit_ros_warehouse/lib:/home/ubuntu/ros2_ws/install/moveit_ros_robot_interaction/lib:/home/ubuntu/ros2_ws/install/moveit_planners_ompl/lib:/home/ubuntu/ros2_ws/install/moveit_kinematics/lib:/home/ubuntu/ros2_ws/install/moveit_ros_planning/lib:/home/ubuntu/ros2_ws/install/pilz_industrial_motion_planner_testutils/lib:/home/ubuntu/ros2_ws/install/moveit_simple_controller_manager/lib:/home/ubuntu/ros2_ws/install/moveit_ros_occupancy_map_monitor/lib:/home/ubuntu/ros2_ws/install/moveit_resources_prbt_ikfast_manipulator_plugin/lib:/home/ubuntu/ros2_ws/install/moveit_core/lib:/home/ubuntu/ros2_ws/install/srdfdom/lib:/home/ubuntu/ros2_ws/install/custom_interfaces/lib:/home/ubuntu/ros2_ws/install/pick_ik/lib:/home/ubuntu/ros2_ws/install/moveit_task_constructor_visualization/lib:/home/ubuntu/ros2_ws/install/moveit_task_constructor_demo/lib:/home/ubuntu/ros2_ws/install/moveit_task_constructor_capabilities/lib:/home/ubuntu/ros2_ws/install/moveit_task_constructor_core/lib:/home/ubuntu/ros2_ws/install/moveit_ros_control_interface/lib:/home/ubuntu/ros2_ws/install/moveit_setup_assistant/lib:/home/ubuntu/ros2_ws/install/moveit_servo/lib:/home/ubuntu/ros2_ws/install/moveit_hybrid_planning/lib:/home/ubuntu/ros2_ws/install/moveit_ros_benchmarks/lib:/home/ubuntu/ros2_ws/install/moveit_ros_perception/lib:/home/ubuntu/ros2_ws/install/moveit_planners_chomp/lib:/home/ubuntu/ros2_ws/install/moveit_chomp_optimizer_adapter/lib:/home/ubuntu/ros2_ws/install/chomp_motion_planner/lib:/home/ubuntu/ros2_ws/install/rviz_marker_tools/lib:/home/ubuntu/ros2_ws/install/rosparam_shortcuts/lib:/home/ubuntu/ros2_ws/install/moveit_task_constructor_msgs/lib:/opt/ros/humble/opt/rviz_ogre_vendor/lib:/opt/ros/humble/lib/x86_64-linux-gnu:/opt/ros/humble/lib PYTHONPATH=/home/ubuntu/ros2_ws/install/moveit_configs_utils/lib/python3.10/site-packages:/home/ubuntu/ros2_ws/install/launch_param_builder/lib/python3.10/site-packages:/home/ubuntu/ros2_ws/install/srdfdom/local/lib/python3.10/dist-packages:/home/ubuntu/ros2_ws/install/moveit_task_constructor_msgs/local/lib/python3.10/dist-packages:/home/ubuntu/ros2_ws/install/custom_interfaces/local/lib/python3.10/dist-packages:/opt/ros/humble/lib/python3.10/site-packages:/opt/ros/humble/local/lib/python3.10/dist-packages /usr/bin/cmake --build /home/ubuntu/ros2_ws/build/isaac_sim_demo -- -j24 -l24
