[35m[1mConsolidate compiler generated dependencies of target spawn_scene[0m
[35m[1mConsolidate compiler generated dependencies of target cpp_demo[0m
[ 20%] Built target tf_to_pos_node
[ 20%] Built target StateSubscriber_node
[ 30%] Built target visualization_node
[ 40%] Built target markers_node
[ 50%] Built target isaac_sim_demo_library
[ 60%] Built target moveit_test_node
[ 65%] [32mBuilding CXX object CMakeFiles/spawn_scene.dir/src/spawn_scene.cpp.o[0m
[ 70%] [32mBuilding CXX object CMakeFiles/cpp_demo.dir/src/cpp_int.cpp.o[0m
[ 90%] Built target ompl_controller_node
[ 90%] Built target ompl_lifecycle
[01m[K/home/ubuntu/ros2_ws/src/isaac_sim_demo/src/cpp_int.cpp:[m[K In function â€˜[01m[Kint main(int, char**)[m[Kâ€™:
[01m[K/home/ubuntu/ros2_ws/src/isaac_sim_demo/src/cpp_int.cpp:77:66:[m[K [01;31m[Kerror: [m[Kexpected â€˜[01m[K;[m[Kâ€™ before â€˜[01m[Ksize_t[m[Kâ€™
   77 |               planning_scene.usePlanningSceneMsg(response->scene)
      |                                                                  [01;31m[K^[m[K
      |                                                                  [32m[K;[m[K
......
   83 |               [32m[Ksize_t[m[K num_world_objects = response->scene.world.collision_objects.size();
      |               [32m[K~~~~~~[m[K                                              
In file included from [01m[K/opt/ros/humble/include/pluginlib/pluginlib/class_loader_imp.hpp:57[m[K,
                 from [01m[K/opt/ros/humble/include/pluginlib/pluginlib/class_loader.hpp:334[m[K,
                 from [01m[K/home/ubuntu/ros2_ws/src/isaac_sim_demo/src/cpp_int.cpp:1[m[K:
[01m[K/home/ubuntu/ros2_ws/src/isaac_sim_demo/src/cpp_int.cpp:84:96:[m[K [01;31m[Kerror: [m[Kâ€˜[01m[Knum_world_objects[m[Kâ€™ was not declared in this scope
   84 |               RCLCPP_INFO(node->get_logger(), "Number of collision objects in the scene: %ld", [01;31m[Knum_world_objects[m[K);
      |                                                                                                [01;31m[K^~~~~~~~~~~~~~~~~[m[K
[01m[K/home/ubuntu/ros2_ws/src/isaac_sim_demo/src/cpp_int.cpp:119:51:[m[K [01;31m[Kerror: [m[Kqualified-id in declaration before â€˜[01m[K([m[Kâ€™ token
  119 |   bool planning_scene::PlanningScene::isStateValid[01;31m[K([m[Krobot_state,joint_model_group);
      |                                                   [01;31m[K^[m[K
[01m[K/home/ubuntu/ros2_ws/src/isaac_sim_demo/src/cpp_int.cpp:142:23:[m[K [01;31m[Kerror: [m[Kredeclaration of â€˜[01m[Kstd::vector<double> joint_values[m[Kâ€™
  142 |   std::vector<double> [01;31m[Kjoint_values[m[K;
      |                       [01;31m[K^~~~~~~~~~~~[m[K
[01m[K/home/ubuntu/ros2_ws/src/isaac_sim_demo/src/cpp_int.cpp:42:23:[m[K [01;36m[Knote: [m[Kâ€˜[01m[Kstd::vector<double> joint_values[m[Kâ€™ previously declared here
   42 |   std::vector<double> [01;36m[Kjoint_values[m[K;
      |                       [01;36m[K^~~~~~~~~~~~[m[K
gmake[2]: *** [CMakeFiles/cpp_demo.dir/build.make:76: CMakeFiles/cpp_demo.dir/src/cpp_int.cpp.o] Error 1
gmake[1]: *** [CMakeFiles/Makefile2:337: CMakeFiles/cpp_demo.dir/all] Error 2
gmake[1]: *** Waiting for unfinished jobs....
[ 95%] [32m[1mLinking CXX executable spawn_scene[0m
[ 95%] Built target spawn_scene
gmake: *** [Makefile:146: all] Error 2
