[35m[1mConsolidate compiler generated dependencies of target spawn_scene[0m
[35m[1mConsolidate compiler generated dependencies of target cpp_demo[0m
[ 10%] Built target markers_node
[ 20%] Built target StateSubscriber_node
[ 30%] Built target tf_to_pos_node
[ 40%] Built target visualization_node
[ 45%] [32mBuilding CXX object CMakeFiles/isaac_sim_demo_library.dir/src/RRT_controller.cpp.o[0m
[ 55%] Built target moveit_test_node
[ 65%] Built target spawn_scene
[ 75%] Built target cpp_demo
[01m[K/home/ubuntu/ros2_ws/src/isaac_sim_demo/src/RRT_controller.cpp:[m[K In member function â€˜[01m[Kompl::geometric::SimpleSetup RRT_controller::ompl_controller::configure(std::vector<double, std::allocator<double> >, std::vector<double, std::allocator<double> >)[m[Kâ€™:
[01m[K/home/ubuntu/ros2_ws/src/isaac_sim_demo/src/RRT_controller.cpp:140:45:[m[K [01;31m[Kerror: [m[Kexpected â€˜[01m[K;[m[Kâ€™ before â€˜[01m[Kss[m[Kâ€™
  140 |     ss.setStateValidityChecker(isStateValid)
      |                                             [01;31m[K^[m[K
      |                                             [32m[K;[m[K
  141 |     [32m[Kss[m[K.setStartAndGoalStates(start, goal);
      |     [32m[K~~[m[K                                       
gmake[2]: *** [CMakeFiles/isaac_sim_demo_library.dir/build.make:76: CMakeFiles/isaac_sim_demo_library.dir/src/RRT_controller.cpp.o] Error 1
gmake[1]: *** [CMakeFiles/Makefile2:155: CMakeFiles/isaac_sim_demo_library.dir/all] Error 2
gmake: *** [Makefile:146: all] Error 2
