[01m[K/home/ubuntu/ros2_ws/src/isaac_sim_demo/src/joint_space.cpp:[m[K In lambda function:
[01m[K/home/ubuntu/ros2_ws/src/isaac_sim_demo/src/joint_space.cpp:108:64:[m[K [01;31m[Kerror: [m[Krequest for member â€˜[01m[KgetGlobalLinkTransform[m[Kâ€™ in â€˜[01m[Krobot_state[m[Kâ€™, which is of pointer type â€˜[01m[Kmoveit::core::RobotState*[m[Kâ€™ (maybe you meant to use â€˜[01m[K->[m[Kâ€™ ?)
  108 |     const Eigen::Isometry3d& end_effector_state = *robot_state.[01;31m[KgetGlobalLinkTransform[m[K("Drone4");
      |                                                                [01;31m[K^~~~~~~~~~~~~~~~~~~~~~[m[K
[01m[K/home/ubuntu/ros2_ws/src/isaac_sim_demo/src/joint_space.cpp:[m[K In function â€˜[01m[Kint main(int, char**)[m[Kâ€™:
[01m[K/home/ubuntu/ros2_ws/src/isaac_sim_demo/src/joint_space.cpp:130:24:[m[K [01;31m[Kerror: [m[Kâ€˜[01m[Kend_effector_state[m[Kâ€™ was not declared in this scope
  130 |   ee_pose.position.x = [01;31m[Kend_effector_state[m[K.translation().x();
      |                        [01;31m[K^~~~~~~~~~~~~~~~~~[m[K
gmake[2]: *** [CMakeFiles/joint_space.dir/build.make:76: CMakeFiles/joint_space.dir/src/joint_space.cpp.o] Error 1
gmake[1]: *** [CMakeFiles/Makefile2:339: CMakeFiles/joint_space.dir/all] Error 2
gmake: *** [Makefile:146: all] Error 2
