[35m[1mConsolidate compiler generated dependencies of target joint_space[0m
[  9%] Built target StateSubscriber_node
[ 18%] Built target markers_node
[ 27%] Built target visualization_node
[ 36%] Built target tf_to_pos_node
[ 45%] Built target isaac_sim_demo_library
[ 54%] Built target cartesian
[ 63%] Built target moveit_test_node
[ 72%] Built target spawn_scene
[ 77%] [32mBuilding CXX object CMakeFiles/joint_space.dir/src/joint_space.cpp.o[0m
[ 86%] Built target ompl_controller_node
[ 95%] Built target ompl_lifecycle
[01m[K/home/ubuntu/ros2_ws/src/isaac_sim_demo/src/joint_space.cpp:[m[K In function â€˜[01m[Kvoid configure_bullet(std::shared_ptr<planning_scene::PlanningScene>, moveit::core::RobotState&)[m[Kâ€™:
[01m[K/home/ubuntu/ros2_ws/src/isaac_sim_demo/src/joint_space.cpp:117:3:[m[K [01;31m[Kerror: [m[Kexpected â€˜[01m[K,[m[Kâ€™ or â€˜[01m[K;[m[Kâ€™ before â€˜[01m[KbtCollisionShape[m[Kâ€™
  117 |   [01;31m[KbtCollisionShape[m[K* boxShape = new btBoxShape(btVector3(5, 0.25, 1));  // Box size (1x1x1)
      |   [01;31m[K^~~~~~~~~~~~~~~~[m[K
[01m[K/home/ubuntu/ros2_ws/src/isaac_sim_demo/src/joint_space.cpp:119:78:[m[K [01;31m[Kerror: [m[Kâ€˜[01m[KboxShape[m[Kâ€™ was not declared in this scope; did you mean â€˜[01m[KbtBoxShape[m[Kâ€™?
  119 |   btRigidBody::btRigidBodyConstructionInfo boxRigidBodyCI(0, boxMotionState, [01;31m[KboxShape[m[K, btVector3(0, 0, 0));
      |                                                                              [01;31m[K^~~~~~~~[m[K
      |                                                                              [32m[KbtBoxShape[m[K
gmake[2]: *** [CMakeFiles/joint_space.dir/build.make:76: CMakeFiles/joint_space.dir/src/joint_space.cpp.o] Error 1
gmake[1]: *** [CMakeFiles/Makefile2:339: CMakeFiles/joint_space.dir/all] Error 2
gmake: *** [Makefile:146: all] Error 2
