[ 12%] Built target StateSubscriber_node
[ 25%] Built target markers_node
[ 37%] Built target visualization_node
[ 43%] [32mBuilding CXX object CMakeFiles/tf_to_pos_node.dir/src/tf_to_pos.cpp.o[0m
[ 68%] Built target isaac_sim_demo_library
[ 68%] Built target moveit_test
[ 87%] Built target ompl_lifecycle
[ 87%] [32mBuilding CXX object CMakeFiles/ompl_controller_node.dir/src/ompl_controller_node.cpp.o[0m
[01m[K/home/ubuntu/ros2_ws/src/isaac_sim_demo/src/tf_to_pos.cpp:[m[K In member function â€˜[01m[Kvoid TransformListenerNode::timer_callback()[m[Kâ€™:
[01m[K/home/ubuntu/ros2_ws/src/isaac_sim_demo/src/tf_to_pos.cpp:29:35:[m[K [01;31m[Kerror: [m[Kâ€˜[01m[Kquadrotor_frame[m[Kâ€™ was not declared in this scope
   29 |         publish_pose("base_link", [01;31m[Kquadrotor_frame[m[K, pub_drone);
      |                                   [01;31m[K^~~~~~~~~~~~~~~[m[K
gmake[2]: *** [CMakeFiles/tf_to_pos_node.dir/build.make:76: CMakeFiles/tf_to_pos_node.dir/src/tf_to_pos.cpp.o] Error 1
gmake[1]: *** [CMakeFiles/Makefile2:281: CMakeFiles/tf_to_pos_node.dir/all] Error 2
gmake[1]: *** Waiting for unfinished jobs....
[ 93%] [32m[1mLinking CXX executable ompl_controller_node[0m
[ 93%] Built target ompl_controller_node
gmake: *** [Makefile:146: all] Error 2
