[01m[K/home/ubuntu/ros2_ws/src/isaac_sim_demo/src/joint_space.cpp:[m[K In function â€˜[01m[Kint main(int, char**)[m[Kâ€™:
[01m[K/home/ubuntu/ros2_ws/src/isaac_sim_demo/src/joint_space.cpp:347:36:[m[K [01;31m[Kerror: [m[Kâ€˜[01m[Ksampled_robot_state[m[Kâ€™ was not declared in this scope
  347 |       }
      |                                    [01;31m[K^[m[K                  
[01m[K/home/ubuntu/ros2_ws/src/isaac_sim_demo/src/joint_space.cpp:355:51:[m[K [01;31m[Kerror: [m[Kâ€˜[01m[Kjoint_group[m[Kâ€™ was not declared in this scope; did you mean â€˜[01m[Kjoint_goal[m[Kâ€™?
  355 |     const std::vector<double>& joint_values1 = sam[01;31m[Kpled_robot_[m[Kstate.getVariablePositions();
      |                                                   [01;31m[K^~~~~~~~~~~[m[K
      |                                                   [32m[Kjoint_goal[m[K
gmake[2]: *** [CMakeFiles/joint_space.dir/build.make:76: CMakeFiles/joint_space.dir/src/joint_space.cpp.o] Error 1
gmake[1]: *** [CMakeFiles/Makefile2:339: CMakeFiles/joint_space.dir/all] Error 2
gmake: *** [Makefile:146: all] Error 2
