[01m[K/home/ubuntu/ros2_ws/src/isaac_sim_demo/src/joint_space.cpp:[m[K In function â€˜[01m[Kint main(int, char**)[m[Kâ€™:
[01m[K/home/ubuntu/ros2_ws/src/isaac_sim_demo/src/joint_space.cpp:277:57:[m[K [01;31m[Kerror: [m[Kâ€˜[01m[Kclass moveit::core::RobotState[m[Kâ€™ has no member named â€˜[01m[KgetLinkFrame[m[Kâ€™
  277 |       moveit::core::Transforms transforms = robot_state.[01;31m[KgetLinkFrame[m[K("Drone4");
      |                                                         [01;31m[K^~~~~~~~~~~~[m[K
[01m[K/home/ubuntu/ros2_ws/src/isaac_sim_demo/src/joint_space.cpp:278:40:[m[K [01;31m[Kerror: [m[Kâ€˜[01m[Kvisibility_constraint[m[Kâ€™ was not declared in this scope
  278 |       vis_constraint_checker.configure([01;31m[Kvisibility_constraint[m[K, );
      |                                        [01;31m[K^~~~~~~~~~~~~~~~~~~~~[m[K
[01m[K/home/ubuntu/ros2_ws/src/isaac_sim_demo/src/joint_space.cpp:278:63:[m[K [01;31m[Kerror: [m[Kexpected primary-expression before â€˜[01m[K)[m[Kâ€™ token
  278 |       vis_constraint_checker.configure(visibility_constraint, [01;31m[K)[m[K;
      |                                                               [01;31m[K^[m[K
gmake[2]: *** [CMakeFiles/joint_space.dir/build.make:76: CMakeFiles/joint_space.dir/src/joint_space.cpp.o] Error 1
gmake[1]: *** [CMakeFiles/Makefile2:339: CMakeFiles/joint_space.dir/all] Error 2
gmake: *** [Makefile:146: all] Error 2
