[35m[1mConsolidate compiler generated dependencies of target moveit_test_node[0m
[ 10%] Built target StateSubscriber_node
[ 20%] Built target markers_node
[ 30%] Built target tf_to_pos_node
[ 40%] Built target visualization_node
[ 50%] Built target spawn_scene
[ 60%] Built target isaac_sim_demo_library
[ 65%] [32mBuilding CXX object CMakeFiles/cpp_demo.dir/src/cpp_int.cpp.o[0m
[ 75%] Built target moveit_test_node
[ 95%] Built target ompl_controller_node
[ 95%] Built target ompl_lifecycle
[01m[K/home/ubuntu/ros2_ws/src/isaac_sim_demo/src/cpp_int.cpp:[m[K In function â€˜[01m[Kint main(int, char**)[m[Kâ€™:
[01m[K/home/ubuntu/ros2_ws/src/isaac_sim_demo/src/cpp_int.cpp:107:60:[m[K [01;31m[Kerror: [m[Kbase operand of â€˜[01m[K->[m[Kâ€™ has non-pointer type â€˜[01m[Kmoveit::core::RobotState[m[Kâ€™
  107 |   const Eigen::Isometry3d& end_effector_state = robot_state[01;31m[K->[m[KgetGlobalLinkTransform("Drone4");
      |                                                            [01;31m[K^~[m[K
[01m[K/home/ubuntu/ros2_ws/src/isaac_sim_demo/src/cpp_int.cpp:113:30:[m[K [01;31m[Kerror: [m[Kbase operand of â€˜[01m[K->[m[Kâ€™ has non-pointer type â€˜[01m[Kmoveit::core::RobotState[m[Kâ€™
  113 |   bool found_ik = robot_state[01;31m[K->[m[KsetFromIK(joint_model_group, new_transform, timeout);
      |                              [01;31m[K^~[m[K
[01m[K/home/ubuntu/ros2_ws/src/isaac_sim_demo/src/cpp_int.cpp:115:51:[m[K [01;31m[Kerror: [m[Kqualified-id in declaration before â€˜[01m[K([m[Kâ€™ token
  115 |   bool planning_scene::PlanningScene::isStateValid[01;31m[K([m[Krobot_state,joint_model_group)
      |                                                   [01;31m[K^[m[K
[01m[K/home/ubuntu/ros2_ws/src/isaac_sim_demo/src/cpp_int.cpp:125:3:[m[K [01;31m[Kerror: [m[Kâ€˜[01m[Kelse[m[Kâ€™ without a previous â€˜[01m[Kif[m[Kâ€™
  125 |   [01;31m[Kelse[m[K
      |   [01;31m[K^~~~[m[K
[01m[K/home/ubuntu/ros2_ws/src/isaac_sim_demo/src/cpp_int.cpp:113:8:[m[K [01;35m[Kwarning: [m[Kunused variable â€˜[01m[Kfound_ik[m[Kâ€™ [[01;35m[K]8;;https://gcc.gnu.org/onlinedocs/gcc/Warning-Options.html#index-Wunused-variable-Wunused-variable]8;;[m[K]
  113 |   bool [01;35m[Kfound_ik[m[K = robot_state->setFromIK(joint_model_group, new_transform, timeout);
      |        [01;35m[K^~~~~~~~[m[K
gmake[2]: *** [CMakeFiles/cpp_demo.dir/build.make:76: CMakeFiles/cpp_demo.dir/src/cpp_int.cpp.o] Error 1
gmake[1]: *** [CMakeFiles/Makefile2:337: CMakeFiles/cpp_demo.dir/all] Error 2
gmake: *** [Makefile:146: all] Error 2
