[35m[1mConsolidate compiler generated dependencies of target moveit_test_node[0m
[35m[1mConsolidate compiler generated dependencies of target cpp_demo[0m
[ 10%] Built target tf_to_pos_node
[ 30%] Built target visualization_node
[ 30%] Built target markers_node
[ 40%] Built target StateSubscriber_node
[ 50%] Built target isaac_sim_demo_library
[ 60%] Built target spawn_scene
[ 65%] [32mBuilding CXX object CMakeFiles/moveit_test_node.dir/src/moveit_demo.cpp.o[0m
[ 70%] [32mBuilding CXX object CMakeFiles/cpp_demo.dir/src/cpp_int.cpp.o[0m
[ 90%] Built target ompl_lifecycle
[ 90%] Built target ompl_controller_node
[01m[K/home/ubuntu/ros2_ws/src/isaac_sim_demo/src/moveit_demo.cpp:[m[K In function â€˜[01m[Kint main(int, char**)[m[Kâ€™:
[01m[K/home/ubuntu/ros2_ws/src/isaac_sim_demo/src/moveit_demo.cpp:78:60:[m[K [01;31m[Kerror: [m[Kbase operand of â€˜[01m[K->[m[Kâ€™ has non-pointer type â€˜[01m[Kmoveit::core::RobotState[m[Kâ€™
   78 |   const Eigen::Isometry3d& end_effector_state = start_state[01;31m[K->[m[KgetGlobalLinkTransform("Drone4");
      |                                                            [01;31m[K^~[m[K
[01m[K/home/ubuntu/ros2_ws/src/isaac_sim_demo/src/moveit_demo.cpp:78:28:[m[K [01;35m[Kwarning: [m[Kunused variable â€˜[01m[Kend_effector_state[m[Kâ€™ [[01;35m[K]8;;https://gcc.gnu.org/onlinedocs/gcc/Warning-Options.html#index-Wunused-variable-Wunused-variable]8;;[m[K]
   78 |   const Eigen::Isometry3d& [01;35m[Kend_effector_state[m[K = start_state->getGlobalLinkTransform("Drone4");
      |                            [01;35m[K^~~~~~~~~~~~~~~~~~[m[K
gmake[2]: *** [CMakeFiles/moveit_test_node.dir/build.make:76: CMakeFiles/moveit_test_node.dir/src/moveit_demo.cpp.o] Error 1
gmake[1]: *** [CMakeFiles/Makefile2:311: CMakeFiles/moveit_test_node.dir/all] Error 2
gmake[1]: *** Waiting for unfinished jobs....
[ 95%] [32m[1mLinking CXX executable cpp_demo[0m
[ 95%] Built target cpp_demo
gmake: *** [Makefile:146: all] Error 2
