[35m[1mConsolidate compiler generated dependencies of target cpp_demo[0m
[35m[1mConsolidate compiler generated dependencies of target spawn_scene[0m
[ 20%] Built target tf_to_pos_node
[ 20%] Built target visualization_node
[ 30%] Built target markers_node
[ 40%] Built target StateSubscriber_node
[ 50%] Built target isaac_sim_demo_library
[ 60%] Built target moveit_test_node
[ 70%] [32mBuilding CXX object CMakeFiles/cpp_demo.dir/src/cpp_int.cpp.o[0m
[ 75%] Built target spawn_scene
[ 85%] Built target ompl_lifecycle
[ 95%] Built target ompl_controller_node
[01m[K/home/ubuntu/ros2_ws/src/isaac_sim_demo/src/cpp_int.cpp:[m[K In function â€˜[01m[Kint main(int, char**)[m[Kâ€™:
[01m[K/home/ubuntu/ros2_ws/src/isaac_sim_demo/src/cpp_int.cpp:119:51:[m[K [01;31m[Kerror: [m[Kqualified-id in declaration before â€˜[01m[K([m[Kâ€™ token
  119 |   bool planning_scene::PlanningScene::isStateValid[01;31m[K([m[Krobot_state,joint_model_group);
      |                                                   [01;31m[K^[m[K
[01m[K/home/ubuntu/ros2_ws/src/isaac_sim_demo/src/cpp_int.cpp:142:23:[m[K [01;31m[Kerror: [m[Kredeclaration of â€˜[01m[Kstd::vector<double> joint_values[m[Kâ€™
  142 |   std::vector<double> [01;31m[Kjoint_values[m[K;
      |                       [01;31m[K^~~~~~~~~~~~[m[K
[01m[K/home/ubuntu/ros2_ws/src/isaac_sim_demo/src/cpp_int.cpp:42:23:[m[K [01;36m[Knote: [m[Kâ€˜[01m[Kstd::vector<double> joint_values[m[Kâ€™ previously declared here
   42 |   std::vector<double> [01;36m[Kjoint_values[m[K;
      |                       [01;36m[K^~~~~~~~~~~~[m[K
gmake[2]: *** [CMakeFiles/cpp_demo.dir/build.make:76: CMakeFiles/cpp_demo.dir/src/cpp_int.cpp.o] Error 1
gmake[1]: *** [CMakeFiles/Makefile2:337: CMakeFiles/cpp_demo.dir/all] Error 2
gmake: *** [Makefile:146: all] Error 2
