[  1%] Built target moveit_transforms
[  2%] Built target moveit_exceptions
[  3%] Built target moveit_smoothing_base
[  5%] Built target moveit_utils
[  6%] Built target gtest
[  7%] Built target gmock_main
[ 11%] Built target moveit_distance_field
[ 11%] Built target gmock
[ 13%] Built target moveit_version
[ 14%] Built target moveit_kinematics_base
[ 15%] Built target gtest_main
[ 16%] Built target moveit_butterworth_parameters
[ 17%] Built target test_transforms
[ 18%] Built target test_voxel_grid
[ 19%] Built target test_distance_field
[ 26%] Built target moveit_robot_model
[ 28%] Built target moveit_test_utils
[ 28%] Built target moveit_butterworth_filter
[ 31%] Built target moveit_robot_state
[ 32%] Built target moveit_kinematics_metrics
[ 33%] Built target test_robot_model
[ 34%] Built target test_butterworth_filter
[ 36%] Built target moveit_dynamics_solver
[ 38%] Built target test_robot_state
[ 39%] Built target test_cartesian_interpolator
[ 40%] Built target test_robot_state_complex
[ 41%] Built target moveit_robot_trajectory
[ 42%] Built target test_aabb
[ 43%] Built target test_robot_state_benchmark
[ 49%] Built target moveit_collision_detection
[ 50%] Built target test_robot_trajectory
[ 52%] Built target moveit_planning_interface
[ 53%] Built target test_world
[ 56%] Built target test_all_valid
[ 56%] Built target test_world_diff
[ 60%] Built target moveit_collision_detection_fcl
[ 62%] Built target moveit_trajectory_processing
[ 67%] Built target moveit_collision_detection_bullet
[ 69%] Built target test_fcl_collision_env
[ 72%] Built target test_ruckig_traj_smoothing
[ 72%] Built target test_time_optimal_trajectory_generation
[ 73%] Built target test_time_parameterization
[ 73%] [32mBuilding CXX object kinematic_constraints/CMakeFiles/moveit_kinematic_constraints.dir/src/kinematic_constraint.cpp.o[0m
[ 74%] Built target test_bullet_collision_detection
[ 75%] Built target test_fcl_collision_detection_panda
[ 76%] Built target test_fcl_collision_detection
[ 78%] Built target test_bullet_continuous_collision_checking
[ 79%] Built target test_bullet_collision_detection_panda
In file included from [01m[K/opt/ros/humble/include/rclcpp/rclcpp/logging.hpp:24[m[K,
                 from [01m[K/home/ubuntu/ros2_ws/src/moveit2/moveit_core/kinematics_base/include/moveit/kinematics_base/kinematics_base.h:42[m[K,
                 from [01m[K/home/ubuntu/ros2_ws/src/moveit2/moveit_core/robot_model/include/moveit/robot_model/joint_model_group.h:42[m[K,
                 from [01m[K/home/ubuntu/ros2_ws/src/moveit2/moveit_core/robot_model/include/moveit/robot_model/robot_model.h:45[m[K,
                 from [01m[K/home/ubuntu/ros2_ws/src/moveit2/moveit_core/kinematic_constraints/include/moveit/kinematic_constraints/kinematic_constraint.h:39[m[K,
                 from [01m[K/home/ubuntu/ros2_ws/src/moveit2/moveit_core/kinematic_constraints/src/kinematic_constraint.cpp:37[m[K:
[01m[K/home/ubuntu/ros2_ws/src/moveit2/moveit_core/kinematic_constraints/src/kinematic_constraint.cpp:[m[K In member function â€˜[01m[Kvirtual kinematic_constraints::ConstraintEvaluationResult kinematic_constraints::VisibilityConstraint::decide(const moveit::core::RobotState&, bool) const[m[Kâ€™:
[01m[K/home/ubuntu/ros2_ws/src/moveit2/moveit_core/kinematic_constraints/src/kinematic_constraint.cpp:1129:60:[m[K [01;31m[Kerror: [m[Kâ€˜[01m[Kss[m[Kâ€™ was not declared in this scope
 1129 |   RCLCPP_INFO(LOGGER, "*----------------------------- %s", [01;31m[Kss[m[K.str().c_str());
      |                                                            [01;31m[K^~[m[K
[01m[K/home/ubuntu/ros2_ws/src/moveit2/moveit_core/kinematic_constraints/src/kinematic_constraint.cpp:1141:20:[m[K [01;31m[Kerror: [m[Kâ€˜[01m[Kobject_id[m[Kâ€™ was not declared in this scope
 1141 |   std::string id = [01;31m[Kobject_id[m[K;
      |                    [01;31m[K^~~~~~~~~[m[K
[01m[K/home/ubuntu/ros2_ws/src/moveit2/moveit_core/kinematic_constraints/src/kinematic_constraint.cpp:1158:19:[m[K [01;31m[Kerror: [m[Kâ€˜[01m[Kusing element_type = class collision_detection::CollisionEnv[m[Kâ€™ {aka â€˜[01m[Kclass collision_detection::CollisionEnv[m[Kâ€™} has no member named â€˜[01m[KconstructFCLObjectWorld[m[Kâ€™
 1158 |   collision_env_->[01;31m[KconstructFCLObjectWorld[m[K()
      |                   [01;31m[K^~~~~~~~~~~~~~~~~~~~~~~[m[K
gmake[2]: *** [kinematic_constraints/CMakeFiles/moveit_kinematic_constraints.dir/build.make:76: kinematic_constraints/CMakeFiles/moveit_kinematic_constraints.dir/src/kinematic_constraint.cpp.o] Error 1
gmake[1]: *** [CMakeFiles/Makefile2:1123: kinematic_constraints/CMakeFiles/moveit_kinematic_constraints.dir/all] Error 2
gmake: *** [Makefile:146: all] Error 2
