[01m[K/home/ubuntu/ros2_ws/src/isaac_sim_demo/src/joint_space.cpp:[m[K In function â€˜[01m[Kint main(int, char**)[m[Kâ€™:
[01m[K/home/ubuntu/ros2_ws/src/isaac_sim_demo/src/joint_space.cpp:446:56:[m[K [01;31m[Kerror: [m[Kâ€˜[01m[Kcollision_object[m[Kâ€™ was not declared in this scope; did you mean â€˜[01m[Kcollision_object12[m[Kâ€™?
  446 |       planning_scene.world.collision_objects.push_back([01;31m[Kcollision_object[m[K.object);
      |                                                        [01;31m[K^~~~~~~~~~~~~~~~[m[K
      |                                                        [32m[Kcollision_object12[m[K
[01m[K/home/ubuntu/ros2_ws/src/isaac_sim_demo/src/joint_space.cpp:448:7:[m[K [01;31m[Kerror: [m[Kâ€˜[01m[Kplanning_scene_diff_publisher[m[Kâ€™ was not declared in this scope
  448 |       [01;31m[Kplanning_scene_diff_publisher[m[K->publish(planning_scene);
      |       [01;31m[K^~~~~~~~~~~~~~~~~~~~~~~~~~~~~[m[K
[01m[K/home/ubuntu/ros2_ws/src/isaac_sim_demo/src/joint_space.cpp:570:48:[m[K [01;31m[Kerror: [m[Kno matching function for call to â€˜[01m[Kplanning_pipeline::PlanningPipeline::generatePlan(moveit_msgs::msg::PlanningScene&, planning_interface::MotionPlanRequest&, planning_interface::MotionPlanResponse&)[m[Kâ€™
  570 |       while (((![01;31m[Kplanning_pipeline->generatePlan(planning_scene, req, res)[m[K || res.error_code_.val != res.error_code_.SUCCESS)) && rclcpp::ok())
      |                 [01;31m[K~~~~~~~~~~~~~~~~~~~~~~~~~~~~~~~^~~~~~~~~~~~~~~~~~~~~~~~~~[m[K
In file included from [01m[K/home/ubuntu/ros2_ws/src/isaac_sim_demo/src/joint_space.cpp:8[m[K:
[01m[K/home/ubuntu/ros2_ws/install/moveit_ros_planning/include/moveit/planning_pipeline/planning_pipeline.h:133:8:[m[K [01;36m[Knote: [m[Kcandidate: â€˜[01m[Kbool planning_pipeline::PlanningPipeline::generatePlan(const PlanningSceneConstPtr&, const MotionPlanRequest&, planning_interface::MotionPlanResponse&) const[m[Kâ€™
  133 |   bool [01;36m[KgeneratePlan[m[K(const planning_scene::PlanningSceneConstPtr& planning_scene,
      |        [01;36m[K^~~~~~~~~~~~[m[K
[01m[K/home/ubuntu/ros2_ws/install/moveit_ros_planning/include/moveit/planning_pipeline/planning_pipeline.h:133:66:[m[K [01;36m[Knote: [m[K  no known conversion for argument 1 from â€˜[01m[Kmoveit_msgs::msg::PlanningScene[m[Kâ€™ {aka â€˜[01m[Kmoveit_msgs::msg::PlanningScene_<std::allocator<void> >[m[Kâ€™} to â€˜[01m[Kconst PlanningSceneConstPtr&[m[Kâ€™ {aka â€˜[01m[Kconst std::shared_ptr<const planning_scene::PlanningScene>&[m[Kâ€™}
  133 |   bool generatePlan([01;36m[Kconst planning_scene::PlanningSceneConstPtr& planning_scene[m[K,
      |                     [01;36m[K~~~~~~~~~~~~~~~~~~~~~~~~~~~~~~~~~~~~~~~~~~~~~^~~~~~~~~~~~~~[m[K
[01m[K/home/ubuntu/ros2_ws/install/moveit_ros_planning/include/moveit/planning_pipeline/planning_pipeline.h:145:8:[m[K [01;36m[Knote: [m[Kcandidate: â€˜[01m[Kbool planning_pipeline::PlanningPipeline::generatePlan(const PlanningSceneConstPtr&, const MotionPlanRequest&, planning_interface::MotionPlanResponse&, std::vector<long unsigned int>&) const[m[Kâ€™
  145 |   bool [01;36m[KgeneratePlan[m[K(const planning_scene::PlanningSceneConstPtr& planning_scene,
      |        [01;36m[K^~~~~~~~~~~~[m[K
[01m[K/home/ubuntu/ros2_ws/install/moveit_ros_planning/include/moveit/planning_pipeline/planning_pipeline.h:145:8:[m[K [01;36m[Knote: [m[K  candidate expects 4 arguments, 3 provided
[01m[K/home/ubuntu/ros2_ws/src/isaac_sim_demo/src/joint_space.cpp:576:24:[m[K [01;31m[Kerror: [m[Kbase operand of â€˜[01m[K->[m[Kâ€™ has non-pointer type â€˜[01m[Kmoveit_msgs::msg::PlanningScene[m[Kâ€™ {aka â€˜[01m[Kmoveit_msgs::msg::PlanningScene_<std::allocator<void> >[m[Kâ€™}
  576 |       if(planning_scene[01;31m[K->[m[KisPathValid(*res.trajectory_)){
      |                        [01;31m[K^~[m[K
gmake[2]: *** [CMakeFiles/joint_space.dir/build.make:76: CMakeFiles/joint_space.dir/src/joint_space.cpp.o] Error 1
gmake[1]: *** [CMakeFiles/Makefile2:339: CMakeFiles/joint_space.dir/all] Error 2
gmake: *** [Makefile:146: all] Error 2
