[  1%] Built target gtest
[  3%] Built target moveit_utils
[  4%] Built target moveit_exceptions
[  5%] Built target moveit_kinematics_base
[  7%] Built target moveit_version
[  8%] Built target gmock_main
[  9%] Built target moveit_butterworth_parameters
[ 11%] Built target moveit_distance_field
[ 12%] Built target gtest_main
[ 13%] Built target moveit_transforms
[ 15%] Built target gmock
[ 16%] Built target moveit_smoothing_base
[ 19%] Built target test_voxel_grid
[ 20%] Built target test_transforms
[ 25%] Built target moveit_robot_model
[ 26%] Built target test_distance_field
[ 27%] Built target moveit_butterworth_filter
[ 28%] Built target moveit_test_utils
[ 31%] Built target moveit_robot_state
[35m[1mConsolidate compiler generated dependencies of target moveit_collision_detection[0m
[ 32%] Built target moveit_robot_trajectory
[ 33%] Built target test_aabb
[ 34%] Built target test_butterworth_filter
[ 35%] Built target moveit_kinematics_metrics
[ 37%] Built target test_robot_state_benchmark
[ 37%] Built target test_robot_model
[ 39%] Built target test_robot_state
[ 40%] Built target test_cartesian_interpolator
[ 41%] Built target test_robot_state_complex
[ 43%] Built target moveit_dynamics_solver
[ 43%] [32mBuilding CXX object collision_detection/CMakeFiles/moveit_collision_detection.dir/src/collision_plugin_cache.cpp.o[0m
[ 44%] Built target test_robot_trajectory
[ 48%] Built target moveit_planning_interface
[ 50%] Built target moveit_trajectory_processing
[ 52%] Built target test_ruckig_traj_smoothing
[ 53%] Built target test_time_optimal_trajectory_generation
[ 54%] Built target test_time_parameterization
In file included from [01m[K/home/ubuntu/ros2_ws/src/moveit2/moveit_core/planning_scene/include/moveit/planning_scene/planning_scene.h:45[m[K,
                 from [01m[K/home/ubuntu/ros2_ws/src/moveit2/moveit_core/collision_detection/include/moveit/collision_detection/collision_plugin.h:39[m[K,
                 from [01m[K/home/ubuntu/ros2_ws/src/moveit2/moveit_core/collision_detection/include/moveit/collision_detection/collision_plugin_cache.h:38[m[K,
                 from [01m[K/home/ubuntu/ros2_ws/src/moveit2/moveit_core/collision_detection/src/collision_plugin_cache.cpp:35[m[K:
[01m[K/home/ubuntu/ros2_ws/src/moveit2/moveit_core/kinematic_constraints/include/moveit/kinematic_constraints/kinematic_constraint.h:63:148:[m[K [01;31m[Kerror: [m[Kextended character â€˜ is not valid in an identifier
   63 | os2_ws/src/moveit2/moveit_core/kinematic_constraints/include/moveit/kinematic_constraints/kinematic_constraint.h:785:109: error: [01;31m[Kâ€˜[m[Kplanning_sceneâ€™ does not name a type
      |                                                                                                                                  [01;31m[K^[m[K

[01m[K/home/ubuntu/ros2_ws/src/moveit2/moveit_core/kinematic_constraints/include/moveit/kinematic_constraints/kinematic_constraint.h:63:148:[m[K [01;31m[Kerror: [m[Kextended character â€™ is not valid in an identifier
[01m[K/home/ubuntu/ros2_ws/src/moveit2/moveit_core/kinematic_constraints/include/moveit/kinematic_constraints/kinematic_constraint.h:70:175:[m[K [01;31m[Kerror: [m[Kextended character â€˜ is not valid in an identifier
   70 | kinematic_constraints/include/moveit/kinematic_constraints/kinematic_constraint.h:785:147: error: expected unqualified-id before [01;31m[Kâ€˜[m[Kplanning_sceneâ€™
      |                                                                                                                                  [01;31m[K^[m[K

[01m[K/home/ubuntu/ros2_ws/src/moveit2/moveit_core/kinematic_constraints/include/moveit/kinematic_constraints/kinematic_constraint.h:70:175:[m[K [01;31m[Kerror: [m[Kextended character â€™ is not valid in an identifier
[01m[K/home/ubuntu/ros2_ws/src/moveit2/moveit_core/kinematic_constraints/include/moveit/kinematic_constraints/kinematic_constraint.h:74:153:[m[K [01;31m[Kerror: [m[Kextended character â€˜ is not valid in an identifier
   74 | c/moveit2/moveit_core/kinematic_constraints/include/moveit/kinematic_constraints/kinematic_constraint.h:785:146: error: expected [01;31m[Kâ€˜[m[K)â€™ before â€˜planning_sceneâ€™
      |                                                                                                                                  [01;31m[K^[m[K

[01m[K/home/ubuntu/ros2_ws/src/moveit2/moveit_core/kinematic_constraints/include/moveit/kinematic_constraints/kinematic_constraint.h:74:155:[m[K [01;31m[Kerror: [m[Kextended character â€™ is not valid in an identifier
   74 | moveit2/moveit_core/kinematic_constraints/include/moveit/kinematic_constraints/kinematic_constraint.h:785:146: error: expected â€˜)[01;31m[Kâ€™[m[K before â€˜planning_sceneâ€™
      |                                                                                                                                  [01;31m[K^[m[K

[01m[K/home/ubuntu/ros2_ws/src/moveit2/moveit_core/kinematic_constraints/include/moveit/kinematic_constraints/kinematic_constraint.h:74:164:[m[K [01;31m[Kerror: [m[Kextended character â€˜ is not valid in an identifier
   74 | oveit_core/kinematic_constraints/include/moveit/kinematic_constraints/kinematic_constraint.h:785:146: error: expected â€˜)â€™ before [01;31m[Kâ€˜[m[Kplanning_sceneâ€™
      |                                                                                                                                  [01;31m[K^[m[K

[01m[K/home/ubuntu/ros2_ws/src/moveit2/moveit_core/kinematic_constraints/include/moveit/kinematic_constraints/kinematic_constraint.h:74:164:[m[K [01;31m[Kerror: [m[Kextended character â€™ is not valid in an identifier
[01m[K/home/ubuntu/ros2_ws/src/moveit2/moveit_core/kinematic_constraints/include/moveit/kinematic_constraints/kinematic_constraint.h:82:153:[m[K [01;31m[Kerror: [m[Kextended character â€˜ is not valid in an identifier
   82 | c/moveit2/moveit_core/kinematic_constraints/include/moveit/kinematic_constraints/kinematic_constraint.h:785:125: error: expected [01;31m[Kâ€˜[m[K;â€™ at end of member declaration
      |                                                                                                                                  [01;31m[K^[m[K

[01m[K/home/ubuntu/ros2_ws/src/moveit2/moveit_core/kinematic_constraints/include/moveit/kinematic_constraints/kinematic_constraint.h:82:155:[m[K [01;31m[Kerror: [m[Kextended character â€™ is not valid in an identifier
   82 | moveit2/moveit_core/kinematic_constraints/include/moveit/kinematic_constraints/kinematic_constraint.h:785:125: error: expected â€˜;[01;31m[Kâ€™[m[K at end of member declaration
      |                                                                                                                                  [01;31m[K^[m[K

[01m[K/home/ubuntu/ros2_ws/src/moveit2/moveit_core/kinematic_constraints/include/moveit/kinematic_constraints/kinematic_constraint.h:90:144:[m[K [01;31m[Kerror: [m[Kextended character â€˜ is not valid in an identifier
   90 | os2_ws/src/moveit2/moveit_core/kinematic_constraints/include/moveit/kinematic_constraints/kinematic_constraint.h:785:147: error: [01;31m[Kâ€˜[m[Kplanning_sceneâ€™ does not name a type
      |                                                                                                                                  [01;31m[K^[m[K

[01m[K/home/ubuntu/ros2_ws/src/moveit2/moveit_core/kinematic_constraints/include/moveit/kinematic_constraints/kinematic_constraint.h:90:144:[m[K [01;31m[Kerror: [m[Kextended character â€™ is not valid in an identifier
[01m[K/home/ubuntu/ros2_ws/src/moveit2/moveit_core/kinematic_constraints/include/moveit/kinematic_constraints/kinematic_constraint.h:93:6:[m[K [01;31m[Kerror: [m[Kstray â€˜[01m[K@[m[Kâ€™ in program
   93 |    * [01;31m[K@[m[Kreturn
      |      [01;31m[K^[m[K
[01m[K/home/ubuntu/ros2_ws/src/moveit2/moveit_core/kinematic_constraints/include/moveit/kinematic_constraints/kinematic_constraint.h:63:6:[m[K [01;31m[Kerror: [m[Kâ€˜[01m[Khome[m[Kâ€™ does not name a type
   63 |    */[01;31m[Khome[m[K/ubuntu/ros2_ws/src/moveit2/moveit_core/kinematic_constraints/include/moveit/kinematic_constraints/kinematic_constraint.h:785:109: error: â€˜planning_sceneâ€™ does not name a type
      |      [01;31m[K^~~~[m[K
[01m[K/home/ubuntu/ros2_ws/src/moveit2/moveit_core/kinematic_constraints/include/moveit/kinematic_constraints/kinematic_constraint.h:65:7:[m[K [01;31m[Kerror: [m[Kexpected unqualified-id before â€˜[01m[K|[m[Kâ€™ token
   65 |       [01;31m[K|[m[K                                                                                                             ^~~~~~~~~~~~~~
      |       [01;31m[K^[m[K
[01m[K/home/ubuntu/ros2_ws/src/moveit2/moveit_core/kinematic_constraints/include/moveit/kinematic_constraints/kinematic_constraint.h:72:7:[m[K [01;31m[Kerror: [m[Kexpected unqualified-id before â€˜[01m[K|[m[Kâ€™ token
   72 |       [01;31m[K|[m[K                                                                                                                                  ^~~~~~~~~~~~~~
      |       [01;31m[K^[m[K
[01m[K/home/ubuntu/ros2_ws/src/moveit2/moveit_core/kinematic_constraints/include/moveit/kinematic_constraints/kinematic_constraint.h:76:7:[m[K [01;31m[Kerror: [m[Kexpected unqualified-id before â€˜[01m[K|[m[Kâ€™ token
   76 |       [01;31m[K|[m[K ~                                                                                                                                ^~~~~~~~~~~~~~~
      |       [01;31m[K^[m[K
[01m[K/home/ubuntu/ros2_ws/src/moveit2/moveit_core/kinematic_constraints/include/moveit/kinematic_constraints/kinematic_constraint.h:82:155:[m[K [01;31m[Kerror: [m[Kâ€˜[01m[Kâ€™[m[Kâ€™ does not name a type
   82 | moveit2/moveit_core/kinematic_constraints/include/moveit/kinematic_constraints/kinematic_constraint.h:785:125: error: expected â€˜;[01;31m[Kâ€™[m[K at end of member declaration
      |                                                                                                                                  [01;31m[K^[m[K

[01m[K/home/ubuntu/ros2_ws/src/moveit2/moveit_core/kinematic_constraints/include/moveit/kinematic_constraints/kinematic_constraint.h:84:7:[m[K [01;31m[Kerror: [m[Kexpected unqualified-id before â€˜[01m[K|[m[Kâ€™ token
   84 |       [01;31m[K|[m[K                                                                                                                             ^~~~~~~~~~~~~~~~~~~~~
      |       [01;31m[K^[m[K
[01m[K/home/ubuntu/ros2_ws/src/moveit2/moveit_core/kinematic_constraints/include/moveit/kinematic_constraints/kinematic_constraint.h:86:1:[m[K [01;31m[Kerror: [m[Kâ€˜[01m[KIn[m[Kâ€™ does not name a type
   86 | [01;31m[KIn[m[K file included from /home/ubuntu/ros2_ws/src/moveit2/moveit_core/planning_scene/include/moveit/planning_scene/planning_scene.h:45,
      | [01;31m[K^~[m[K
[01m[K/home/ubuntu/ros2_ws/src/moveit2/moveit_core/kinematic_constraints/include/moveit/kinematic_constraints/kinematic_constraint.h:92:7:[m[K [01;31m[Kerror: [m[Kexpected unqualified-id before â€˜[01m[K|[m[Kâ€™ token
   92 |       [01;31m[K|[m[K                                                                                                                                  ^~~~~~~~~~~~~~
      |       [01;31m[K^[m[K
[01m[K/home/ubuntu/ros2_ws/src/moveit2/moveit_core/kinematic_constraints/include/moveit/kinematic_constraints/kinematic_constraint.h:815:109:[m[K [01;31m[Kerror: [m[Kâ€˜[01m[Kplanning_scene[m[Kâ€™ does not name a type
  815 |   bool configure(const moveit_msgs::msg::VisibilityConstraint& vc, const moveit::core::Transforms& tf,const [01;31m[Kplanning_scene[m[K::PlanningSceneConstPtr planning_scene);
      |                                                                                                             [01;31m[K^~~~~~~~~~~~~~[m[K
[01m[K/home/ubuntu/ros2_ws/src/moveit2/moveit_core/kinematic_constraints/include/moveit/kinematic_constraints/kinematic_constraint.h:815:147:[m[K [01;31m[Kerror: [m[Kexpected unqualified-id before â€˜[01m[Kplanning_scene[m[Kâ€™
  815 | const moveit_msgs::msg::VisibilityConstraint& vc, const moveit::core::Transforms& tf,const planning_scene::PlanningSceneConstPtr [01;31m[Kplanning_scene[m[K);
      |                                                                                                                                  [01;31m[K^~~~~~~~~~~~~~[m[K

[01m[K/home/ubuntu/ros2_ws/src/moveit2/moveit_core/kinematic_constraints/include/moveit/kinematic_constraints/kinematic_constraint.h:815:146:[m[K [01;31m[Kerror: [m[Kexpected â€˜[01m[K)[m[Kâ€™ before â€˜[01m[Kplanning_scene[m[Kâ€™
  815 | [34m[K([m[Kconst moveit_msgs::msg::VisibilityConstraint& vc, const moveit::core::Transforms& tf,const planning_scene::PlanningSceneConstPtr[01;31m[K [m[K[32m[Kplanning_scene[m[K);
      | [34m[K~[m[K                                                                                                                                [01;31m[K^[m[K[32m[K~~~~~~~~~~~~~~[m[K
      |                                                                                                                                  [32m[K)[m[K
[01m[K/home/ubuntu/ros2_ws/src/moveit2/moveit_core/kinematic_constraints/include/moveit/kinematic_constraints/kinematic_constraint.h:815:125:[m[K [01;31m[Kerror: [m[Kexpected â€˜[01m[K;[m[Kâ€™ at end of member declaration
  815 |   bool configure(const moveit_msgs::msg::VisibilityConstraint& vc, const moveit::core::Transforms& tf,const planning_scene::[01;31m[KPlanningSceneConstPtr[m[K planning_scene);
      |                                                                                                                             [01;31m[K^~~~~~~~~~~~~~~~~~~~~[m[K
      |                                                                                                                                                  [32m[K;[m[K
[01m[K/home/ubuntu/ros2_ws/src/moveit2/moveit_core/kinematic_constraints/include/moveit/kinematic_constraints/kinematic_constraint.h:815:147:[m[K [01;31m[Kerror: [m[Kâ€˜[01m[Kplanning_scene[m[Kâ€™ does not name a type
  815 | const moveit_msgs::msg::VisibilityConstraint& vc, const moveit::core::Transforms& tf,const planning_scene::PlanningSceneConstPtr [01;31m[Kplanning_scene[m[K);
      |                                                                                                                                  [01;31m[K^~~~~~~~~~~~~~[m[K

gmake[2]: *** [collision_detection/CMakeFiles/moveit_collision_detection.dir/build.make:188: collision_detection/CMakeFiles/moveit_collision_detection.dir/src/collision_plugin_cache.cpp.o] Error 1
gmake[1]: *** [CMakeFiles/Makefile2:2186: collision_detection/CMakeFiles/moveit_collision_detection.dir/all] Error 2
gmake: *** [Makefile:146: all] Error 2
