[ 12%] Built target markers_node
[ 18%] [32mBuilding CXX object CMakeFiles/tf_to_pos_node.dir/src/tf_to_pos.cpp.o[0m
[ 31%] Built target visualization_node
[ 43%] Built target StateSubscriber_node
[ 68%] Built target isaac_sim_demo_library
[ 68%] Built target moveit_test
[ 81%] Built target ompl_controller_node
[ 93%] Built target ompl_lifecycle
[01m[K/home/ubuntu/ros2_ws/src/isaac_sim_demo/src/tf_to_pos.cpp:27:5:[m[K [01;31m[Kerror: [m[Kexpected unqualified-id before â€˜[01m[Kthis[m[Kâ€™
   27 |     [01;31m[Kthis[m[K->declare_parameter("Frame", "Drone0");
      |     [01;31m[K^~~~[m[K
gmake[2]: *** [CMakeFiles/tf_to_pos_node.dir/build.make:76: CMakeFiles/tf_to_pos_node.dir/src/tf_to_pos.cpp.o] Error 1
gmake[1]: *** [CMakeFiles/Makefile2:281: CMakeFiles/tf_to_pos_node.dir/all] Error 2
gmake: *** [Makefile:146: all] Error 2
