[01m[K/home/ubuntu/ros2_ws/src/isaac_sim_demo/src/joint_space.cpp:[m[K In function â€˜[01m[Kvoid configure_bullet(std::shared_ptr<planning_scene::PlanningScene>, moveit::core::RobotState&)[m[Kâ€™:
[01m[K/home/ubuntu/ros2_ws/src/isaac_sim_demo/src/joint_space.cpp:117:26:[m[K [01;31m[Kerror: [m[Krequest for member â€˜[01m[Ksize[m[Kâ€™ in â€˜[01m[Kshape[m[Kâ€™, which is of non-class type â€˜[01m[Kshapes::ShapeType[m[Kâ€™
  117 |       std::cout << shape.[01;31m[Ksize[m[K.matrix() << std::endl;
      |                          [01;31m[K^~~~[m[K
gmake[2]: *** [CMakeFiles/joint_space.dir/build.make:76: CMakeFiles/joint_space.dir/src/joint_space.cpp.o] Error 1
gmake[1]: *** [CMakeFiles/Makefile2:339: CMakeFiles/joint_space.dir/all] Error 2
gmake: *** [Makefile:146: all] Error 2
