[01m[K/home/ubuntu/ros2_ws/src/isaac_sim_demo/src/joint_space.cpp:[m[K In function â€˜[01m[Kint main(int, char**)[m[Kâ€™:
[01m[K/home/ubuntu/ros2_ws/src/isaac_sim_demo/src/joint_space.cpp:310:53:[m[K [01;31m[Kerror: [m[Kexpected â€˜[01m[K;[m[Kâ€™ before â€˜[01m[Kmoveit_msgs[m[Kâ€™
  310 |       marker_array_publisher_->publish(marker_array)
      |                                                     [01;31m[K^[m[K
      |                                                     [32m[K;[m[K
  311 |       [32m[Kmoveit_msgs[m[K::msg::VisibilityConstraint visibility_constraint2;
      |       [32m[K~~~~~~~~~~~[m[K                                    
gmake[2]: *** [CMakeFiles/joint_space.dir/build.make:76: CMakeFiles/joint_space.dir/src/joint_space.cpp.o] Error 1
gmake[1]: *** [CMakeFiles/Makefile2:339: CMakeFiles/joint_space.dir/all] Error 2
gmake: *** [Makefile:146: all] Error 2
