[01m[K/home/ubuntu/ros2_ws/src/isaac_sim_demo/src/joint_space.cpp:[m[K In function â€˜[01m[Kint main(int, char**)[m[Kâ€™:
[01m[K/home/ubuntu/ros2_ws/src/isaac_sim_demo/src/joint_space.cpp:284:45:[m[K [01;31m[Kerror: [m[Kexpected â€˜[01m[K;[m[Kâ€™ before â€˜[01m[Kplanning_pipeline[m[Kâ€™
  284 |   interpolate_path(publisher_,waypoints_vec)
      |                                             [01;31m[K^[m[K
      |                                             [32m[K;[m[K
  285 |   // Initializing PlanningPipeline
  286 |   [32m[Kplanning_pipeline[m[K::PlanningPipelinePtr planning_pipeline(
      |   [32m[K~~~~~~~~~~~~~~~~~[m[K                          
[01m[K/home/ubuntu/ros2_ws/src/isaac_sim_demo/src/joint_space.cpp:372:32:[m[K [01;31m[Kerror: [m[Kexpected primary-expression before â€˜[01m[K->[m[Kâ€™ token
  372 |     while (((!planning_pipeline[01;31m[K->[m[KgeneratePlan(planning_scene, req, res) || res.error_code_.val != res.error_code_.SUCCESS)) && rclcpp::ok())
      |                                [01;31m[K^~[m[K
gmake[2]: *** [CMakeFiles/joint_space.dir/build.make:76: CMakeFiles/joint_space.dir/src/joint_space.cpp.o] Error 1
gmake[1]: *** [CMakeFiles/Makefile2:339: CMakeFiles/joint_space.dir/all] Error 2
gmake: *** [Makefile:146: all] Error 2
