[01m[K/home/ubuntu/ros2_ws/src/isaac_sim_demo/src/tf_to_pos.cpp:[m[K In member function â€˜[01m[Kvoid TransformListenerNode::timer_callback()[m[Kâ€™:
[01m[K/home/ubuntu/ros2_ws/src/isaac_sim_demo/src/tf_to_pos.cpp:31:22:[m[K [01;31m[Kerror: [m[Kâ€˜[01m[Kn[m[Kâ€™ was not declared in this scope; did you mean â€˜[01m[Kyn[m[Kâ€™?
   31 |         publish_pose([01;31m[Kn[m[K"base_lik", "base_lik", pub_drone);
      |                      [01;31m[K^[m[K
      |                      [32m[Kyn[m[K
gmake[2]: *** [CMakeFiles/tf_to_pos_node.dir/build.make:76: CMakeFiles/tf_to_pos_node.dir/src/tf_to_pos.cpp.o] Error 1
gmake[1]: *** [CMakeFiles/Makefile2:281: CMakeFiles/tf_to_pos_node.dir/all] Error 2
gmake: *** [Makefile:146: all] Error 2
