[01m[K/home/ubuntu/ros2_ws/src/isaac_sim_demo/src/joint_space.cpp:[m[K In function â€˜[01m[Kbool checkRayBoxIntersection(btDynamicsWorld*, const btVector3&, const btVector3&)[m[Kâ€™:
[01m[K/home/ubuntu/ros2_ws/src/isaac_sim_demo/src/joint_space.cpp:92:56:[m[K [01;31m[Kerror: [m[Kâ€˜[01m[Ksctring[m[Kâ€™ was not declared in this scope
   92 |         std::cout << "Intersection detected between" + [01;31m[Ksctring[m[K(P1) + " and " + sctring(P2)+ "!" << std::endl;
      |                                                        [01;31m[K^~~~~~~[m[K
gmake[2]: *** [CMakeFiles/joint_space.dir/build.make:76: CMakeFiles/joint_space.dir/src/joint_space.cpp.o] Error 1
gmake[1]: *** [CMakeFiles/Makefile2:339: CMakeFiles/joint_space.dir/all] Error 2
gmake: *** [Makefile:146: all] Error 2
