[  9%] Built target markers_node
[ 18%] Built target StateSubscriber_node
[ 27%] Built target tf_to_pos_node
[ 36%] Built target visualization_node
[ 45%] Built target moveit_test_node
[ 54%] Built target isaac_sim_demo_library
[ 59%] [32mBuilding CXX object CMakeFiles/joint_space.dir/src/joint_space.cpp.o[0m
[ 68%] Built target spawn_scene
[ 77%] Built target cartesian
[ 95%] Built target ompl_controller_node
[ 95%] Built target ompl_lifecycle
[01m[K/home/ubuntu/ros2_ws/src/isaac_sim_demo/src/joint_space.cpp:[m[K In function â€˜[01m[Kvoid configure_bullet(std::shared_ptr<planning_scene::PlanningScene>, moveit::core::RobotState&)[m[Kâ€™:
[01m[K/home/ubuntu/ros2_ws/src/isaac_sim_demo/src/joint_space.cpp:120:20:[m[K [01;31m[Kerror: [m[Kinvalid type argument of unary â€˜[01m[K*[m[Kâ€™ (have â€˜[01m[Kdouble[m[Kâ€™)
  120 |       std::cout << [01;31m[K*box->size[1][m[K << std::endl;
      |                    [01;31m[K^~~~~~~~~~~~~[m[K
gmake[2]: *** [CMakeFiles/joint_space.dir/build.make:76: CMakeFiles/joint_space.dir/src/joint_space.cpp.o] Error 1
gmake[1]: *** [CMakeFiles/Makefile2:339: CMakeFiles/joint_space.dir/all] Error 2
gmake: *** [Makefile:146: all] Error 2
