[35m[1mConsolidate compiler generated dependencies of target joint_space[0m
[  9%] Built target visualization_node
[ 18%] Built target StateSubscriber_node
[ 27%] Built target markers_node
[ 36%] Built target tf_to_pos_node
[ 45%] Built target cartesian
[ 54%] Built target isaac_sim_demo_library
[ 63%] Built target spawn_scene
[ 72%] Built target moveit_test_node
[ 77%] [32mBuilding CXX object CMakeFiles/joint_space.dir/src/joint_space.cpp.o[0m
[ 95%] Built target ompl_lifecycle
[ 95%] Built target ompl_controller_node
[01m[K/home/ubuntu/ros2_ws/src/isaac_sim_demo/src/joint_space.cpp:[m[K In lambda function:
[01m[K/home/ubuntu/ros2_ws/src/isaac_sim_demo/src/joint_space.cpp:420:35:[m[K [01;31m[Kerror: [m[Kâ€˜[01m[Kprimitive[m[Kâ€™ was not declared in this scope
  420 |         cylinder_primitive.type = [01;31m[Kprimitive[m[K.CYLINDER;
      |                                   [01;31m[K^~~~~~~~~[m[K
[01m[K/home/ubuntu/ros2_ws/src/isaac_sim_demo/src/joint_space.cpp:427:56:[m[K [01;31m[Kerror: [m[Kinvalid use of member function â€˜[01m[KEigen::Transform<Scalar, Dim, Mode, _Options>::TranslationPart Eigen::Transform<Scalar, Dim, Mode, _Options>::translation() [with _Scalar = double; int _Dim = 3; int _Mode = 1; int _Options = 0; Eigen::Transform<Scalar, Dim, Mode, _Options>::TranslationPart = Eigen::Block<Eigen::Matrix<double, 4, 4>, 3, 1, true>][m[Kâ€™ (did you forget the â€˜[01m[K()[m[Kâ€™ ?)
  427 |         box_pose.position.x =  [01;31m[Kcylinder_info.transform.translation[m[K.x;
      |                                [01;31m[K~~~~~~~~~~~~~~~~~~~~~~~~^~~~~~~~~~~[m[K
      |                                                                   [32m[K()[m[K
[01m[K/home/ubuntu/ros2_ws/src/isaac_sim_demo/src/joint_space.cpp:428:56:[m[K [01;31m[Kerror: [m[Kinvalid use of member function â€˜[01m[KEigen::Transform<Scalar, Dim, Mode, _Options>::TranslationPart Eigen::Transform<Scalar, Dim, Mode, _Options>::translation() [with _Scalar = double; int _Dim = 3; int _Mode = 1; int _Options = 0; Eigen::Transform<Scalar, Dim, Mode, _Options>::TranslationPart = Eigen::Block<Eigen::Matrix<double, 4, 4>, 3, 1, true>][m[Kâ€™ (did you forget the â€˜[01m[K()[m[Kâ€™ ?)
  428 |         box_pose.position.y =  [01;31m[Kcylinder_info.transform.translation[m[K.y;
      |                                [01;31m[K~~~~~~~~~~~~~~~~~~~~~~~~^~~~~~~~~~~[m[K
      |                                                                   [32m[K()[m[K
[01m[K/home/ubuntu/ros2_ws/src/isaac_sim_demo/src/joint_space.cpp:429:56:[m[K [01;31m[Kerror: [m[Kinvalid use of member function â€˜[01m[KEigen::Transform<Scalar, Dim, Mode, _Options>::TranslationPart Eigen::Transform<Scalar, Dim, Mode, _Options>::translation() [with _Scalar = double; int _Dim = 3; int _Mode = 1; int _Options = 0; Eigen::Transform<Scalar, Dim, Mode, _Options>::TranslationPart = Eigen::Block<Eigen::Matrix<double, 4, 4>, 3, 1, true>][m[Kâ€™ (did you forget the â€˜[01m[K()[m[Kâ€™ ?)
  429 |         box_pose.position.z =  [01;31m[Kcylinder_info.transform.translation[m[K.z;;
      |                                [01;31m[K~~~~~~~~~~~~~~~~~~~~~~~~^~~~~~~~~~~[m[K
      |                                                                   [32m[K()[m[K
[01m[K/home/ubuntu/ros2_ws/src/isaac_sim_demo/src/joint_space.cpp:430:58:[m[K [01;31m[Kerror: [m[Kâ€˜[01m[Kconst Isometry3d[m[Kâ€™ {aka â€˜[01m[Kconst class Eigen::Transform<double, 3, 1>[m[Kâ€™} has no member named â€˜[01m[Korientation[m[Kâ€™; did you mean â€˜[01m[Krotation[m[Kâ€™?
  430 |         box_pose.orientation.z = cylinder_info.transform.[01;31m[Korientation[m[K.z;
      |                                                          [01;31m[K^~~~~~~~~~~[m[K
      |                                                          [32m[Krotation[m[K
[01m[K/home/ubuntu/ros2_ws/src/isaac_sim_demo/src/joint_space.cpp:431:58:[m[K [01;31m[Kerror: [m[Kâ€˜[01m[Kconst Isometry3d[m[Kâ€™ {aka â€˜[01m[Kconst class Eigen::Transform<double, 3, 1>[m[Kâ€™} has no member named â€˜[01m[Korientation[m[Kâ€™; did you mean â€˜[01m[Krotation[m[Kâ€™?
  431 |         box_pose.orientation.x = cylinder_info.transform.[01;31m[Korientation[m[K.x;
      |                                                          [01;31m[K^~~~~~~~~~~[m[K
      |                                                          [32m[Krotation[m[K
[01m[K/home/ubuntu/ros2_ws/src/isaac_sim_demo/src/joint_space.cpp:432:58:[m[K [01;31m[Kerror: [m[Kâ€˜[01m[Kconst Isometry3d[m[Kâ€™ {aka â€˜[01m[Kconst class Eigen::Transform<double, 3, 1>[m[Kâ€™} has no member named â€˜[01m[Korientation[m[Kâ€™; did you mean â€˜[01m[Krotation[m[Kâ€™?
  432 |         box_pose.orientation.y = cylinder_info.transform.[01;31m[Korientation[m[K.y;
      |                                                          [01;31m[K^~~~~~~~~~~[m[K
      |                                                          [32m[Krotation[m[K
[01m[K/home/ubuntu/ros2_ws/src/isaac_sim_demo/src/joint_space.cpp:433:58:[m[K [01;31m[Kerror: [m[Kâ€˜[01m[Kconst Isometry3d[m[Kâ€™ {aka â€˜[01m[Kconst class Eigen::Transform<double, 3, 1>[m[Kâ€™} has no member named â€˜[01m[Korientation[m[Kâ€™; did you mean â€˜[01m[Krotation[m[Kâ€™?
  433 |         box_pose.orientation.w = cylinder_info.transform.[01;31m[Korientation[m[K.w;
      |                                                          [01;31m[K^~~~~~~~~~~[m[K
      |                                                          [32m[Krotation[m[K
gmake[2]: *** [CMakeFiles/joint_space.dir/build.make:76: CMakeFiles/joint_space.dir/src/joint_space.cpp.o] Error 1
gmake[1]: *** [CMakeFiles/Makefile2:339: CMakeFiles/joint_space.dir/all] Error 2
gmake: *** [Makefile:146: all] Error 2
