[35m[1mConsolidate compiler generated dependencies of target joint_space[0m
[  9%] Built target visualization_node
[ 18%] Built target StateSubscriber_node
[ 27%] Built target markers_node
[ 36%] Built target tf_to_pos_node
[ 54%] Built target spawn_scene
[ 54%] Built target isaac_sim_demo_library
[ 63%] Built target moveit_test_node
[ 72%] Built target cartesian
[ 77%] [32mBuilding CXX object CMakeFiles/joint_space.dir/src/joint_space.cpp.o[0m
[ 90%] Built target ompl_lifecycle
[ 95%] Built target ompl_controller_node
[01m[K/home/ubuntu/ros2_ws/src/isaac_sim_demo/src/joint_space.cpp:[m[K In function â€˜[01m[Kint main(int, char**)[m[Kâ€™:
[01m[K/home/ubuntu/ros2_ws/src/isaac_sim_demo/src/joint_space.cpp:310:31:[m[K [01;31m[Kerror: [m[Kâ€˜[01m[Kusing SharedPtr = class std::shared_ptr<rclcpp::Publisher<visualization_msgs::msg::MarkerArray_<std::allocator<void> > > >[m[Kâ€™ {aka â€˜[01m[Kclass std::shared_ptr<rclcpp::Publisher<visualization_msgs::msg::MarkerArray_<std::allocator<void> > > >[m[Kâ€™} has no member named â€˜[01m[Kpublish[m[Kâ€™
  310 |       marker_array_publisher_.[01;31m[Kpublish[m[K(marker_array)
      |                               [01;31m[K^~~~~~~[m[K
gmake[2]: *** [CMakeFiles/joint_space.dir/build.make:76: CMakeFiles/joint_space.dir/src/joint_space.cpp.o] Error 1
gmake[1]: *** [CMakeFiles/Makefile2:339: CMakeFiles/joint_space.dir/all] Error 2
gmake: *** [Makefile:146: all] Error 2
