[35m[1mConsolidate compiler generated dependencies of target cpp_demo[0m
[ 10%] Built target StateSubscriber_node
[ 20%] Built target markers_node
[ 40%] Built target visualization_node
[ 40%] Built target tf_to_pos_node
[ 50%] Built target isaac_sim_demo_library
[ 60%] Built target moveit_test_node
[ 70%] Built target spawn_scene
[ 75%] [32mBuilding CXX object CMakeFiles/cpp_demo.dir/src/cpp_int.cpp.o[0m
[ 85%] Built target ompl_controller_node
[ 95%] Built target ompl_lifecycle
[01m[K/home/ubuntu/ros2_ws/src/isaac_sim_demo/src/cpp_int.cpp:[m[K In function â€˜[01m[Kint main(int, char**)[m[Kâ€™:
[01m[K/home/ubuntu/ros2_ws/src/isaac_sim_demo/src/cpp_int.cpp:129:26:[m[K [01;31m[Kerror: [m[Kâ€˜[01m[Kusing element_type = class planning_scene::PlanningScene[m[Kâ€™ {aka â€˜[01m[Kclass planning_scene::PlanningScene[m[Kâ€™} has no member named â€˜[01m[Kis[m[Kâ€™
  129 |       if(planning_scene->[01;31m[Kis[m[K(goal_state,"Group1",true)== false){
      |                          [01;31m[K^~[m[K
gmake[2]: *** [CMakeFiles/cpp_demo.dir/build.make:76: CMakeFiles/cpp_demo.dir/src/cpp_int.cpp.o] Error 1
gmake[1]: *** [CMakeFiles/Makefile2:337: CMakeFiles/cpp_demo.dir/all] Error 2
gmake: *** [Makefile:146: all] Error 2
