[35m[1mConsolidate compiler generated dependencies of target joint_space[0m
[ 18%] Built target StateSubscriber_node
[ 18%] Built target visualization_node
[ 27%] Built target tf_to_pos_node
[ 36%] Built target markers_node
[ 45%] Built target moveit_test_node
[ 54%] Built target cartesian
[ 63%] Built target isaac_sim_demo_library
[ 72%] Built target spawn_scene
[ 77%] [32mBuilding CXX object CMakeFiles/joint_space.dir/src/joint_space.cpp.o[0m
[ 90%] Built target ompl_controller_node
[ 95%] Built target ompl_lifecycle
[01m[K/home/ubuntu/ros2_ws/src/isaac_sim_demo/src/joint_space.cpp:[m[K In function â€˜[01m[Kint main(int, char**)[m[Kâ€™:
[01m[K/home/ubuntu/ros2_ws/src/isaac_sim_demo/src/joint_space.cpp:292:75:[m[K [01;31m[Kerror: [m[Kâ€˜[01m[Kcallback_fn[m[Kâ€™ was not declared in this scope
  292 |       found_ik = goal_state.setFromIK(joint_model_group, ik_pose, timeout,[01;31m[Kcallback_fn[m[K);
      |                                                                           [01;31m[K^~~~~~~~~~~[m[K
gmake[2]: *** [CMakeFiles/joint_space.dir/build.make:76: CMakeFiles/joint_space.dir/src/joint_space.cpp.o] Error 1
gmake[1]: *** [CMakeFiles/Makefile2:339: CMakeFiles/joint_space.dir/all] Error 2
gmake: *** [Makefile:146: all] Error 2
