[01m[K/home/ubuntu/ros2_ws/src/isaac_sim_demo/src/joint_space.cpp:[m[K In function â€˜[01m[Kint main(int, char**)[m[Kâ€™:
[01m[K/home/ubuntu/ros2_ws/src/isaac_sim_demo/src/joint_space.cpp:309:29:[m[K [01;31m[Kerror: [m[Kâ€˜[01m[Kusing VisibilityConstraint = struct moveit_msgs::msg::VisibilityConstraint_<std::allocator<void> >[m[Kâ€™ {aka â€˜[01m[Kstruct moveit_msgs::msg::VisibilityConstraint_<std::allocator<void> >[m[Kâ€™} has no member named â€˜[01m[KgetMarkers[m[Kâ€™
  309 |       visibility_constraint.[01;31m[KgetMarkers[m[K(robot_state,marker_array);
      |                             [01;31m[K^~~~~~~~~~[m[K
[01m[K/home/ubuntu/ros2_ws/src/isaac_sim_demo/src/joint_space.cpp:310:7:[m[K [01;31m[Kerror: [m[Kâ€˜[01m[Kmarker_array_publisher[m[Kâ€™ was not declared in this scope; did you mean â€˜[01m[Kmarker_array_publisher_[m[Kâ€™?
  310 |       [01;31m[Kmarker_array_publisher[m[K.pub(marker_array)
      |       [01;31m[K^~~~~~~~~~~~~~~~~~~~~~[m[K
      |       [32m[Kmarker_array_publisher_[m[K
gmake[2]: *** [CMakeFiles/joint_space.dir/build.make:76: CMakeFiles/joint_space.dir/src/joint_space.cpp.o] Error 1
gmake[1]: *** [CMakeFiles/Makefile2:339: CMakeFiles/joint_space.dir/all] Error 2
gmake: *** [Makefile:146: all] Error 2
