[0.016s] Invoking command in '/home/ubuntu/ros2_ws/build/moveit_core': CMAKE_PREFIX_PATH=/home/ubuntu/ros2_ws/install/moveit_resources_panda_moveit_config:/home/ubuntu/ros2_ws/install/srdfdom:/home/ubuntu/ros2_ws/install/moveit_resources_pr2_description:/home/ubuntu/ros2_ws/install/moveit_resources_panda_description:/home/ubuntu/ros2_ws/install/moveit_common:/home/ubuntu/ros2_ws/install/prismatic_moveit_config:/home/ubuntu/ros2_ws/install/test_moveit_config:/home/ubuntu/ros2_ws/install/pilz_industrial_motion_planner_testutils:/home/ubuntu/ros2_ws/install/moveit_runtime:/home/ubuntu/ros2_ws/install/moveit2_tutorials:/home/ubuntu/ros2_ws/install/moveit:/home/ubuntu/ros2_ws/install/isaac_twin_moveit_config:/home/ubuntu/ros2_ws/install/four_drone_demo:/home/ubuntu/ros2_ws/install/floating_moveit_config:/home/ubuntu/ros2_ws/install/chain_moveit_config:/home/ubuntu/ros2_ws/install/4_drone_demo:/home/ubuntu/ros2_ws/install/isaac_sim_demo:/home/ubuntu/ros2_ws/install/moveit_planners:/home/ubuntu/ros2_ws/install/pilz_industrial_motion_planner:/home/ubuntu/ros2_ws/install/pick_ik:/home/ubuntu/ros2_ws/install/moveit_visual_tools:/home/ubuntu/ros2_ws/install/moveit_task_constructor_visualization:/home/ubuntu/ros2_ws/install/moveit_task_constructor_demo:/home/ubuntu/ros2_ws/install/moveit_task_constructor_capabilities:/home/ubuntu/ros2_ws/install/moveit_task_constructor_core:/home/ubuntu/ros2_ws/install/moveit_ros_control_interface:/home/ubuntu/ros2_ws/install/moveit_plugins:/home/ubuntu/ros2_ws/install/moveit_simple_controller_manager:/home/ubuntu/ros2_ws/install/moveit_setup_assistant:/home/ubuntu/ros2_ws/install/moveit_setup_srdf_plugins:/home/ubuntu/ros2_ws/install/moveit_setup_core_plugins:/home/ubuntu/ros2_ws/install/moveit_setup_controllers:/home/ubuntu/ros2_ws/install/moveit_setup_app_plugins:/home/ubuntu/ros2_ws/install/moveit_setup_framework:/home/ubuntu/ros2_ws/install/moveit_servo:/home/ubuntu/ros2_ws/install/moveit_ros:/home/ubuntu/ros2_ws/install/moveit_ros_visualization:/home/ubuntu/ros2_ws/install/moveit_hybrid_planning:/home/ubuntu/ros2_ws/install/moveit_ros_planning_interface:/home/ubuntu/ros2_ws/install/moveit_ros_benchmarks:/home/ubuntu/ros2_ws/install/moveit_ros_warehouse:/home/ubuntu/ros2_ws/install/moveit_ros_robot_interaction:/home/ubuntu/ros2_ws/install/moveit_ros_perception:/home/ubuntu/ros2_ws/install/moveit_resources_prbt_pg70_support:/home/ubuntu/ros2_ws/install/moveit_resources_prbt_moveit_config:/home/ubuntu/ros2_ws/install/moveit_ros_move_group:/home/ubuntu/ros2_ws/install/moveit_planners_ompl:/home/ubuntu/ros2_ws/install/moveit_ros_planning:/home/ubuntu/ros2_ws/install/moveit_ros_occupancy_map_monitor:/home/ubuntu/ros2_ws/install/moveit_resources_prbt_ikfast_manipulator_plugin:/home/ubuntu/ros2_ws/install/moveit_planners_chomp:/home/ubuntu/ros2_ws/install/moveit_kinematics:/home/ubuntu/ros2_ws/install/moveit_chomp_optimizer_adapter:/home/ubuntu/ros2_ws/install/chomp_motion_planner:/home/ubuntu/ros2_ws/install/moveit_core:/home/ubuntu/ros2_ws/install/rviz_marker_tools:/home/ubuntu/ros2_ws/install/rosparam_shortcuts:/home/ubuntu/ros2_ws/install/moveit_task_constructor_msgs:/home/ubuntu/ros2_ws/install/moveit_resources_prbt_support:/home/ubuntu/ros2_ws/install/moveit_resources:/home/ubuntu/ros2_ws/install/moveit_resources_fanuc_moveit_config:/home/ubuntu/ros2_ws/install/moveit_resources_fanuc_description:/home/ubuntu/ros2_ws/install/custom_interfaces:/home/ubuntu/ros2_ws/install/moveit_configs_utils:/home/ubuntu/ros2_ws/install/launch_param_builder:/opt/ros/humble LD_LIBRARY_PATH=/home/ubuntu/ros2_ws/install/srdfdom/lib:/home/ubuntu/ros2_ws/install/pilz_industrial_motion_planner_testutils/lib:/home/ubuntu/ros2_ws/install/pilz_industrial_motion_planner/lib:/home/ubuntu/ros2_ws/install/pick_ik/lib:/home/ubuntu/ros2_ws/install/moveit_visual_tools/lib:/home/ubuntu/ros2_ws/install/moveit_task_constructor_visualization/lib:/home/ubuntu/ros2_ws/install/moveit_task_constructor_demo/lib:/home/ubuntu/ros2_ws/install/moveit_task_constructor_capabilities/lib:/home/ubuntu/ros2_ws/install/moveit_task_constructor_core/lib:/home/ubuntu/ros2_ws/install/moveit_ros_control_interface/lib:/home/ubuntu/ros2_ws/install/moveit_simple_controller_manager/lib:/home/ubuntu/ros2_ws/install/moveit_setup_assistant/lib:/home/ubuntu/ros2_ws/install/moveit_setup_srdf_plugins/lib:/home/ubuntu/ros2_ws/install/moveit_setup_core_plugins/lib:/home/ubuntu/ros2_ws/install/moveit_setup_controllers/lib:/home/ubuntu/ros2_ws/install/moveit_setup_app_plugins/lib:/home/ubuntu/ros2_ws/install/moveit_setup_framework/lib:/home/ubuntu/ros2_ws/install/moveit_servo/lib:/home/ubuntu/ros2_ws/install/moveit_ros_visualization/lib:/home/ubuntu/ros2_ws/install/moveit_hybrid_planning/lib:/home/ubuntu/ros2_ws/install/moveit_ros_planning_interface/lib:/home/ubuntu/ros2_ws/install/moveit_ros_benchmarks/lib:/home/ubuntu/ros2_ws/install/moveit_ros_warehouse/lib:/home/ubuntu/ros2_ws/install/moveit_ros_robot_interaction/lib:/home/ubuntu/ros2_ws/install/moveit_ros_perception/lib:/home/ubuntu/ros2_ws/install/moveit_ros_move_group/lib:/home/ubuntu/ros2_ws/install/moveit_planners_ompl/lib:/home/ubuntu/ros2_ws/install/moveit_ros_planning/lib:/home/ubuntu/ros2_ws/install/moveit_ros_occupancy_map_monitor/lib:/home/ubuntu/ros2_ws/install/moveit_resources_prbt_ikfast_manipulator_plugin/lib:/home/ubuntu/ros2_ws/install/moveit_planners_chomp/lib:/home/ubuntu/ros2_ws/install/moveit_kinematics/lib:/home/ubuntu/ros2_ws/install/moveit_chomp_optimizer_adapter/lib:/home/ubuntu/ros2_ws/install/chomp_motion_planner/lib:/home/ubuntu/ros2_ws/install/moveit_core/lib:/home/ubuntu/ros2_ws/install/rviz_marker_tools/lib:/home/ubuntu/ros2_ws/install/rosparam_shortcuts/lib:/home/ubuntu/ros2_ws/install/moveit_task_constructor_msgs/lib:/home/ubuntu/ros2_ws/install/custom_interfaces/lib:/opt/ros/humble/opt/rviz_ogre_vendor/lib:/opt/ros/humble/lib/x86_64-linux-gnu:/opt/ros/humble/lib /usr/bin/cmake --build /home/ubuntu/ros2_ws/build/moveit_core -- -j24 -l24
[0.038s] -- Found moveit_common: 2.5.5 (/home/ubuntu/ros2_ws/install/moveit_common/share/moveit_common/cmake)
[0.038s] -- Found ament_cmake: 1.3.10 (/opt/ros/humble/share/ament_cmake/cmake)
[0.172s] -- Found angles: 1.15.0 (/opt/ros/humble/share/angles/cmake)
[0.193s] -- Found common_interfaces: 4.2.4 (/opt/ros/humble/share/common_interfaces/cmake)
[0.193s] -- Found eigen_stl_containers: 1.0.0 (/opt/ros/humble/share/eigen_stl_containers/cmake)
[0.194s] -- Found eigen3_cmake_module: 0.1.1 (/opt/ros/humble/share/eigen3_cmake_module/cmake)
[0.196s] -- Found generate_parameter_library: 0.3.8 (/opt/ros/humble/share/generate_parameter_library/cmake)
[0.197s] -- Found parameter_traits: 0.3.8 (/opt/ros/humble/share/parameter_traits/cmake)
[0.212s] -- Found rosidl_generator_c: 3.1.5 (/opt/ros/humble/share/rosidl_generator_c/cmake)
[0.213s] -- Found rosidl_adapter: 3.1.5 (/opt/ros/humble/share/rosidl_adapter/cmake)
[0.217s] -- Found rosidl_generator_cpp: 3.1.5 (/opt/ros/humble/share/rosidl_generator_cpp/cmake)
[0.225s] -- Using all available rosidl_typesupport_c: rosidl_typesupport_fastrtps_c;rosidl_typesupport_introspection_c
[0.234s] -- Using all available rosidl_typesupport_cpp: rosidl_typesupport_fastrtps_cpp;rosidl_typesupport_introspection_cpp
[0.258s] -- Found rmw_implementation_cmake: 6.1.2 (/opt/ros/humble/share/rmw_implementation_cmake/cmake)
[0.260s] -- Found rmw_fastrtps_cpp: 6.2.7 (/opt/ros/humble/share/rmw_fastrtps_cpp/cmake)
[0.378s] -- Using RMW implementation 'rmw_fastrtps_cpp' as default
[0.415s] -- Found rclcpp_lifecycle: 16.0.10 (/opt/ros/humble/share/rclcpp_lifecycle/cmake)
[0.426s] -- Found geometric_shapes: 2.1.3 (/opt/ros/humble/share/geometric_shapes/cmake)
[0.429s] -- Found Boost: /usr/lib/x86_64-linux-gnu/cmake/Boost-1.74.0/BoostConfig.cmake (found version "1.74.0") found components: filesystem 
[0.473s] -- library: /usr/lib/x86_64-linux-gnu/libcurl.so
[0.506s] -- Found kdl_parser: 2.6.4 (/opt/ros/humble/share/kdl_parser/cmake)
[0.508s] -- Ensuring Eigen3 include directory is part of orocos-kdl CMake target
[0.509s] -- Found moveit_msgs: 2.2.1 (/opt/ros/humble/share/moveit_msgs/cmake)
[0.575s] -- Found pluginlib: 5.1.0 (/opt/ros/humble/share/pluginlib/cmake)
[0.596s] -- Found srdfdom: 2.0.4 (/home/ubuntu/ros2_ws/install/srdfdom/share/srdfdom/cmake)
[0.600s] -- Found tf2_eigen: 0.25.7 (/opt/ros/humble/share/tf2_eigen/cmake)
[0.639s] -- Found tf2_geometry_msgs: 0.25.7 (/opt/ros/humble/share/tf2_geometry_msgs/cmake)
[0.640s] -- Found tf2_kdl: 0.25.7 (/opt/ros/humble/share/tf2_kdl/cmake)
[0.653s] -- Found Boost: /usr/lib/x86_64-linux-gnu/cmake/Boost-1.74.0/BoostConfig.cmake (found version "1.74.0") found components: chrono date_time filesystem iostreams program_options regex serialization system thread 
[0.654s] --  *** Building MoveIt 2.5.5-Alpha ***
[0.666s] -- Found ament_cmake_gtest: 1.3.10 (/opt/ros/humble/share/ament_cmake_gtest/cmake)
[0.667s] -- Found gtest sources under '/opt/ros/humble/src/gtest_vendor': C++ tests using 'Google Test' will be built
[0.685s] -- Found ament_cmake_gmock: 1.3.10 (/opt/ros/humble/share/ament_cmake_gmock/cmake)
[0.687s] -- Found gmock sources under '/opt/ros/humble/src/gmock_vendor': C++ tests using 'Google Mock' will be built
[0.689s] -- Found ament_cmake_gtest: 1.3.10 (/opt/ros/humble/share/ament_cmake_gtest/cmake)
[0.690s] -- Found gtest sources under '/opt/ros/humble/src/gtest_vendor': C++ tests using 'Google Test' will be built
[0.705s] -- Found ament_cmake_gtest: 1.3.10 (/opt/ros/humble/share/ament_cmake_gtest/cmake)
[0.706s] -- Found gtest sources under '/opt/ros/humble/src/gtest_vendor': C++ tests using 'Google Test' will be built
[0.746s] -- Found ament_cmake_gtest: 1.3.10 (/opt/ros/humble/share/ament_cmake_gtest/cmake)
[0.746s] -- Found gtest sources under '/opt/ros/humble/src/gtest_vendor': C++ tests using 'Google Test' will be built
[0.760s] -- Found ament_lint_auto: 0.12.11 (/opt/ros/humble/share/ament_lint_auto/cmake)
[0.761s] -- Found ament_cmake_gtest: 1.3.10 (/opt/ros/humble/share/ament_cmake_gtest/cmake)
[0.761s] -- Found gtest sources under '/opt/ros/humble/src/gtest_vendor': C++ tests using 'Google Test' will be built
[0.788s] -- Found ament_cmake_gtest: 1.3.10 (/opt/ros/humble/share/ament_cmake_gtest/cmake)
[0.788s] -- Found gtest sources under '/opt/ros/humble/src/gtest_vendor': C++ tests using 'Google Test' will be built
[0.810s] -- Found ament_cmake_gtest: 1.3.10 (/opt/ros/humble/share/ament_cmake_gtest/cmake)
[0.811s] -- Found gtest sources under '/opt/ros/humble/src/gtest_vendor': C++ tests using 'Google Test' will be built
[0.824s] -- Found ament_cmake_gtest: 1.3.10 (/opt/ros/humble/share/ament_cmake_gtest/cmake)
[0.825s] -- Found gtest sources under '/opt/ros/humble/src/gtest_vendor': C++ tests using 'Google Test' will be built
[0.837s] -- Found gtest sources under '/opt/ros/humble/src/gtest_vendor': C++ tests using 'Google Test' will be built
[0.849s] -- Found gtest sources under '/opt/ros/humble/src/gtest_vendor': C++ tests using 'Google Test' will be built
[0.865s] -- Found ament_cmake_gtest: 1.3.10 (/opt/ros/humble/share/ament_cmake_gtest/cmake)
[0.865s] -- Found gtest sources under '/opt/ros/humble/src/gtest_vendor': C++ tests using 'Google Test' will be built
[0.896s] -- Found gtest sources under '/opt/ros/humble/src/gtest_vendor': C++ tests using 'Google Test' will be built
[0.918s] -- Found gtest sources under '/opt/ros/humble/src/gtest_vendor': C++ tests using 'Google Test' will be built
[0.935s] -- Found gtest sources under '/opt/ros/humble/src/gtest_vendor': C++ tests using 'Google Test' will be built
[0.940s] -- Found ament_lint_auto: 0.12.11 (/opt/ros/humble/share/ament_lint_auto/cmake)
[0.957s] -- Added test 'cppcheck' to perform static code analysis on C / C++ code
[0.958s] -- Configured cppcheck include dirs: /home/ubuntu/ros2_ws/src/moveit2/moveit_core/exceptions/include;/home/ubuntu/ros2_ws/src/moveit2/moveit_core/collision_detection/include;/home/ubuntu/ros2_ws/src/moveit2/moveit_core/collision_detection_fcl/include;/home/ubuntu/ros2_ws/src/moveit2/moveit_core/collision_detection_bullet/include;/home/ubuntu/ros2_ws/src/moveit2/moveit_core/constraint_samplers/include;/home/ubuntu/ros2_ws/src/moveit2/moveit_core/controller_manager/include;/home/ubuntu/ros2_ws/src/moveit2/moveit_core/distance_field/include;/home/ubuntu/ros2_ws/src/moveit2/moveit_core/collision_distance_field/include;/home/ubuntu/ros2_ws/src/moveit2/moveit_core/dynamics_solver/include;/home/ubuntu/ros2_ws/src/moveit2/moveit_core/kinematics_base/include;/home/ubuntu/ros2_ws/src/moveit2/moveit_core/kinematics_metrics/include;/home/ubuntu/ros2_ws/src/moveit2/moveit_core/robot_model/include;/home/ubuntu/ros2_ws/src/moveit2/moveit_core/transforms/include;/home/ubuntu/ros2_ws/src/moveit2/moveit_core/robot_state/include;/home/ubuntu/ros2_ws/src/moveit2/moveit_core/robot_trajectory/include;/home/ubuntu/ros2_ws/src/moveit2/moveit_core/kinematic_constraints/include;/home/ubuntu/ros2_ws/src/moveit2/moveit_core/macros/include;/home/ubuntu/ros2_ws/src/moveit2/moveit_core/online_signal_smoothing/include;/home/ubuntu/ros2_ws/src/moveit2/moveit_core/planning_interface/include;/home/ubuntu/ros2_ws/src/moveit2/moveit_core/planning_request_adapter/include;/home/ubuntu/ros2_ws/src/moveit2/moveit_core/planning_scene/include;/home/ubuntu/ros2_ws/src/moveit2/moveit_core/sensor_manager/include;/home/ubuntu/ros2_ws/src/moveit2/moveit_core/trajectory_processing/include;/home/ubuntu/ros2_ws/src/moveit2/moveit_core/utils/include
[0.958s] -- Configured cppcheck exclude dirs and/or files: 
[0.960s] -- Added test 'pep257' to check Python code against some of the docstring style conventions in PEP 257
[0.961s] -- Added test 'xmllint' to check XML markup files
[0.963s] -- Configuring done
[1.375s] -- Generating done
[1.381s] -- Build files have been written to: /home/ubuntu/ros2_ws/build/moveit_core
[1.429s] [35m[1mConsolidate compiler generated dependencies of target moveit_exceptions[0m
[1.430s] [35m[1mConsolidate compiler generated dependencies of target moveit_transforms[0m
[1.431s] [35m[1mConsolidate compiler generated dependencies of target moveit_kinematics_base[0m
[1.432s] [35m[1mConsolidate compiler generated dependencies of target gtest[0m
[1.432s] [35m[1mConsolidate compiler generated dependencies of target gmock_main[0m
[1.433s] [35m[1mConsolidate compiler generated dependencies of target moveit_distance_field[0m
[1.433s] [35m[1mConsolidate compiler generated dependencies of target gtest_main[0m
[1.437s] [35m[1mConsolidate compiler generated dependencies of target moveit_version[0m
[1.448s] [  1%] Built target moveit_exceptions
[1.448s] [35m[1mConsolidate compiler generated dependencies of target moveit_utils[0m
[1.449s] [35m[1mConsolidate compiler generated dependencies of target gmock[0m
[1.449s] [35m[1mConsolidate compiler generated dependencies of target moveit_smoothing_base[0m
[1.454s] [  2%] Built target gmock_main
[1.455s] [  3%] Built target gtest
[1.455s] [  4%] Built target gtest_main
[1.458s] [  5%] Built target moveit_kinematics_base
[1.459s] [  6%] Built target moveit_transforms
[1.461s] [  8%] Built target moveit_version
[1.464s] [  9%] Built target moveit_butterworth_parameters
[1.467s] [ 11%] Built target moveit_utils
[1.467s] [ 13%] Built target moveit_distance_field
[1.470s] [ 15%] Built target gmock
[1.472s] [ 16%] Built target moveit_smoothing_base
[1.473s] [35m[1mConsolidate compiler generated dependencies of target test_transforms[0m
[1.477s] [35m[1mConsolidate compiler generated dependencies of target moveit_robot_model[0m
[1.478s] [35m[1mConsolidate compiler generated dependencies of target test_voxel_grid[0m
[1.480s] [35m[1mConsolidate compiler generated dependencies of target test_distance_field[0m
[1.485s] [ 17%] Built target test_transforms
[1.493s] [ 18%] Built target test_voxel_grid
[1.499s] [ 19%] Built target test_distance_field
[1.507s] [ 26%] Built target moveit_robot_model
[1.518s] [35m[1mConsolidate compiler generated dependencies of target moveit_butterworth_filter[0m
[1.518s] [35m[1mConsolidate compiler generated dependencies of target moveit_test_utils[0m
[1.521s] [35m[1mConsolidate compiler generated dependencies of target moveit_robot_state[0m
[1.537s] [ 27%] Built target moveit_butterworth_filter
[1.539s] [ 28%] Built target moveit_test_utils
[1.548s] [35m[1mConsolidate compiler generated dependencies of target test_butterworth_filter[0m
[1.548s] [ 31%] Built target moveit_robot_state
[1.549s] [35m[1mConsolidate compiler generated dependencies of target test_robot_model[0m
[1.569s] [35m[1mConsolidate compiler generated dependencies of target moveit_kinematics_metrics[0m
[1.569s] [35m[1mConsolidate compiler generated dependencies of target moveit_robot_trajectory[0m
[1.570s] [35m[1mConsolidate compiler generated dependencies of target test_robot_state[0m
[1.572s] [35m[1mConsolidate compiler generated dependencies of target test_robot_state_complex[0m
[1.573s] [35m[1mConsolidate compiler generated dependencies of target test_robot_state_benchmark[0m
[1.574s] [35m[1mConsolidate compiler generated dependencies of target moveit_dynamics_solver[0m
[1.575s] [ 32%] Built target test_robot_model
[1.576s] [35m[1mConsolidate compiler generated dependencies of target test_cartesian_interpolator[0m
[1.576s] [35m[1mConsolidate compiler generated dependencies of target test_aabb[0m
[1.578s] [35m[1mConsolidate compiler generated dependencies of target moveit_collision_detection[0m
[1.579s] [ 33%] Built target test_butterworth_filter
[1.595s] [ 35%] Built target test_robot_state_complex
[1.595s] [ 37%] Built target test_robot_state
[1.595s] [ 37%] Built target moveit_kinematics_metrics
[1.598s] [ 38%] Built target moveit_robot_trajectory
[1.600s] [ 40%] Built target moveit_dynamics_solver
[1.601s] [ 41%] Built target test_robot_state_benchmark
[1.601s] [ 42%] Built target test_aabb
[1.605s] [ 43%] Built target test_cartesian_interpolator
[1.610s] [35m[1mConsolidate compiler generated dependencies of target moveit_planning_interface[0m
[1.610s] [35m[1mConsolidate compiler generated dependencies of target test_robot_trajectory[0m
[1.611s] [35m[1mConsolidate compiler generated dependencies of target moveit_trajectory_processing[0m
[1.622s] [ 49%] Built target moveit_collision_detection
[1.635s] [ 50%] Built target test_robot_trajectory
[1.637s] [ 52%] Built target moveit_planning_interface
[1.638s] [35m[1mConsolidate compiler generated dependencies of target test_world[0m
[1.639s] [35m[1mConsolidate compiler generated dependencies of target test_world_diff[0m
[1.641s] [35m[1mConsolidate compiler generated dependencies of target test_all_valid[0m
[1.641s] [ 56%] Built target moveit_trajectory_processing
[1.643s] [35m[1mConsolidate compiler generated dependencies of target moveit_collision_detection_fcl[0m
[1.646s] [35m[1mConsolidate compiler generated dependencies of target moveit_collision_detection_bullet[0m
[1.654s] [35m[1mConsolidate compiler generated dependencies of target test_time_parameterization[0m
[1.656s] [35m[1mConsolidate compiler generated dependencies of target test_time_optimal_trajectory_generation[0m
[1.656s] [ 57%] Built target test_world
[1.659s] [35m[1mConsolidate compiler generated dependencies of target test_ruckig_traj_smoothing[0m
[1.660s] [ 59%] Built target test_world_diff
[1.662s] [ 60%] Built target test_all_valid
[1.669s] [ 62%] Built target moveit_collision_detection_fcl
[1.674s] [ 63%] Built target test_time_parameterization
[1.675s] [ 65%] Built target test_time_optimal_trajectory_generation
[1.686s] [ 70%] Built target moveit_collision_detection_bullet
[1.686s] [35m[1mConsolidate compiler generated dependencies of target moveit_planning_scene[0m
[1.686s] [35m[1mConsolidate compiler generated dependencies of target test_fcl_collision_env[0m
[1.687s] [35m[1mConsolidate compiler generated dependencies of target test_fcl_collision_detection_panda[0m
[1.687s] [ 71%] Built target test_ruckig_traj_smoothing
[1.687s] [35m[1mConsolidate compiler generated dependencies of target test_fcl_collision_detection[0m
[1.699s] [35m[1mConsolidate compiler generated dependencies of target test_bullet_collision_detection_panda[0m
[1.700s] [35m[1mConsolidate compiler generated dependencies of target test_bullet_collision_detection[0m
[1.700s] [35m[1mConsolidate compiler generated dependencies of target test_bullet_continuous_collision_checking[0m
[1.714s] [ 73%] Built target test_fcl_collision_env
[1.715s] [ 75%] Built target test_fcl_collision_detection
[1.715s] [ 75%] Built target test_fcl_collision_detection_panda
[1.716s] [ 75%] [32m[1mLinking CXX shared library libmoveit_planning_scene.so[0m
[1.723s] [ 76%] Built target test_bullet_collision_detection_panda
[1.725s] [ 79%] Built target test_bullet_continuous_collision_checking
[1.725s] [ 79%] Built target test_bullet_collision_detection
[1.858s] [ 80%] Built target moveit_planning_scene
[1.876s] [35m[1mConsolidate compiler generated dependencies of target collision_detector_fcl_plugin[0m
[1.877s] [35m[1mConsolidate compiler generated dependencies of target test_collision_objects[0m
[1.877s] [35m[1mConsolidate compiler generated dependencies of target test_multi_threaded[0m
[1.877s] [35m[1mConsolidate compiler generated dependencies of target moveit_kinematic_constraints[0m
[1.877s] [35m[1mConsolidate compiler generated dependencies of target test_planning_scene[0m
[1.878s] [35m[1mConsolidate compiler generated dependencies of target moveit_planning_request_adapter[0m
[1.879s] [35m[1mConsolidate compiler generated dependencies of target collision_detector_bullet_plugin[0m
[1.884s] [35m[1mConsolidate compiler generated dependencies of target moveit_collision_distance_field[0m
[1.901s] [ 81%] [32m[1mLinking CXX shared library libcollision_detector_fcl_plugin.so[0m
[1.904s] [ 82%] [32m[1mLinking CXX shared library libmoveit_planning_request_adapter.so[0m
[1.904s] [ 82%] [32m[1mLinking CXX executable test_collision_objects[0m
[1.906s] [ 82%] [32m[1mLinking CXX executable test_planning_scene[0m
[1.907s] [ 83%] [32m[1mLinking CXX executable test_multi_threaded[0m
[1.909s] [ 84%] [32m[1mLinking CXX shared library libmoveit_kinematic_constraints.so[0m
[1.913s] [ 85%] [32m[1mLinking CXX shared library libcollision_detector_bullet_plugin.so[0m
[1.931s] [ 86%] [32m[1mLinking CXX shared library libmoveit_collision_distance_field.so[0m
[2.029s] [ 86%] Built target collision_detector_fcl_plugin
[2.037s] [ 86%] Built target moveit_planning_request_adapter
[2.051s] [ 86%] Built target collision_detector_bullet_plugin
[2.064s] [ 87%] Built target moveit_kinematic_constraints
[2.078s] [35m[1mConsolidate compiler generated dependencies of target test_orientation_constraints[0m
[2.078s] [35m[1mConsolidate compiler generated dependencies of target test_constraints[0m
[2.081s] [35m[1mConsolidate compiler generated dependencies of target moveit_constraint_samplers[0m
[2.086s] [ 89%] Built target moveit_collision_distance_field
[2.090s] /usr/bin/ld: libmoveit_planning_scene.so.2.5.5: undefined reference to `kinematic_constraints::KinematicConstraintSet::clear()'
[2.093s] /usr/bin/ld: libmoveit_planning_scene.so.2.5.5: undefined reference to `kinematic_constraints::KinematicConstraintSet::add(moveit_msgs::msg::Constraints_<std::allocator<void> > const&, moveit::core::Transforms const&)'
[2.094s] /usr/bin/ld: libmoveit_planning_scene.so.2.5.5: undefined reference to `kinematic_constraints::KinematicConstraintSet::decide(moveit::core::RobotState const&, bool) const'
[2.100s] collect2: error: ld returned 1 exit status
[2.101s] [ 90%] [32m[1mLinking CXX executable test_constraints[0m
[2.101s] [35m[1mConsolidate compiler generated dependencies of target test_collision_distance_field[0m
[2.102s] gmake[2]: *** [planning_scene/CMakeFiles/test_collision_objects.dir/build.make:301: planning_scene/test_collision_objects] Error 1
[2.102s] gmake[1]: *** [CMakeFiles/Makefile2:1529: planning_scene/CMakeFiles/test_collision_objects.dir/all] Error 2
[2.102s] gmake[1]: *** Waiting for unfinished jobs....
[2.102s] [ 91%] [32m[1mLinking CXX executable test_orientation_constraints[0m
[2.112s] /usr/bin/ld: libmoveit_planning_scene.so.2.5.5: undefined reference to `kinematic_constraints::KinematicConstraintSet::clear()'
[2.113s] [ 92%] [32m[1mLinking CXX shared library libmoveit_constraint_samplers.so[0m
[2.113s] /usr/bin/ld: libmoveit_planning_scene.so.2.5.5: undefined reference to `kinematic_constraints::KinematicConstraintSet::clear()'
[2.115s] /usr/bin/ld: libmoveit_planning_scene.so.2.5.5: undefined reference to `kinematic_constraints::KinematicConstraintSet::add(moveit_msgs::msg::Constraints_<std::allocator<void> > const&, moveit::core::Transforms const&)'
[2.116s] /usr/bin/ld: libmoveit_planning_scene.so.2.5.5: undefined reference to `kinematic_constraints::KinematicConstraintSet::decide(moveit::core::RobotState const&, bool) const'
[2.116s] /usr/bin/ld: libmoveit_planning_scene.so.2.5.5: undefined reference to `kinematic_constraints::KinematicConstraintSet::add(moveit_msgs::msg::Constraints_<std::allocator<void> > const&, moveit::core::Transforms const&)'
[2.116s] /usr/bin/ld: libmoveit_planning_scene.so.2.5.5: undefined reference to `kinematic_constraints::KinematicConstraintSet::decide(moveit::core::RobotState const&, bool) const'
[2.122s] collect2: error: ld returned 1 exit status
[2.123s] collect2: error: ld returned 1 exit status
[2.123s] gmake[2]: *** [planning_scene/CMakeFiles/test_multi_threaded.dir/build.make:301: planning_scene/test_multi_threaded] Error 1
[2.124s] gmake[1]: *** [CMakeFiles/Makefile2:1568: planning_scene/CMakeFiles/test_multi_threaded.dir/all] Error 2
[2.124s] gmake[2]: *** [planning_scene/CMakeFiles/test_planning_scene.dir/build.make:301: planning_scene/test_planning_scene] Error 1
[2.125s] gmake[1]: *** [CMakeFiles/Makefile2:1490: planning_scene/CMakeFiles/test_planning_scene.dir/all] Error 2
[2.125s] [ 92%] [32m[1mLinking CXX executable test_collision_distance_field[0m
[2.250s] [ 94%] Built target moveit_constraint_samplers
[2.292s] [ 94%] Built target test_constraints
[2.302s] /usr/bin/ld: ../planning_scene/libmoveit_planning_scene.so.2.5.5: undefined reference to `kinematic_constraints::KinematicConstraintSet::clear()'
[2.305s] /usr/bin/ld: ../planning_scene/libmoveit_planning_scene.so.2.5.5: undefined reference to `kinematic_constraints::KinematicConstraintSet::add(moveit_msgs::msg::Constraints_<std::allocator<void> > const&, moveit::core::Transforms const&)'
[2.306s] /usr/bin/ld: ../planning_scene/libmoveit_planning_scene.so.2.5.5: undefined reference to `kinematic_constraints::KinematicConstraintSet::decide(moveit::core::RobotState const&, bool) const'
[2.311s] [ 94%] Built target test_orientation_constraints
[2.311s] collect2: error: ld returned 1 exit status
[2.312s] gmake[2]: *** [collision_distance_field/CMakeFiles/test_collision_distance_field.dir/build.make:305: collision_distance_field/test_collision_distance_field] Error 1
[2.313s] gmake[1]: *** [CMakeFiles/Makefile2:742: collision_distance_field/CMakeFiles/test_collision_distance_field.dir/all] Error 2
[2.313s] gmake: *** [Makefile:146: all] Error 2
[2.314s] Invoked command in '/home/ubuntu/ros2_ws/build/moveit_core' returned '2': CMAKE_PREFIX_PATH=/home/ubuntu/ros2_ws/install/moveit_resources_panda_moveit_config:/home/ubuntu/ros2_ws/install/srdfdom:/home/ubuntu/ros2_ws/install/moveit_resources_pr2_description:/home/ubuntu/ros2_ws/install/moveit_resources_panda_description:/home/ubuntu/ros2_ws/install/moveit_common:/home/ubuntu/ros2_ws/install/prismatic_moveit_config:/home/ubuntu/ros2_ws/install/test_moveit_config:/home/ubuntu/ros2_ws/install/pilz_industrial_motion_planner_testutils:/home/ubuntu/ros2_ws/install/moveit_runtime:/home/ubuntu/ros2_ws/install/moveit2_tutorials:/home/ubuntu/ros2_ws/install/moveit:/home/ubuntu/ros2_ws/install/isaac_twin_moveit_config:/home/ubuntu/ros2_ws/install/four_drone_demo:/home/ubuntu/ros2_ws/install/floating_moveit_config:/home/ubuntu/ros2_ws/install/chain_moveit_config:/home/ubuntu/ros2_ws/install/4_drone_demo:/home/ubuntu/ros2_ws/install/isaac_sim_demo:/home/ubuntu/ros2_ws/install/moveit_planners:/home/ubuntu/ros2_ws/install/pilz_industrial_motion_planner:/home/ubuntu/ros2_ws/install/pick_ik:/home/ubuntu/ros2_ws/install/moveit_visual_tools:/home/ubuntu/ros2_ws/install/moveit_task_constructor_visualization:/home/ubuntu/ros2_ws/install/moveit_task_constructor_demo:/home/ubuntu/ros2_ws/install/moveit_task_constructor_capabilities:/home/ubuntu/ros2_ws/install/moveit_task_constructor_core:/home/ubuntu/ros2_ws/install/moveit_ros_control_interface:/home/ubuntu/ros2_ws/install/moveit_plugins:/home/ubuntu/ros2_ws/install/moveit_simple_controller_manager:/home/ubuntu/ros2_ws/install/moveit_setup_assistant:/home/ubuntu/ros2_ws/install/moveit_setup_srdf_plugins:/home/ubuntu/ros2_ws/install/moveit_setup_core_plugins:/home/ubuntu/ros2_ws/install/moveit_setup_controllers:/home/ubuntu/ros2_ws/install/moveit_setup_app_plugins:/home/ubuntu/ros2_ws/install/moveit_setup_framework:/home/ubuntu/ros2_ws/install/moveit_servo:/home/ubuntu/ros2_ws/install/moveit_ros:/home/ubuntu/ros2_ws/install/moveit_ros_visualization:/home/ubuntu/ros2_ws/install/moveit_hybrid_planning:/home/ubuntu/ros2_ws/install/moveit_ros_planning_interface:/home/ubuntu/ros2_ws/install/moveit_ros_benchmarks:/home/ubuntu/ros2_ws/install/moveit_ros_warehouse:/home/ubuntu/ros2_ws/install/moveit_ros_robot_interaction:/home/ubuntu/ros2_ws/install/moveit_ros_perception:/home/ubuntu/ros2_ws/install/moveit_resources_prbt_pg70_support:/home/ubuntu/ros2_ws/install/moveit_resources_prbt_moveit_config:/home/ubuntu/ros2_ws/install/moveit_ros_move_group:/home/ubuntu/ros2_ws/install/moveit_planners_ompl:/home/ubuntu/ros2_ws/install/moveit_ros_planning:/home/ubuntu/ros2_ws/install/moveit_ros_occupancy_map_monitor:/home/ubuntu/ros2_ws/install/moveit_resources_prbt_ikfast_manipulator_plugin:/home/ubuntu/ros2_ws/install/moveit_planners_chomp:/home/ubuntu/ros2_ws/install/moveit_kinematics:/home/ubuntu/ros2_ws/install/moveit_chomp_optimizer_adapter:/home/ubuntu/ros2_ws/install/chomp_motion_planner:/home/ubuntu/ros2_ws/install/moveit_core:/home/ubuntu/ros2_ws/install/rviz_marker_tools:/home/ubuntu/ros2_ws/install/rosparam_shortcuts:/home/ubuntu/ros2_ws/install/moveit_task_constructor_msgs:/home/ubuntu/ros2_ws/install/moveit_resources_prbt_support:/home/ubuntu/ros2_ws/install/moveit_resources:/home/ubuntu/ros2_ws/install/moveit_resources_fanuc_moveit_config:/home/ubuntu/ros2_ws/install/moveit_resources_fanuc_description:/home/ubuntu/ros2_ws/install/custom_interfaces:/home/ubuntu/ros2_ws/install/moveit_configs_utils:/home/ubuntu/ros2_ws/install/launch_param_builder:/opt/ros/humble LD_LIBRARY_PATH=/home/ubuntu/ros2_ws/install/srdfdom/lib:/home/ubuntu/ros2_ws/install/pilz_industrial_motion_planner_testutils/lib:/home/ubuntu/ros2_ws/install/pilz_industrial_motion_planner/lib:/home/ubuntu/ros2_ws/install/pick_ik/lib:/home/ubuntu/ros2_ws/install/moveit_visual_tools/lib:/home/ubuntu/ros2_ws/install/moveit_task_constructor_visualization/lib:/home/ubuntu/ros2_ws/install/moveit_task_constructor_demo/lib:/home/ubuntu/ros2_ws/install/moveit_task_constructor_capabilities/lib:/home/ubuntu/ros2_ws/install/moveit_task_constructor_core/lib:/home/ubuntu/ros2_ws/install/moveit_ros_control_interface/lib:/home/ubuntu/ros2_ws/install/moveit_simple_controller_manager/lib:/home/ubuntu/ros2_ws/install/moveit_setup_assistant/lib:/home/ubuntu/ros2_ws/install/moveit_setup_srdf_plugins/lib:/home/ubuntu/ros2_ws/install/moveit_setup_core_plugins/lib:/home/ubuntu/ros2_ws/install/moveit_setup_controllers/lib:/home/ubuntu/ros2_ws/install/moveit_setup_app_plugins/lib:/home/ubuntu/ros2_ws/install/moveit_setup_framework/lib:/home/ubuntu/ros2_ws/install/moveit_servo/lib:/home/ubuntu/ros2_ws/install/moveit_ros_visualization/lib:/home/ubuntu/ros2_ws/install/moveit_hybrid_planning/lib:/home/ubuntu/ros2_ws/install/moveit_ros_planning_interface/lib:/home/ubuntu/ros2_ws/install/moveit_ros_benchmarks/lib:/home/ubuntu/ros2_ws/install/moveit_ros_warehouse/lib:/home/ubuntu/ros2_ws/install/moveit_ros_robot_interaction/lib:/home/ubuntu/ros2_ws/install/moveit_ros_perception/lib:/home/ubuntu/ros2_ws/install/moveit_ros_move_group/lib:/home/ubuntu/ros2_ws/install/moveit_planners_ompl/lib:/home/ubuntu/ros2_ws/install/moveit_ros_planning/lib:/home/ubuntu/ros2_ws/install/moveit_ros_occupancy_map_monitor/lib:/home/ubuntu/ros2_ws/install/moveit_resources_prbt_ikfast_manipulator_plugin/lib:/home/ubuntu/ros2_ws/install/moveit_planners_chomp/lib:/home/ubuntu/ros2_ws/install/moveit_kinematics/lib:/home/ubuntu/ros2_ws/install/moveit_chomp_optimizer_adapter/lib:/home/ubuntu/ros2_ws/install/chomp_motion_planner/lib:/home/ubuntu/ros2_ws/install/moveit_core/lib:/home/ubuntu/ros2_ws/install/rviz_marker_tools/lib:/home/ubuntu/ros2_ws/install/rosparam_shortcuts/lib:/home/ubuntu/ros2_ws/install/moveit_task_constructor_msgs/lib:/home/ubuntu/ros2_ws/install/custom_interfaces/lib:/opt/ros/humble/opt/rviz_ogre_vendor/lib:/opt/ros/humble/lib/x86_64-linux-gnu:/opt/ros/humble/lib /usr/bin/cmake --build /home/ubuntu/ros2_ws/build/moveit_core -- -j24 -l24
