[35m[1mConsolidate compiler generated dependencies of target joint_space[0m
[  9%] Built target StateSubscriber_node
[ 18%] Built target visualization_node
[ 27%] Built target markers_node
[ 36%] Built target tf_to_pos_node
[ 45%] Built target isaac_sim_demo_library
[ 54%] Built target moveit_test_node
[ 63%] Built target cartesian
[ 72%] Built target spawn_scene
[ 77%] [32mBuilding CXX object CMakeFiles/joint_space.dir/src/joint_space.cpp.o[0m
[ 95%] Built target ompl_controller_node
[ 95%] Built target ompl_lifecycle
[01m[K/home/ubuntu/ros2_ws/src/isaac_sim_demo/src/joint_space.cpp:[m[K In function â€˜[01m[Kint main(int, char**)[m[Kâ€™:
[01m[K/home/ubuntu/ros2_ws/src/isaac_sim_demo/src/joint_space.cpp:413:62:[m[K [01;31m[Kerror: [m[Kcapture of non-variable â€˜[01m[KCylinderInfo[m[Kâ€™
  413 |       auto const collision_object12 = [frame_id ="base_link",[01;31m[KCylinderInfo[m[K cylinder_info] {
      |                                                              [01;31m[K^~~~~~~~~~~~[m[K
[01m[K/home/ubuntu/ros2_ws/src/isaac_sim_demo/src/joint_space.cpp:43:8:[m[K [01;36m[Knote: [m[Kâ€˜[01m[Kstruct CylinderInfo[m[Kâ€™ declared here
   43 | struct [01;36m[KCylinderInfo[m[K {
      |        [01;36m[K^~~~~~~~~~~~[m[K
[01m[K/home/ubuntu/ros2_ws/src/isaac_sim_demo/src/joint_space.cpp:413:74:[m[K [01;31m[Kerror: [m[Kexpected â€˜[01m[K,[m[Kâ€™ before â€˜[01m[Kcylinder_info[m[Kâ€™
  413 |       auto const collision_object12 = [frame_id ="base_link",CylinderInfo[01;31m[K [m[K[32m[Kcylinder_info[m[K] {
      |                                                                          [01;31m[K^[m[K[32m[K~~~~~~~~~~~~~[m[K
      |                                                                          [32m[K,[m[K
[01m[K/home/ubuntu/ros2_ws/src/isaac_sim_demo/src/joint_space.cpp:[m[K In lambda function:
[01m[K/home/ubuntu/ros2_ws/src/isaac_sim_demo/src/joint_space.cpp:420:9:[m[K [01;31m[Kerror: [m[Kâ€˜[01m[Kcylinder_primitive[m[Kâ€™ was not declared in this scope
  420 |         [01;31m[Kcylinder_primitive[m[K.type = primitive.CYLINDER;
      |         [01;31m[K^~~~~~~~~~~~~~~~~~[m[K
[01m[K/home/ubuntu/ros2_ws/src/isaac_sim_demo/src/joint_space.cpp:422:91:[m[K [01;31m[Kerror: [m[Kâ€˜[01m[Kinfo[m[Kâ€™ was not declared in this scope
  422 |         cylinder_primitive.dimensions[shape_msgs::msg::SolidPrimitive::CYLINDER_HEIGHT] = [01;31m[Kinfo[m[K.height;  // Height in meters
      |                                                                                           [01;31m[K^~~~[m[K
gmake[2]: *** [CMakeFiles/joint_space.dir/build.make:76: CMakeFiles/joint_space.dir/src/joint_space.cpp.o] Error 1
gmake[1]: *** [CMakeFiles/Makefile2:339: CMakeFiles/joint_space.dir/all] Error 2
gmake: *** [Makefile:146: all] Error 2
