[01m[K/home/ubuntu/ros2_ws/src/isaac_sim_demo/src/cpp_int.cpp:[m[K In function â€˜[01m[Kvoid compute_path(const SharedPtr&, std::vector<geometry_msgs::msg::PoseStamped_<std::allocator<void> > >&)[m[Kâ€™:
[01m[K/home/ubuntu/ros2_ws/src/isaac_sim_demo/src/cpp_int.cpp:29:13:[m[K [01;31m[Kerror: [m[Kâ€˜[01m[Kpath[m[Kâ€™ is not a member of â€˜[01m[Knav_msgs[m[Kâ€™; did you mean â€˜[01m[Krcpputils::fs::path[m[Kâ€™?
   29 |   nav_msgs::[01;31m[Kpath[m[K path;
      |             [01;31m[K^~~~[m[K
In file included from [01m[K/opt/ros/humble/include/pluginlib/pluginlib/class_loader_imp.hpp:55[m[K,
                 from [01m[K/opt/ros/humble/include/pluginlib/pluginlib/class_loader.hpp:334[m[K,
                 from [01m[K/home/ubuntu/ros2_ws/src/isaac_sim_demo/src/cpp_int.cpp:1[m[K:
[01m[K/opt/ros/humble/include/rcpputils/rcpputils/filesystem_helper.hpp:76:7:[m[K [01;36m[Knote: [m[Kâ€˜[01m[Krcpputils::fs::path[m[Kâ€™ declared here
   76 | class [01;36m[Kpath[m[K
      |       [01;36m[K^~~~[m[K
[01m[K/home/ubuntu/ros2_ws/src/isaac_sim_demo/src/cpp_int.cpp:30:3:[m[K [01;31m[Kerror: [m[Kâ€˜[01m[Kpath[m[Kâ€™ was not declared in this scope; did you mean â€˜[01m[Krcpputils::fs::path[m[Kâ€™?
   30 |   [01;31m[Kpath[m[K.header.frame_id = "base_link";
      |   [01;31m[K^~~~[m[K
      |   [32m[Krcpputils::fs::path[m[K
In file included from [01m[K/opt/ros/humble/include/pluginlib/pluginlib/class_loader_imp.hpp:55[m[K,
                 from [01m[K/opt/ros/humble/include/pluginlib/pluginlib/class_loader.hpp:334[m[K,
                 from [01m[K/home/ubuntu/ros2_ws/src/isaac_sim_demo/src/cpp_int.cpp:1[m[K:
[01m[K/opt/ros/humble/include/rcpputils/rcpputils/filesystem_helper.hpp:76:7:[m[K [01;36m[Knote: [m[Kâ€˜[01m[Krcpputils::fs::path[m[Kâ€™ declared here
   76 | class [01;36m[Kpath[m[K
      |       [01;36m[K^~~~[m[K
[01m[K/home/ubuntu/ros2_ws/src/isaac_sim_demo/src/cpp_int.cpp:31:37:[m[K [01;31m[Kerror: [m[Kâ€˜[01m[Know[m[Kâ€™ is not a member of â€˜[01m[Krclcpp::Time[m[Kâ€™
   31 |   path.header.stamp = rclcpp::Time::[01;31m[Know[m[K();
      |                                     [01;31m[K^~~[m[K
gmake[2]: *** [CMakeFiles/cpp_demo.dir/build.make:76: CMakeFiles/cpp_demo.dir/src/cpp_int.cpp.o] Error 1
gmake[1]: *** [CMakeFiles/Makefile2:337: CMakeFiles/cpp_demo.dir/all] Error 2
gmake: *** [Makefile:146: all] Error 2
