[35m[1mConsolidate compiler generated dependencies of target cpp_demo[0m
[ 10%] Built target visualization_node
[ 20%] Built target StateSubscriber_node
[ 30%] Built target tf_to_pos_node
[ 40%] Built target markers_node
[ 50%] Built target isaac_sim_demo_library
[ 60%] Built target spawn_scene
[ 65%] [32mBuilding CXX object CMakeFiles/moveit_test_node.dir/src/moveit_demo.cpp.o[0m
[ 70%] [32mBuilding CXX object CMakeFiles/cpp_demo.dir/src/cpp_int.cpp.o[0m
[ 80%] Built target ompl_controller_node
[ 90%] Built target ompl_lifecycle
[01m[K/home/ubuntu/ros2_ws/src/isaac_sim_demo/src/cpp_int.cpp:[m[K In function â€˜[01m[Kint main(int, char**)[m[Kâ€™:
[01m[K/home/ubuntu/ros2_ws/src/isaac_sim_demo/src/cpp_int.cpp:64:64:[m[K [01;31m[Kerror: [m[Kâ€˜[01m[Kpsm[m[Kâ€™ was not declared in this scope
   64 |   planning_scene_monitor::LockedPlanningSceneRO planning_scene([01;31m[Kpsm[m[K);
      |                                                                [01;31m[K^~~[m[K
gmake[2]: *** [CMakeFiles/cpp_demo.dir/build.make:76: CMakeFiles/cpp_demo.dir/src/cpp_int.cpp.o] Error 1
gmake[1]: *** [CMakeFiles/Makefile2:337: CMakeFiles/cpp_demo.dir/all] Error 2
gmake[1]: *** Waiting for unfinished jobs....
[ 95%] [32m[1mLinking CXX executable moveit_test_node[0m
[ 95%] Built target moveit_test_node
gmake: *** [Makefile:146: all] Error 2
