[  2%] Built target moveit_version
[  3%] Built target moveit_transforms
[  4%] Built target gtest_main
[  6%] Built target moveit_utils
[  8%] Built target moveit_distance_field
[ 10%] Built target moveit_exceptions
[ 10%] Built target gtest
[ 11%] Built target moveit_butterworth_parameters
[ 12%] Built target moveit_kinematics_base
[ 13%] Built target moveit_smoothing_base
[ 14%] Built target gmock_main
[ 16%] Built target gmock
[ 17%] Built target test_transforms
[ 18%] Built target test_voxel_grid
[ 19%] Built target test_distance_field
[ 26%] Built target moveit_robot_model
[ 27%] Built target moveit_butterworth_filter
[ 28%] Built target moveit_test_utils
[ 31%] Built target moveit_robot_state
[ 32%] Built target test_butterworth_filter
[ 33%] Built target moveit_robot_trajectory
[ 34%] Built target moveit_kinematics_metrics
[ 35%] Built target test_cartesian_interpolator
[ 36%] Built target test_aabb
[ 37%] Built target test_robot_model
[ 39%] Built target test_robot_state
[ 45%] Built target test_robot_state_benchmark
[ 46%] Built target moveit_collision_detection
[ 48%] Built target test_robot_state_complex
[ 49%] Built target moveit_dynamics_solver
[ 50%] Built target test_robot_trajectory
[ 52%] Built target moveit_planning_interface
[ 56%] Built target moveit_trajectory_processing
[ 58%] Built target test_world
[ 59%] Built target test_world_diff
[ 60%] Built target test_all_valid
[ 62%] Built target moveit_collision_detection_fcl
[ 67%] Built target moveit_collision_detection_bullet
[35m[1mConsolidate compiler generated dependencies of target moveit_kinematic_constraints[0m
[ 69%] Built target test_time_parameterization
[ 70%] Built target test_time_optimal_trajectory_generation
[ 71%] Built target test_ruckig_traj_smoothing
[ 72%] Built target test_bullet_collision_detection
[ 74%] Built target test_fcl_collision_detection
[ 75%] Built target test_fcl_collision_env
[ 76%] Built target test_fcl_collision_detection_panda
[ 78%] Built target test_bullet_continuous_collision_checking
[ 79%] Built target test_bullet_collision_detection_panda
[ 79%] [32mBuilding CXX object kinematic_constraints/CMakeFiles/moveit_kinematic_constraints.dir/src/kinematic_constraint.cpp.o[0m
[01m[K/home/ubuntu/ros2_ws/src/moveit2/moveit_core/kinematic_constraints/src/kinematic_constraint.cpp:[m[K In member function â€˜[01m[Kvirtual kinematic_constraints::ConstraintEvaluationResult kinematic_constraints::VisibilityConstraint::decide(const moveit::core::RobotState&, bool) const[m[Kâ€™:
[01m[K/home/ubuntu/ros2_ws/src/moveit2/moveit_core/kinematic_constraints/src/kinematic_constraint.cpp:1117:5:[m[K [01;31m[Kerror: [m[Kâ€˜[01m[Kss[m[Kâ€™ was not declared in this scope
 1117 |     [01;31m[Kss[m[K << id << ", ";  // Append each object ID to the stringstream
      |     [01;31m[K^~[m[K
In file included from [01m[K/opt/ros/humble/include/rclcpp/rclcpp/logging.hpp:24[m[K,
                 from [01m[K/home/ubuntu/ros2_ws/src/moveit2/moveit_core/kinematics_base/include/moveit/kinematics_base/kinematics_base.h:42[m[K,
                 from [01m[K/home/ubuntu/ros2_ws/src/moveit2/moveit_core/robot_model/include/moveit/robot_model/joint_model_group.h:42[m[K,
                 from [01m[K/home/ubuntu/ros2_ws/src/moveit2/moveit_core/robot_model/include/moveit/robot_model/robot_model.h:45[m[K,
                 from [01m[K/home/ubuntu/ros2_ws/src/moveit2/moveit_core/kinematic_constraints/include/moveit/kinematic_constraints/kinematic_constraint.h:39[m[K,
                 from [01m[K/home/ubuntu/ros2_ws/src/moveit2/moveit_core/kinematic_constraints/src/kinematic_constraint.cpp:37[m[K:
[01m[K/home/ubuntu/ros2_ws/src/moveit2/moveit_core/kinematic_constraints/src/kinematic_constraint.cpp:1121:29:[m[K [01;31m[Kerror: [m[Kâ€˜[01m[Kss[m[Kâ€™ was not declared in this scope
 1121 |   RCLCPP_INFO(LOGGER, "%s", [01;31m[Kss[m[K.str().c_str());
      |                             [01;31m[K^~[m[K
gmake[2]: *** [kinematic_constraints/CMakeFiles/moveit_kinematic_constraints.dir/build.make:76: kinematic_constraints/CMakeFiles/moveit_kinematic_constraints.dir/src/kinematic_constraint.cpp.o] Error 1
gmake[1]: *** [CMakeFiles/Makefile2:1123: kinematic_constraints/CMakeFiles/moveit_kinematic_constraints.dir/all] Error 2
gmake: *** [Makefile:146: all] Error 2
