[35m[1mConsolidate compiler generated dependencies of target cpp_demo[0m
[ 10%] Built target visualization_node
[ 20%] Built target StateSubscriber_node
[ 30%] Built target markers_node
[ 40%] Built target tf_to_pos_node
[ 50%] Built target isaac_sim_demo_library
[ 60%] Built target spawn_scene
[ 70%] Built target moveit_test_node
[ 75%] [32mBuilding CXX object CMakeFiles/cpp_demo.dir/src/cpp_int.cpp.o[0m
[ 95%] Built target ompl_controller_node
[ 95%] Built target ompl_lifecycle
[01m[K/home/ubuntu/ros2_ws/src/isaac_sim_demo/src/cpp_int.cpp:[m[K In function â€˜[01m[Kint main(int, char**)[m[Kâ€™:
[01m[K/home/ubuntu/ros2_ws/src/isaac_sim_demo/src/cpp_int.cpp:115:51:[m[K [01;31m[Kerror: [m[Kqualified-id in declaration before â€˜[01m[K([m[Kâ€™ token
  115 |   bool planning_scene::PlanningScene::isStateValid[01;31m[K([m[Krobot_state,joint_model_group);
      |                                                   [01;31m[K^[m[K
[01m[K/home/ubuntu/ros2_ws/src/isaac_sim_demo/src/cpp_int.cpp:118:60:[m[K [01;31m[Kerror: [m[Kâ€˜[01m[Kjoint_values[m[Kâ€™ was not declared in this scope
  118 |     robot_state.copyJointGroupPositions(joint_model_group, [01;31m[Kjoint_values[m[K);
      |                                                            [01;31m[K^~~~~~~~~~~~[m[K
[01m[K/home/ubuntu/ros2_ws/src/isaac_sim_demo/src/cpp_int.cpp:120:33:[m[K [01;31m[Kerror: [m[Kâ€˜[01m[Kjoint_names[m[Kâ€™ was not declared in this scope
  120 |     for (std::size_t i = 0; i < [01;31m[Kjoint_names[m[K.size(); ++i)
      |                                 [01;31m[K^~~~~~~~~~~[m[K
gmake[2]: *** [CMakeFiles/cpp_demo.dir/build.make:76: CMakeFiles/cpp_demo.dir/src/cpp_int.cpp.o] Error 1
gmake[1]: *** [CMakeFiles/Makefile2:337: CMakeFiles/cpp_demo.dir/all] Error 2
gmake: *** [Makefile:146: all] Error 2
