[01m[K/home/ubuntu/ros2_ws/src/isaac_sim_demo/src/cpp_int.cpp:27:6:[m[K [01;31m[Kerror: [m[Kvariable or field â€˜[01m[Kcompute_path[m[Kâ€™ declared void
   27 | void [01;31m[Kcompute_path[m[K(ros::Publisher& pub,std::vector<geometry_msgs::msg::PoseStamped>& waypoints){
      |      [01;31m[K^~~~~~~~~~~~[m[K
[01m[K/home/ubuntu/ros2_ws/src/isaac_sim_demo/src/cpp_int.cpp:27:19:[m[K [01;31m[Kerror: [m[Kâ€˜[01m[Kros[m[Kâ€™ has not been declared
   27 | void compute_path([01;31m[Kros[m[K::Publisher& pub,std::vector<geometry_msgs::msg::PoseStamped>& waypoints){
      |                   [01;31m[K^~~[m[K
[01m[K/home/ubuntu/ros2_ws/src/isaac_sim_demo/src/cpp_int.cpp:27:35:[m[K [01;31m[Kerror: [m[Kâ€˜[01m[Kpub[m[Kâ€™ was not declared in this scope
   27 | void compute_path(ros::Publisher& [01;31m[Kpub[m[K,std::vector<geometry_msgs::msg::PoseStamped>& waypoints){
      |                                   [01;31m[K^~~[m[K
[01m[K/home/ubuntu/ros2_ws/src/isaac_sim_demo/src/cpp_int.cpp:27:83:[m[K [01;31m[Kerror: [m[Kexpected primary-expression before â€˜[01m[K&[m[Kâ€™ token
   27 | void compute_path(ros::Publisher& pub,std::vector<geometry_msgs::msg::PoseStamped>[01;31m[K&[m[K waypoints){
      |                                                                                   [01;31m[K^[m[K
[01m[K/home/ubuntu/ros2_ws/src/isaac_sim_demo/src/cpp_int.cpp:27:85:[m[K [01;31m[Kerror: [m[Kâ€˜[01m[Kwaypoints[m[Kâ€™ was not declared in this scope
   27 | void compute_path(ros::Publisher& pub,std::vector<geometry_msgs::msg::PoseStamped>& [01;31m[Kwaypoints[m[K){
      |                                                                                     [01;31m[K^~~~~~~~~[m[K
[01m[K/home/ubuntu/ros2_ws/src/isaac_sim_demo/src/cpp_int.cpp:[m[K In function â€˜[01m[Kint main(int, char**)[m[Kâ€™:
[01m[K/home/ubuntu/ros2_ws/src/isaac_sim_demo/src/cpp_int.cpp:49:3:[m[K [01;31m[Kerror: [m[Kâ€˜[01m[Kros[m[Kâ€™ has not been declared
   49 |   [01;31m[Kros[m[K::Publisher path_pub = node.advertise<nav_msgs::Path>("/computed_path", 10);
      |   [01;31m[K^~~[m[K
[01m[K/home/ubuntu/ros2_ws/src/isaac_sim_demo/src/cpp_int.cpp:173:16:[m[K [01;31m[Kerror: [m[Kâ€˜[01m[Kpath_pub[m[Kâ€™ was not declared in this scope
  173 |   compute_path([01;31m[Kpath_pub[m[K,waypoints_vec)
      |                [01;31m[K^~~~~~~~[m[K
[01m[K/home/ubuntu/ros2_ws/src/isaac_sim_demo/src/cpp_int.cpp:173:3:[m[K [01;31m[Kerror: [m[Kâ€˜[01m[Kcompute_path[m[Kâ€™ was not declared in this scope
  173 |   [01;31m[Kcompute_path[m[K(path_pub,waypoints_vec)
      |   [01;31m[K^~~~~~~~~~~~[m[K
[01m[K/home/ubuntu/ros2_ws/src/isaac_sim_demo/src/cpp_int.cpp:239:31:[m[K [01;31m[Kerror: [m[Kexpected primary-expression before â€˜[01m[K->[m[Kâ€™ token
  239 |         if (!planning_pipeline[01;31m[K->[m[KgeneratePlan(planning_scene, req, res) || res.error_code_.val != res.error_code_.SUCCESS) {
      |                               [01;31m[K^~[m[K
gmake[2]: *** [CMakeFiles/cpp_demo.dir/build.make:76: CMakeFiles/cpp_demo.dir/src/cpp_int.cpp.o] Error 1
gmake[1]: *** [CMakeFiles/Makefile2:337: CMakeFiles/cpp_demo.dir/all] Error 2
gmake: *** [Makefile:146: all] Error 2
