[ 37%] Built target markers_node
[ 37%] Built target tf_to_pos_node
[ 37%] Built target visualization_node
[ 50%] Built target StateSubscriber_node
[ 62%] [32mBuilding CXX object CMakeFiles/moveit_test.dir/src/moveit_demo.cpp.o[0m
[ 68%] Built target isaac_sim_demo_library
[ 93%] Built target ompl_controller_node
[ 93%] Built target ompl_lifecycle
[01m[K/home/ubuntu/ros2_ws/src/isaac_sim_demo/src/moveit_demo.cpp:[m[K In function â€˜[01m[Kint main(int, char**)[m[Kâ€™:
[01m[K/home/ubuntu/ros2_ws/src/isaac_sim_demo/src/moveit_demo.cpp:266:32:[m[K [01;31m[Kerror: [m[Kâ€˜[01m[Ktrajectory[m[Kâ€™ was not declared in this scope; did you mean â€˜[01m[Ktrajectory_msgs[m[Kâ€™?
  266 |   move_group_interface.execute([01;31m[Ktrajectory[m[K);
      |                                [01;31m[K^~~~~~~~~~[m[K
      |                                [32m[Ktrajectory_msgs[m[K
gmake[2]: *** [CMakeFiles/moveit_test.dir/build.make:76: CMakeFiles/moveit_test.dir/src/moveit_demo.cpp.o] Error 1
gmake[1]: *** [CMakeFiles/Makefile2:307: CMakeFiles/moveit_test.dir/all] Error 2
gmake: *** [Makefile:146: all] Error 2
