[  2%] Built target moveit_version
[  5%] Built target gmock_main
[  5%] Built target moveit_utils
[  7%] Built target gtest_main
[  7%] Built target gtest
[  8%] Built target moveit_kinematics_base
[ 11%] Built target moveit_distance_field
[ 11%] Built target moveit_smoothing_base
[ 12%] Built target moveit_exceptions
[ 13%] Built target moveit_transforms
[ 14%] Built target moveit_butterworth_parameters
[ 16%] Built target gmock
[ 17%] Built target test_voxel_grid
[ 18%] Built target test_transforms
[ 19%] Built target test_distance_field
[ 26%] Built target moveit_robot_model
[ 27%] Built target moveit_butterworth_filter
[ 28%] Built target moveit_test_utils
[ 31%] Built target moveit_robot_state
[35m[1mConsolidate compiler generated dependencies of target moveit_collision_detection[0m
[ 32%] Built target test_butterworth_filter
[ 33%] Built target moveit_robot_trajectory
[ 34%] Built target test_robot_model
[ 35%] Built target moveit_kinematics_metrics
[ 37%] Built target moveit_dynamics_solver
[ 39%] Built target test_robot_state
[ 40%] Built target test_cartesian_interpolator
[ 41%] Built target test_robot_state_complex
[ 42%] Built target test_robot_state_benchmark
[ 43%] Built target test_aabb
[ 43%] [32mBuilding CXX object collision_detection/CMakeFiles/moveit_collision_detection.dir/src/collision_plugin_cache.cpp.o[0m
[ 45%] Built target moveit_planning_interface
[ 46%] Built target test_robot_trajectory
[ 50%] Built target moveit_trajectory_processing
[ 53%] Built target test_time_parameterization
[ 53%] Built target test_time_optimal_trajectory_generation
[ 54%] Built target test_ruckig_traj_smoothing
[ 55%] [32m[1mLinking CXX shared library libmoveit_collision_detection.so[0m
[ 60%] Built target moveit_collision_detection
[ 61%] [32m[1mLinking CXX executable test_world_diff[0m
[ 61%] [32m[1mLinking CXX executable test_world[0m
[ 62%] [32m[1mLinking CXX executable test_all_valid[0m
[ 63%] [32m[1mLinking CXX shared library libmoveit_collision_detection_fcl.so[0m
[ 64%] [32m[1mLinking CXX shared library libmoveit_collision_detection_bullet.so[0m
[ 65%] Built target test_world_diff
[ 66%] Built target test_world
[ 70%] Built target moveit_collision_detection_bullet
[ 70%] Built target test_all_valid
[ 71%] Built target moveit_collision_detection_fcl
[ 72%] [32m[1mLinking CXX executable test_bullet_continuous_collision_checking[0m
[ 72%] [32m[1mLinking CXX executable test_bullet_collision_detection[0m
[ 72%] [32m[1mLinking CXX executable test_bullet_collision_detection_panda[0m
[35m[1mConsolidate compiler generated dependencies of target moveit_kinematic_constraints[0m
[ 73%] [32m[1mLinking CXX executable test_fcl_collision_env[0m
[ 73%] [32m[1mLinking CXX executable test_fcl_collision_detection_panda[0m
[ 73%] [32m[1mLinking CXX executable test_fcl_collision_detection[0m
[ 73%] [32mBuilding CXX object kinematic_constraints/CMakeFiles/moveit_kinematic_constraints.dir/src/kinematic_constraint.cpp.o[0m
[ 74%] Built target test_bullet_collision_detection_panda
[ 75%] Built target test_bullet_continuous_collision_checking
[ 76%] Built target test_bullet_collision_detection
[ 77%] Built target test_fcl_collision_env
[ 78%] Built target test_fcl_collision_detection
[ 79%] Built target test_fcl_collision_detection_panda
[01m[K/home/ubuntu/ros2_ws/src/moveit2/moveit_core/kinematic_constraints/src/kinematic_constraint.cpp:782:38:[m[K [01;31m[Kerror: [m[Kexpected identifier before â€˜[01m[K)[m[Kâ€™ token
  782 | {
      |                                      [01;31m[K^[m[K
[01m[K/home/ubuntu/ros2_ws/src/moveit2/moveit_core/kinematic_constraints/src/kinematic_constraint.cpp:780:6:[m[K [01;31m[Kerror: [m[Kno declaration matches â€˜[01m[Kbool kinematic_constraints::VisibilityConstraint::configure(const VisibilityConstraint&, const moveit::core::Transforms&, int)[m[Kâ€™
  780 | bool [01;31m[KVisibilityConstraint[m[K::configure(const moveit_msgs::msg::VisibilityConstraint& vc,
      |      [01;31m[K^~~~~~~~~~~~~~~~~~~~[m[K
In file included from [01m[K/home/ubuntu/ros2_ws/src/moveit2/moveit_core/kinematic_constraints/src/kinematic_constraint.cpp:37[m[K:
[01m[K/home/ubuntu/ros2_ws/src/moveit2/moveit_core/kinematic_constraints/include/moveit/kinematic_constraints/kinematic_constraint.h:787:8:[m[K [01;36m[Knote: [m[Kcandidate is: â€˜[01m[Kbool kinematic_constraints::VisibilityConstraint::configure(const VisibilityConstraint&, const moveit::core::Transforms&)[m[Kâ€™
  787 |   bool [01;36m[Kconfigure[m[K(const moveit_msgs::msg::VisibilityConstraint& vc, const moveit::core::Transforms& tf);
      |        [01;36m[K^~~~~~~~~[m[K
[01m[K/home/ubuntu/ros2_ws/src/moveit2/moveit_core/kinematic_constraints/include/moveit/kinematic_constraints/kinematic_constraint.h:762:7:[m[K [01;36m[Knote: [m[Kâ€˜[01m[Kclass kinematic_constraints::VisibilityConstraint[m[Kâ€™ defined here
  762 | class [01;36m[KVisibilityConstraint[m[K : public KinematicConstraint
      |       [01;36m[K^~~~~~~~~~~~~~~~~~~~[m[K
gmake[2]: *** [kinematic_constraints/CMakeFiles/moveit_kinematic_constraints.dir/build.make:76: kinematic_constraints/CMakeFiles/moveit_kinematic_constraints.dir/src/kinematic_constraint.cpp.o] Error 1
gmake[1]: *** [CMakeFiles/Makefile2:1123: kinematic_constraints/CMakeFiles/moveit_kinematic_constraints.dir/all] Error 2
gmake: *** [Makefile:146: all] Error 2
