[01m[K/home/ubuntu/ros2_ws/src/isaac_sim_demo/src/cpp_int.cpp:21:10:[m[K [01;31m[Kfatal error: [m[Knav_msgs/Path.h: No such file or directory
   21 | #include [01;31m[K<nav_msgs/Path.h>[m[K
      |          [01;31m[K^~~~~~~~~~~~~~~~~[m[K
compilation terminated.
gmake[2]: *** [CMakeFiles/cpp_demo.dir/build.make:76: CMakeFiles/cpp_demo.dir/src/cpp_int.cpp.o] Error 1
gmake[1]: *** [CMakeFiles/Makefile2:337: CMakeFiles/cpp_demo.dir/all] Error 2
gmake: *** [Makefile:146: all] Error 2
