[35m[1mConsolidate compiler generated dependencies of target cpp_demo[0m
[ 10%] Built target tf_to_pos_node
[ 20%] Built target StateSubscriber_node
[ 30%] Built target visualization_node
[ 40%] Built target markers_node
[ 50%] Built target isaac_sim_demo_library
[ 60%] Built target spawn_scene
[ 70%] Built target moveit_test_node
[ 75%] [32mBuilding CXX object CMakeFiles/cpp_demo.dir/src/cpp_int.cpp.o[0m
[ 95%] Built target ompl_controller_node
[ 95%] Built target ompl_lifecycle
[01m[K/home/ubuntu/ros2_ws/src/isaac_sim_demo/src/cpp_int.cpp:[m[K In function â€˜[01m[Kvoid compute_path(const SharedPtr&, std::vector<geometry_msgs::msg::PoseStamped_<std::allocator<void> > >&)[m[Kâ€™:
[01m[K/home/ubuntu/ros2_ws/src/isaac_sim_demo/src/cpp_int.cpp:29:13:[m[K [01;31m[Kerror: [m[Kâ€˜[01m[KPath[m[Kâ€™ is not a member of â€˜[01m[Knav_msgs[m[Kâ€™; did you mean â€˜[01m[Knav_msgs::msg::Path[m[Kâ€™?
   29 |   nav_msgs::[01;31m[KPath[m[K path;
      |             [01;31m[K^~~~[m[K
In file included from [01m[K/opt/ros/humble/include/nav_msgs/nav_msgs/msg/path.hpp:7[m[K,
                 from [01m[K/home/ubuntu/ros2_ws/src/isaac_sim_demo/src/cpp_int.cpp:21[m[K:
[01m[K/opt/ros/humble/include/nav_msgs/nav_msgs/msg/detail/path__struct.hpp:133:7:[m[K [01;36m[Knote: [m[Kâ€˜[01m[Knav_msgs::msg::Path[m[Kâ€™ declared here
  133 | using [01;36m[KPath[m[K =
      |       [01;36m[K^~~~[m[K
[01m[K/home/ubuntu/ros2_ws/src/isaac_sim_demo/src/cpp_int.cpp:30:3:[m[K [01;31m[Kerror: [m[Kâ€˜[01m[Kpath[m[Kâ€™ was not declared in this scope; did you mean â€˜[01m[Krcpputils::fs::path[m[Kâ€™?
   30 |   [01;31m[Kpath[m[K.header.frame_id = "base_link";
      |   [01;31m[K^~~~[m[K
      |   [32m[Krcpputils::fs::path[m[K
In file included from [01m[K/opt/ros/humble/include/pluginlib/pluginlib/class_loader_imp.hpp:55[m[K,
                 from [01m[K/opt/ros/humble/include/pluginlib/pluginlib/class_loader.hpp:334[m[K,
                 from [01m[K/home/ubuntu/ros2_ws/src/isaac_sim_demo/src/cpp_int.cpp:1[m[K:
[01m[K/opt/ros/humble/include/rcpputils/rcpputils/filesystem_helper.hpp:76:7:[m[K [01;36m[Knote: [m[Kâ€˜[01m[Krcpputils::fs::path[m[Kâ€™ declared here
   76 | class [01;36m[Kpath[m[K
      |       [01;36m[K^~~~[m[K
[01m[K/home/ubuntu/ros2_ws/src/isaac_sim_demo/src/cpp_int.cpp:31:23:[m[K [01;31m[Kerror: [m[Kâ€˜[01m[Kros[m[Kâ€™ has not been declared
   31 |   path.header.stamp = [01;31m[Kros[m[K::Time::now();
      |                       [01;31m[K^~~[m[K
[01m[K/home/ubuntu/ros2_ws/src/isaac_sim_demo/src/cpp_int.cpp:36:3:[m[K [01;31m[Kerror: [m[Kâ€˜[01m[Kpub[m[Kâ€™ was not declared in this scope
   36 |   [01;31m[Kpub[m[K.publish(path)
      |   [01;31m[K^~~[m[K
[01m[K/home/ubuntu/ros2_ws/src/isaac_sim_demo/src/cpp_int.cpp:27:76:[m[K [01;35m[Kwarning: [m[Kunused parameter â€˜[01m[Kpublisher_[m[Kâ€™ [[01;35m[K]8;;https://gcc.gnu.org/onlinedocs/gcc/Warning-Options.html#index-Wunused-parameter-Wunused-parameter]8;;[m[K]
   27 | void compute_path([01;35m[Kconst rclcpp::Publisher<nav_msgs::msg::Path>::SharedPtr& publisher_[m[K,std::vector<geometry_msgs::msg::PoseStamped>& waypoints){
      |                   [01;35m[K~~~~~~~~~~~~~~~~~~~~~~~~~~~~~~~~~~~~~~~~~~~~~~~~~~~~~~~~~^~~~~~~~~~[m[K
gmake[2]: *** [CMakeFiles/cpp_demo.dir/build.make:76: CMakeFiles/cpp_demo.dir/src/cpp_int.cpp.o] Error 1
gmake[1]: *** [CMakeFiles/Makefile2:337: CMakeFiles/cpp_demo.dir/all] Error 2
gmake: *** [Makefile:146: all] Error 2
