[  9%] Built target markers_node
[ 18%] Built target moveit_test_node
[ 27%] Built target visualization_node
[ 36%] Built target isaac_sim_demo_library
[ 45%] Built target tf_to_pos_node
[ 50%] [32mBuilding CXX object CMakeFiles/joint_space.dir/src/joint_space.cpp.o[0m
[ 59%] Built target StateSubscriber_node
[ 68%] Built target spawn_scene
[ 77%] Built target cartesian
[ 95%] Built target ompl_lifecycle
[ 95%] Built target ompl_controller_node
[01m[K/home/ubuntu/ros2_ws/src/isaac_sim_demo/src/joint_space.cpp:[m[K In function â€˜[01m[Kint main(int, char**)[m[Kâ€™:
[01m[K/home/ubuntu/ros2_ws/src/isaac_sim_demo/src/joint_space.cpp:352:74:[m[K [01;31m[Kerror: [m[Kexpected â€˜[01m[K;[m[Kâ€™ before â€˜[01m[Kreq[m[Kâ€™
  352 |       constraints.visibility_constraints.push_back(visibility_constraint)
      |                                                                          [01;31m[K^[m[K
      |                                                                          [32m[K;[m[K
......
  367 |       [32m[Kreq[m[K.goal_constraints.push_back(constraints);
      |       [32m[K~~~[m[K                                                                 
gmake[2]: *** [CMakeFiles/joint_space.dir/build.make:76: CMakeFiles/joint_space.dir/src/joint_space.cpp.o] Error 1
gmake[1]: *** [CMakeFiles/Makefile2:339: CMakeFiles/joint_space.dir/all] Error 2
gmake: *** [Makefile:146: all] Error 2
