-- Found moveit_common: 2.5.5 (/home/ubuntu/ros2_ws/install/moveit_common/share/moveit_common/cmake)
-- Found ament_cmake: 1.3.10 (/opt/ros/humble/share/ament_cmake/cmake)
-- Found angles: 1.15.0 (/opt/ros/humble/share/angles/cmake)
-- Found common_interfaces: 4.2.4 (/opt/ros/humble/share/common_interfaces/cmake)
-- Found eigen_stl_containers: 1.0.0 (/opt/ros/humble/share/eigen_stl_containers/cmake)
-- Found eigen3_cmake_module: 0.1.1 (/opt/ros/humble/share/eigen3_cmake_module/cmake)
-- Found generate_parameter_library: 0.3.8 (/opt/ros/humble/share/generate_parameter_library/cmake)
-- Found parameter_traits: 0.3.8 (/opt/ros/humble/share/parameter_traits/cmake)
-- Found rosidl_generator_c: 3.1.5 (/opt/ros/humble/share/rosidl_generator_c/cmake)
-- Found rosidl_adapter: 3.1.5 (/opt/ros/humble/share/rosidl_adapter/cmake)
-- Found rosidl_generator_cpp: 3.1.5 (/opt/ros/humble/share/rosidl_generator_cpp/cmake)
-- Using all available rosidl_typesupport_c: rosidl_typesupport_fastrtps_c;rosidl_typesupport_introspection_c
-- Using all available rosidl_typesupport_cpp: rosidl_typesupport_fastrtps_cpp;rosidl_typesupport_introspection_cpp
-- Found rmw_implementation_cmake: 6.1.2 (/opt/ros/humble/share/rmw_implementation_cmake/cmake)
-- Found rmw_fastrtps_cpp: 6.2.7 (/opt/ros/humble/share/rmw_fastrtps_cpp/cmake)
-- Using RMW implementation 'rmw_fastrtps_cpp' as default
-- Found rclcpp_lifecycle: 16.0.10 (/opt/ros/humble/share/rclcpp_lifecycle/cmake)
-- Found geometric_shapes: 2.1.3 (/opt/ros/humble/share/geometric_shapes/cmake)
-- Found Boost: /usr/lib/x86_64-linux-gnu/cmake/Boost-1.74.0/BoostConfig.cmake (found version "1.74.0") found components: filesystem 
-- library: /usr/lib/x86_64-linux-gnu/libcurl.so
-- Found kdl_parser: 2.6.4 (/opt/ros/humble/share/kdl_parser/cmake)
-- Ensuring Eigen3 include directory is part of orocos-kdl CMake target
-- Found moveit_msgs: 2.2.1 (/opt/ros/humble/share/moveit_msgs/cmake)
-- Found pluginlib: 5.1.0 (/opt/ros/humble/share/pluginlib/cmake)
-- Found srdfdom: 2.0.4 (/home/ubuntu/ros2_ws/install/srdfdom/share/srdfdom/cmake)
-- Found tf2_eigen: 0.25.7 (/opt/ros/humble/share/tf2_eigen/cmake)
-- Found tf2_geometry_msgs: 0.25.7 (/opt/ros/humble/share/tf2_geometry_msgs/cmake)
-- Found tf2_kdl: 0.25.7 (/opt/ros/humble/share/tf2_kdl/cmake)
-- Found Boost: /usr/lib/x86_64-linux-gnu/cmake/Boost-1.74.0/BoostConfig.cmake (found version "1.74.0") found components: chrono date_time filesystem iostreams program_options regex serialization system thread 
--  *** Building MoveIt 2.5.5-Alpha ***
-- Found ament_cmake_gtest: 1.3.10 (/opt/ros/humble/share/ament_cmake_gtest/cmake)
-- Found gtest sources under '/opt/ros/humble/src/gtest_vendor': C++ tests using 'Google Test' will be built
-- Found ament_cmake_gmock: 1.3.10 (/opt/ros/humble/share/ament_cmake_gmock/cmake)
-- Found gmock sources under '/opt/ros/humble/src/gmock_vendor': C++ tests using 'Google Mock' will be built
-- Found ament_cmake_gtest: 1.3.10 (/opt/ros/humble/share/ament_cmake_gtest/cmake)
-- Found gtest sources under '/opt/ros/humble/src/gtest_vendor': C++ tests using 'Google Test' will be built
-- Found ament_cmake_gtest: 1.3.10 (/opt/ros/humble/share/ament_cmake_gtest/cmake)
-- Found gtest sources under '/opt/ros/humble/src/gtest_vendor': C++ tests using 'Google Test' will be built
-- Found ament_cmake_gtest: 1.3.10 (/opt/ros/humble/share/ament_cmake_gtest/cmake)
-- Found gtest sources under '/opt/ros/humble/src/gtest_vendor': C++ tests using 'Google Test' will be built
-- Found ament_lint_auto: 0.12.11 (/opt/ros/humble/share/ament_lint_auto/cmake)
-- Found ament_cmake_gtest: 1.3.10 (/opt/ros/humble/share/ament_cmake_gtest/cmake)
-- Found gtest sources under '/opt/ros/humble/src/gtest_vendor': C++ tests using 'Google Test' will be built
-- Found ament_cmake_gtest: 1.3.10 (/opt/ros/humble/share/ament_cmake_gtest/cmake)
-- Found gtest sources under '/opt/ros/humble/src/gtest_vendor': C++ tests using 'Google Test' will be built
-- Found ament_cmake_gtest: 1.3.10 (/opt/ros/humble/share/ament_cmake_gtest/cmake)
-- Found gtest sources under '/opt/ros/humble/src/gtest_vendor': C++ tests using 'Google Test' will be built
-- Found ament_cmake_gtest: 1.3.10 (/opt/ros/humble/share/ament_cmake_gtest/cmake)
-- Found gtest sources under '/opt/ros/humble/src/gtest_vendor': C++ tests using 'Google Test' will be built
-- Found gtest sources under '/opt/ros/humble/src/gtest_vendor': C++ tests using 'Google Test' will be built
-- Found gtest sources under '/opt/ros/humble/src/gtest_vendor': C++ tests using 'Google Test' will be built
-- Found ament_cmake_gtest: 1.3.10 (/opt/ros/humble/share/ament_cmake_gtest/cmake)
-- Found gtest sources under '/opt/ros/humble/src/gtest_vendor': C++ tests using 'Google Test' will be built
-- Found gtest sources under '/opt/ros/humble/src/gtest_vendor': C++ tests using 'Google Test' will be built
-- Found gtest sources under '/opt/ros/humble/src/gtest_vendor': C++ tests using 'Google Test' will be built
-- Found gtest sources under '/opt/ros/humble/src/gtest_vendor': C++ tests using 'Google Test' will be built
-- Found ament_lint_auto: 0.12.11 (/opt/ros/humble/share/ament_lint_auto/cmake)
-- Added test 'cppcheck' to perform static code analysis on C / C++ code
-- Configured cppcheck include dirs: /home/ubuntu/ros2_ws/src/moveit2/moveit_core/exceptions/include;/home/ubuntu/ros2_ws/src/moveit2/moveit_core/collision_detection/include;/home/ubuntu/ros2_ws/src/moveit2/moveit_core/collision_detection_fcl/include;/home/ubuntu/ros2_ws/src/moveit2/moveit_core/collision_detection_bullet/include;/home/ubuntu/ros2_ws/src/moveit2/moveit_core/constraint_samplers/include;/home/ubuntu/ros2_ws/src/moveit2/moveit_core/controller_manager/include;/home/ubuntu/ros2_ws/src/moveit2/moveit_core/distance_field/include;/home/ubuntu/ros2_ws/src/moveit2/moveit_core/collision_distance_field/include;/home/ubuntu/ros2_ws/src/moveit2/moveit_core/dynamics_solver/include;/home/ubuntu/ros2_ws/src/moveit2/moveit_core/kinematics_base/include;/home/ubuntu/ros2_ws/src/moveit2/moveit_core/kinematics_metrics/include;/home/ubuntu/ros2_ws/src/moveit2/moveit_core/robot_model/include;/home/ubuntu/ros2_ws/src/moveit2/moveit_core/transforms/include;/home/ubuntu/ros2_ws/src/moveit2/moveit_core/robot_state/include;/home/ubuntu/ros2_ws/src/moveit2/moveit_core/robot_trajectory/include;/home/ubuntu/ros2_ws/src/moveit2/moveit_core/kinematic_constraints/include;/home/ubuntu/ros2_ws/src/moveit2/moveit_core/macros/include;/home/ubuntu/ros2_ws/src/moveit2/moveit_core/online_signal_smoothing/include;/home/ubuntu/ros2_ws/src/moveit2/moveit_core/planning_interface/include;/home/ubuntu/ros2_ws/src/moveit2/moveit_core/planning_request_adapter/include;/home/ubuntu/ros2_ws/src/moveit2/moveit_core/planning_scene/include;/home/ubuntu/ros2_ws/src/moveit2/moveit_core/sensor_manager/include;/home/ubuntu/ros2_ws/src/moveit2/moveit_core/trajectory_processing/include;/home/ubuntu/ros2_ws/src/moveit2/moveit_core/utils/include
-- Configured cppcheck exclude dirs and/or files: 
-- Added test 'pep257' to check Python code against some of the docstring style conventions in PEP 257
-- Added test 'xmllint' to check XML markup files
-- Configuring done
-- Generating done
-- Build files have been written to: /home/ubuntu/ros2_ws/build/moveit_core
[35m[1mConsolidate compiler generated dependencies of target moveit_exceptions[0m
[35m[1mConsolidate compiler generated dependencies of target moveit_kinematics_base[0m
[35m[1mConsolidate compiler generated dependencies of target moveit_transforms[0m
[35m[1mConsolidate compiler generated dependencies of target gtest[0m
[35m[1mConsolidate compiler generated dependencies of target moveit_utils[0m
[35m[1mConsolidate compiler generated dependencies of target moveit_distance_field[0m
[35m[1mConsolidate compiler generated dependencies of target moveit_smoothing_base[0m
[35m[1mConsolidate compiler generated dependencies of target moveit_version[0m
[35m[1mConsolidate compiler generated dependencies of target gmock_main[0m
[35m[1mConsolidate compiler generated dependencies of target gtest_main[0m
[35m[1mConsolidate compiler generated dependencies of target gmock[0m
[  1%] Built target moveit_exceptions
[  2%] Built target gtest
[  4%] Built target moveit_utils
[  5%] Built target moveit_smoothing_base
[  7%] Built target moveit_version
[  8%] Built target moveit_transforms
[  9%] Built target moveit_butterworth_parameters
[ 10%] Built target moveit_kinematics_base
[ 11%] Built target gmock_main
[ 12%] Built target gtest_main
[ 14%] Built target gmock
[ 16%] Built target moveit_distance_field
[35m[1mConsolidate compiler generated dependencies of target moveit_robot_model[0m
[35m[1mConsolidate compiler generated dependencies of target test_transforms[0m
[35m[1mConsolidate compiler generated dependencies of target test_voxel_grid[0m
[35m[1mConsolidate compiler generated dependencies of target test_distance_field[0m
[ 17%] Built target test_transforms
[ 18%] Built target test_voxel_grid
[ 19%] Built target test_distance_field
[ 26%] Built target moveit_robot_model
[35m[1mConsolidate compiler generated dependencies of target moveit_butterworth_filter[0m
[35m[1mConsolidate compiler generated dependencies of target moveit_test_utils[0m
[35m[1mConsolidate compiler generated dependencies of target moveit_robot_state[0m
[ 27%] Built target moveit_butterworth_filter
[ 28%] Built target moveit_test_utils
[ 31%] Built target moveit_robot_state
[35m[1mConsolidate compiler generated dependencies of target test_butterworth_filter[0m
[35m[1mConsolidate compiler generated dependencies of target test_robot_model[0m
[35m[1mConsolidate compiler generated dependencies of target moveit_robot_trajectory[0m
[35m[1mConsolidate compiler generated dependencies of target moveit_kinematics_metrics[0m
[35m[1mConsolidate compiler generated dependencies of target moveit_dynamics_solver[0m
[35m[1mConsolidate compiler generated dependencies of target test_aabb[0m
[35m[1mConsolidate compiler generated dependencies of target test_robot_state_benchmark[0m
[35m[1mConsolidate compiler generated dependencies of target test_robot_state_complex[0m
[35m[1mConsolidate compiler generated dependencies of target test_cartesian_interpolator[0m
[ 32%] Built target test_robot_model
[35m[1mConsolidate compiler generated dependencies of target test_robot_state[0m
[35m[1mConsolidate compiler generated dependencies of target moveit_collision_detection[0m
[ 33%] Built target test_butterworth_filter
[ 34%] Built target moveit_robot_trajectory
[ 36%] Built target moveit_dynamics_solver
[ 37%] Built target moveit_kinematics_metrics
[ 38%] Built target test_aabb
[ 39%] Built target test_robot_state_benchmark
[ 40%] Built target test_robot_state_complex
[ 41%] Built target test_cartesian_interpolator
[ 43%] Built target test_robot_state
[35m[1mConsolidate compiler generated dependencies of target test_robot_trajectory[0m
[35m[1mConsolidate compiler generated dependencies of target moveit_planning_interface[0m
[35m[1mConsolidate compiler generated dependencies of target moveit_trajectory_processing[0m
[ 43%] [32mBuilding CXX object collision_detection/CMakeFiles/moveit_collision_detection.dir/src/collision_plugin_cache.cpp.o[0m
[ 44%] Built target test_robot_trajectory
[ 46%] Built target moveit_planning_interface
[ 50%] Built target moveit_trajectory_processing
[35m[1mConsolidate compiler generated dependencies of target test_time_optimal_trajectory_generation[0m
[35m[1mConsolidate compiler generated dependencies of target test_time_parameterization[0m
[35m[1mConsolidate compiler generated dependencies of target test_ruckig_traj_smoothing[0m
[ 52%] Built target test_time_parameterization
[ 53%] Built target test_ruckig_traj_smoothing
[ 54%] Built target test_time_optimal_trajectory_generation
In file included from [01m[K/home/ubuntu/ros2_ws/src/moveit2/moveit_core/planning_scene/include/moveit/planning_scene/planning_scene.h:45[m[K,
                 from [01m[K/home/ubuntu/ros2_ws/src/moveit2/moveit_core/collision_detection/include/moveit/collision_detection/collision_plugin.h:39[m[K,
                 from [01m[K/home/ubuntu/ros2_ws/src/moveit2/moveit_core/collision_detection/include/moveit/collision_detection/collision_plugin_cache.h:38[m[K,
                 from [01m[K/home/ubuntu/ros2_ws/src/moveit2/moveit_core/collision_detection/src/collision_plugin_cache.cpp:35[m[K:
[01m[K/home/ubuntu/ros2_ws/src/moveit2/moveit_core/kinematic_constraints/include/moveit/kinematic_constraints/kinematic_constraint.h:230:42:[m[K [01;31m[Kerror: [m[Kâ€˜[01m[KJointConstraint[m[Kâ€™ in namespace â€˜[01m[Kmoveit_msgs::msg[m[Kâ€™ does not name a type
  230 |   bool configure(const moveit_msgs::msg::[01;31m[KJointConstraint[m[K& jc);
      |                                          [01;31m[K^~~~~~~~~~~~~~~[m[K
[01m[K/home/ubuntu/ros2_ws/src/moveit2/moveit_core/kinematic_constraints/include/moveit/kinematic_constraints/kinematic_constraint.h:378:42:[m[K [01;31m[Kerror: [m[Kâ€˜[01m[KOrientationConstraint[m[Kâ€™ in namespace â€˜[01m[Kmoveit_msgs::msg[m[Kâ€™ does not name a type
  378 |   bool configure(const moveit_msgs::msg::[01;31m[KOrientationConstraint[m[K& oc, const moveit::core::Transforms& tf);
      |                                          [01;31m[K^~~~~~~~~~~~~~~~~~~~~[m[K
[01m[K/home/ubuntu/ros2_ws/src/moveit2/moveit_core/kinematic_constraints/include/moveit/kinematic_constraints/kinematic_constraint.h:547:42:[m[K [01;31m[Kerror: [m[Kâ€˜[01m[KPositionConstraint[m[Kâ€™ in namespace â€˜[01m[Kmoveit_msgs::msg[m[Kâ€™ does not name a type
  547 |   bool configure(const moveit_msgs::msg::[01;31m[KPositionConstraint[m[K& pc, const moveit::core::Transforms& tf);
      |                                          [01;31m[K^~~~~~~~~~~~~~~~~~[m[K
[01m[K/home/ubuntu/ros2_ws/src/moveit2/moveit_core/kinematic_constraints/include/moveit/kinematic_constraints/kinematic_constraint.h:786:42:[m[K [01;31m[Kerror: [m[Kâ€˜[01m[KVisibilityConstraint[m[Kâ€™ in namespace â€˜[01m[Kmoveit_msgs::msg[m[Kâ€™ does not name a type
  786 |   bool configure(const moveit_msgs::msg::[01;31m[KVisibilityConstraint[m[K& vc, const moveit::core::Transforms& tf);
      |                                          [01;31m[K^~~~~~~~~~~~~~~~~~~~[m[K
[01m[K/home/ubuntu/ros2_ws/src/moveit2/moveit_core/kinematic_constraints/include/moveit/kinematic_constraints/kinematic_constraint.h:905:36:[m[K [01;31m[Kerror: [m[Kâ€˜[01m[KConstraints[m[Kâ€™ in namespace â€˜[01m[Kmoveit_msgs::msg[m[Kâ€™ does not name a type
  905 |   bool add(const moveit_msgs::msg::[01;31m[KConstraints[m[K& c, const moveit::core::Transforms& tf);
      |                                    [01;31m[K^~~~~~~~~~~[m[K
[01m[K/home/ubuntu/ros2_ws/src/moveit2/moveit_core/kinematic_constraints/include/moveit/kinematic_constraints/kinematic_constraint.h:914:48:[m[K [01;31m[Kerror: [m[Kâ€˜[01m[KJointConstraint[m[Kâ€™ is not a member of â€˜[01m[Kmoveit_msgs::msg[m[Kâ€™; did you mean â€˜[01m[Kkinematic_constraints::JointConstraint[m[Kâ€™?
  914 |   bool add(const std::vector<moveit_msgs::msg::[01;31m[KJointConstraint[m[K>& jc);
      |                                                [01;31m[K^~~~~~~~~~~~~~~[m[K
[01m[K/home/ubuntu/ros2_ws/src/moveit2/moveit_core/kinematic_constraints/include/moveit/kinematic_constraints/kinematic_constraint.h:203:7:[m[K [01;36m[Knote: [m[Kâ€˜[01m[Kkinematic_constraints::JointConstraint[m[Kâ€™ declared here
  203 | class [01;36m[KJointConstraint[m[K : public KinematicConstraint
      |       [01;36m[K^~~~~~~~~~~~~~~[m[K
[01m[K/home/ubuntu/ros2_ws/src/moveit2/moveit_core/kinematic_constraints/include/moveit/kinematic_constraints/kinematic_constraint.h:914:63:[m[K [01;31m[Kerror: [m[Ktemplate argument 1 is invalid
  914 |   bool add(const std::vector<moveit_msgs::msg::JointConstraint[01;31m[K>[m[K& jc);
      |                                                               [01;31m[K^[m[K
[01m[K/home/ubuntu/ros2_ws/src/moveit2/moveit_core/kinematic_constraints/include/moveit/kinematic_constraints/kinematic_constraint.h:914:63:[m[K [01;31m[Kerror: [m[Ktemplate argument 2 is invalid
[01m[K/home/ubuntu/ros2_ws/src/moveit2/moveit_core/kinematic_constraints/include/moveit/kinematic_constraints/kinematic_constraint.h:923:48:[m[K [01;31m[Kerror: [m[Kâ€˜[01m[KPositionConstraint[m[Kâ€™ is not a member of â€˜[01m[Kmoveit_msgs::msg[m[Kâ€™; did you mean â€˜[01m[Kkinematic_constraints::PositionConstraint[m[Kâ€™?
  923 |   bool add(const std::vector<moveit_msgs::msg::[01;31m[KPositionConstraint[m[K>& pc, const moveit::core::Transforms& tf);
      |                                                [01;31m[K^~~~~~~~~~~~~~~~~~[m[K
[01m[K/home/ubuntu/ros2_ws/src/moveit2/moveit_core/kinematic_constraints/include/moveit/kinematic_constraints/kinematic_constraint.h:515:7:[m[K [01;36m[Knote: [m[Kâ€˜[01m[Kkinematic_constraints::PositionConstraint[m[Kâ€™ declared here
  515 | class [01;36m[KPositionConstraint[m[K : public KinematicConstraint
      |       [01;36m[K^~~~~~~~~~~~~~~~~~[m[K
[01m[K/home/ubuntu/ros2_ws/src/moveit2/moveit_core/kinematic_constraints/include/moveit/kinematic_constraints/kinematic_constraint.h:923:66:[m[K [01;31m[Kerror: [m[Ktemplate argument 1 is invalid
  923 |   bool add(const std::vector<moveit_msgs::msg::PositionConstraint[01;31m[K>[m[K& pc, const moveit::core::Transforms& tf);
      |                                                                  [01;31m[K^[m[K
[01m[K/home/ubuntu/ros2_ws/src/moveit2/moveit_core/kinematic_constraints/include/moveit/kinematic_constraints/kinematic_constraint.h:923:66:[m[K [01;31m[Kerror: [m[Ktemplate argument 2 is invalid
[01m[K/home/ubuntu/ros2_ws/src/moveit2/moveit_core/kinematic_constraints/include/moveit/kinematic_constraints/kinematic_constraint.h:923:8:[m[K [01;31m[Kerror: [m[Kâ€˜[01m[Kbool kinematic_constraints::KinematicConstraintSet::add(const int&, const moveit::core::Transforms&)[m[Kâ€™ cannot be overloaded with â€˜[01m[Kbool kinematic_constraints::KinematicConstraintSet::add(const int&, const moveit::core::Transforms&)[m[Kâ€™
  923 |   bool [01;31m[Kadd[m[K(const std::vector<moveit_msgs::msg::PositionConstraint>& pc, const moveit::core::Transforms& tf);
      |        [01;31m[K^~~[m[K
[01m[K/home/ubuntu/ros2_ws/src/moveit2/moveit_core/kinematic_constraints/include/moveit/kinematic_constraints/kinematic_constraint.h:905:8:[m[K [01;36m[Knote: [m[Kprevious declaration â€˜[01m[Kbool kinematic_constraints::KinematicConstraintSet::add(const int&, const moveit::core::Transforms&)[m[Kâ€™
  905 |   bool [01;36m[Kadd[m[K(const moveit_msgs::msg::Constraints& c, const moveit::core::Transforms& tf);
      |        [01;36m[K^~~[m[K
[01m[K/home/ubuntu/ros2_ws/src/moveit2/moveit_core/kinematic_constraints/include/moveit/kinematic_constraints/kinematic_constraint.h:932:48:[m[K [01;31m[Kerror: [m[Kâ€˜[01m[KOrientationConstraint[m[Kâ€™ is not a member of â€˜[01m[Kmoveit_msgs::msg[m[Kâ€™; did you mean â€˜[01m[Kkinematic_constraints::OrientationConstraint[m[Kâ€™?
  932 |   bool add(const std::vector<moveit_msgs::msg::[01;31m[KOrientationConstraint[m[K>& oc, const moveit::core::Transforms& tf);
      |                                                [01;31m[K^~~~~~~~~~~~~~~~~~~~~[m[K
[01m[K/home/ubuntu/ros2_ws/src/moveit2/moveit_core/kinematic_constraints/include/moveit/kinematic_constraints/kinematic_constraint.h:348:7:[m[K [01;36m[Knote: [m[Kâ€˜[01m[Kkinematic_constraints::OrientationConstraint[m[Kâ€™ declared here
  348 | class [01;36m[KOrientationConstraint[m[K : public KinematicConstraint
      |       [01;36m[K^~~~~~~~~~~~~~~~~~~~~[m[K
[01m[K/home/ubuntu/ros2_ws/src/moveit2/moveit_core/kinematic_constraints/include/moveit/kinematic_constraints/kinematic_constraint.h:932:69:[m[K [01;31m[Kerror: [m[Ktemplate argument 1 is invalid
  932 |   bool add(const std::vector<moveit_msgs::msg::OrientationConstraint[01;31m[K>[m[K& oc, const moveit::core::Transforms& tf);
      |                                                                     [01;31m[K^[m[K
[01m[K/home/ubuntu/ros2_ws/src/moveit2/moveit_core/kinematic_constraints/include/moveit/kinematic_constraints/kinematic_constraint.h:932:69:[m[K [01;31m[Kerror: [m[Ktemplate argument 2 is invalid
[01m[K/home/ubuntu/ros2_ws/src/moveit2/moveit_core/kinematic_constraints/include/moveit/kinematic_constraints/kinematic_constraint.h:932:8:[m[K [01;31m[Kerror: [m[Kâ€˜[01m[Kbool kinematic_constraints::KinematicConstraintSet::add(const int&, const moveit::core::Transforms&)[m[Kâ€™ cannot be overloaded with â€˜[01m[Kbool kinematic_constraints::KinematicConstraintSet::add(const int&, const moveit::core::Transforms&)[m[Kâ€™
  932 |   bool [01;31m[Kadd[m[K(const std::vector<moveit_msgs::msg::OrientationConstraint>& oc, const moveit::core::Transforms& tf);
      |        [01;31m[K^~~[m[K
[01m[K/home/ubuntu/ros2_ws/src/moveit2/moveit_core/kinematic_constraints/include/moveit/kinematic_constraints/kinematic_constraint.h:905:8:[m[K [01;36m[Knote: [m[Kprevious declaration â€˜[01m[Kbool kinematic_constraints::KinematicConstraintSet::add(const int&, const moveit::core::Transforms&)[m[Kâ€™
  905 |   bool [01;36m[Kadd[m[K(const moveit_msgs::msg::Constraints& c, const moveit::core::Transforms& tf);
      |        [01;36m[K^~~[m[K
[01m[K/home/ubuntu/ros2_ws/src/moveit2/moveit_core/kinematic_constraints/include/moveit/kinematic_constraints/kinematic_constraint.h:941:48:[m[K [01;31m[Kerror: [m[Kâ€˜[01m[KVisibilityConstraint[m[Kâ€™ is not a member of â€˜[01m[Kmoveit_msgs::msg[m[Kâ€™; did you mean â€˜[01m[Kkinematic_constraints::VisibilityConstraint[m[Kâ€™?
  941 |   bool add(const std::vector<moveit_msgs::msg::[01;31m[KVisibilityConstraint[m[K>& vc, const moveit::core::Transforms& tf);
      |                                                [01;31m[K^~~~~~~~~~~~~~~~~~~~[m[K
[01m[K/home/ubuntu/ros2_ws/src/moveit2/moveit_core/kinematic_constraints/include/moveit/kinematic_constraints/kinematic_constraint.h:761:7:[m[K [01;36m[Knote: [m[Kâ€˜[01m[Kkinematic_constraints::VisibilityConstraint[m[Kâ€™ declared here
  761 | class [01;36m[KVisibilityConstraint[m[K : public KinematicConstraint
      |       [01;36m[K^~~~~~~~~~~~~~~~~~~~[m[K
[01m[K/home/ubuntu/ros2_ws/src/moveit2/moveit_core/kinematic_constraints/include/moveit/kinematic_constraints/kinematic_constraint.h:941:68:[m[K [01;31m[Kerror: [m[Ktemplate argument 1 is invalid
  941 |   bool add(const std::vector<moveit_msgs::msg::VisibilityConstraint[01;31m[K>[m[K& vc, const moveit::core::Transforms& tf);
      |                                                                    [01;31m[K^[m[K
[01m[K/home/ubuntu/ros2_ws/src/moveit2/moveit_core/kinematic_constraints/include/moveit/kinematic_constraints/kinematic_constraint.h:941:68:[m[K [01;31m[Kerror: [m[Ktemplate argument 2 is invalid
[01m[K/home/ubuntu/ros2_ws/src/moveit2/moveit_core/kinematic_constraints/include/moveit/kinematic_constraints/kinematic_constraint.h:941:8:[m[K [01;31m[Kerror: [m[Kâ€˜[01m[Kbool kinematic_constraints::KinematicConstraintSet::add(const int&, const moveit::core::Transforms&)[m[Kâ€™ cannot be overloaded with â€˜[01m[Kbool kinematic_constraints::KinematicConstraintSet::add(const int&, const moveit::core::Transforms&)[m[Kâ€™
  941 |   bool [01;31m[Kadd[m[K(const std::vector<moveit_msgs::msg::VisibilityConstraint>& vc, const moveit::core::Transforms& tf);
      |        [01;31m[K^~~[m[K
[01m[K/home/ubuntu/ros2_ws/src/moveit2/moveit_core/kinematic_constraints/include/moveit/kinematic_constraints/kinematic_constraint.h:905:8:[m[K [01;36m[Knote: [m[Kprevious declaration â€˜[01m[Kbool kinematic_constraints::KinematicConstraintSet::add(const int&, const moveit::core::Transforms&)[m[Kâ€™
  905 |   bool [01;36m[Kadd[m[K(const moveit_msgs::msg::Constraints& c, const moveit::core::Transforms& tf);
      |        [01;36m[K^~~[m[K
[01m[K/home/ubuntu/ros2_ws/src/moveit2/moveit_core/kinematic_constraints/include/moveit/kinematic_constraints/kinematic_constraint.h:1007:39:[m[K [01;31m[Kerror: [m[Kâ€˜[01m[KPositionConstraint[m[Kâ€™ is not a member of â€˜[01m[Kmoveit_msgs::msg[m[Kâ€™; did you mean â€˜[01m[Kkinematic_constraints::PositionConstraint[m[Kâ€™?
 1007 |   const std::vector<moveit_msgs::msg::[01;31m[KPositionConstraint[m[K>& getPositionConstraints() const
      |                                       [01;31m[K^~~~~~~~~~~~~~~~~~[m[K
[01m[K/home/ubuntu/ros2_ws/src/moveit2/moveit_core/kinematic_constraints/include/moveit/kinematic_constraints/kinematic_constraint.h:515:7:[m[K [01;36m[Knote: [m[Kâ€˜[01m[Kkinematic_constraints::PositionConstraint[m[Kâ€™ declared here
  515 | class [01;36m[KPositionConstraint[m[K : public KinematicConstraint
      |       [01;36m[K^~~~~~~~~~~~~~~~~~[m[K
[01m[K/home/ubuntu/ros2_ws/src/moveit2/moveit_core/kinematic_constraints/include/moveit/kinematic_constraints/kinematic_constraint.h:1007:57:[m[K [01;31m[Kerror: [m[Ktemplate argument 1 is invalid
 1007 |   const std::vector<moveit_msgs::msg::PositionConstraint[01;31m[K>[m[K& getPositionConstraints() const
      |                                                         [01;31m[K^[m[K
[01m[K/home/ubuntu/ros2_ws/src/moveit2/moveit_core/kinematic_constraints/include/moveit/kinematic_constraints/kinematic_constraint.h:1007:57:[m[K [01;31m[Kerror: [m[Ktemplate argument 2 is invalid
[01m[K/home/ubuntu/ros2_ws/src/moveit2/moveit_core/kinematic_constraints/include/moveit/kinematic_constraints/kinematic_constraint.h:1018:39:[m[K [01;31m[Kerror: [m[Kâ€˜[01m[KOrientationConstraint[m[Kâ€™ is not a member of â€˜[01m[Kmoveit_msgs::msg[m[Kâ€™; did you mean â€˜[01m[Kkinematic_constraints::OrientationConstraint[m[Kâ€™?
 1018 |   const std::vector<moveit_msgs::msg::[01;31m[KOrientationConstraint[m[K>& getOrientationConstraints() const
      |                                       [01;31m[K^~~~~~~~~~~~~~~~~~~~~[m[K
[01m[K/home/ubuntu/ros2_ws/src/moveit2/moveit_core/kinematic_constraints/include/moveit/kinematic_constraints/kinematic_constraint.h:348:7:[m[K [01;36m[Knote: [m[Kâ€˜[01m[Kkinematic_constraints::OrientationConstraint[m[Kâ€™ declared here
  348 | class [01;36m[KOrientationConstraint[m[K : public KinematicConstraint
      |       [01;36m[K^~~~~~~~~~~~~~~~~~~~~[m[K
[01m[K/home/ubuntu/ros2_ws/src/moveit2/moveit_core/kinematic_constraints/include/moveit/kinematic_constraints/kinematic_constraint.h:1018:60:[m[K [01;31m[Kerror: [m[Ktemplate argument 1 is invalid
 1018 |   const std::vector<moveit_msgs::msg::OrientationConstraint[01;31m[K>[m[K& getOrientationConstraints() const
      |                                                            [01;31m[K^[m[K
[01m[K/home/ubuntu/ros2_ws/src/moveit2/moveit_core/kinematic_constraints/include/moveit/kinematic_constraints/kinematic_constraint.h:1018:60:[m[K [01;31m[Kerror: [m[Ktemplate argument 2 is invalid
[01m[K/home/ubuntu/ros2_ws/src/moveit2/moveit_core/kinematic_constraints/include/moveit/kinematic_constraints/kinematic_constraint.h:1029:39:[m[K [01;31m[Kerror: [m[Kâ€˜[01m[KJointConstraint[m[Kâ€™ is not a member of â€˜[01m[Kmoveit_msgs::msg[m[Kâ€™; did you mean â€˜[01m[Kkinematic_constraints::JointConstraint[m[Kâ€™?
 1029 |   const std::vector<moveit_msgs::msg::[01;31m[KJointConstraint[m[K>& getJointConstraints() const
      |                                       [01;31m[K^~~~~~~~~~~~~~~[m[K
[01m[K/home/ubuntu/ros2_ws/src/moveit2/moveit_core/kinematic_constraints/include/moveit/kinematic_constraints/kinematic_constraint.h:203:7:[m[K [01;36m[Knote: [m[Kâ€˜[01m[Kkinematic_constraints::JointConstraint[m[Kâ€™ declared here
  203 | class [01;36m[KJointConstraint[m[K : public KinematicConstraint
      |       [01;36m[K^~~~~~~~~~~~~~~[m[K
[01m[K/home/ubuntu/ros2_ws/src/moveit2/moveit_core/kinematic_constraints/include/moveit/kinematic_constraints/kinematic_constraint.h:1029:54:[m[K [01;31m[Kerror: [m[Ktemplate argument 1 is invalid
 1029 |   const std::vector<moveit_msgs::msg::JointConstraint[01;31m[K>[m[K& getJointConstraints() const
      |                                                      [01;31m[K^[m[K
[01m[K/home/ubuntu/ros2_ws/src/moveit2/moveit_core/kinematic_constraints/include/moveit/kinematic_constraints/kinematic_constraint.h:1029:54:[m[K [01;31m[Kerror: [m[Ktemplate argument 2 is invalid
[01m[K/home/ubuntu/ros2_ws/src/moveit2/moveit_core/kinematic_constraints/include/moveit/kinematic_constraints/kinematic_constraint.h:1040:39:[m[K [01;31m[Kerror: [m[Kâ€˜[01m[KVisibilityConstraint[m[Kâ€™ is not a member of â€˜[01m[Kmoveit_msgs::msg[m[Kâ€™; did you mean â€˜[01m[Kkinematic_constraints::VisibilityConstraint[m[Kâ€™?
 1040 |   const std::vector<moveit_msgs::msg::[01;31m[KVisibilityConstraint[m[K>& getVisibilityConstraints() const
      |                                       [01;31m[K^~~~~~~~~~~~~~~~~~~~[m[K
[01m[K/home/ubuntu/ros2_ws/src/moveit2/moveit_core/kinematic_constraints/include/moveit/kinematic_constraints/kinematic_constraint.h:761:7:[m[K [01;36m[Knote: [m[Kâ€˜[01m[Kkinematic_constraints::VisibilityConstraint[m[Kâ€™ declared here
  761 | class [01;36m[KVisibilityConstraint[m[K : public KinematicConstraint
      |       [01;36m[K^~~~~~~~~~~~~~~~~~~~[m[K
[01m[K/home/ubuntu/ros2_ws/src/moveit2/moveit_core/kinematic_constraints/include/moveit/kinematic_constraints/kinematic_constraint.h:1040:59:[m[K [01;31m[Kerror: [m[Ktemplate argument 1 is invalid
 1040 |   const std::vector<moveit_msgs::msg::VisibilityConstraint[01;31m[K>[m[K& getVisibilityConstraints() const
      |                                                           [01;31m[K^[m[K
[01m[K/home/ubuntu/ros2_ws/src/moveit2/moveit_core/kinematic_constraints/include/moveit/kinematic_constraints/kinematic_constraint.h:1040:59:[m[K [01;31m[Kerror: [m[Ktemplate argument 2 is invalid
[01m[K/home/ubuntu/ros2_ws/src/moveit2/moveit_core/kinematic_constraints/include/moveit/kinematic_constraints/kinematic_constraint.h:1051:27:[m[K [01;31m[Kerror: [m[Kâ€˜[01m[KConstraints[m[Kâ€™ in namespace â€˜[01m[Kmoveit_msgs::msg[m[Kâ€™ does not name a type
 1051 |   const moveit_msgs::msg::[01;31m[KConstraints[m[K& getAllConstraints() const
      |                           [01;31m[K^~~~~~~~~~~[m[K
[01m[K/home/ubuntu/ros2_ws/src/moveit2/moveit_core/kinematic_constraints/include/moveit/kinematic_constraints/kinematic_constraint.h:1072:33:[m[K [01;31m[Kerror: [m[Kâ€˜[01m[KJointConstraint[m[Kâ€™ is not a member of â€˜[01m[Kmoveit_msgs::msg[m[Kâ€™; did you mean â€˜[01m[Kkinematic_constraints::JointConstraint[m[Kâ€™?
 1072 |   std::vector<moveit_msgs::msg::[01;31m[KJointConstraint[m[K> joint_constraints_; /**<  \brief Messages corresponding to all internal
      |                                 [01;31m[K^~~~~~~~~~~~~~~[m[K
[01m[K/home/ubuntu/ros2_ws/src/moveit2/moveit_core/kinematic_constraints/include/moveit/kinematic_constraints/kinematic_constraint.h:203:7:[m[K [01;36m[Knote: [m[Kâ€˜[01m[Kkinematic_constraints::JointConstraint[m[Kâ€™ declared here
  203 | class [01;36m[KJointConstraint[m[K : public KinematicConstraint
      |       [01;36m[K^~~~~~~~~~~~~~~[m[K
[01m[K/home/ubuntu/ros2_ws/src/moveit2/moveit_core/kinematic_constraints/include/moveit/kinematic_constraints/kinematic_constraint.h:1072:48:[m[K [01;31m[Kerror: [m[Ktemplate argument 1 is invalid
 1072 |   std::vector<moveit_msgs::msg::JointConstraint[01;31m[K>[m[K joint_constraints_; /**<  \brief Messages corresponding to all internal
      |                                                [01;31m[K^[m[K
[01m[K/home/ubuntu/ros2_ws/src/moveit2/moveit_core/kinematic_constraints/include/moveit/kinematic_constraints/kinematic_constraint.h:1072:48:[m[K [01;31m[Kerror: [m[Ktemplate argument 2 is invalid
[01m[K/home/ubuntu/ros2_ws/src/moveit2/moveit_core/kinematic_constraints/include/moveit/kinematic_constraints/kinematic_constraint.h:1074:33:[m[K [01;31m[Kerror: [m[Kâ€˜[01m[KPositionConstraint[m[Kâ€™ is not a member of â€˜[01m[Kmoveit_msgs::msg[m[Kâ€™; did you mean â€˜[01m[Kkinematic_constraints::PositionConstraint[m[Kâ€™?
 1074 |   std::vector<moveit_msgs::msg::[01;31m[KPositionConstraint[m[K> position_constraints_; /**<  \brief Messages corresponding to all
      |                                 [01;31m[K^~~~~~~~~~~~~~~~~~[m[K
[01m[K/home/ubuntu/ros2_ws/src/moveit2/moveit_core/kinematic_constraints/include/moveit/kinematic_constraints/kinematic_constraint.h:515:7:[m[K [01;36m[Knote: [m[Kâ€˜[01m[Kkinematic_constraints::PositionConstraint[m[Kâ€™ declared here
  515 | class [01;36m[KPositionConstraint[m[K : public KinematicConstraint
      |       [01;36m[K^~~~~~~~~~~~~~~~~~[m[K
[01m[K/home/ubuntu/ros2_ws/src/moveit2/moveit_core/kinematic_constraints/include/moveit/kinematic_constraints/kinematic_constraint.h:1074:51:[m[K [01;31m[Kerror: [m[Ktemplate argument 1 is invalid
 1074 |   std::vector<moveit_msgs::msg::PositionConstraint[01;31m[K>[m[K position_constraints_; /**<  \brief Messages corresponding to all
      |                                                   [01;31m[K^[m[K
[01m[K/home/ubuntu/ros2_ws/src/moveit2/moveit_core/kinematic_constraints/include/moveit/kinematic_constraints/kinematic_constraint.h:1074:51:[m[K [01;31m[Kerror: [m[Ktemplate argument 2 is invalid
[01m[K/home/ubuntu/ros2_ws/src/moveit2/moveit_core/kinematic_constraints/include/moveit/kinematic_constraints/kinematic_constraint.h:1076:33:[m[K [01;31m[Kerror: [m[Kâ€˜[01m[KOrientationConstraint[m[Kâ€™ is not a member of â€˜[01m[Kmoveit_msgs::msg[m[Kâ€™; did you mean â€˜[01m[Kkinematic_constraints::OrientationConstraint[m[Kâ€™?
 1076 |   std::vector<moveit_msgs::msg::[01;31m[KOrientationConstraint[m[K> orientation_constraints_; /**<  \brief Messages corresponding to
      |                                 [01;31m[K^~~~~~~~~~~~~~~~~~~~~[m[K
[01m[K/home/ubuntu/ros2_ws/src/moveit2/moveit_core/kinematic_constraints/include/moveit/kinematic_constraints/kinematic_constraint.h:348:7:[m[K [01;36m[Knote: [m[Kâ€˜[01m[Kkinematic_constraints::OrientationConstraint[m[Kâ€™ declared here
  348 | class [01;36m[KOrientationConstraint[m[K : public KinematicConstraint
      |       [01;36m[K^~~~~~~~~~~~~~~~~~~~~[m[K
[01m[K/home/ubuntu/ros2_ws/src/moveit2/moveit_core/kinematic_constraints/include/moveit/kinematic_constraints/kinematic_constraint.h:1076:54:[m[K [01;31m[Kerror: [m[Ktemplate argument 1 is invalid
 1076 |   std::vector<moveit_msgs::msg::OrientationConstraint[01;31m[K>[m[K orientation_constraints_; /**<  \brief Messages corresponding to
      |                                                      [01;31m[K^[m[K
[01m[K/home/ubuntu/ros2_ws/src/moveit2/moveit_core/kinematic_constraints/include/moveit/kinematic_constraints/kinematic_constraint.h:1076:54:[m[K [01;31m[Kerror: [m[Ktemplate argument 2 is invalid
[01m[K/home/ubuntu/ros2_ws/src/moveit2/moveit_core/kinematic_constraints/include/moveit/kinematic_constraints/kinematic_constraint.h:1079:33:[m[K [01;31m[Kerror: [m[Kâ€˜[01m[KVisibilityConstraint[m[Kâ€™ is not a member of â€˜[01m[Kmoveit_msgs::msg[m[Kâ€™; did you mean â€˜[01m[Kkinematic_constraints::VisibilityConstraint[m[Kâ€™?
 1079 |   std::vector<moveit_msgs::msg::[01;31m[KVisibilityConstraint[m[K> visibility_constraints_;   /**<  \brief Messages corresponding to
      |                                 [01;31m[K^~~~~~~~~~~~~~~~~~~~[m[K
[01m[K/home/ubuntu/ros2_ws/src/moveit2/moveit_core/kinematic_constraints/include/moveit/kinematic_constraints/kinematic_constraint.h:761:7:[m[K [01;36m[Knote: [m[Kâ€˜[01m[Kkinematic_constraints::VisibilityConstraint[m[Kâ€™ declared here
  761 | class [01;36m[KVisibilityConstraint[m[K : public KinematicConstraint
      |       [01;36m[K^~~~~~~~~~~~~~~~~~~~[m[K
[01m[K/home/ubuntu/ros2_ws/src/moveit2/moveit_core/kinematic_constraints/include/moveit/kinematic_constraints/kinematic_constraint.h:1079:53:[m[K [01;31m[Kerror: [m[Ktemplate argument 1 is invalid
 1079 |   std::vector<moveit_msgs::msg::VisibilityConstraint[01;31m[K>[m[K visibility_constraints_;   /**<  \brief Messages corresponding to
      |                                                     [01;31m[K^[m[K
[01m[K/home/ubuntu/ros2_ws/src/moveit2/moveit_core/kinematic_constraints/include/moveit/kinematic_constraints/kinematic_constraint.h:1079:53:[m[K [01;31m[Kerror: [m[Ktemplate argument 2 is invalid
[01m[K/home/ubuntu/ros2_ws/src/moveit2/moveit_core/kinematic_constraints/include/moveit/kinematic_constraints/kinematic_constraint.h:1082:21:[m[K [01;31m[Kerror: [m[Kâ€˜[01m[KConstraints[m[Kâ€™ in namespace â€˜[01m[Kmoveit_msgs::msg[m[Kâ€™ does not name a type
 1082 |   moveit_msgs::msg::[01;31m[KConstraints[m[K all_constraints_; /**<  \brief Messages corresponding to all internal constraints */
      |                     [01;31m[K^~~~~~~~~~~[m[K
gmake[2]: *** [collision_detection/CMakeFiles/moveit_collision_detection.dir/build.make:188: collision_detection/CMakeFiles/moveit_collision_detection.dir/src/collision_plugin_cache.cpp.o] Error 1
gmake[1]: *** [CMakeFiles/Makefile2:2186: collision_detection/CMakeFiles/moveit_collision_detection.dir/all] Error 2
gmake: *** [Makefile:146: all] Error 2
