[0.015s] Invoking command in '/home/ubuntu/ros2_ws/build/moveit_core': CMAKE_PREFIX_PATH=/home/ubuntu/ros2_ws/install/moveit_resources_panda_moveit_config:/home/ubuntu/ros2_ws/install/srdfdom:/home/ubuntu/ros2_ws/install/moveit_resources_pr2_description:/home/ubuntu/ros2_ws/install/moveit_resources_panda_description:/home/ubuntu/ros2_ws/install/moveit_common:/home/ubuntu/ros2_ws/install/prismatic_moveit_config:/home/ubuntu/ros2_ws/install/test_moveit_config:/home/ubuntu/ros2_ws/install/pilz_industrial_motion_planner_testutils:/home/ubuntu/ros2_ws/install/moveit_runtime:/home/ubuntu/ros2_ws/install/moveit2_tutorials:/home/ubuntu/ros2_ws/install/moveit:/home/ubuntu/ros2_ws/install/isaac_twin_moveit_config:/home/ubuntu/ros2_ws/install/four_drone_demo:/home/ubuntu/ros2_ws/install/floating_moveit_config:/home/ubuntu/ros2_ws/install/chain_moveit_config:/home/ubuntu/ros2_ws/install/4_drone_demo:/home/ubuntu/ros2_ws/install/isaac_sim_demo:/home/ubuntu/ros2_ws/install/moveit_planners:/home/ubuntu/ros2_ws/install/pilz_industrial_motion_planner:/home/ubuntu/ros2_ws/install/pick_ik:/home/ubuntu/ros2_ws/install/moveit_visual_tools:/home/ubuntu/ros2_ws/install/moveit_task_constructor_visualization:/home/ubuntu/ros2_ws/install/moveit_task_constructor_demo:/home/ubuntu/ros2_ws/install/moveit_task_constructor_capabilities:/home/ubuntu/ros2_ws/install/moveit_task_constructor_core:/home/ubuntu/ros2_ws/install/moveit_ros_control_interface:/home/ubuntu/ros2_ws/install/moveit_plugins:/home/ubuntu/ros2_ws/install/moveit_simple_controller_manager:/home/ubuntu/ros2_ws/install/moveit_setup_assistant:/home/ubuntu/ros2_ws/install/moveit_setup_srdf_plugins:/home/ubuntu/ros2_ws/install/moveit_setup_core_plugins:/home/ubuntu/ros2_ws/install/moveit_setup_controllers:/home/ubuntu/ros2_ws/install/moveit_setup_app_plugins:/home/ubuntu/ros2_ws/install/moveit_setup_framework:/home/ubuntu/ros2_ws/install/moveit_servo:/home/ubuntu/ros2_ws/install/moveit_ros:/home/ubuntu/ros2_ws/install/moveit_ros_visualization:/home/ubuntu/ros2_ws/install/moveit_hybrid_planning:/home/ubuntu/ros2_ws/install/moveit_ros_planning_interface:/home/ubuntu/ros2_ws/install/moveit_ros_benchmarks:/home/ubuntu/ros2_ws/install/moveit_ros_warehouse:/home/ubuntu/ros2_ws/install/moveit_ros_robot_interaction:/home/ubuntu/ros2_ws/install/moveit_ros_perception:/home/ubuntu/ros2_ws/install/moveit_resources_prbt_pg70_support:/home/ubuntu/ros2_ws/install/moveit_resources_prbt_moveit_config:/home/ubuntu/ros2_ws/install/moveit_ros_move_group:/home/ubuntu/ros2_ws/install/moveit_planners_ompl:/home/ubuntu/ros2_ws/install/moveit_ros_planning:/home/ubuntu/ros2_ws/install/moveit_ros_occupancy_map_monitor:/home/ubuntu/ros2_ws/install/moveit_resources_prbt_ikfast_manipulator_plugin:/home/ubuntu/ros2_ws/install/moveit_planners_chomp:/home/ubuntu/ros2_ws/install/moveit_kinematics:/home/ubuntu/ros2_ws/install/moveit_chomp_optimizer_adapter:/home/ubuntu/ros2_ws/install/chomp_motion_planner:/home/ubuntu/ros2_ws/install/moveit_core:/home/ubuntu/ros2_ws/install/rviz_marker_tools:/home/ubuntu/ros2_ws/install/rosparam_shortcuts:/home/ubuntu/ros2_ws/install/moveit_task_constructor_msgs:/home/ubuntu/ros2_ws/install/moveit_resources_prbt_support:/home/ubuntu/ros2_ws/install/moveit_resources:/home/ubuntu/ros2_ws/install/moveit_resources_fanuc_moveit_config:/home/ubuntu/ros2_ws/install/moveit_resources_fanuc_description:/home/ubuntu/ros2_ws/install/custom_interfaces:/home/ubuntu/ros2_ws/install/moveit_configs_utils:/home/ubuntu/ros2_ws/install/launch_param_builder:/opt/ros/humble LD_LIBRARY_PATH=/home/ubuntu/ros2_ws/install/srdfdom/lib:/home/ubuntu/ros2_ws/install/pilz_industrial_motion_planner_testutils/lib:/home/ubuntu/ros2_ws/install/pilz_industrial_motion_planner/lib:/home/ubuntu/ros2_ws/install/pick_ik/lib:/home/ubuntu/ros2_ws/install/moveit_visual_tools/lib:/home/ubuntu/ros2_ws/install/moveit_task_constructor_visualization/lib:/home/ubuntu/ros2_ws/install/moveit_task_constructor_demo/lib:/home/ubuntu/ros2_ws/install/moveit_task_constructor_capabilities/lib:/home/ubuntu/ros2_ws/install/moveit_task_constructor_core/lib:/home/ubuntu/ros2_ws/install/moveit_ros_control_interface/lib:/home/ubuntu/ros2_ws/install/moveit_simple_controller_manager/lib:/home/ubuntu/ros2_ws/install/moveit_setup_assistant/lib:/home/ubuntu/ros2_ws/install/moveit_setup_srdf_plugins/lib:/home/ubuntu/ros2_ws/install/moveit_setup_core_plugins/lib:/home/ubuntu/ros2_ws/install/moveit_setup_controllers/lib:/home/ubuntu/ros2_ws/install/moveit_setup_app_plugins/lib:/home/ubuntu/ros2_ws/install/moveit_setup_framework/lib:/home/ubuntu/ros2_ws/install/moveit_servo/lib:/home/ubuntu/ros2_ws/install/moveit_ros_visualization/lib:/home/ubuntu/ros2_ws/install/moveit_hybrid_planning/lib:/home/ubuntu/ros2_ws/install/moveit_ros_planning_interface/lib:/home/ubuntu/ros2_ws/install/moveit_ros_benchmarks/lib:/home/ubuntu/ros2_ws/install/moveit_ros_warehouse/lib:/home/ubuntu/ros2_ws/install/moveit_ros_robot_interaction/lib:/home/ubuntu/ros2_ws/install/moveit_ros_perception/lib:/home/ubuntu/ros2_ws/install/moveit_ros_move_group/lib:/home/ubuntu/ros2_ws/install/moveit_planners_ompl/lib:/home/ubuntu/ros2_ws/install/moveit_ros_planning/lib:/home/ubuntu/ros2_ws/install/moveit_ros_occupancy_map_monitor/lib:/home/ubuntu/ros2_ws/install/moveit_resources_prbt_ikfast_manipulator_plugin/lib:/home/ubuntu/ros2_ws/install/moveit_planners_chomp/lib:/home/ubuntu/ros2_ws/install/moveit_kinematics/lib:/home/ubuntu/ros2_ws/install/moveit_chomp_optimizer_adapter/lib:/home/ubuntu/ros2_ws/install/chomp_motion_planner/lib:/home/ubuntu/ros2_ws/install/moveit_core/lib:/home/ubuntu/ros2_ws/install/rviz_marker_tools/lib:/home/ubuntu/ros2_ws/install/rosparam_shortcuts/lib:/home/ubuntu/ros2_ws/install/moveit_task_constructor_msgs/lib:/home/ubuntu/ros2_ws/install/custom_interfaces/lib:/opt/ros/humble/opt/rviz_ogre_vendor/lib:/opt/ros/humble/lib/x86_64-linux-gnu:/opt/ros/humble/lib /usr/bin/cmake --build /home/ubuntu/ros2_ws/build/moveit_core -- -j24 -l24
[0.037s] -- Found moveit_common: 2.5.5 (/home/ubuntu/ros2_ws/install/moveit_common/share/moveit_common/cmake)
[0.038s] -- Found ament_cmake: 1.3.10 (/opt/ros/humble/share/ament_cmake/cmake)
[0.167s] -- Found angles: 1.15.0 (/opt/ros/humble/share/angles/cmake)
[0.187s] -- Found common_interfaces: 4.2.4 (/opt/ros/humble/share/common_interfaces/cmake)
[0.187s] -- Found eigen_stl_containers: 1.0.0 (/opt/ros/humble/share/eigen_stl_containers/cmake)
[0.188s] -- Found eigen3_cmake_module: 0.1.1 (/opt/ros/humble/share/eigen3_cmake_module/cmake)
[0.190s] -- Found generate_parameter_library: 0.3.8 (/opt/ros/humble/share/generate_parameter_library/cmake)
[0.190s] -- Found parameter_traits: 0.3.8 (/opt/ros/humble/share/parameter_traits/cmake)
[0.205s] -- Found rosidl_generator_c: 3.1.5 (/opt/ros/humble/share/rosidl_generator_c/cmake)
[0.206s] -- Found rosidl_adapter: 3.1.5 (/opt/ros/humble/share/rosidl_adapter/cmake)
[0.210s] -- Found rosidl_generator_cpp: 3.1.5 (/opt/ros/humble/share/rosidl_generator_cpp/cmake)
[0.217s] -- Using all available rosidl_typesupport_c: rosidl_typesupport_fastrtps_c;rosidl_typesupport_introspection_c
[0.226s] -- Using all available rosidl_typesupport_cpp: rosidl_typesupport_fastrtps_cpp;rosidl_typesupport_introspection_cpp
[0.248s] -- Found rmw_implementation_cmake: 6.1.2 (/opt/ros/humble/share/rmw_implementation_cmake/cmake)
[0.251s] -- Found rmw_fastrtps_cpp: 6.2.7 (/opt/ros/humble/share/rmw_fastrtps_cpp/cmake)
[0.367s] -- Using RMW implementation 'rmw_fastrtps_cpp' as default
[0.405s] -- Found rclcpp_lifecycle: 16.0.10 (/opt/ros/humble/share/rclcpp_lifecycle/cmake)
[0.416s] -- Found geometric_shapes: 2.1.3 (/opt/ros/humble/share/geometric_shapes/cmake)
[0.419s] -- Found Boost: /usr/lib/x86_64-linux-gnu/cmake/Boost-1.74.0/BoostConfig.cmake (found version "1.74.0") found components: filesystem 
[0.463s] -- library: /usr/lib/x86_64-linux-gnu/libcurl.so
[0.498s] -- Found kdl_parser: 2.6.4 (/opt/ros/humble/share/kdl_parser/cmake)
[0.500s] -- Ensuring Eigen3 include directory is part of orocos-kdl CMake target
[0.501s] -- Found moveit_msgs: 2.2.1 (/opt/ros/humble/share/moveit_msgs/cmake)
[0.566s] -- Found pluginlib: 5.1.0 (/opt/ros/humble/share/pluginlib/cmake)
[0.588s] -- Found srdfdom: 2.0.4 (/home/ubuntu/ros2_ws/install/srdfdom/share/srdfdom/cmake)
[0.592s] -- Found tf2_eigen: 0.25.7 (/opt/ros/humble/share/tf2_eigen/cmake)
[0.630s] -- Found tf2_geometry_msgs: 0.25.7 (/opt/ros/humble/share/tf2_geometry_msgs/cmake)
[0.631s] -- Found tf2_kdl: 0.25.7 (/opt/ros/humble/share/tf2_kdl/cmake)
[0.644s] -- Found Boost: /usr/lib/x86_64-linux-gnu/cmake/Boost-1.74.0/BoostConfig.cmake (found version "1.74.0") found components: chrono date_time filesystem iostreams program_options regex serialization system thread 
[0.644s] --  *** Building MoveIt 2.5.5-Alpha ***
[0.656s] -- Found ament_cmake_gtest: 1.3.10 (/opt/ros/humble/share/ament_cmake_gtest/cmake)
[0.657s] -- Found gtest sources under '/opt/ros/humble/src/gtest_vendor': C++ tests using 'Google Test' will be built
[0.675s] -- Found ament_cmake_gmock: 1.3.10 (/opt/ros/humble/share/ament_cmake_gmock/cmake)
[0.676s] -- Found gmock sources under '/opt/ros/humble/src/gmock_vendor': C++ tests using 'Google Mock' will be built
[0.678s] -- Found ament_cmake_gtest: 1.3.10 (/opt/ros/humble/share/ament_cmake_gtest/cmake)
[0.679s] -- Found gtest sources under '/opt/ros/humble/src/gtest_vendor': C++ tests using 'Google Test' will be built
[0.694s] -- Found ament_cmake_gtest: 1.3.10 (/opt/ros/humble/share/ament_cmake_gtest/cmake)
[0.695s] -- Found gtest sources under '/opt/ros/humble/src/gtest_vendor': C++ tests using 'Google Test' will be built
[0.735s] -- Found ament_cmake_gtest: 1.3.10 (/opt/ros/humble/share/ament_cmake_gtest/cmake)
[0.735s] -- Found gtest sources under '/opt/ros/humble/src/gtest_vendor': C++ tests using 'Google Test' will be built
[0.749s] -- Found ament_lint_auto: 0.12.11 (/opt/ros/humble/share/ament_lint_auto/cmake)
[0.749s] -- Found ament_cmake_gtest: 1.3.10 (/opt/ros/humble/share/ament_cmake_gtest/cmake)
[0.749s] -- Found gtest sources under '/opt/ros/humble/src/gtest_vendor': C++ tests using 'Google Test' will be built
[0.776s] -- Found ament_cmake_gtest: 1.3.10 (/opt/ros/humble/share/ament_cmake_gtest/cmake)
[0.777s] -- Found gtest sources under '/opt/ros/humble/src/gtest_vendor': C++ tests using 'Google Test' will be built
[0.798s] -- Found ament_cmake_gtest: 1.3.10 (/opt/ros/humble/share/ament_cmake_gtest/cmake)
[0.799s] -- Found gtest sources under '/opt/ros/humble/src/gtest_vendor': C++ tests using 'Google Test' will be built
[0.812s] -- Found ament_cmake_gtest: 1.3.10 (/opt/ros/humble/share/ament_cmake_gtest/cmake)
[0.813s] -- Found gtest sources under '/opt/ros/humble/src/gtest_vendor': C++ tests using 'Google Test' will be built
[0.825s] -- Found gtest sources under '/opt/ros/humble/src/gtest_vendor': C++ tests using 'Google Test' will be built
[0.837s] -- Found gtest sources under '/opt/ros/humble/src/gtest_vendor': C++ tests using 'Google Test' will be built
[0.853s] -- Found ament_cmake_gtest: 1.3.10 (/opt/ros/humble/share/ament_cmake_gtest/cmake)
[0.853s] -- Found gtest sources under '/opt/ros/humble/src/gtest_vendor': C++ tests using 'Google Test' will be built
[0.884s] -- Found gtest sources under '/opt/ros/humble/src/gtest_vendor': C++ tests using 'Google Test' will be built
[0.907s] -- Found gtest sources under '/opt/ros/humble/src/gtest_vendor': C++ tests using 'Google Test' will be built
[0.924s] -- Found gtest sources under '/opt/ros/humble/src/gtest_vendor': C++ tests using 'Google Test' will be built
[0.928s] -- Found ament_lint_auto: 0.12.11 (/opt/ros/humble/share/ament_lint_auto/cmake)
[0.945s] -- Added test 'cppcheck' to perform static code analysis on C / C++ code
[0.946s] -- Configured cppcheck include dirs: /home/ubuntu/ros2_ws/src/moveit2/moveit_core/exceptions/include;/home/ubuntu/ros2_ws/src/moveit2/moveit_core/collision_detection/include;/home/ubuntu/ros2_ws/src/moveit2/moveit_core/collision_detection_fcl/include;/home/ubuntu/ros2_ws/src/moveit2/moveit_core/collision_detection_bullet/include;/home/ubuntu/ros2_ws/src/moveit2/moveit_core/constraint_samplers/include;/home/ubuntu/ros2_ws/src/moveit2/moveit_core/controller_manager/include;/home/ubuntu/ros2_ws/src/moveit2/moveit_core/distance_field/include;/home/ubuntu/ros2_ws/src/moveit2/moveit_core/collision_distance_field/include;/home/ubuntu/ros2_ws/src/moveit2/moveit_core/dynamics_solver/include;/home/ubuntu/ros2_ws/src/moveit2/moveit_core/kinematics_base/include;/home/ubuntu/ros2_ws/src/moveit2/moveit_core/kinematics_metrics/include;/home/ubuntu/ros2_ws/src/moveit2/moveit_core/robot_model/include;/home/ubuntu/ros2_ws/src/moveit2/moveit_core/transforms/include;/home/ubuntu/ros2_ws/src/moveit2/moveit_core/robot_state/include;/home/ubuntu/ros2_ws/src/moveit2/moveit_core/robot_trajectory/include;/home/ubuntu/ros2_ws/src/moveit2/moveit_core/kinematic_constraints/include;/home/ubuntu/ros2_ws/src/moveit2/moveit_core/macros/include;/home/ubuntu/ros2_ws/src/moveit2/moveit_core/online_signal_smoothing/include;/home/ubuntu/ros2_ws/src/moveit2/moveit_core/planning_interface/include;/home/ubuntu/ros2_ws/src/moveit2/moveit_core/planning_request_adapter/include;/home/ubuntu/ros2_ws/src/moveit2/moveit_core/planning_scene/include;/home/ubuntu/ros2_ws/src/moveit2/moveit_core/sensor_manager/include;/home/ubuntu/ros2_ws/src/moveit2/moveit_core/trajectory_processing/include;/home/ubuntu/ros2_ws/src/moveit2/moveit_core/utils/include
[0.946s] -- Configured cppcheck exclude dirs and/or files: 
[0.948s] -- Added test 'pep257' to check Python code against some of the docstring style conventions in PEP 257
[0.950s] -- Added test 'xmllint' to check XML markup files
[0.951s] -- Configuring done
[1.365s] -- Generating done
[1.371s] -- Build files have been written to: /home/ubuntu/ros2_ws/build/moveit_core
[1.419s] [35m[1mConsolidate compiler generated dependencies of target moveit_exceptions[0m
[1.420s] [35m[1mConsolidate compiler generated dependencies of target moveit_kinematics_base[0m
[1.421s] [35m[1mConsolidate compiler generated dependencies of target moveit_transforms[0m
[1.422s] [35m[1mConsolidate compiler generated dependencies of target gtest[0m
[1.422s] [35m[1mConsolidate compiler generated dependencies of target moveit_utils[0m
[1.425s] [35m[1mConsolidate compiler generated dependencies of target moveit_distance_field[0m
[1.425s] [35m[1mConsolidate compiler generated dependencies of target moveit_smoothing_base[0m
[1.429s] [35m[1mConsolidate compiler generated dependencies of target moveit_version[0m
[1.434s] [35m[1mConsolidate compiler generated dependencies of target gmock_main[0m
[1.439s] [35m[1mConsolidate compiler generated dependencies of target gtest_main[0m
[1.439s] [35m[1mConsolidate compiler generated dependencies of target gmock[0m
[1.442s] [  1%] Built target moveit_exceptions
[1.443s] [  2%] Built target gtest
[1.445s] [  4%] Built target moveit_utils
[1.448s] [  5%] Built target moveit_smoothing_base
[1.448s] [  7%] Built target moveit_version
[1.450s] [  8%] Built target moveit_transforms
[1.452s] [  9%] Built target moveit_butterworth_parameters
[1.453s] [ 10%] Built target moveit_kinematics_base
[1.456s] [ 11%] Built target gmock_main
[1.457s] [ 12%] Built target gtest_main
[1.457s] [ 14%] Built target gmock
[1.458s] [ 16%] Built target moveit_distance_field
[1.468s] [35m[1mConsolidate compiler generated dependencies of target moveit_robot_model[0m
[1.469s] [35m[1mConsolidate compiler generated dependencies of target test_transforms[0m
[1.469s] [35m[1mConsolidate compiler generated dependencies of target test_voxel_grid[0m
[1.469s] [35m[1mConsolidate compiler generated dependencies of target test_distance_field[0m
[1.483s] [ 17%] Built target test_transforms
[1.485s] [ 18%] Built target test_voxel_grid
[1.489s] [ 19%] Built target test_distance_field
[1.497s] [ 26%] Built target moveit_robot_model
[1.509s] [35m[1mConsolidate compiler generated dependencies of target moveit_butterworth_filter[0m
[1.509s] [35m[1mConsolidate compiler generated dependencies of target moveit_test_utils[0m
[1.510s] [35m[1mConsolidate compiler generated dependencies of target moveit_robot_state[0m
[1.527s] [ 27%] Built target moveit_butterworth_filter
[1.529s] [ 28%] Built target moveit_test_utils
[1.537s] [ 31%] Built target moveit_robot_state
[1.538s] [35m[1mConsolidate compiler generated dependencies of target test_butterworth_filter[0m
[1.540s] [35m[1mConsolidate compiler generated dependencies of target test_robot_model[0m
[1.556s] [35m[1mConsolidate compiler generated dependencies of target moveit_robot_trajectory[0m
[1.557s] [35m[1mConsolidate compiler generated dependencies of target moveit_kinematics_metrics[0m
[1.557s] [35m[1mConsolidate compiler generated dependencies of target moveit_dynamics_solver[0m
[1.559s] [35m[1mConsolidate compiler generated dependencies of target test_aabb[0m
[1.559s] [35m[1mConsolidate compiler generated dependencies of target test_robot_state_benchmark[0m
[1.565s] [35m[1mConsolidate compiler generated dependencies of target test_robot_state_complex[0m
[1.565s] [35m[1mConsolidate compiler generated dependencies of target test_cartesian_interpolator[0m
[1.566s] [ 32%] Built target test_robot_model
[1.566s] [35m[1mConsolidate compiler generated dependencies of target test_robot_state[0m
[1.567s] [35m[1mConsolidate compiler generated dependencies of target moveit_collision_detection[0m
[1.570s] [ 33%] Built target test_butterworth_filter
[1.580s] [ 34%] Built target moveit_robot_trajectory
[1.581s] [ 36%] Built target moveit_dynamics_solver
[1.582s] [ 37%] Built target moveit_kinematics_metrics
[1.583s] [ 38%] Built target test_aabb
[1.584s] [ 39%] Built target test_robot_state_benchmark
[1.593s] [ 40%] Built target test_robot_state_complex
[1.596s] [ 41%] Built target test_cartesian_interpolator
[1.596s] [ 43%] Built target test_robot_state
[1.596s] [35m[1mConsolidate compiler generated dependencies of target test_robot_trajectory[0m
[1.598s] [35m[1mConsolidate compiler generated dependencies of target moveit_planning_interface[0m
[1.599s] [35m[1mConsolidate compiler generated dependencies of target moveit_trajectory_processing[0m
[1.605s] [ 43%] [32mBuilding CXX object collision_detection/CMakeFiles/moveit_collision_detection.dir/src/collision_plugin_cache.cpp.o[0m
[1.615s] [ 44%] Built target test_robot_trajectory
[1.620s] [ 46%] Built target moveit_planning_interface
[1.625s] [ 50%] Built target moveit_trajectory_processing
[1.638s] [35m[1mConsolidate compiler generated dependencies of target test_time_optimal_trajectory_generation[0m
[1.638s] [35m[1mConsolidate compiler generated dependencies of target test_time_parameterization[0m
[1.638s] [35m[1mConsolidate compiler generated dependencies of target test_ruckig_traj_smoothing[0m
[1.660s] [ 52%] Built target test_time_parameterization
[1.660s] [ 53%] Built target test_ruckig_traj_smoothing
[1.660s] [ 54%] Built target test_time_optimal_trajectory_generation
[3.524s] In file included from [01m[K/home/ubuntu/ros2_ws/src/moveit2/moveit_core/planning_scene/include/moveit/planning_scene/planning_scene.h:45[m[K,
[3.524s]                  from [01m[K/home/ubuntu/ros2_ws/src/moveit2/moveit_core/collision_detection/include/moveit/collision_detection/collision_plugin.h:39[m[K,
[3.525s]                  from [01m[K/home/ubuntu/ros2_ws/src/moveit2/moveit_core/collision_detection/include/moveit/collision_detection/collision_plugin_cache.h:38[m[K,
[3.525s]                  from [01m[K/home/ubuntu/ros2_ws/src/moveit2/moveit_core/collision_detection/src/collision_plugin_cache.cpp:35[m[K:
[3.525s] [01m[K/home/ubuntu/ros2_ws/src/moveit2/moveit_core/kinematic_constraints/include/moveit/kinematic_constraints/kinematic_constraint.h:230:42:[m[K [01;31m[Kerror: [m[Kâ€˜[01m[KJointConstraint[m[Kâ€™ in namespace â€˜[01m[Kmoveit_msgs::msg[m[Kâ€™ does not name a type
[3.525s]   230 |   bool configure(const moveit_msgs::msg::[01;31m[KJointConstraint[m[K& jc);
[3.525s]       |                                          [01;31m[K^~~~~~~~~~~~~~~[m[K
[3.525s] [01m[K/home/ubuntu/ros2_ws/src/moveit2/moveit_core/kinematic_constraints/include/moveit/kinematic_constraints/kinematic_constraint.h:378:42:[m[K [01;31m[Kerror: [m[Kâ€˜[01m[KOrientationConstraint[m[Kâ€™ in namespace â€˜[01m[Kmoveit_msgs::msg[m[Kâ€™ does not name a type
[3.525s]   378 |   bool configure(const moveit_msgs::msg::[01;31m[KOrientationConstraint[m[K& oc, const moveit::core::Transforms& tf);
[3.525s]       |                                          [01;31m[K^~~~~~~~~~~~~~~~~~~~~[m[K
[3.525s] [01m[K/home/ubuntu/ros2_ws/src/moveit2/moveit_core/kinematic_constraints/include/moveit/kinematic_constraints/kinematic_constraint.h:547:42:[m[K [01;31m[Kerror: [m[Kâ€˜[01m[KPositionConstraint[m[Kâ€™ in namespace â€˜[01m[Kmoveit_msgs::msg[m[Kâ€™ does not name a type
[3.525s]   547 |   bool configure(const moveit_msgs::msg::[01;31m[KPositionConstraint[m[K& pc, const moveit::core::Transforms& tf);
[3.525s]       |                                          [01;31m[K^~~~~~~~~~~~~~~~~~[m[K
[3.527s] [01m[K/home/ubuntu/ros2_ws/src/moveit2/moveit_core/kinematic_constraints/include/moveit/kinematic_constraints/kinematic_constraint.h:786:42:[m[K [01;31m[Kerror: [m[Kâ€˜[01m[KVisibilityConstraint[m[Kâ€™ in namespace â€˜[01m[Kmoveit_msgs::msg[m[Kâ€™ does not name a type
[3.527s]   786 |   bool configure(const moveit_msgs::msg::[01;31m[KVisibilityConstraint[m[K& vc, const moveit::core::Transforms& tf);
[3.527s]       |                                          [01;31m[K^~~~~~~~~~~~~~~~~~~~[m[K
[3.529s] [01m[K/home/ubuntu/ros2_ws/src/moveit2/moveit_core/kinematic_constraints/include/moveit/kinematic_constraints/kinematic_constraint.h:905:36:[m[K [01;31m[Kerror: [m[Kâ€˜[01m[KConstraints[m[Kâ€™ in namespace â€˜[01m[Kmoveit_msgs::msg[m[Kâ€™ does not name a type
[3.529s]   905 |   bool add(const moveit_msgs::msg::[01;31m[KConstraints[m[K& c, const moveit::core::Transforms& tf);
[3.529s]       |                                    [01;31m[K^~~~~~~~~~~[m[K
[3.530s] [01m[K/home/ubuntu/ros2_ws/src/moveit2/moveit_core/kinematic_constraints/include/moveit/kinematic_constraints/kinematic_constraint.h:914:48:[m[K [01;31m[Kerror: [m[Kâ€˜[01m[KJointConstraint[m[Kâ€™ is not a member of â€˜[01m[Kmoveit_msgs::msg[m[Kâ€™; did you mean â€˜[01m[Kkinematic_constraints::JointConstraint[m[Kâ€™?
[3.530s]   914 |   bool add(const std::vector<moveit_msgs::msg::[01;31m[KJointConstraint[m[K>& jc);
[3.530s]       |                                                [01;31m[K^~~~~~~~~~~~~~~[m[K
[3.530s] [01m[K/home/ubuntu/ros2_ws/src/moveit2/moveit_core/kinematic_constraints/include/moveit/kinematic_constraints/kinematic_constraint.h:203:7:[m[K [01;36m[Knote: [m[Kâ€˜[01m[Kkinematic_constraints::JointConstraint[m[Kâ€™ declared here
[3.530s]   203 | class [01;36m[KJointConstraint[m[K : public KinematicConstraint
[3.530s]       |       [01;36m[K^~~~~~~~~~~~~~~[m[K
[3.530s] [01m[K/home/ubuntu/ros2_ws/src/moveit2/moveit_core/kinematic_constraints/include/moveit/kinematic_constraints/kinematic_constraint.h:914:63:[m[K [01;31m[Kerror: [m[Ktemplate argument 1 is invalid
[3.530s]   914 |   bool add(const std::vector<moveit_msgs::msg::JointConstraint[01;31m[K>[m[K& jc);
[3.530s]       |                                                               [01;31m[K^[m[K
[3.530s] [01m[K/home/ubuntu/ros2_ws/src/moveit2/moveit_core/kinematic_constraints/include/moveit/kinematic_constraints/kinematic_constraint.h:914:63:[m[K [01;31m[Kerror: [m[Ktemplate argument 2 is invalid
[3.530s] [01m[K/home/ubuntu/ros2_ws/src/moveit2/moveit_core/kinematic_constraints/include/moveit/kinematic_constraints/kinematic_constraint.h:923:48:[m[K [01;31m[Kerror: [m[Kâ€˜[01m[KPositionConstraint[m[Kâ€™ is not a member of â€˜[01m[Kmoveit_msgs::msg[m[Kâ€™; did you mean â€˜[01m[Kkinematic_constraints::PositionConstraint[m[Kâ€™?
[3.530s]   923 |   bool add(const std::vector<moveit_msgs::msg::[01;31m[KPositionConstraint[m[K>& pc, const moveit::core::Transforms& tf);
[3.530s]       |                                                [01;31m[K^~~~~~~~~~~~~~~~~~[m[K
[3.530s] [01m[K/home/ubuntu/ros2_ws/src/moveit2/moveit_core/kinematic_constraints/include/moveit/kinematic_constraints/kinematic_constraint.h:515:7:[m[K [01;36m[Knote: [m[Kâ€˜[01m[Kkinematic_constraints::PositionConstraint[m[Kâ€™ declared here
[3.530s]   515 | class [01;36m[KPositionConstraint[m[K : public KinematicConstraint
[3.530s]       |       [01;36m[K^~~~~~~~~~~~~~~~~~[m[K
[3.531s] [01m[K/home/ubuntu/ros2_ws/src/moveit2/moveit_core/kinematic_constraints/include/moveit/kinematic_constraints/kinematic_constraint.h:923:66:[m[K [01;31m[Kerror: [m[Ktemplate argument 1 is invalid
[3.531s]   923 |   bool add(const std::vector<moveit_msgs::msg::PositionConstraint[01;31m[K>[m[K& pc, const moveit::core::Transforms& tf);
[3.531s]       |                                                                  [01;31m[K^[m[K
[3.531s] [01m[K/home/ubuntu/ros2_ws/src/moveit2/moveit_core/kinematic_constraints/include/moveit/kinematic_constraints/kinematic_constraint.h:923:66:[m[K [01;31m[Kerror: [m[Ktemplate argument 2 is invalid
[3.531s] [01m[K/home/ubuntu/ros2_ws/src/moveit2/moveit_core/kinematic_constraints/include/moveit/kinematic_constraints/kinematic_constraint.h:923:8:[m[K [01;31m[Kerror: [m[Kâ€˜[01m[Kbool kinematic_constraints::KinematicConstraintSet::add(const int&, const moveit::core::Transforms&)[m[Kâ€™ cannot be overloaded with â€˜[01m[Kbool kinematic_constraints::KinematicConstraintSet::add(const int&, const moveit::core::Transforms&)[m[Kâ€™
[3.531s]   923 |   bool [01;31m[Kadd[m[K(const std::vector<moveit_msgs::msg::PositionConstraint>& pc, const moveit::core::Transforms& tf);
[3.531s]       |        [01;31m[K^~~[m[K
[3.531s] [01m[K/home/ubuntu/ros2_ws/src/moveit2/moveit_core/kinematic_constraints/include/moveit/kinematic_constraints/kinematic_constraint.h:905:8:[m[K [01;36m[Knote: [m[Kprevious declaration â€˜[01m[Kbool kinematic_constraints::KinematicConstraintSet::add(const int&, const moveit::core::Transforms&)[m[Kâ€™
[3.531s]   905 |   bool [01;36m[Kadd[m[K(const moveit_msgs::msg::Constraints& c, const moveit::core::Transforms& tf);
[3.531s]       |        [01;36m[K^~~[m[K
[3.531s] [01m[K/home/ubuntu/ros2_ws/src/moveit2/moveit_core/kinematic_constraints/include/moveit/kinematic_constraints/kinematic_constraint.h:932:48:[m[K [01;31m[Kerror: [m[Kâ€˜[01m[KOrientationConstraint[m[Kâ€™ is not a member of â€˜[01m[Kmoveit_msgs::msg[m[Kâ€™; did you mean â€˜[01m[Kkinematic_constraints::OrientationConstraint[m[Kâ€™?
[3.531s]   932 |   bool add(const std::vector<moveit_msgs::msg::[01;31m[KOrientationConstraint[m[K>& oc, const moveit::core::Transforms& tf);
[3.531s]       |                                                [01;31m[K^~~~~~~~~~~~~~~~~~~~~[m[K
[3.531s] [01m[K/home/ubuntu/ros2_ws/src/moveit2/moveit_core/kinematic_constraints/include/moveit/kinematic_constraints/kinematic_constraint.h:348:7:[m[K [01;36m[Knote: [m[Kâ€˜[01m[Kkinematic_constraints::OrientationConstraint[m[Kâ€™ declared here
[3.531s]   348 | class [01;36m[KOrientationConstraint[m[K : public KinematicConstraint
[3.531s]       |       [01;36m[K^~~~~~~~~~~~~~~~~~~~~[m[K
[3.531s] [01m[K/home/ubuntu/ros2_ws/src/moveit2/moveit_core/kinematic_constraints/include/moveit/kinematic_constraints/kinematic_constraint.h:932:69:[m[K [01;31m[Kerror: [m[Ktemplate argument 1 is invalid
[3.531s]   932 |   bool add(const std::vector<moveit_msgs::msg::OrientationConstraint[01;31m[K>[m[K& oc, const moveit::core::Transforms& tf);
[3.531s]       |                                                                     [01;31m[K^[m[K
[3.531s] [01m[K/home/ubuntu/ros2_ws/src/moveit2/moveit_core/kinematic_constraints/include/moveit/kinematic_constraints/kinematic_constraint.h:932:69:[m[K [01;31m[Kerror: [m[Ktemplate argument 2 is invalid
[3.531s] [01m[K/home/ubuntu/ros2_ws/src/moveit2/moveit_core/kinematic_constraints/include/moveit/kinematic_constraints/kinematic_constraint.h:932:8:[m[K [01;31m[Kerror: [m[Kâ€˜[01m[Kbool kinematic_constraints::KinematicConstraintSet::add(const int&, const moveit::core::Transforms&)[m[Kâ€™ cannot be overloaded with â€˜[01m[Kbool kinematic_constraints::KinematicConstraintSet::add(const int&, const moveit::core::Transforms&)[m[Kâ€™
[3.531s]   932 |   bool [01;31m[Kadd[m[K(const std::vector<moveit_msgs::msg::OrientationConstraint>& oc, const moveit::core::Transforms& tf);
[3.531s]       |        [01;31m[K^~~[m[K
[3.531s] [01m[K/home/ubuntu/ros2_ws/src/moveit2/moveit_core/kinematic_constraints/include/moveit/kinematic_constraints/kinematic_constraint.h:905:8:[m[K [01;36m[Knote: [m[Kprevious declaration â€˜[01m[Kbool kinematic_constraints::KinematicConstraintSet::add(const int&, const moveit::core::Transforms&)[m[Kâ€™
[3.531s]   905 |   bool [01;36m[Kadd[m[K(const moveit_msgs::msg::Constraints& c, const moveit::core::Transforms& tf);
[3.531s]       |        [01;36m[K^~~[m[K
[3.531s] [01m[K/home/ubuntu/ros2_ws/src/moveit2/moveit_core/kinematic_constraints/include/moveit/kinematic_constraints/kinematic_constraint.h:941:48:[m[K [01;31m[Kerror: [m[Kâ€˜[01m[KVisibilityConstraint[m[Kâ€™ is not a member of â€˜[01m[Kmoveit_msgs::msg[m[Kâ€™; did you mean â€˜[01m[Kkinematic_constraints::VisibilityConstraint[m[Kâ€™?
[3.532s]   941 |   bool add(const std::vector<moveit_msgs::msg::[01;31m[KVisibilityConstraint[m[K>& vc, const moveit::core::Transforms& tf);
[3.532s]       |                                                [01;31m[K^~~~~~~~~~~~~~~~~~~~[m[K
[3.532s] [01m[K/home/ubuntu/ros2_ws/src/moveit2/moveit_core/kinematic_constraints/include/moveit/kinematic_constraints/kinematic_constraint.h:761:7:[m[K [01;36m[Knote: [m[Kâ€˜[01m[Kkinematic_constraints::VisibilityConstraint[m[Kâ€™ declared here
[3.532s]   761 | class [01;36m[KVisibilityConstraint[m[K : public KinematicConstraint
[3.532s]       |       [01;36m[K^~~~~~~~~~~~~~~~~~~~[m[K
[3.532s] [01m[K/home/ubuntu/ros2_ws/src/moveit2/moveit_core/kinematic_constraints/include/moveit/kinematic_constraints/kinematic_constraint.h:941:68:[m[K [01;31m[Kerror: [m[Ktemplate argument 1 is invalid
[3.532s]   941 |   bool add(const std::vector<moveit_msgs::msg::VisibilityConstraint[01;31m[K>[m[K& vc, const moveit::core::Transforms& tf);
[3.532s]       |                                                                    [01;31m[K^[m[K
[3.532s] [01m[K/home/ubuntu/ros2_ws/src/moveit2/moveit_core/kinematic_constraints/include/moveit/kinematic_constraints/kinematic_constraint.h:941:68:[m[K [01;31m[Kerror: [m[Ktemplate argument 2 is invalid
[3.532s] [01m[K/home/ubuntu/ros2_ws/src/moveit2/moveit_core/kinematic_constraints/include/moveit/kinematic_constraints/kinematic_constraint.h:941:8:[m[K [01;31m[Kerror: [m[Kâ€˜[01m[Kbool kinematic_constraints::KinematicConstraintSet::add(const int&, const moveit::core::Transforms&)[m[Kâ€™ cannot be overloaded with â€˜[01m[Kbool kinematic_constraints::KinematicConstraintSet::add(const int&, const moveit::core::Transforms&)[m[Kâ€™
[3.532s]   941 |   bool [01;31m[Kadd[m[K(const std::vector<moveit_msgs::msg::VisibilityConstraint>& vc, const moveit::core::Transforms& tf);
[3.532s]       |        [01;31m[K^~~[m[K
[3.532s] [01m[K/home/ubuntu/ros2_ws/src/moveit2/moveit_core/kinematic_constraints/include/moveit/kinematic_constraints/kinematic_constraint.h:905:8:[m[K [01;36m[Knote: [m[Kprevious declaration â€˜[01m[Kbool kinematic_constraints::KinematicConstraintSet::add(const int&, const moveit::core::Transforms&)[m[Kâ€™
[3.532s]   905 |   bool [01;36m[Kadd[m[K(const moveit_msgs::msg::Constraints& c, const moveit::core::Transforms& tf);
[3.532s]       |        [01;36m[K^~~[m[K
[3.532s] [01m[K/home/ubuntu/ros2_ws/src/moveit2/moveit_core/kinematic_constraints/include/moveit/kinematic_constraints/kinematic_constraint.h:1007:39:[m[K [01;31m[Kerror: [m[Kâ€˜[01m[KPositionConstraint[m[Kâ€™ is not a member of â€˜[01m[Kmoveit_msgs::msg[m[Kâ€™; did you mean â€˜[01m[Kkinematic_constraints::PositionConstraint[m[Kâ€™?
[3.532s]  1007 |   const std::vector<moveit_msgs::msg::[01;31m[KPositionConstraint[m[K>& getPositionConstraints() const
[3.532s]       |                                       [01;31m[K^~~~~~~~~~~~~~~~~~[m[K
[3.532s] [01m[K/home/ubuntu/ros2_ws/src/moveit2/moveit_core/kinematic_constraints/include/moveit/kinematic_constraints/kinematic_constraint.h:515:7:[m[K [01;36m[Knote: [m[Kâ€˜[01m[Kkinematic_constraints::PositionConstraint[m[Kâ€™ declared here
[3.532s]   515 | class [01;36m[KPositionConstraint[m[K : public KinematicConstraint
[3.532s]       |       [01;36m[K^~~~~~~~~~~~~~~~~~[m[K
[3.532s] [01m[K/home/ubuntu/ros2_ws/src/moveit2/moveit_core/kinematic_constraints/include/moveit/kinematic_constraints/kinematic_constraint.h:1007:57:[m[K [01;31m[Kerror: [m[Ktemplate argument 1 is invalid
[3.532s]  1007 |   const std::vector<moveit_msgs::msg::PositionConstraint[01;31m[K>[m[K& getPositionConstraints() const
[3.532s]       |                                                         [01;31m[K^[m[K
[3.532s] [01m[K/home/ubuntu/ros2_ws/src/moveit2/moveit_core/kinematic_constraints/include/moveit/kinematic_constraints/kinematic_constraint.h:1007:57:[m[K [01;31m[Kerror: [m[Ktemplate argument 2 is invalid
[3.532s] [01m[K/home/ubuntu/ros2_ws/src/moveit2/moveit_core/kinematic_constraints/include/moveit/kinematic_constraints/kinematic_constraint.h:1018:39:[m[K [01;31m[Kerror: [m[Kâ€˜[01m[KOrientationConstraint[m[Kâ€™ is not a member of â€˜[01m[Kmoveit_msgs::msg[m[Kâ€™; did you mean â€˜[01m[Kkinematic_constraints::OrientationConstraint[m[Kâ€™?
[3.532s]  1018 |   const std::vector<moveit_msgs::msg::[01;31m[KOrientationConstraint[m[K>& getOrientationConstraints() const
[3.532s]       |                                       [01;31m[K^~~~~~~~~~~~~~~~~~~~~[m[K
[3.532s] [01m[K/home/ubuntu/ros2_ws/src/moveit2/moveit_core/kinematic_constraints/include/moveit/kinematic_constraints/kinematic_constraint.h:348:7:[m[K [01;36m[Knote: [m[Kâ€˜[01m[Kkinematic_constraints::OrientationConstraint[m[Kâ€™ declared here
[3.532s]   348 | class [01;36m[KOrientationConstraint[m[K : public KinematicConstraint
[3.532s]       |       [01;36m[K^~~~~~~~~~~~~~~~~~~~~[m[K
[3.532s] [01m[K/home/ubuntu/ros2_ws/src/moveit2/moveit_core/kinematic_constraints/include/moveit/kinematic_constraints/kinematic_constraint.h:1018:60:[m[K [01;31m[Kerror: [m[Ktemplate argument 1 is invalid
[3.533s]  1018 |   const std::vector<moveit_msgs::msg::OrientationConstraint[01;31m[K>[m[K& getOrientationConstraints() const
[3.533s]       |                                                            [01;31m[K^[m[K
[3.533s] [01m[K/home/ubuntu/ros2_ws/src/moveit2/moveit_core/kinematic_constraints/include/moveit/kinematic_constraints/kinematic_constraint.h:1018:60:[m[K [01;31m[Kerror: [m[Ktemplate argument 2 is invalid
[3.533s] [01m[K/home/ubuntu/ros2_ws/src/moveit2/moveit_core/kinematic_constraints/include/moveit/kinematic_constraints/kinematic_constraint.h:1029:39:[m[K [01;31m[Kerror: [m[Kâ€˜[01m[KJointConstraint[m[Kâ€™ is not a member of â€˜[01m[Kmoveit_msgs::msg[m[Kâ€™; did you mean â€˜[01m[Kkinematic_constraints::JointConstraint[m[Kâ€™?
[3.533s]  1029 |   const std::vector<moveit_msgs::msg::[01;31m[KJointConstraint[m[K>& getJointConstraints() const
[3.533s]       |                                       [01;31m[K^~~~~~~~~~~~~~~[m[K
[3.533s] [01m[K/home/ubuntu/ros2_ws/src/moveit2/moveit_core/kinematic_constraints/include/moveit/kinematic_constraints/kinematic_constraint.h:203:7:[m[K [01;36m[Knote: [m[Kâ€˜[01m[Kkinematic_constraints::JointConstraint[m[Kâ€™ declared here
[3.533s]   203 | class [01;36m[KJointConstraint[m[K : public KinematicConstraint
[3.533s]       |       [01;36m[K^~~~~~~~~~~~~~~[m[K
[3.533s] [01m[K/home/ubuntu/ros2_ws/src/moveit2/moveit_core/kinematic_constraints/include/moveit/kinematic_constraints/kinematic_constraint.h:1029:54:[m[K [01;31m[Kerror: [m[Ktemplate argument 1 is invalid
[3.533s]  1029 |   const std::vector<moveit_msgs::msg::JointConstraint[01;31m[K>[m[K& getJointConstraints() const
[3.533s]       |                                                      [01;31m[K^[m[K
[3.533s] [01m[K/home/ubuntu/ros2_ws/src/moveit2/moveit_core/kinematic_constraints/include/moveit/kinematic_constraints/kinematic_constraint.h:1029:54:[m[K [01;31m[Kerror: [m[Ktemplate argument 2 is invalid
[3.533s] [01m[K/home/ubuntu/ros2_ws/src/moveit2/moveit_core/kinematic_constraints/include/moveit/kinematic_constraints/kinematic_constraint.h:1040:39:[m[K [01;31m[Kerror: [m[Kâ€˜[01m[KVisibilityConstraint[m[Kâ€™ is not a member of â€˜[01m[Kmoveit_msgs::msg[m[Kâ€™; did you mean â€˜[01m[Kkinematic_constraints::VisibilityConstraint[m[Kâ€™?
[3.533s]  1040 |   const std::vector<moveit_msgs::msg::[01;31m[KVisibilityConstraint[m[K>& getVisibilityConstraints() const
[3.533s]       |                                       [01;31m[K^~~~~~~~~~~~~~~~~~~~[m[K
[3.533s] [01m[K/home/ubuntu/ros2_ws/src/moveit2/moveit_core/kinematic_constraints/include/moveit/kinematic_constraints/kinematic_constraint.h:761:7:[m[K [01;36m[Knote: [m[Kâ€˜[01m[Kkinematic_constraints::VisibilityConstraint[m[Kâ€™ declared here
[3.533s]   761 | class [01;36m[KVisibilityConstraint[m[K : public KinematicConstraint
[3.533s]       |       [01;36m[K^~~~~~~~~~~~~~~~~~~~[m[K
[3.533s] [01m[K/home/ubuntu/ros2_ws/src/moveit2/moveit_core/kinematic_constraints/include/moveit/kinematic_constraints/kinematic_constraint.h:1040:59:[m[K [01;31m[Kerror: [m[Ktemplate argument 1 is invalid
[3.533s]  1040 |   const std::vector<moveit_msgs::msg::VisibilityConstraint[01;31m[K>[m[K& getVisibilityConstraints() const
[3.533s]       |                                                           [01;31m[K^[m[K
[3.533s] [01m[K/home/ubuntu/ros2_ws/src/moveit2/moveit_core/kinematic_constraints/include/moveit/kinematic_constraints/kinematic_constraint.h:1040:59:[m[K [01;31m[Kerror: [m[Ktemplate argument 2 is invalid
[3.533s] [01m[K/home/ubuntu/ros2_ws/src/moveit2/moveit_core/kinematic_constraints/include/moveit/kinematic_constraints/kinematic_constraint.h:1051:27:[m[K [01;31m[Kerror: [m[Kâ€˜[01m[KConstraints[m[Kâ€™ in namespace â€˜[01m[Kmoveit_msgs::msg[m[Kâ€™ does not name a type
[3.533s]  1051 |   const moveit_msgs::msg::[01;31m[KConstraints[m[K& getAllConstraints() const
[3.533s]       |                           [01;31m[K^~~~~~~~~~~[m[K
[3.534s] [01m[K/home/ubuntu/ros2_ws/src/moveit2/moveit_core/kinematic_constraints/include/moveit/kinematic_constraints/kinematic_constraint.h:1072:33:[m[K [01;31m[Kerror: [m[Kâ€˜[01m[KJointConstraint[m[Kâ€™ is not a member of â€˜[01m[Kmoveit_msgs::msg[m[Kâ€™; did you mean â€˜[01m[Kkinematic_constraints::JointConstraint[m[Kâ€™?
[3.534s]  1072 |   std::vector<moveit_msgs::msg::[01;31m[KJointConstraint[m[K> joint_constraints_; /**<  \brief Messages corresponding to all internal
[3.534s]       |                                 [01;31m[K^~~~~~~~~~~~~~~[m[K
[3.534s] [01m[K/home/ubuntu/ros2_ws/src/moveit2/moveit_core/kinematic_constraints/include/moveit/kinematic_constraints/kinematic_constraint.h:203:7:[m[K [01;36m[Knote: [m[Kâ€˜[01m[Kkinematic_constraints::JointConstraint[m[Kâ€™ declared here
[3.534s]   203 | class [01;36m[KJointConstraint[m[K : public KinematicConstraint
[3.534s]       |       [01;36m[K^~~~~~~~~~~~~~~[m[K
[3.534s] [01m[K/home/ubuntu/ros2_ws/src/moveit2/moveit_core/kinematic_constraints/include/moveit/kinematic_constraints/kinematic_constraint.h:1072:48:[m[K [01;31m[Kerror: [m[Ktemplate argument 1 is invalid
[3.534s]  1072 |   std::vector<moveit_msgs::msg::JointConstraint[01;31m[K>[m[K joint_constraints_; /**<  \brief Messages corresponding to all internal
[3.534s]       |                                                [01;31m[K^[m[K
[3.534s] [01m[K/home/ubuntu/ros2_ws/src/moveit2/moveit_core/kinematic_constraints/include/moveit/kinematic_constraints/kinematic_constraint.h:1072:48:[m[K [01;31m[Kerror: [m[Ktemplate argument 2 is invalid
[3.534s] [01m[K/home/ubuntu/ros2_ws/src/moveit2/moveit_core/kinematic_constraints/include/moveit/kinematic_constraints/kinematic_constraint.h:1074:33:[m[K [01;31m[Kerror: [m[Kâ€˜[01m[KPositionConstraint[m[Kâ€™ is not a member of â€˜[01m[Kmoveit_msgs::msg[m[Kâ€™; did you mean â€˜[01m[Kkinematic_constraints::PositionConstraint[m[Kâ€™?
[3.534s]  1074 |   std::vector<moveit_msgs::msg::[01;31m[KPositionConstraint[m[K> position_constraints_; /**<  \brief Messages corresponding to all
[3.534s]       |                                 [01;31m[K^~~~~~~~~~~~~~~~~~[m[K
[3.534s] [01m[K/home/ubuntu/ros2_ws/src/moveit2/moveit_core/kinematic_constraints/include/moveit/kinematic_constraints/kinematic_constraint.h:515:7:[m[K [01;36m[Knote: [m[Kâ€˜[01m[Kkinematic_constraints::PositionConstraint[m[Kâ€™ declared here
[3.534s]   515 | class [01;36m[KPositionConstraint[m[K : public KinematicConstraint
[3.534s]       |       [01;36m[K^~~~~~~~~~~~~~~~~~[m[K
[3.534s] [01m[K/home/ubuntu/ros2_ws/src/moveit2/moveit_core/kinematic_constraints/include/moveit/kinematic_constraints/kinematic_constraint.h:1074:51:[m[K [01;31m[Kerror: [m[Ktemplate argument 1 is invalid
[3.534s]  1074 |   std::vector<moveit_msgs::msg::PositionConstraint[01;31m[K>[m[K position_constraints_; /**<  \brief Messages corresponding to all
[3.534s]       |                                                   [01;31m[K^[m[K
[3.534s] [01m[K/home/ubuntu/ros2_ws/src/moveit2/moveit_core/kinematic_constraints/include/moveit/kinematic_constraints/kinematic_constraint.h:1074:51:[m[K [01;31m[Kerror: [m[Ktemplate argument 2 is invalid
[3.534s] [01m[K/home/ubuntu/ros2_ws/src/moveit2/moveit_core/kinematic_constraints/include/moveit/kinematic_constraints/kinematic_constraint.h:1076:33:[m[K [01;31m[Kerror: [m[Kâ€˜[01m[KOrientationConstraint[m[Kâ€™ is not a member of â€˜[01m[Kmoveit_msgs::msg[m[Kâ€™; did you mean â€˜[01m[Kkinematic_constraints::OrientationConstraint[m[Kâ€™?
[3.534s]  1076 |   std::vector<moveit_msgs::msg::[01;31m[KOrientationConstraint[m[K> orientation_constraints_; /**<  \brief Messages corresponding to
[3.534s]       |                                 [01;31m[K^~~~~~~~~~~~~~~~~~~~~[m[K
[3.534s] [01m[K/home/ubuntu/ros2_ws/src/moveit2/moveit_core/kinematic_constraints/include/moveit/kinematic_constraints/kinematic_constraint.h:348:7:[m[K [01;36m[Knote: [m[Kâ€˜[01m[Kkinematic_constraints::OrientationConstraint[m[Kâ€™ declared here
[3.534s]   348 | class [01;36m[KOrientationConstraint[m[K : public KinematicConstraint
[3.534s]       |       [01;36m[K^~~~~~~~~~~~~~~~~~~~~[m[K
[3.534s] [01m[K/home/ubuntu/ros2_ws/src/moveit2/moveit_core/kinematic_constraints/include/moveit/kinematic_constraints/kinematic_constraint.h:1076:54:[m[K [01;31m[Kerror: [m[Ktemplate argument 1 is invalid
[3.535s]  1076 |   std::vector<moveit_msgs::msg::OrientationConstraint[01;31m[K>[m[K orientation_constraints_; /**<  \brief Messages corresponding to
[3.535s]       |                                                      [01;31m[K^[m[K
[3.535s] [01m[K/home/ubuntu/ros2_ws/src/moveit2/moveit_core/kinematic_constraints/include/moveit/kinematic_constraints/kinematic_constraint.h:1076:54:[m[K [01;31m[Kerror: [m[Ktemplate argument 2 is invalid
[3.535s] [01m[K/home/ubuntu/ros2_ws/src/moveit2/moveit_core/kinematic_constraints/include/moveit/kinematic_constraints/kinematic_constraint.h:1079:33:[m[K [01;31m[Kerror: [m[Kâ€˜[01m[KVisibilityConstraint[m[Kâ€™ is not a member of â€˜[01m[Kmoveit_msgs::msg[m[Kâ€™; did you mean â€˜[01m[Kkinematic_constraints::VisibilityConstraint[m[Kâ€™?
[3.535s]  1079 |   std::vector<moveit_msgs::msg::[01;31m[KVisibilityConstraint[m[K> visibility_constraints_;   /**<  \brief Messages corresponding to
[3.535s]       |                                 [01;31m[K^~~~~~~~~~~~~~~~~~~~[m[K
[3.535s] [01m[K/home/ubuntu/ros2_ws/src/moveit2/moveit_core/kinematic_constraints/include/moveit/kinematic_constraints/kinematic_constraint.h:761:7:[m[K [01;36m[Knote: [m[Kâ€˜[01m[Kkinematic_constraints::VisibilityConstraint[m[Kâ€™ declared here
[3.535s]   761 | class [01;36m[KVisibilityConstraint[m[K : public KinematicConstraint
[3.535s]       |       [01;36m[K^~~~~~~~~~~~~~~~~~~~[m[K
[3.535s] [01m[K/home/ubuntu/ros2_ws/src/moveit2/moveit_core/kinematic_constraints/include/moveit/kinematic_constraints/kinematic_constraint.h:1079:53:[m[K [01;31m[Kerror: [m[Ktemplate argument 1 is invalid
[3.535s]  1079 |   std::vector<moveit_msgs::msg::VisibilityConstraint[01;31m[K>[m[K visibility_constraints_;   /**<  \brief Messages corresponding to
[3.535s]       |                                                     [01;31m[K^[m[K
[3.535s] [01m[K/home/ubuntu/ros2_ws/src/moveit2/moveit_core/kinematic_constraints/include/moveit/kinematic_constraints/kinematic_constraint.h:1079:53:[m[K [01;31m[Kerror: [m[Ktemplate argument 2 is invalid
[3.535s] [01m[K/home/ubuntu/ros2_ws/src/moveit2/moveit_core/kinematic_constraints/include/moveit/kinematic_constraints/kinematic_constraint.h:1082:21:[m[K [01;31m[Kerror: [m[Kâ€˜[01m[KConstraints[m[Kâ€™ in namespace â€˜[01m[Kmoveit_msgs::msg[m[Kâ€™ does not name a type
[3.535s]  1082 |   moveit_msgs::msg::[01;31m[KConstraints[m[K all_constraints_; /**<  \brief Messages corresponding to all internal constraints */
[3.535s]       |                     [01;31m[K^~~~~~~~~~~[m[K
[5.968s] gmake[2]: *** [collision_detection/CMakeFiles/moveit_collision_detection.dir/build.make:188: collision_detection/CMakeFiles/moveit_collision_detection.dir/src/collision_plugin_cache.cpp.o] Error 1
[5.968s] gmake[1]: *** [CMakeFiles/Makefile2:2186: collision_detection/CMakeFiles/moveit_collision_detection.dir/all] Error 2
[5.968s] gmake: *** [Makefile:146: all] Error 2
[5.970s] Invoked command in '/home/ubuntu/ros2_ws/build/moveit_core' returned '2': CMAKE_PREFIX_PATH=/home/ubuntu/ros2_ws/install/moveit_resources_panda_moveit_config:/home/ubuntu/ros2_ws/install/srdfdom:/home/ubuntu/ros2_ws/install/moveit_resources_pr2_description:/home/ubuntu/ros2_ws/install/moveit_resources_panda_description:/home/ubuntu/ros2_ws/install/moveit_common:/home/ubuntu/ros2_ws/install/prismatic_moveit_config:/home/ubuntu/ros2_ws/install/test_moveit_config:/home/ubuntu/ros2_ws/install/pilz_industrial_motion_planner_testutils:/home/ubuntu/ros2_ws/install/moveit_runtime:/home/ubuntu/ros2_ws/install/moveit2_tutorials:/home/ubuntu/ros2_ws/install/moveit:/home/ubuntu/ros2_ws/install/isaac_twin_moveit_config:/home/ubuntu/ros2_ws/install/four_drone_demo:/home/ubuntu/ros2_ws/install/floating_moveit_config:/home/ubuntu/ros2_ws/install/chain_moveit_config:/home/ubuntu/ros2_ws/install/4_drone_demo:/home/ubuntu/ros2_ws/install/isaac_sim_demo:/home/ubuntu/ros2_ws/install/moveit_planners:/home/ubuntu/ros2_ws/install/pilz_industrial_motion_planner:/home/ubuntu/ros2_ws/install/pick_ik:/home/ubuntu/ros2_ws/install/moveit_visual_tools:/home/ubuntu/ros2_ws/install/moveit_task_constructor_visualization:/home/ubuntu/ros2_ws/install/moveit_task_constructor_demo:/home/ubuntu/ros2_ws/install/moveit_task_constructor_capabilities:/home/ubuntu/ros2_ws/install/moveit_task_constructor_core:/home/ubuntu/ros2_ws/install/moveit_ros_control_interface:/home/ubuntu/ros2_ws/install/moveit_plugins:/home/ubuntu/ros2_ws/install/moveit_simple_controller_manager:/home/ubuntu/ros2_ws/install/moveit_setup_assistant:/home/ubuntu/ros2_ws/install/moveit_setup_srdf_plugins:/home/ubuntu/ros2_ws/install/moveit_setup_core_plugins:/home/ubuntu/ros2_ws/install/moveit_setup_controllers:/home/ubuntu/ros2_ws/install/moveit_setup_app_plugins:/home/ubuntu/ros2_ws/install/moveit_setup_framework:/home/ubuntu/ros2_ws/install/moveit_servo:/home/ubuntu/ros2_ws/install/moveit_ros:/home/ubuntu/ros2_ws/install/moveit_ros_visualization:/home/ubuntu/ros2_ws/install/moveit_hybrid_planning:/home/ubuntu/ros2_ws/install/moveit_ros_planning_interface:/home/ubuntu/ros2_ws/install/moveit_ros_benchmarks:/home/ubuntu/ros2_ws/install/moveit_ros_warehouse:/home/ubuntu/ros2_ws/install/moveit_ros_robot_interaction:/home/ubuntu/ros2_ws/install/moveit_ros_perception:/home/ubuntu/ros2_ws/install/moveit_resources_prbt_pg70_support:/home/ubuntu/ros2_ws/install/moveit_resources_prbt_moveit_config:/home/ubuntu/ros2_ws/install/moveit_ros_move_group:/home/ubuntu/ros2_ws/install/moveit_planners_ompl:/home/ubuntu/ros2_ws/install/moveit_ros_planning:/home/ubuntu/ros2_ws/install/moveit_ros_occupancy_map_monitor:/home/ubuntu/ros2_ws/install/moveit_resources_prbt_ikfast_manipulator_plugin:/home/ubuntu/ros2_ws/install/moveit_planners_chomp:/home/ubuntu/ros2_ws/install/moveit_kinematics:/home/ubuntu/ros2_ws/install/moveit_chomp_optimizer_adapter:/home/ubuntu/ros2_ws/install/chomp_motion_planner:/home/ubuntu/ros2_ws/install/moveit_core:/home/ubuntu/ros2_ws/install/rviz_marker_tools:/home/ubuntu/ros2_ws/install/rosparam_shortcuts:/home/ubuntu/ros2_ws/install/moveit_task_constructor_msgs:/home/ubuntu/ros2_ws/install/moveit_resources_prbt_support:/home/ubuntu/ros2_ws/install/moveit_resources:/home/ubuntu/ros2_ws/install/moveit_resources_fanuc_moveit_config:/home/ubuntu/ros2_ws/install/moveit_resources_fanuc_description:/home/ubuntu/ros2_ws/install/custom_interfaces:/home/ubuntu/ros2_ws/install/moveit_configs_utils:/home/ubuntu/ros2_ws/install/launch_param_builder:/opt/ros/humble LD_LIBRARY_PATH=/home/ubuntu/ros2_ws/install/srdfdom/lib:/home/ubuntu/ros2_ws/install/pilz_industrial_motion_planner_testutils/lib:/home/ubuntu/ros2_ws/install/pilz_industrial_motion_planner/lib:/home/ubuntu/ros2_ws/install/pick_ik/lib:/home/ubuntu/ros2_ws/install/moveit_visual_tools/lib:/home/ubuntu/ros2_ws/install/moveit_task_constructor_visualization/lib:/home/ubuntu/ros2_ws/install/moveit_task_constructor_demo/lib:/home/ubuntu/ros2_ws/install/moveit_task_constructor_capabilities/lib:/home/ubuntu/ros2_ws/install/moveit_task_constructor_core/lib:/home/ubuntu/ros2_ws/install/moveit_ros_control_interface/lib:/home/ubuntu/ros2_ws/install/moveit_simple_controller_manager/lib:/home/ubuntu/ros2_ws/install/moveit_setup_assistant/lib:/home/ubuntu/ros2_ws/install/moveit_setup_srdf_plugins/lib:/home/ubuntu/ros2_ws/install/moveit_setup_core_plugins/lib:/home/ubuntu/ros2_ws/install/moveit_setup_controllers/lib:/home/ubuntu/ros2_ws/install/moveit_setup_app_plugins/lib:/home/ubuntu/ros2_ws/install/moveit_setup_framework/lib:/home/ubuntu/ros2_ws/install/moveit_servo/lib:/home/ubuntu/ros2_ws/install/moveit_ros_visualization/lib:/home/ubuntu/ros2_ws/install/moveit_hybrid_planning/lib:/home/ubuntu/ros2_ws/install/moveit_ros_planning_interface/lib:/home/ubuntu/ros2_ws/install/moveit_ros_benchmarks/lib:/home/ubuntu/ros2_ws/install/moveit_ros_warehouse/lib:/home/ubuntu/ros2_ws/install/moveit_ros_robot_interaction/lib:/home/ubuntu/ros2_ws/install/moveit_ros_perception/lib:/home/ubuntu/ros2_ws/install/moveit_ros_move_group/lib:/home/ubuntu/ros2_ws/install/moveit_planners_ompl/lib:/home/ubuntu/ros2_ws/install/moveit_ros_planning/lib:/home/ubuntu/ros2_ws/install/moveit_ros_occupancy_map_monitor/lib:/home/ubuntu/ros2_ws/install/moveit_resources_prbt_ikfast_manipulator_plugin/lib:/home/ubuntu/ros2_ws/install/moveit_planners_chomp/lib:/home/ubuntu/ros2_ws/install/moveit_kinematics/lib:/home/ubuntu/ros2_ws/install/moveit_chomp_optimizer_adapter/lib:/home/ubuntu/ros2_ws/install/chomp_motion_planner/lib:/home/ubuntu/ros2_ws/install/moveit_core/lib:/home/ubuntu/ros2_ws/install/rviz_marker_tools/lib:/home/ubuntu/ros2_ws/install/rosparam_shortcuts/lib:/home/ubuntu/ros2_ws/install/moveit_task_constructor_msgs/lib:/home/ubuntu/ros2_ws/install/custom_interfaces/lib:/opt/ros/humble/opt/rviz_ogre_vendor/lib:/opt/ros/humble/lib/x86_64-linux-gnu:/opt/ros/humble/lib /usr/bin/cmake --build /home/ubuntu/ros2_ws/build/moveit_core -- -j24 -l24
