[35m[1mConsolidate compiler generated dependencies of target StateSubscriber_node[0m
[35m[1mConsolidate compiler generated dependencies of target tf_to_pos[0m
[35m[1mConsolidate compiler generated dependencies of target markers_node[0m
[35m[1mConsolidate compiler generated dependencies of target visualization_node[0m
[35m[1mConsolidate compiler generated dependencies of target isaac_sim_demo_library[0m
[ 16%] Built target StateSubscriber_node
[ 33%] Built target markers_node
[ 41%] [32mBuilding CXX object CMakeFiles/tf_to_pos.dir/src/tf_to_pos.cpp.o[0m
[ 58%] Built target visualization_node
[ 75%] Built target isaac_sim_demo_library
[35m[1mConsolidate compiler generated dependencies of target ompl_controller_node[0m
[ 83%] [32mBuilding CXX object CMakeFiles/ompl_controller_node.dir/src/ompl_controller_node.cpp.o[0m
[01m[K/home/ubuntu/ros2_ws/src/isaac_sim_demo/src/tf_to_pos.cpp:[m[K In constructor â€˜[01m[KTransformListenerNode::TransformListenerNode()[m[Kâ€™:
[01m[K/home/ubuntu/ros2_ws/src/isaac_sim_demo/src/tf_to_pos.cpp:18:13:[m[K [01;31m[Kerror: [m[Kunable to find numeric literal operator â€˜[01m[Koperator""ms[m[Kâ€™
   18 |             [01;31m[K500ms[m[K, std::bind(&TransformListenerNode::timer_callback, this));
      |             [01;31m[K^~~~~[m[K
gmake[2]: *** [CMakeFiles/tf_to_pos.dir/build.make:76: CMakeFiles/tf_to_pos.dir/src/tf_to_pos.cpp.o] Error 1
gmake[1]: *** [CMakeFiles/Makefile2:277: CMakeFiles/tf_to_pos.dir/all] Error 2
gmake[1]: *** Waiting for unfinished jobs....
[ 91%] [32m[1mLinking CXX executable ompl_controller_node[0m
[ 91%] Built target ompl_controller_node
gmake: *** [Makefile:146: all] Error 2
