[01m[K/home/ubuntu/ros2_ws/src/isaac_sim_demo/src/joint_space.cpp:[m[K In function â€˜[01m[Kint main(int, char**)[m[Kâ€™:
[01m[K/home/ubuntu/ros2_ws/src/isaac_sim_demo/src/joint_space.cpp:288:10:[m[K [01;31m[Kerror: [m[Kâ€˜[01m[Kclass std::shared_ptr<kinematic_constraints::VisibilityConstraint>[m[Kâ€™ has no member named â€˜[01m[Kconfigure[m[Kâ€™
  288 |       vc.[01;31m[Kconfigure[m[K(visibility_constraint, robot_state->getTransforms());
      |          [01;31m[K^~~~~~~~~[m[K
[01m[K/home/ubuntu/ros2_ws/src/isaac_sim_demo/src/joint_space.cpp:288:54:[m[K [01;31m[Kerror: [m[Kbase operand of â€˜[01m[K->[m[Kâ€™ has non-pointer type â€˜[01m[Kmoveit::core::RobotState[m[Kâ€™
  288 |       vc.configure(visibility_constraint, robot_state[01;31m[K->[m[KgetTransforms());
      |                                                      [01;31m[K^~[m[K
gmake[2]: *** [CMakeFiles/joint_space.dir/build.make:76: CMakeFiles/joint_space.dir/src/joint_space.cpp.o] Error 1
gmake[1]: *** [CMakeFiles/Makefile2:339: CMakeFiles/joint_space.dir/all] Error 2
gmake: *** [Makefile:146: all] Error 2
