[35m[1mConsolidate compiler generated dependencies of target joint_space[0m
[  9%] Built target tf_to_pos_node
[ 18%] Built target visualization_node
[ 27%] Built target markers_node
[ 36%] Built target StateSubscriber_node
[ 45%] Built target isaac_sim_demo_library
[ 63%] Built target moveit_test_node
[ 63%] Built target spawn_scene
[ 72%] Built target cartesian
[ 77%] [32mBuilding CXX object CMakeFiles/joint_space.dir/src/joint_space.cpp.o[0m
[ 86%] Built target ompl_controller_node
[ 95%] Built target ompl_lifecycle
[01m[K/home/ubuntu/ros2_ws/src/isaac_sim_demo/src/joint_space.cpp:[m[K In function â€˜[01m[Kint main(int, char**)[m[Kâ€™:
[01m[K/home/ubuntu/ros2_ws/src/isaac_sim_demo/src/joint_space.cpp:274:36:[m[K [01;31m[Kerror: [m[Kbase operand of â€˜[01m[K->[m[Kâ€™ has non-pointer type â€˜[01m[Kmoveit::core::RobotState[m[Kâ€™
  274 |       vc->configure(vc, robot_state[01;31m[K->[m[KgetTransforms());
      |                                    [01;31m[K^~[m[K
gmake[2]: *** [CMakeFiles/joint_space.dir/build.make:76: CMakeFiles/joint_space.dir/src/joint_space.cpp.o] Error 1
gmake[1]: *** [CMakeFiles/Makefile2:339: CMakeFiles/joint_space.dir/all] Error 2
gmake: *** [Makefile:146: all] Error 2
