[35m[1mConsolidate compiler generated dependencies of target cpp_demo[0m
[ 20%] Built target visualization_node
[ 20%] Built target markers_node
[ 40%] Built target StateSubscriber_node
[ 40%] Built target tf_to_pos_node
[ 50%] Built target moveit_test_node
[ 60%] Built target spawn_scene
[ 70%] Built target isaac_sim_demo_library
[ 75%] [32mBuilding CXX object CMakeFiles/cpp_demo.dir/src/cpp_int.cpp.o[0m
[ 95%] Built target ompl_controller_node
[ 95%] Built target ompl_lifecycle
[01m[K/home/ubuntu/ros2_ws/src/isaac_sim_demo/src/cpp_int.cpp:[m[K In function â€˜[01m[Kint main(int, char**)[m[Kâ€™:
[01m[K/home/ubuntu/ros2_ws/src/isaac_sim_demo/src/cpp_int.cpp:112:29:[m[K [01;31m[Kerror: [m[Kâ€˜[01m[Kvoid planning_scene_monitor::PlanningSceneMonitor::scenePublishingThread()[m[Kâ€™ is private within this context
  112 |   [01;31m[Kpsm->scenePublishingThread()[m[K;
      |   [01;31m[K~~~~~~~~~~~~~~~~~~~~~~~~~~^~[m[K
In file included from [01m[K/home/ubuntu/ros2_ws/src/isaac_sim_demo/src/cpp_int.cpp:11[m[K:
[01m[K/home/ubuntu/ros2_ws/install/moveit_ros_planning/include/moveit/planning_scene_monitor/planning_scene_monitor.h:566:8:[m[K [01;36m[Knote: [m[Kdeclared private here
  566 |   void [01;36m[KscenePublishingThread[m[K();
      |        [01;36m[K^~~~~~~~~~~~~~~~~~~~~[m[K
gmake[2]: *** [CMakeFiles/cpp_demo.dir/build.make:76: CMakeFiles/cpp_demo.dir/src/cpp_int.cpp.o] Error 1
gmake[1]: *** [CMakeFiles/Makefile2:337: CMakeFiles/cpp_demo.dir/all] Error 2
gmake: *** [Makefile:146: all] Error 2
