[35m[1mConsolidate compiler generated dependencies of target cpp_demo[0m
[ 10%] Built target StateSubscriber_node
[ 20%] Built target visualization_node
[ 30%] Built target tf_to_pos_node
[ 40%] Built target markers_node
[ 50%] Built target isaac_sim_demo_library
[ 60%] Built target spawn_scene
[ 70%] Built target moveit_test_node
[ 75%] [32mBuilding CXX object CMakeFiles/cpp_demo.dir/src/cpp_int.cpp.o[0m
[ 95%] Built target ompl_lifecycle
[ 95%] Built target ompl_controller_node
[01m[K/home/ubuntu/ros2_ws/src/isaac_sim_demo/src/cpp_int.cpp:[m[K In function â€˜[01m[Kbool customValidityCheck(moveit::core::RobotState*, const moveit::core::JointModelGroup*, const double*)[m[Kâ€™:
[01m[K/home/ubuntu/ros2_ws/src/isaac_sim_demo/src/cpp_int.cpp:26:52:[m[K [01;35m[Kwarning: [m[Kunused parameter â€˜[01m[Krobot_state[m[Kâ€™ [[01;35m[K]8;;https://gcc.gnu.org/onlinedocs/gcc/Warning-Options.html#index-Wunused-parameter-Wunused-parameter]8;;[m[K]
   26 | bool customValidityCheck([01;35m[Kmoveit::core::RobotState* robot_state[m[K,
      |                          [01;35m[K~~~~~~~~~~~~~~~~~~~~~~~~~~^~~~~~~~~~~[m[K
[01m[K/home/ubuntu/ros2_ws/src/isaac_sim_demo/src/cpp_int.cpp:27:63:[m[K [01;35m[Kwarning: [m[Kunused parameter â€˜[01m[Kjoint_group[m[Kâ€™ [[01;35m[K]8;;https://gcc.gnu.org/onlinedocs/gcc/Warning-Options.html#index-Wunused-parameter-Wunused-parameter]8;;[m[K]
   27 |                          [01;35m[Kconst moveit::core::JointModelGroup* joint_group[m[K,
      |                          [01;35m[K~~~~~~~~~~~~~~~~~~~~~~~~~~~~~~~~~~~~~^~~~~~~~~~~[m[K
[01m[K/home/ubuntu/ros2_ws/src/isaac_sim_demo/src/cpp_int.cpp:28:40:[m[K [01;35m[Kwarning: [m[Kunused parameter â€˜[01m[Kjoint_group_variable_values[m[Kâ€™ [[01;35m[K]8;;https://gcc.gnu.org/onlinedocs/gcc/Warning-Options.html#index-Wunused-parameter-Wunused-parameter]8;;[m[K]
   28 |                          [01;35m[Kconst double* joint_group_variable_values[m[K)
      |                          [01;35m[K~~~~~~~~~~~~~~^~~~~~~~~~~~~~~~~~~~~~~~~~~[m[K
[01m[K/home/ubuntu/ros2_ws/src/isaac_sim_demo/src/cpp_int.cpp:[m[K In function â€˜[01m[Kint main(int, char**)[m[Kâ€™:
[01m[K/home/ubuntu/ros2_ws/src/isaac_sim_demo/src/cpp_int.cpp:158:33:[m[K [01;31m[Kerror: [m[Kâ€˜[01m[KGroupStateValidityCallbackFn[m[Kâ€™ is not a member of â€˜[01m[Kmoveit::core::RobotState[m[Kâ€™
  158 |       moveit::core::RobotState::[01;31m[KGroupStateValidityCallbackFn[m[K validity_fn = &customValidityCheck;
      |                                 [01;31m[K^~~~~~~~~~~~~~~~~~~~~~~~~~~~[m[K
[01m[K/home/ubuntu/ros2_ws/src/isaac_sim_demo/src/cpp_int.cpp:160:85:[m[K [01;31m[Kerror: [m[Kâ€˜[01m[Kvalidity_fn[m[Kâ€™ was not declared in this scope
  160 |     found_ik = robot_state.setFromIK(joint_model_group, waypoints, attempts,timeout,[01;31m[Kvalidity_fn[m[K);
      |                                                                                     [01;31m[K^~~~~~~~~~~[m[K
gmake[2]: *** [CMakeFiles/cpp_demo.dir/build.make:76: CMakeFiles/cpp_demo.dir/src/cpp_int.cpp.o] Error 1
gmake[1]: *** [CMakeFiles/Makefile2:337: CMakeFiles/cpp_demo.dir/all] Error 2
gmake: *** [Makefile:146: all] Error 2
