In file included from [01m[K/home/ubuntu/ros2_ws/install/moveit_core/include/moveit/kinematics_base/kinematics_base.h:42[m[K,
                 from [01m[K/home/ubuntu/ros2_ws/install/moveit_core/include/moveit/robot_model/joint_model_group.h:42[m[K,
                 from [01m[K/home/ubuntu/ros2_ws/install/moveit_core/include/moveit/robot_model/robot_model.h:45[m[K,
                 from [01m[K/home/ubuntu/ros2_ws/install/moveit_ros_planning/include/moveit/trajectory_execution_manager/trajectory_execution_manager.h:40[m[K,
                 from [01m[K/home/ubuntu/ros2_ws/src/isaac_sim_demo/src/cpp_int.cpp:6[m[K:
[01m[K/home/ubuntu/ros2_ws/src/isaac_sim_demo/src/cpp_int.cpp:[m[K In function â€˜[01m[Kint main(int, char**)[m[Kâ€™:
[01m[K/home/ubuntu/ros2_ws/src/isaac_sim_demo/src/cpp_int.cpp:125:15:[m[K [01;31m[Kerror: [m[Kinvalid use of â€˜[01m[Kthis[m[Kâ€™ in non-member function
  125 |   RCLCPP_INFO([01;31m[Kthis[m[K->get_logger(), "Translation: [%f, %f, %f]",
      |               [01;31m[K^~~~[m[K
[01m[K/home/ubuntu/ros2_ws/src/isaac_sim_demo/src/cpp_int.cpp:125:15:[m[K [01;31m[Kerror: [m[Kinvalid use of â€˜[01m[Kthis[m[Kâ€™ in non-member function
[01m[K/home/ubuntu/ros2_ws/src/isaac_sim_demo/src/cpp_int.cpp:125:3:[m[K [01;31m[Kerror: [m[Ktemplate argument 1 is invalid
  125 |   [01;31m[KRCLCPP_INFO[m[K(this->get_logger(), "Translation: [%f, %f, %f]",
      |   [01;31m[K^~~~~~~~~~~[m[K
[01m[K/home/ubuntu/ros2_ws/src/isaac_sim_demo/src/cpp_int.cpp:125:3:[m[K [01;31m[Kerror: [m[Ktemplate argument 1 is invalid
  125 |   [01;31m[KRCLCPP_INFO[m[K(this->get_logger(), "Translation: [%f, %f, %f]",
      |   [01;31m[K^~~~~~~~~~~[m[K
[01m[K/home/ubuntu/ros2_ws/src/isaac_sim_demo/src/cpp_int.cpp:125:3:[m[K [01;31m[Kerror: [m[Ktemplate argument 1 is invalid
  125 |   [01;31m[KRCLCPP_INFO[m[K(this->get_logger(), "Translation: [%f, %f, %f]",
      |   [01;31m[K^~~~~~~~~~~[m[K
In file included from [01m[K/opt/ros/humble/include/pluginlib/pluginlib/class_loader_imp.hpp:57[m[K,
                 from [01m[K/opt/ros/humble/include/pluginlib/pluginlib/class_loader.hpp:334[m[K,
                 from [01m[K/home/ubuntu/ros2_ws/src/isaac_sim_demo/src/cpp_int.cpp:1[m[K:
[01m[K/home/ubuntu/ros2_ws/src/isaac_sim_demo/src/cpp_int.cpp:125:15:[m[K [01;31m[Kerror: [m[Kinvalid use of â€˜[01m[Kthis[m[Kâ€™ in non-member function
  125 |   RCLCPP_INFO([01;31m[Kthis[m[K->get_logger(), "Translation: [%f, %f, %f]",
      |               [01;31m[K^~~~[m[K
[01m[K/home/ubuntu/ros2_ws/src/isaac_sim_demo/src/cpp_int.cpp:125:15:[m[K [01;31m[Kerror: [m[Kinvalid use of â€˜[01m[Kthis[m[Kâ€™ in non-member function
  125 |   RCLCPP_INFO([01;31m[Kthis[m[K->get_logger(), "Translation: [%f, %f, %f]",
      |               [01;31m[K^~~~[m[K
gmake[2]: *** [CMakeFiles/cpp_demo.dir/build.make:76: CMakeFiles/cpp_demo.dir/src/cpp_int.cpp.o] Error 1
gmake[1]: *** [CMakeFiles/Makefile2:337: CMakeFiles/cpp_demo.dir/all] Error 2
gmake: *** [Makefile:146: all] Error 2
