[  1%] Built target moveit_butterworth_parameters
[  2%] Built target moveit_kinematics_base
[  3%] Built target moveit_exceptions
[  4%] Built target moveit_smoothing_base
[  6%] Built target moveit_utils
[  7%] Built target gtest
[  8%] Built target gmock_main
[ 10%] Built target moveit_distance_field
[ 11%] Built target gtest_main
[ 13%] Built target moveit_version
[ 15%] Built target gmock
[ 16%] Built target moveit_transforms
[ 17%] Built target test_transforms
[ 18%] Built target test_voxel_grid
[ 25%] Built target moveit_robot_model
[ 26%] Built target test_distance_field
[ 27%] Built target moveit_butterworth_filter
[ 28%] Built target moveit_test_utils
[ 31%] Built target moveit_robot_state
[35m[1mConsolidate compiler generated dependencies of target moveit_collision_detection[0m
[ 32%] Built target test_butterworth_filter
[ 33%] Built target test_robot_model
[ 35%] Built target moveit_dynamics_solver
[ 37%] Built target test_robot_state
[ 38%] Built target test_robot_state_complex
[ 39%] Built target moveit_robot_trajectory
[ 40%] Built target test_cartesian_interpolator
[ 41%] Built target moveit_kinematics_metrics
[ 43%] Built target test_aabb
[ 43%] Built target test_robot_state_benchmark
[ 43%] [32mBuilding CXX object collision_detection/CMakeFiles/moveit_collision_detection.dir/src/collision_plugin_cache.cpp.o[0m
[ 44%] Built target test_robot_trajectory
[ 46%] Built target moveit_planning_interface
[ 50%] Built target moveit_trajectory_processing
[ 52%] Built target test_ruckig_traj_smoothing
[ 52%] Built target test_time_parameterization
[ 54%] Built target test_time_optimal_trajectory_generation
In file included from [01m[K/home/ubuntu/ros2_ws/src/moveit2/moveit_core/planning_scene/include/moveit/planning_scene/planning_scene.h:45[m[K,
                 from [01m[K/home/ubuntu/ros2_ws/src/moveit2/moveit_core/collision_detection/include/moveit/collision_detection/collision_plugin.h:39[m[K,
                 from [01m[K/home/ubuntu/ros2_ws/src/moveit2/moveit_core/collision_detection/include/moveit/collision_detection/collision_plugin_cache.h:38[m[K,
                 from [01m[K/home/ubuntu/ros2_ws/src/moveit2/moveit_core/collision_detection/src/collision_plugin_cache.cpp:35[m[K:
[01m[K/home/ubuntu/ros2_ws/src/moveit2/moveit_core/kinematic_constraints/include/moveit/kinematic_constraints/kinematic_constraint.h:785:117:[m[K [01;31m[Kerror: [m[Kâ€˜[01m[Kplanning_scene[m[Kâ€™ in namespace â€˜[01m[Kmoveit[m[Kâ€™ does not name a type
  785 |   bool configure(const moveit_msgs::msg::VisibilityConstraint& vc, const moveit::core::Transforms& tf,const moveit::[01;31m[Kplanning_scene[m[K::PlanningScene planning_scene);
      |                                                                                                                     [01;31m[K^~~~~~~~~~~~~~[m[K
In file included from [01m[K/home/ubuntu/ros2_ws/src/moveit2/moveit_core/planning_scene/include/moveit/planning_scene/planning_scene.h:45[m[K,
                 from [01m[K/home/ubuntu/ros2_ws/src/moveit2/moveit_core/collision_detection/include/moveit/collision_detection/collision_plugin.h:39[m[K,
                 from [01m[K/home/ubuntu/ros2_ws/src/moveit2/moveit_core/collision_detection/include/moveit/collision_detection/collision_plugin_cache.h:38[m[K,
                 from [01m[K/home/ubuntu/ros2_ws/src/moveit2/moveit_core/collision_detection/src/collision_plugin_cache.cpp:35[m[K:
[01m[K/home/ubuntu/ros2_ws/src/moveit2/moveit_core/kinematic_constraints/include/moveit/kinematic_constraints/kinematic_constraint.h:785:147:[m[K [01;31m[Kerror: [m[Kexpected unqualified-id before â€˜[01m[Kplanning_scene[m[Kâ€™
  785 | configure(const moveit_msgs::msg::VisibilityConstraint& vc, const moveit::core::Transforms& tf,const moveit::planning_scene::PlanningScene [01;31m[Kplanning_scene[m[K);
      |                                                                                                                                            [01;31m[K^~~~~~~~~~~~~~[m[K

[01m[K/home/ubuntu/ros2_ws/src/moveit2/moveit_core/kinematic_constraints/include/moveit/kinematic_constraints/kinematic_constraint.h:785:146:[m[K [01;31m[Kerror: [m[Kexpected â€˜[01m[K)[m[Kâ€™ before â€˜[01m[Kplanning_scene[m[Kâ€™
  785 |  configure[34m[K([m[Kconst moveit_msgs::msg::VisibilityConstraint& vc, const moveit::core::Transforms& tf,const moveit::planning_scene::PlanningScene[01;31m[K [m[K[32m[Kplanning_scene[m[K);
      |           [34m[K~[m[K                                                                                                                                [01;31m[K^[m[K[32m[K~~~~~~~~~~~~~~[m[K
      |                                                                                                                                            [32m[K)[m[K
[01m[K/home/ubuntu/ros2_ws/src/moveit2/moveit_core/kinematic_constraints/include/moveit/kinematic_constraints/kinematic_constraint.h:785:133:[m[K [01;31m[Kerror: [m[Kexpected â€˜[01m[K;[m[Kâ€™ at end of member declaration
  785 |   bool configure(const moveit_msgs::msg::VisibilityConstraint& vc, const moveit::core::Transforms& tf,const moveit::planning_scene::[01;31m[KPlanningScene[m[K planning_scene);
      |                                                                                                                                     [01;31m[K^~~~~~~~~~~~~[m[K
      |                                                                                                                                                  [32m[K;[m[K
[01m[K/home/ubuntu/ros2_ws/src/moveit2/moveit_core/kinematic_constraints/include/moveit/kinematic_constraints/kinematic_constraint.h:785:147:[m[K [01;31m[Kerror: [m[Kâ€˜[01m[Kplanning_scene[m[Kâ€™ does not name a type
  785 | configure(const moveit_msgs::msg::VisibilityConstraint& vc, const moveit::core::Transforms& tf,const moveit::planning_scene::PlanningScene [01;31m[Kplanning_scene[m[K);
      |                                                                                                                                            [01;31m[K^~~~~~~~~~~~~~[m[K

gmake[2]: *** [collision_detection/CMakeFiles/moveit_collision_detection.dir/build.make:188: collision_detection/CMakeFiles/moveit_collision_detection.dir/src/collision_plugin_cache.cpp.o] Error 1
gmake[1]: *** [CMakeFiles/Makefile2:2186: collision_detection/CMakeFiles/moveit_collision_detection.dir/all] Error 2
gmake: *** [Makefile:146: all] Error 2
