[35m[1mConsolidate compiler generated dependencies of target moveit_test_node[0m
[ 10%] Built target StateSubscriber_node
[ 20%] Built target tf_to_pos_node
[ 30%] Built target markers_node
[ 40%] Built target visualization_node
[ 65%] Built target spawn_scene
[ 70%] Built target cpp_demo
[ 70%] Built target isaac_sim_demo_library
[ 75%] [32mBuilding CXX object CMakeFiles/moveit_test_node.dir/src/moveit_demo.cpp.o[0m
[ 95%] Built target ompl_lifecycle
[ 95%] Built target ompl_controller_node
[01m[K/home/ubuntu/ros2_ws/src/isaac_sim_demo/src/moveit_demo.cpp:[m[K In function â€˜[01m[Kint main(int, char**)[m[Kâ€™:
[01m[K/home/ubuntu/ros2_ws/src/isaac_sim_demo/src/moveit_demo.cpp:180:5:[m[K [01;31m[Kerror: [m[Kexpected â€˜[01m[K,[m[Kâ€™ or â€˜[01m[K;[m[Kâ€™ before â€˜[01m[Kwhile[m[Kâ€™
  180 |     [01;31m[Kwhile[m[K (found_ik == false)
      |     [01;31m[K^~~~~[m[K
[01m[K/home/ubuntu/ros2_ws/src/isaac_sim_demo/src/moveit_demo.cpp:178:12:[m[K [01;35m[Kwarning: [m[Kunused variable â€˜[01m[Ktimeout[m[Kâ€™ [[01;35m[K]8;;https://gcc.gnu.org/onlinedocs/gcc/Warning-Options.html#index-Wunused-variable-Wunused-variable]8;;[m[K]
  178 |     double [01;35m[Ktimeout[m[K = 0.5;
      |            [01;35m[K^~~~~~~[m[K
gmake[2]: *** [CMakeFiles/moveit_test_node.dir/build.make:76: CMakeFiles/moveit_test_node.dir/src/moveit_demo.cpp.o] Error 1
gmake[1]: *** [CMakeFiles/Makefile2:311: CMakeFiles/moveit_test_node.dir/all] Error 2
gmake: *** [Makefile:146: all] Error 2
