[  2%] Built target moveit_version
[  3%] Built target gtest
[  4%] Built target gmock_main
[  6%] Built target moveit_utils
[  7%] Built target moveit_butterworth_parameters
[  8%] Built target moveit_transforms
[  9%] Built target moveit_kinematics_base
[ 10%] Built target moveit_exceptions
[ 12%] Built target gtest_main
[ 12%] Built target moveit_smoothing_base
[ 14%] Built target gmock
[ 16%] Built target moveit_distance_field
[ 17%] Built target test_transforms
[ 18%] Built target test_voxel_grid
[ 19%] Built target test_distance_field
[ 26%] Built target moveit_robot_model
[ 28%] Built target moveit_butterworth_filter
[ 28%] Built target moveit_test_utils
[ 31%] Built target moveit_robot_state
[ 32%] Built target test_robot_model
[ 34%] Built target moveit_dynamics_solver
[ 35%] Built target test_butterworth_filter
[ 36%] Built target test_cartesian_interpolator
[ 37%] Built target test_aabb
[ 38%] Built target moveit_kinematics_metrics
[ 38%] [32mBuilding CXX object collision_detection/CMakeFiles/moveit_collision_detection.dir/src/collision_plugin_cache.cpp.o[0m
[ 40%] Built target moveit_robot_trajectory
[ 40%] Built target test_robot_state_complex
[ 42%] Built target test_robot_state
[ 43%] Built target test_robot_state_benchmark
[ 46%] Built target moveit_planning_interface
[ 46%] Built target test_robot_trajectory
[ 50%] Built target moveit_trajectory_processing
[ 53%] Built target test_ruckig_traj_smoothing
[ 53%] Built target test_time_parameterization
[ 54%] Built target test_time_optimal_trajectory_generation
In file included from [01m[K/home/ubuntu/ros2_ws/src/moveit2/moveit_core/planning_scene/include/moveit/planning_scene/planning_scene.h:45[m[K,
                 from [01m[K/home/ubuntu/ros2_ws/src/moveit2/moveit_core/collision_detection/include/moveit/collision_detection/collision_plugin.h:39[m[K,
                 from [01m[K/home/ubuntu/ros2_ws/src/moveit2/moveit_core/collision_detection/include/moveit/collision_detection/collision_plugin_cache.h:38[m[K,
                 from [01m[K/home/ubuntu/ros2_ws/src/moveit2/moveit_core/collision_detection/src/collision_plugin_cache.cpp:35[m[K:
[01m[K/home/ubuntu/ros2_ws/src/moveit2/moveit_core/kinematic_constraints/include/moveit/kinematic_constraints/kinematic_constraint.h:785:109:[m[K [01;31m[Kerror: [m[Kâ€˜[01m[Kplanning_scene[m[Kâ€™ does not name a type
  785 |   bool configure(const moveit_msgs::msg::VisibilityConstraint& vc, const moveit::core::Transforms& tf,const [01;31m[Kplanning_scene[m[K::PlanningSceneConstPtr& planning_scene);
      |                                                                                                             [01;31m[K^~~~~~~~~~~~~~[m[K
In file included from [01m[K/home/ubuntu/ros2_ws/src/moveit2/moveit_core/planning_scene/include/moveit/planning_scene/planning_scene.h:45[m[K,
                 from [01m[K/home/ubuntu/ros2_ws/src/moveit2/moveit_core/collision_detection/include/moveit/collision_detection/collision_plugin.h:39[m[K,
                 from [01m[K/home/ubuntu/ros2_ws/src/moveit2/moveit_core/collision_detection/include/moveit/collision_detection/collision_plugin_cache.h:38[m[K,
                 from [01m[K/home/ubuntu/ros2_ws/src/moveit2/moveit_core/collision_detection/src/collision_plugin_cache.cpp:35[m[K:
[01m[K/home/ubuntu/ros2_ws/src/moveit2/moveit_core/kinematic_constraints/include/moveit/kinematic_constraints/kinematic_constraint.h:785:146:[m[K [01;31m[Kerror: [m[Kexpected unqualified-id before â€˜[01m[K&[m[Kâ€™ token
  785 | (const moveit_msgs::msg::VisibilityConstraint& vc, const moveit::core::Transforms& tf,const planning_scene::PlanningSceneConstPtr[01;31m[K&[m[K planning_scene);
      |                                                                                                                                  [01;31m[K^[m[K

[01m[K/home/ubuntu/ros2_ws/src/moveit2/moveit_core/kinematic_constraints/include/moveit/kinematic_constraints/kinematic_constraint.h:785:146:[m[K [01;31m[Kerror: [m[Kexpected â€˜[01m[K)[m[Kâ€™ before â€˜[01m[K&[m[Kâ€™ token
  785 | [34m[K([m[Kconst moveit_msgs::msg::VisibilityConstraint& vc, const moveit::core::Transforms& tf,const planning_scene::PlanningSceneConstPtr[01;31m[K&[m[K planning_scene);
      | [34m[K~[m[K                                                                                                                                [01;31m[K^[m[K
      |                                                                                                                                  [32m[K)[m[K
[01m[K/home/ubuntu/ros2_ws/src/moveit2/moveit_core/kinematic_constraints/include/moveit/kinematic_constraints/kinematic_constraint.h:785:146:[m[K [01;31m[Kerror: [m[Kexpected â€˜[01m[K;[m[Kâ€™ at end of member declaration
  785 | (const moveit_msgs::msg::VisibilityConstraint& vc, const moveit::core::Transforms& tf,const planning_scene::PlanningSceneConstPtr[01;31m[K&[m[K planning_scene);
      |                                                                                                                                  [01;31m[K^[m[K
      |                                                                                                                                   [32m[K;[m[K
[01m[K/home/ubuntu/ros2_ws/src/moveit2/moveit_core/kinematic_constraints/include/moveit/kinematic_constraints/kinematic_constraint.h:785:148:[m[K [01;31m[Kerror: [m[Kâ€˜[01m[Kplanning_scene[m[Kâ€™ does not name a type
  785 | onst moveit_msgs::msg::VisibilityConstraint& vc, const moveit::core::Transforms& tf,const planning_scene::PlanningSceneConstPtr& [01;31m[Kplanning_scene[m[K);
      |                                                                                                                                  [01;31m[K^~~~~~~~~~~~~~[m[K

gmake[2]: *** [collision_detection/CMakeFiles/moveit_collision_detection.dir/build.make:188: collision_detection/CMakeFiles/moveit_collision_detection.dir/src/collision_plugin_cache.cpp.o] Error 1
gmake[1]: *** [CMakeFiles/Makefile2:2186: collision_detection/CMakeFiles/moveit_collision_detection.dir/all] Error 2
gmake: *** [Makefile:146: all] Error 2
