[35m[1mConsolidate compiler generated dependencies of target cpp_demo[0m
[ 10%] Built target markers_node
[ 20%] Built target StateSubscriber_node
[ 30%] Built target visualization_node
[ 40%] Built target tf_to_pos_node
[ 50%] Built target isaac_sim_demo_library
[ 70%] Built target moveit_test_node
[ 70%] Built target spawn_scene
[ 75%] [32mBuilding CXX object CMakeFiles/cpp_demo.dir/src/cpp_int.cpp.o[0m
[ 95%] Built target ompl_lifecycle
[ 95%] Built target ompl_controller_node
[01m[K/home/ubuntu/ros2_ws/src/isaac_sim_demo/src/cpp_int.cpp:[m[K In function â€˜[01m[Kint main(int, char**)[m[Kâ€™:
[01m[K/home/ubuntu/ros2_ws/src/isaac_sim_demo/src/cpp_int.cpp:195:72:[m[K [01;31m[Kerror: [m[Kexpected primary-expression before â€˜[01m[Kbool[m[Kâ€™
  195 |       bool isValid = planning_scene->isStateValid(goal_state,"Group1", [01;31m[Kbool[m[K verbose = true);
      |                                                                        [01;31m[K^~~~[m[K
gmake[2]: *** [CMakeFiles/cpp_demo.dir/build.make:76: CMakeFiles/cpp_demo.dir/src/cpp_int.cpp.o] Error 1
gmake[1]: *** [CMakeFiles/Makefile2:337: CMakeFiles/cpp_demo.dir/all] Error 2
gmake: *** [Makefile:146: all] Error 2
