[0.064s] Invoking command in '/home/ubuntu/ros2_ws/build/isaac_sim_demo': AMENT_PREFIX_PATH=/home/ubuntu/ros2_ws/install/moveit_configs_utils:/home/ubuntu/ros2_ws/install/launch_param_builder:/home/ubuntu/ros2_ws/install/test_moveit_config:/home/ubuntu/ros2_ws/install/pilz_industrial_motion_planner_testutils:/home/ubuntu/ros2_ws/install/moveit_runtime:/home/ubuntu/ros2_ws/install/moveit2_tutorials:/home/ubuntu/ros2_ws/install/moveit:/home/ubuntu/ros2_ws/install/four_drone_demo:/home/ubuntu/ros2_ws/install/chain_moveit_config:/home/ubuntu/ros2_ws/install/4_drone_demo:/home/ubuntu/ros2_ws/install/isaac_sim_demo:/home/ubuntu/ros2_ws/install/moveit_planners:/home/ubuntu/ros2_ws/install/pilz_industrial_motion_planner:/home/ubuntu/ros2_ws/install/moveit_visual_tools:/home/ubuntu/ros2_ws/install/moveit_task_constructor_visualization:/home/ubuntu/ros2_ws/install/moveit_task_constructor_demo:/home/ubuntu/ros2_ws/install/moveit_task_constructor_capabilities:/home/ubuntu/ros2_ws/install/moveit_task_constructor_core:/home/ubuntu/ros2_ws/install/moveit_ros_control_interface:/home/ubuntu/ros2_ws/install/moveit_plugins:/home/ubuntu/ros2_ws/install/moveit_simple_controller_manager:/home/ubuntu/ros2_ws/install/moveit_setup_assistant:/home/ubuntu/ros2_ws/install/moveit_setup_srdf_plugins:/home/ubuntu/ros2_ws/install/moveit_setup_core_plugins:/home/ubuntu/ros2_ws/install/moveit_setup_controllers:/home/ubuntu/ros2_ws/install/moveit_setup_app_plugins:/home/ubuntu/ros2_ws/install/moveit_setup_framework:/home/ubuntu/ros2_ws/install/moveit_servo:/home/ubuntu/ros2_ws/install/moveit_ros:/home/ubuntu/ros2_ws/install/moveit_ros_visualization:/home/ubuntu/ros2_ws/install/moveit_hybrid_planning:/home/ubuntu/ros2_ws/install/moveit_ros_planning_interface:/home/ubuntu/ros2_ws/install/moveit_ros_benchmarks:/home/ubuntu/ros2_ws/install/moveit_ros_warehouse:/home/ubuntu/ros2_ws/install/moveit_ros_robot_interaction:/home/ubuntu/ros2_ws/install/moveit_ros_perception:/home/ubuntu/ros2_ws/install/moveit_resources_prbt_pg70_support:/home/ubuntu/ros2_ws/install/moveit_resources_prbt_moveit_config:/home/ubuntu/ros2_ws/install/moveit_ros_move_group:/home/ubuntu/ros2_ws/install/moveit_planners_ompl:/home/ubuntu/ros2_ws/install/moveit_ros_planning:/home/ubuntu/ros2_ws/install/moveit_ros_occupancy_map_monitor:/home/ubuntu/ros2_ws/install/moveit_resources_prbt_ikfast_manipulator_plugin:/home/ubuntu/ros2_ws/install/moveit_planners_chomp:/home/ubuntu/ros2_ws/install/moveit_kinematics:/home/ubuntu/ros2_ws/install/moveit_chomp_optimizer_adapter:/home/ubuntu/ros2_ws/install/chomp_motion_planner:/home/ubuntu/ros2_ws/install/moveit_core:/home/ubuntu/ros2_ws/install/srdfdom:/home/ubuntu/ros2_ws/install/rviz_marker_tools:/home/ubuntu/ros2_ws/install/rosparam_shortcuts:/home/ubuntu/ros2_ws/install/moveit_task_constructor_msgs:/home/ubuntu/ros2_ws/install/moveit_resources_prbt_support:/home/ubuntu/ros2_ws/install/moveit_resources:/home/ubuntu/ros2_ws/install/moveit_resources_pr2_description:/home/ubuntu/ros2_ws/install/moveit_resources_panda_moveit_config:/home/ubuntu/ros2_ws/install/moveit_resources_panda_description:/home/ubuntu/ros2_ws/install/moveit_resources_fanuc_moveit_config:/home/ubuntu/ros2_ws/install/moveit_resources_fanuc_description:/home/ubuntu/ros2_ws/install/moveit_common:/home/ubuntu/ros2_ws/install/custom_interfaces:/opt/ros/humble CMAKE_PREFIX_PATH=/home/ubuntu/ros2_ws/install/moveit_setup_assistant:/home/ubuntu/ros2_ws/install/moveit_setup_srdf_plugins:/home/ubuntu/ros2_ws/install/moveit_setup_core_plugins:/home/ubuntu/ros2_ws/install/moveit_setup_controllers:/home/ubuntu/ros2_ws/install/moveit_setup_app_plugins:/home/ubuntu/ros2_ws/install/moveit_planners:/home/ubuntu/ros2_ws/install/pilz_industrial_motion_planner:/home/ubuntu/ros2_ws/install/moveit_setup_framework:/home/ubuntu/ros2_ws/install/moveit_ros_visualization:/home/ubuntu/ros2_ws/install/moveit_resources_prbt_pg70_support:/home/ubuntu/ros2_ws/install/moveit_ros_planning_interface:/home/ubuntu/ros2_ws/install/moveit_resources_prbt_moveit_config:/home/ubuntu/ros2_ws/install/moveit_ros_move_group:/home/ubuntu/ros2_ws/install/moveit_visual_tools:/home/ubuntu/ros2_ws/install/moveit_ros_warehouse:/home/ubuntu/ros2_ws/install/moveit_ros_robot_interaction:/home/ubuntu/ros2_ws/install/moveit_planners_ompl:/home/ubuntu/ros2_ws/install/moveit_kinematics:/home/ubuntu/ros2_ws/install/moveit_ros_planning:/home/ubuntu/ros2_ws/install/pilz_industrial_motion_planner_testutils:/home/ubuntu/ros2_ws/install/moveit_simple_controller_manager:/home/ubuntu/ros2_ws/install/moveit_ros_occupancy_map_monitor:/home/ubuntu/ros2_ws/install/moveit_resources_prbt_ikfast_manipulator_plugin:/home/ubuntu/ros2_ws/install/moveit_core:/home/ubuntu/ros2_ws/install/moveit_resources_panda_moveit_config:/home/ubuntu/ros2_ws/install/moveit_resources_fanuc_moveit_config:/home/ubuntu/ros2_ws/install/srdfdom:/home/ubuntu/ros2_ws/install/moveit_resources_prbt_support:/home/ubuntu/ros2_ws/install/moveit_resources_pr2_description:/home/ubuntu/ros2_ws/install/moveit_resources_panda_description:/home/ubuntu/ros2_ws/install/moveit_resources_fanuc_description:/home/ubuntu/ros2_ws/install/moveit_common:/home/ubuntu/ros2_ws/install/custom_interfaces:/home/ubuntu/ros2_ws/install/test_moveit_config:/home/ubuntu/ros2_ws/install/moveit_runtime:/home/ubuntu/ros2_ws/install/moveit2_tutorials:/home/ubuntu/ros2_ws/install/moveit:/home/ubuntu/ros2_ws/install/four_drone_demo:/home/ubuntu/ros2_ws/install/chain_moveit_config:/home/ubuntu/ros2_ws/install/4_drone_demo:/home/ubuntu/ros2_ws/install/isaac_sim_demo:/home/ubuntu/ros2_ws/install/moveit_task_constructor_visualization:/home/ubuntu/ros2_ws/install/moveit_task_constructor_demo:/home/ubuntu/ros2_ws/install/moveit_task_constructor_capabilities:/home/ubuntu/ros2_ws/install/moveit_task_constructor_core:/home/ubuntu/ros2_ws/install/moveit_ros_control_interface:/home/ubuntu/ros2_ws/install/moveit_plugins:/home/ubuntu/ros2_ws/install/moveit_servo:/home/ubuntu/ros2_ws/install/moveit_ros:/home/ubuntu/ros2_ws/install/moveit_hybrid_planning:/home/ubuntu/ros2_ws/install/moveit_ros_benchmarks:/home/ubuntu/ros2_ws/install/moveit_ros_perception:/home/ubuntu/ros2_ws/install/moveit_planners_chomp:/home/ubuntu/ros2_ws/install/moveit_chomp_optimizer_adapter:/home/ubuntu/ros2_ws/install/chomp_motion_planner:/home/ubuntu/ros2_ws/install/rviz_marker_tools:/home/ubuntu/ros2_ws/install/rosparam_shortcuts:/home/ubuntu/ros2_ws/install/moveit_task_constructor_msgs:/home/ubuntu/ros2_ws/install/moveit_resources:/home/ubuntu/ros2_ws/install/moveit_configs_utils:/home/ubuntu/ros2_ws/install/launch_param_builder:/opt/ros/humble LD_LIBRARY_PATH=/home/ubuntu/ros2_ws/install/moveit_setup_srdf_plugins/lib:/home/ubuntu/ros2_ws/install/moveit_setup_core_plugins/lib:/home/ubuntu/ros2_ws/install/moveit_setup_controllers/lib:/home/ubuntu/ros2_ws/install/moveit_setup_app_plugins/lib:/home/ubuntu/ros2_ws/install/pilz_industrial_motion_planner/lib:/home/ubuntu/ros2_ws/install/moveit_setup_framework/lib:/home/ubuntu/ros2_ws/install/moveit_ros_visualization/lib:/home/ubuntu/ros2_ws/install/moveit_ros_planning_interface/lib:/home/ubuntu/ros2_ws/install/moveit_ros_move_group/lib:/home/ubuntu/ros2_ws/install/moveit_visual_tools/lib:/home/ubuntu/ros2_ws/install/moveit_ros_warehouse/lib:/home/ubuntu/ros2_ws/install/moveit_ros_robot_interaction/lib:/home/ubuntu/ros2_ws/install/moveit_planners_ompl/lib:/home/ubuntu/ros2_ws/install/moveit_kinematics/lib:/home/ubuntu/ros2_ws/install/moveit_ros_planning/lib:/home/ubuntu/ros2_ws/install/pilz_industrial_motion_planner_testutils/lib:/home/ubuntu/ros2_ws/install/moveit_simple_controller_manager/lib:/home/ubuntu/ros2_ws/install/moveit_ros_occupancy_map_monitor/lib:/home/ubuntu/ros2_ws/install/moveit_resources_prbt_ikfast_manipulator_plugin/lib:/home/ubuntu/ros2_ws/install/moveit_core/lib:/home/ubuntu/ros2_ws/install/srdfdom/lib:/home/ubuntu/ros2_ws/install/custom_interfaces/lib:/home/ubuntu/ros2_ws/install/moveit_task_constructor_visualization/lib:/home/ubuntu/ros2_ws/install/moveit_task_constructor_demo/lib:/home/ubuntu/ros2_ws/install/moveit_task_constructor_capabilities/lib:/home/ubuntu/ros2_ws/install/moveit_task_constructor_core/lib:/home/ubuntu/ros2_ws/install/moveit_ros_control_interface/lib:/home/ubuntu/ros2_ws/install/moveit_setup_assistant/lib:/home/ubuntu/ros2_ws/install/moveit_servo/lib:/home/ubuntu/ros2_ws/install/moveit_hybrid_planning/lib:/home/ubuntu/ros2_ws/install/moveit_ros_benchmarks/lib:/home/ubuntu/ros2_ws/install/moveit_ros_perception/lib:/home/ubuntu/ros2_ws/install/moveit_planners_chomp/lib:/home/ubuntu/ros2_ws/install/moveit_chomp_optimizer_adapter/lib:/home/ubuntu/ros2_ws/install/chomp_motion_planner/lib:/home/ubuntu/ros2_ws/install/rviz_marker_tools/lib:/home/ubuntu/ros2_ws/install/rosparam_shortcuts/lib:/home/ubuntu/ros2_ws/install/moveit_task_constructor_msgs/lib:/opt/ros/humble/opt/rviz_ogre_vendor/lib:/opt/ros/humble/lib/x86_64-linux-gnu:/opt/ros/humble/lib PYTHONPATH=/home/ubuntu/ros2_ws/install/moveit_configs_utils/lib/python3.10/site-packages:/home/ubuntu/ros2_ws/install/launch_param_builder/lib/python3.10/site-packages:/home/ubuntu/ros2_ws/install/srdfdom/local/lib/python3.10/dist-packages:/home/ubuntu/ros2_ws/install/moveit_task_constructor_msgs/local/lib/python3.10/dist-packages:/home/ubuntu/ros2_ws/install/custom_interfaces/local/lib/python3.10/dist-packages:/opt/ros/humble/lib/python3.10/site-packages:/opt/ros/humble/local/lib/python3.10/dist-packages /usr/bin/cmake --build /home/ubuntu/ros2_ws/build/isaac_sim_demo -- -j24 -l24
[0.088s] -- Found ament_cmake: 1.3.10 (/opt/ros/humble/share/ament_cmake/cmake)
[0.176s] -- Found rclcpp: 16.0.10 (/opt/ros/humble/share/rclcpp/cmake)
[0.197s] -- Found rosidl_generator_c: 3.1.5 (/opt/ros/humble/share/rosidl_generator_c/cmake)
[0.198s] -- Found rosidl_adapter: 3.1.5 (/opt/ros/humble/share/rosidl_adapter/cmake)
[0.202s] -- Found rosidl_generator_cpp: 3.1.5 (/opt/ros/humble/share/rosidl_generator_cpp/cmake)
[0.210s] -- Using all available rosidl_typesupport_c: rosidl_typesupport_fastrtps_c;rosidl_typesupport_introspection_c
[0.219s] -- Using all available rosidl_typesupport_cpp: rosidl_typesupport_fastrtps_cpp;rosidl_typesupport_introspection_cpp
[0.241s] -- Found rmw_implementation_cmake: 6.1.2 (/opt/ros/humble/share/rmw_implementation_cmake/cmake)
[0.243s] -- Found rmw_fastrtps_cpp: 6.2.7 (/opt/ros/humble/share/rmw_fastrtps_cpp/cmake)
[0.356s] -- Using RMW implementation 'rmw_fastrtps_cpp' as default
[0.390s] -- Found nav_msgs: 4.2.4 (/opt/ros/humble/share/nav_msgs/cmake)
[0.408s] -- Found tf2_geometry_msgs: 0.25.7 (/opt/ros/humble/share/tf2_geometry_msgs/cmake)
[0.409s] -- Found eigen3_cmake_module: 0.1.1 (/opt/ros/humble/share/eigen3_cmake_module/cmake)
[0.410s] -- Ensuring Eigen3 include directory is part of orocos-kdl CMake target
[0.464s] -- Found trajectory_msgs: 4.2.4 (/opt/ros/humble/share/trajectory_msgs/cmake)
[0.475s] -- Found visualization_msgs: 4.2.4 (/opt/ros/humble/share/visualization_msgs/cmake)
[0.497s] -- Found custom_interfaces: 0.0.0 (/home/ubuntu/ros2_ws/install/custom_interfaces/share/custom_interfaces/cmake)
[0.506s] -- Found rosidl_default_generators: 1.2.0 (/opt/ros/humble/share/rosidl_default_generators/cmake)
[0.515s] -- Found std_srvs: 4.2.4 (/opt/ros/humble/share/std_srvs/cmake)
[0.520s] -- Found moveit_ros_planning_interface: 2.5.5 (/home/ubuntu/ros2_ws/install/moveit_ros_planning_interface/share/moveit_ros_planning_interface/cmake)
[0.528s] -- Found Boost: /usr/lib/x86_64-linux-gnu/cmake/Boost-1.74.0/BoostConfig.cmake (found version "1.74.0") found components: date_time filesystem program_options system thread 
[0.586s] -- Found Boost: /usr/lib/x86_64-linux-gnu/cmake/Boost-1.74.0/BoostConfig.cmake (found version "1.74.0") found components: chrono date_time filesystem iostreams program_options regex serialization system thread 
[0.603s] -- Found parameter_traits: 0.3.8 (/opt/ros/humble/share/parameter_traits/cmake)
[0.608s] -- Found rclcpp_lifecycle: 16.0.10 (/opt/ros/humble/share/rclcpp_lifecycle/cmake)
[0.622s] -- Found Boost: /usr/lib/x86_64-linux-gnu/cmake/Boost-1.74.0/BoostConfig.cmake (found version "1.74.0") found components: filesystem 
[0.654s] -- library: /usr/lib/x86_64-linux-gnu/libcurl.so
[0.698s] -- Found Boost: /usr/lib/x86_64-linux-gnu/cmake/Boost-1.74.0/BoostConfig.cmake (found version "1.74.0") found components: system filesystem date_time program_options thread chrono 
[0.717s] -- Found Boost: /usr/lib/x86_64-linux-gnu/cmake/Boost-1.74.0/BoostConfig.cmake (found version "1.74.0") found components: thread system filesystem regex date_time program_options 
[0.730s] -- Found Boost: /usr/lib/x86_64-linux-gnu/cmake/Boost-1.74.0/BoostConfig.cmake (found version "1.74.0") found components: system filesystem date_time program_options thread 
[0.743s] -- Found moveit_visual_tools: 4.1.0 (/home/ubuntu/ros2_ws/install/moveit_visual_tools/share/moveit_visual_tools/cmake)
[0.772s] -- Setting assimp_DIR to: '/opt/ros/humble/share/rviz_assimp_vendor/cmake/../../../opt/rviz_assimp_vendor/lib/cmake/assimp-4.1'
[0.782s] -- Setting OGRE_DIR to: '/opt/ros/humble/share/rviz_ogre_vendor/cmake/../../../opt/rviz_ogre_vendor/lib/OGRE/cmake'
[0.782s] -- Found OGRE
[0.782s] --   static     : OFF
[0.783s] --   components : HLMS;MeshLodGenerator;Overlay;Paging;Property;RTShaderSystem;Terrain;Volume
[0.783s] --   plugins    : Plugin_BSPSceneManager;Plugin_OctreeSceneManager;Plugin_PCZSceneManager;Plugin_ParticleFX;RenderSystem_GL;RenderSystem_GL3Plus;Codec_STBI
[0.783s] --   media      : /opt/ros/humble/opt/rviz_ogre_vendor/share/OGRE/Media
[0.783s] -- OGRE_LIBRARIES: OgreHLMS;OgreMeshLodGenerator;OgreOverlay;OgrePaging;OgreProperty;OgreRTShaderSystem;OgreTerrain;OgreVolume;OgreMain
[0.783s] -- OGRE_LIBRARY_DIRS: /opt/ros/humble/opt/rviz_ogre_vendor/lib
[0.783s] -- OGRE_PLUGINS: Plugin_BSPSceneManager;Plugin_OctreeSceneManager;Plugin_PCZSceneManager;Plugin_ParticleFX;RenderSystem_GL;RenderSystem_GL3Plus;Codec_STBI
[0.783s] -- OGRE_PLUGIN_DIR: /opt/ros/humble/opt/rviz_ogre_vendor/lib/OGRE
[0.783s] -- rviz_ogre_vendor::OgreOverlay for IMPORTED_LOCATION_RELEASE: /opt/ros/humble/opt/rviz_ogre_vendor/lib/libOgreOverlay.so
[0.783s] -- rviz_ogre_vendor::OgreOverlay for IMPORTED_LOCATION_DEBUG: /opt/ros/humble/opt/rviz_ogre_vendor/lib/libOgreOverlay.so
[0.783s] -- rviz_ogre_vendor::OgreMain for IMPORTED_LOCATION_RELEASE: /opt/ros/humble/opt/rviz_ogre_vendor/lib/libOgreMain.so
[0.783s] -- rviz_ogre_vendor::OgreMain for IMPORTED_LOCATION_DEBUG: /opt/ros/humble/opt/rviz_ogre_vendor/lib/libOgreMain.so
[0.856s] -- Found robot_state_publisher: 3.0.3 (/opt/ros/humble/share/robot_state_publisher/cmake)
[0.861s] -- Found ament_lint_auto: 0.12.11 (/opt/ros/humble/share/ament_lint_auto/cmake)
[0.966s] -- Added test 'cppcheck' to perform static code analysis on C / C++ code
[0.967s] -- Configured cppcheck include dirs: /home/ubuntu/ros2_ws/src/isaac_sim_demo/include;/home/ubuntu/ros2_ws/src/isaac_sim_demo/ros2_ws/install/custom_interfaces/include/custom_interfaces/custom_interfaces;/home/ubuntu/ros2_ws/src/isaac_sim_demo/include/isaac_sim_demo
[0.967s] -- Configured cppcheck exclude dirs and/or files: 
[0.968s] -- Added test 'flake8' to check Python code syntax and style conventions
[0.969s] -- Added test 'lint_cmake' to check CMake code style
[0.970s] -- Added test 'pep257' to check Python code against some of the docstring style conventions in PEP 257
[0.974s] -- Added test 'uncrustify' to check C / C++ code style
[0.974s] -- Configured uncrustify additional arguments: 
[0.975s] -- Added test 'xmllint' to check XML markup files
[0.976s] -- Configuring done
[1.066s] -- Generating done
[1.068s] -- Build files have been written to: /home/ubuntu/ros2_ws/build/isaac_sim_demo
[1.100s] [35m[1mConsolidate compiler generated dependencies of target StateSubscriber_node[0m
[1.100s] [35m[1mConsolidate compiler generated dependencies of target isaac_sim_demo_library[0m
[1.100s] [35m[1mConsolidate compiler generated dependencies of target visualization_node[0m
[1.101s] [35m[1mConsolidate compiler generated dependencies of target tf_to_pos_node[0m
[1.101s] [35m[1mConsolidate compiler generated dependencies of target moveit_test[0m
[1.101s] [35m[1mConsolidate compiler generated dependencies of target markers_node[0m
[1.110s] [  5%] [32mBuilding CXX object CMakeFiles/cpp_demo.dir/src/cpp_int.cpp.o[0m
[1.119s] [ 27%] Built target visualization_node
[1.119s] [ 27%] Built target StateSubscriber_node
[1.120s] [ 38%] Built target markers_node
[1.120s] [ 50%] Built target tf_to_pos_node
[1.128s] [ 61%] [32mBuilding CXX object CMakeFiles/moveit_test.dir/src/moveit_demo.cpp.o[0m
[1.129s] [ 66%] Built target isaac_sim_demo_library
[1.142s] [35m[1mConsolidate compiler generated dependencies of target ompl_controller_node[0m
[1.142s] [35m[1mConsolidate compiler generated dependencies of target ompl_lifecycle[0m
[1.174s] [ 88%] Built target ompl_lifecycle
[1.174s] [ 88%] Built target ompl_controller_node
[5.474s] [01m[K/home/ubuntu/ros2_ws/src/isaac_sim_demo/src/cpp_int.cpp:[m[K In function â€˜[01m[Kint main(int, char**)[m[Kâ€™:
[5.474s] [01m[K/home/ubuntu/ros2_ws/src/isaac_sim_demo/src/cpp_int.cpp:35:21:[m[K [01;31m[Kerror: [m[Kâ€˜[01m[Kpluginlib[m[Kâ€™ was not declared in this scope
[5.474s]    35 |     std::unique_ptr<[01;31m[Kpluginlib[m[K::ClassLoader<planning_interface::PlannerManager>> planner_plugin_loader;
[5.474s]       |                     [01;31m[K^~~~~~~~~[m[K
[5.474s] [01m[K/home/ubuntu/ros2_ws/src/isaac_sim_demo/src/cpp_int.cpp:35:78:[m[K [01;31m[Kerror: [m[Ktemplate argument 1 is invalid
[5.474s]    35 |     std::unique_ptr<pluginlib::ClassLoader<planning_interface::PlannerManager[01;31m[K>>[m[K planner_plugin_loader;
[5.474s]       |                                                                              [01;31m[K^~[m[K
[5.474s] [01m[K/home/ubuntu/ros2_ws/src/isaac_sim_demo/src/cpp_int.cpp:35:78:[m[K [01;31m[Kerror: [m[Ktemplate argument 2 is invalid
[5.492s] [01m[K/home/ubuntu/ros2_ws/src/isaac_sim_demo/src/cpp_int.cpp:37:10:[m[K [01;31m[Kerror: [m[Kâ€˜[01m[Kmotion_planning_api_tutorial_node[m[Kâ€™ was not declared in this scope
[5.492s]    37 |     if (![01;31m[Kmotion_planning_api_tutorial_node[m[K->get_parameter("ompl.planning_plugins", planner_plugin_names))
[5.492s]       |          [01;31m[K^~~~~~~~~~~~~~~~~~~~~~~~~~~~~~~~~[m[K
[5.500s] [01m[K/home/ubuntu/ros2_ws/src/isaac_sim_demo/src/cpp_int.cpp:37:84:[m[K [01;31m[Kerror: [m[Kâ€˜[01m[Kplanner_plugin_names[m[Kâ€™ was not declared in this scope; did you mean â€˜[01m[Kplanner_plugin_loader[m[Kâ€™?
[5.500s]    37 |     if (!motion_planning_api_tutorial_node->get_parameter("ompl.planning_plugins", [01;31m[Kplanner_plugin_names[m[K))
[5.500s]       |                                                                                    [01;31m[K^~~~~~~~~~~~~~~~~~~~[m[K
[5.500s]       |                                                                                    [32m[Kplanner_plugin_loader[m[K
[5.503s] In file included from [01m[K/opt/ros/humble/include/rclcpp/rclcpp/client.hpp:40[m[K,
[5.503s]                  from [01m[K/opt/ros/humble/include/rclcpp/rclcpp/callback_group.hpp:24[m[K,
[5.503s]                  from [01m[K/opt/ros/humble/include/rclcpp/rclcpp/any_executable.hpp:20[m[K,
[5.504s]                  from [01m[K/opt/ros/humble/include/rclcpp/rclcpp/memory_strategy.hpp:25[m[K,
[5.504s]                  from [01m[K/opt/ros/humble/include/rclcpp/rclcpp/memory_strategies.hpp:18[m[K,
[5.504s]                  from [01m[K/opt/ros/humble/include/rclcpp/rclcpp/executor_options.hpp:20[m[K,
[5.504s]                  from [01m[K/opt/ros/humble/include/rclcpp/rclcpp/executor.hpp:37[m[K,
[5.504s]                  from [01m[K/opt/ros/humble/include/rclcpp/rclcpp/executors/multi_threaded_executor.hpp:25[m[K,
[5.504s]                  from [01m[K/opt/ros/humble/include/rclcpp/rclcpp/executors.hpp:21[m[K,
[5.504s]                  from [01m[K/opt/ros/humble/include/rclcpp/rclcpp/rclcpp.hpp:155[m[K,
[5.504s]                  from [01m[K/home/ubuntu/ros2_ws/src/isaac_sim_demo/src/cpp_int.cpp:3[m[K:
[5.504s] [01m[K/home/ubuntu/ros2_ws/src/isaac_sim_demo/src/cpp_int.cpp:38:18:[m[K [01;31m[Kerror: [m[Kâ€˜[01m[KLOGGER[m[Kâ€™ was not declared in this scope
[5.504s]    38 |     RCLCPP_FATAL([01;31m[KLOGGER[m[K, "Could not find planner plugin names");
[5.504s]       |                  [01;31m[K^~~~~~[m[K
[5.504s] [01m[K/home/ubuntu/ros2_ws/src/isaac_sim_demo/src/cpp_int.cpp:38:5:[m[K [01;31m[Kerror: [m[Ktemplate argument 1 is invalid
[5.504s]    38 |     [01;31m[KRCLCPP_FATAL[m[K(LOGGER, "Could not find planner plugin names");
[5.504s]       |     [01;31m[K^~~~~~~~~~~~[m[K
[5.504s] [01m[K/home/ubuntu/ros2_ws/src/isaac_sim_demo/src/cpp_int.cpp:38:5:[m[K [01;31m[Kerror: [m[Ktemplate argument 1 is invalid
[5.504s]    38 |     [01;31m[KRCLCPP_FATAL[m[K(LOGGER, "Could not find planner plugin names");
[5.504s]       |     [01;31m[K^~~~~~~~~~~~[m[K
[5.504s] [01m[K/home/ubuntu/ros2_ws/src/isaac_sim_demo/src/cpp_int.cpp:38:5:[m[K [01;31m[Kerror: [m[Ktemplate argument 1 is invalid
[5.504s]    38 |     [01;31m[KRCLCPP_FATAL[m[K(LOGGER, "Could not find planner plugin names");
[5.504s]       |     [01;31m[K^~~~~~~~~~~~[m[K
[5.504s] [01m[K/home/ubuntu/ros2_ws/src/isaac_sim_demo/src/cpp_int.cpp:41:27:[m[K [01;31m[Kerror: [m[Krequest for member â€˜[01m[Kreset[m[Kâ€™ in â€˜[01m[Kplanner_plugin_loader[m[Kâ€™, which is of non-class type â€˜[01m[Kint[m[Kâ€™
[5.504s]    41 |     planner_plugin_loader.[01;31m[Kreset[m[K(new pluginlib::ClassLoader<planning_interface::PlannerManager>(
[5.504s]       |                           [01;31m[K^~~~~[m[K
[5.506s] [01m[K/home/ubuntu/ros2_ws/src/isaac_sim_demo/src/cpp_int.cpp:41:37:[m[K [01;31m[Kerror: [m[Kâ€˜[01m[Kpluginlib[m[Kâ€™ does not name a type
[5.506s]    41 |     planner_plugin_loader.reset(new [01;31m[Kpluginlib[m[K::ClassLoader<planning_interface::PlannerManager>(
[5.506s]       |                                     [01;31m[K^~~~~~~~~[m[K
[5.509s] [01m[K/home/ubuntu/ros2_ws/src/isaac_sim_demo/src/cpp_int.cpp:44:12:[m[K [01;31m[Kerror: [m[Kâ€˜[01m[Kpluginlib[m[Kâ€™ does not name a type
[5.509s]    44 |     catch ([01;31m[Kpluginlib[m[K::PluginlibException& ex)
[5.509s]       |            [01;31m[K^~~~~~~~~[m[K
[5.509s] [01m[K/home/ubuntu/ros2_ws/src/isaac_sim_demo/src/cpp_int.cpp:44:41:[m[K [01;31m[Kerror: [m[Kexpected unqualified-id before â€˜[01m[K&[m[Kâ€™ token
[5.509s]    44 |     catch (pluginlib::PluginlibException[01;31m[K&[m[K ex)
[5.509s]       |                                         [01;31m[K^[m[K
[5.509s] [01m[K/home/ubuntu/ros2_ws/src/isaac_sim_demo/src/cpp_int.cpp:44:41:[m[K [01;31m[Kerror: [m[Kexpected â€˜[01m[K)[m[Kâ€™ before â€˜[01m[K&[m[Kâ€™ token
[5.509s]    44 |     catch [34m[K([m[Kpluginlib::PluginlibException[01;31m[K&[m[K ex)
[5.509s]       |           [34m[K~[m[K                             [01;31m[K^[m[K
[5.509s]       |                                         [32m[K)[m[K
[5.509s] [01m[K/home/ubuntu/ros2_ws/src/isaac_sim_demo/src/cpp_int.cpp:44:41:[m[K [01;31m[Kerror: [m[Kexpected â€˜[01m[K{[m[Kâ€™ before â€˜[01m[K&[m[Kâ€™ token
[5.511s] [01m[K/home/ubuntu/ros2_ws/src/isaac_sim_demo/src/cpp_int.cpp:44:43:[m[K [01;31m[Kerror: [m[Kâ€˜[01m[Kex[m[Kâ€™ was not declared in this scope; did you mean â€˜[01m[Kexp[m[Kâ€™?
[5.511s]    44 |     catch (pluginlib::PluginlibException& [01;31m[Kex[m[K)
[5.511s]       |                                           [01;31m[K^~[m[K
[5.512s]       |                                           [32m[Kexp[m[K
[5.518s] [01m[K/home/ubuntu/ros2_ws/src/isaac_sim_demo/src/cpp_int.cpp:49:9:[m[K [01;31m[Kerror: [m[Kâ€˜[01m[Kplanner_plugin_names[m[Kâ€™ was not declared in this scope; did you mean â€˜[01m[Kplanner_plugin_loader[m[Kâ€™?
[5.518s]    49 |     if ([01;31m[Kplanner_plugin_names[m[K.empty())
[5.518s]       |         [01;31m[K^~~~~~~~~~~~~~~~~~~~[m[K
[5.518s]       |         [32m[Kplanner_plugin_loader[m[K
[5.521s] In file included from [01m[K/opt/ros/humble/include/rclcpp/rclcpp/client.hpp:40[m[K,
[5.521s]                  from [01m[K/opt/ros/humble/include/rclcpp/rclcpp/callback_group.hpp:24[m[K,
[5.521s]                  from [01m[K/opt/ros/humble/include/rclcpp/rclcpp/any_executable.hpp:20[m[K,
[5.521s]                  from [01m[K/opt/ros/humble/include/rclcpp/rclcpp/memory_strategy.hpp:25[m[K,
[5.521s]                  from [01m[K/opt/ros/humble/include/rclcpp/rclcpp/memory_strategies.hpp:18[m[K,
[5.521s]                  from [01m[K/opt/ros/humble/include/rclcpp/rclcpp/executor_options.hpp:20[m[K,
[5.521s]                  from [01m[K/opt/ros/humble/include/rclcpp/rclcpp/executor.hpp:37[m[K,
[5.521s]                  from [01m[K/opt/ros/humble/include/rclcpp/rclcpp/executors/multi_threaded_executor.hpp:25[m[K,
[5.521s]                  from [01m[K/opt/ros/humble/include/rclcpp/rclcpp/executors.hpp:21[m[K,
[5.521s]                  from [01m[K/opt/ros/humble/include/rclcpp/rclcpp/rclcpp.hpp:155[m[K,
[5.521s]                  from [01m[K/home/ubuntu/ros2_ws/src/isaac_sim_demo/src/cpp_int.cpp:3[m[K:
[5.522s] [01m[K/home/ubuntu/ros2_ws/src/isaac_sim_demo/src/cpp_int.cpp:51:18:[m[K [01;31m[Kerror: [m[Kâ€˜[01m[KLOGGER[m[Kâ€™ was not declared in this scope
[5.522s]    51 |     RCLCPP_ERROR([01;31m[KLOGGER[m[K,
[5.522s]       |                  [01;31m[K^~~~~~[m[K
[5.522s] [01m[K/home/ubuntu/ros2_ws/src/isaac_sim_demo/src/cpp_int.cpp:51:5:[m[K [01;31m[Kerror: [m[Ktemplate argument 1 is invalid
[5.522s]    51 |     [01;31m[KRCLCPP_ERROR[m[K(LOGGER,
[5.522s]       |     [01;31m[K^~~~~~~~~~~~[m[K
[5.522s] [01m[K/home/ubuntu/ros2_ws/src/isaac_sim_demo/src/cpp_int.cpp:51:5:[m[K [01;31m[Kerror: [m[Ktemplate argument 1 is invalid
[5.522s]    51 |     [01;31m[KRCLCPP_ERROR[m[K(LOGGER,
[5.522s]       |     [01;31m[K^~~~~~~~~~~~[m[K
[5.522s] [01m[K/home/ubuntu/ros2_ws/src/isaac_sim_demo/src/cpp_int.cpp:51:5:[m[K [01;31m[Kerror: [m[Ktemplate argument 1 is invalid
[5.522s]    51 |     [01;31m[KRCLCPP_ERROR[m[K(LOGGER,
[5.522s]       |     [01;31m[K^~~~~~~~~~~~[m[K
[5.528s] [01m[K/home/ubuntu/ros2_ws/src/isaac_sim_demo/src/cpp_int.cpp:56:32:[m[K [01;31m[Kerror: [m[Kâ€˜[01m[Kplanner_plugin_names[m[Kâ€™ was not declared in this scope; did you mean â€˜[01m[Kplanner_plugin_loader[m[Kâ€™?
[5.529s]    56 |     const auto& planner_name = [01;31m[Kplanner_plugin_names[m[K.at(0);
[5.529s]       |                                [01;31m[K^~~~~~~~~~~~~~~~~~~~[m[K
[5.529s]       |                                [32m[Kplanner_plugin_loader[m[K
[5.536s] [01m[K/home/ubuntu/ros2_ws/src/isaac_sim_demo/src/cpp_int.cpp:59:5:[m[K [01;31m[Kerror: [m[Kâ€˜[01m[Kplanner_instance[m[Kâ€™ was not declared in this scope
[5.537s]    59 |     [01;31m[Kplanner_instance[m[K.reset(planner_plugin_loader->createUnmanagedInstance(planner_name));
[5.537s]       |     [01;31m[K^~~~~~~~~~~~~~~~[m[K
[5.537s] [01m[K/home/ubuntu/ros2_ws/src/isaac_sim_demo/src/cpp_int.cpp:59:49:[m[K [01;31m[Kerror: [m[Kbase operand of â€˜[01m[K->[m[Kâ€™ is not a pointer
[5.537s]    59 |     planner_instance.reset(planner_plugin_loader[01;31m[K->[m[KcreateUnmanagedInstance(planner_name));
[5.537s]       |                                                 [01;31m[K^~[m[K
[5.555s] [01m[K/home/ubuntu/ros2_ws/src/isaac_sim_demo/src/cpp_int.cpp:60:52:[m[K [01;31m[Kerror: [m[Kâ€˜[01m[Kmotion_planning_api_tutorial_node[m[Kâ€™ was not declared in this scope
[5.555s]    60 |     if (!planner_instance->initialize(robot_model, [01;31m[Kmotion_planning_api_tutorial_node[m[K,
[5.555s]       |                                                    [01;31m[K^~~~~~~~~~~~~~~~~~~~~~~~~~~~~~~~~[m[K
[5.559s] In file included from [01m[K/opt/ros/humble/include/rclcpp/rclcpp/client.hpp:40[m[K,
[5.559s]                  from [01m[K/opt/ros/humble/include/rclcpp/rclcpp/callback_group.hpp:24[m[K,
[5.559s]                  from [01m[K/opt/ros/humble/include/rclcpp/rclcpp/any_executable.hpp:20[m[K,
[5.559s]                  from [01m[K/opt/ros/humble/include/rclcpp/rclcpp/memory_strategy.hpp:25[m[K,
[5.559s]                  from [01m[K/opt/ros/humble/include/rclcpp/rclcpp/memory_strategies.hpp:18[m[K,
[5.559s]                  from [01m[K/opt/ros/humble/include/rclcpp/rclcpp/executor_options.hpp:20[m[K,
[5.559s]                  from [01m[K/opt/ros/humble/include/rclcpp/rclcpp/executor.hpp:37[m[K,
[5.560s]                  from [01m[K/opt/ros/humble/include/rclcpp/rclcpp/executors/multi_threaded_executor.hpp:25[m[K,
[5.560s]                  from [01m[K/opt/ros/humble/include/rclcpp/rclcpp/executors.hpp:21[m[K,
[5.560s]                  from [01m[K/opt/ros/humble/include/rclcpp/rclcpp/rclcpp.hpp:155[m[K,
[5.560s]                  from [01m[K/home/ubuntu/ros2_ws/src/isaac_sim_demo/src/cpp_int.cpp:3[m[K:
[5.560s] [01m[K/home/ubuntu/ros2_ws/src/isaac_sim_demo/src/cpp_int.cpp:62:22:[m[K [01;31m[Kerror: [m[Kâ€˜[01m[KLOGGER[m[Kâ€™ was not declared in this scope
[5.560s]    62 |         RCLCPP_FATAL([01;31m[KLOGGER[m[K, "Could not initialize planner instance");
[5.560s]       |                      [01;31m[K^~~~~~[m[K
[5.560s] [01m[K/home/ubuntu/ros2_ws/src/isaac_sim_demo/src/cpp_int.cpp:62:9:[m[K [01;31m[Kerror: [m[Ktemplate argument 1 is invalid
[5.560s]    62 |         [01;31m[KRCLCPP_FATAL[m[K(LOGGER, "Could not initialize planner instance");
[5.560s]       |         [01;31m[K^~~~~~~~~~~~[m[K
[5.560s] [01m[K/home/ubuntu/ros2_ws/src/isaac_sim_demo/src/cpp_int.cpp:62:9:[m[K [01;31m[Kerror: [m[Ktemplate argument 1 is invalid
[5.560s]    62 |         [01;31m[KRCLCPP_FATAL[m[K(LOGGER, "Could not initialize planner instance");
[5.560s]       |         [01;31m[K^~~~~~~~~~~~[m[K
[5.560s] [01m[K/home/ubuntu/ros2_ws/src/isaac_sim_demo/src/cpp_int.cpp:62:9:[m[K [01;31m[Kerror: [m[Ktemplate argument 1 is invalid
[5.560s]    62 |         [01;31m[KRCLCPP_FATAL[m[K(LOGGER, "Could not initialize planner instance");
[5.560s]       |         [01;31m[K^~~~~~~~~~~~[m[K
[5.563s] [01m[K/home/ubuntu/ros2_ws/src/isaac_sim_demo/src/cpp_int.cpp:63:17:[m[K [01;31m[Kerror: [m[Kâ€˜[01m[KLOGGER[m[Kâ€™ was not declared in this scope
[5.563s]    63 |     RCLCPP_INFO([01;31m[KLOGGER[m[K, "Using planning interface '%s'", planner_instance->getDescription().c_str());
[5.563s]       |                 [01;31m[K^~~~~~[m[K
[5.563s] [01m[K/home/ubuntu/ros2_ws/src/isaac_sim_demo/src/cpp_int.cpp:63:5:[m[K [01;31m[Kerror: [m[Ktemplate argument 1 is invalid
[5.563s]    63 |     [01;31m[KRCLCPP_INFO[m[K(LOGGER, "Using planning interface '%s'", planner_instance->getDescription().c_str());
[5.563s]       |     [01;31m[K^~~~~~~~~~~[m[K
[5.563s] [01m[K/home/ubuntu/ros2_ws/src/isaac_sim_demo/src/cpp_int.cpp:63:5:[m[K [01;31m[Kerror: [m[Ktemplate argument 1 is invalid
[5.563s]    63 |     [01;31m[KRCLCPP_INFO[m[K(LOGGER, "Using planning interface '%s'", planner_instance->getDescription().c_str());
[5.563s]       |     [01;31m[K^~~~~~~~~~~[m[K
[5.563s] [01m[K/home/ubuntu/ros2_ws/src/isaac_sim_demo/src/cpp_int.cpp:63:5:[m[K [01;31m[Kerror: [m[Ktemplate argument 1 is invalid
[5.563s]    63 |     [01;31m[KRCLCPP_INFO[m[K(LOGGER, "Using planning interface '%s'", planner_instance->getDescription().c_str());
[5.563s]       |     [01;31m[K^~~~~~~~~~~[m[K
[5.566s] [01m[K/home/ubuntu/ros2_ws/src/isaac_sim_demo/src/cpp_int.cpp:65:12:[m[K [01;31m[Kerror: [m[Kâ€˜[01m[Kpluginlib[m[Kâ€™ does not name a type
[5.566s]    65 |     catch ([01;31m[Kpluginlib[m[K::PluginlibException& ex)
[5.566s]       |            [01;31m[K^~~~~~~~~[m[K
[5.566s] [01m[K/home/ubuntu/ros2_ws/src/isaac_sim_demo/src/cpp_int.cpp:65:41:[m[K [01;31m[Kerror: [m[Kexpected unqualified-id before â€˜[01m[K&[m[Kâ€™ token
[5.566s]    65 |     catch (pluginlib::PluginlibException[01;31m[K&[m[K ex)
[5.566s]       |                                         [01;31m[K^[m[K
[5.566s] [01m[K/home/ubuntu/ros2_ws/src/isaac_sim_demo/src/cpp_int.cpp:65:41:[m[K [01;31m[Kerror: [m[Kexpected â€˜[01m[K)[m[Kâ€™ before â€˜[01m[K&[m[Kâ€™ token
[5.566s]    65 |     catch [34m[K([m[Kpluginlib::PluginlibException[01;31m[K&[m[K ex)
[5.566s]       |           [34m[K~[m[K                             [01;31m[K^[m[K
[5.566s]       |                                         [32m[K)[m[K
[5.566s] [01m[K/home/ubuntu/ros2_ws/src/isaac_sim_demo/src/cpp_int.cpp:65:41:[m[K [01;31m[Kerror: [m[Kexpected â€˜[01m[K{[m[Kâ€™ before â€˜[01m[K&[m[Kâ€™ token
[5.583s] [01m[K/home/ubuntu/ros2_ws/src/isaac_sim_demo/src/cpp_int.cpp:75:63:[m[K [01;31m[Kerror: [m[Kâ€˜[01m[Kmotion_planning_api_tutorial_node[m[Kâ€™ was not declared in this scope
[5.583s]    75 |     moveit::planning_interface::MoveGroupInterface move_group([01;31m[Kmotion_planning_api_tutorial_node[m[K, PLANNING_GROUP);
[5.583s]       |                                                               [01;31m[K^~~~~~~~~~~~~~~~~~~~~~~~~~~~~~~~~[m[K
[7.112s] gmake[2]: *** [CMakeFiles/cpp_demo.dir/build.make:76: CMakeFiles/cpp_demo.dir/src/cpp_int.cpp.o] Error 1
[7.112s] gmake[1]: *** [CMakeFiles/Makefile2:335: CMakeFiles/cpp_demo.dir/all] Error 2
[7.112s] gmake[1]: *** Waiting for unfinished jobs....
[7.814s] [ 94%] [32m[1mLinking CXX executable moveit_test[0m
[8.073s] [ 94%] Built target moveit_test
[8.073s] gmake: *** [Makefile:146: all] Error 2
[8.075s] Invoked command in '/home/ubuntu/ros2_ws/build/isaac_sim_demo' returned '2': AMENT_PREFIX_PATH=/home/ubuntu/ros2_ws/install/moveit_configs_utils:/home/ubuntu/ros2_ws/install/launch_param_builder:/home/ubuntu/ros2_ws/install/test_moveit_config:/home/ubuntu/ros2_ws/install/pilz_industrial_motion_planner_testutils:/home/ubuntu/ros2_ws/install/moveit_runtime:/home/ubuntu/ros2_ws/install/moveit2_tutorials:/home/ubuntu/ros2_ws/install/moveit:/home/ubuntu/ros2_ws/install/four_drone_demo:/home/ubuntu/ros2_ws/install/chain_moveit_config:/home/ubuntu/ros2_ws/install/4_drone_demo:/home/ubuntu/ros2_ws/install/isaac_sim_demo:/home/ubuntu/ros2_ws/install/moveit_planners:/home/ubuntu/ros2_ws/install/pilz_industrial_motion_planner:/home/ubuntu/ros2_ws/install/moveit_visual_tools:/home/ubuntu/ros2_ws/install/moveit_task_constructor_visualization:/home/ubuntu/ros2_ws/install/moveit_task_constructor_demo:/home/ubuntu/ros2_ws/install/moveit_task_constructor_capabilities:/home/ubuntu/ros2_ws/install/moveit_task_constructor_core:/home/ubuntu/ros2_ws/install/moveit_ros_control_interface:/home/ubuntu/ros2_ws/install/moveit_plugins:/home/ubuntu/ros2_ws/install/moveit_simple_controller_manager:/home/ubuntu/ros2_ws/install/moveit_setup_assistant:/home/ubuntu/ros2_ws/install/moveit_setup_srdf_plugins:/home/ubuntu/ros2_ws/install/moveit_setup_core_plugins:/home/ubuntu/ros2_ws/install/moveit_setup_controllers:/home/ubuntu/ros2_ws/install/moveit_setup_app_plugins:/home/ubuntu/ros2_ws/install/moveit_setup_framework:/home/ubuntu/ros2_ws/install/moveit_servo:/home/ubuntu/ros2_ws/install/moveit_ros:/home/ubuntu/ros2_ws/install/moveit_ros_visualization:/home/ubuntu/ros2_ws/install/moveit_hybrid_planning:/home/ubuntu/ros2_ws/install/moveit_ros_planning_interface:/home/ubuntu/ros2_ws/install/moveit_ros_benchmarks:/home/ubuntu/ros2_ws/install/moveit_ros_warehouse:/home/ubuntu/ros2_ws/install/moveit_ros_robot_interaction:/home/ubuntu/ros2_ws/install/moveit_ros_perception:/home/ubuntu/ros2_ws/install/moveit_resources_prbt_pg70_support:/home/ubuntu/ros2_ws/install/moveit_resources_prbt_moveit_config:/home/ubuntu/ros2_ws/install/moveit_ros_move_group:/home/ubuntu/ros2_ws/install/moveit_planners_ompl:/home/ubuntu/ros2_ws/install/moveit_ros_planning:/home/ubuntu/ros2_ws/install/moveit_ros_occupancy_map_monitor:/home/ubuntu/ros2_ws/install/moveit_resources_prbt_ikfast_manipulator_plugin:/home/ubuntu/ros2_ws/install/moveit_planners_chomp:/home/ubuntu/ros2_ws/install/moveit_kinematics:/home/ubuntu/ros2_ws/install/moveit_chomp_optimizer_adapter:/home/ubuntu/ros2_ws/install/chomp_motion_planner:/home/ubuntu/ros2_ws/install/moveit_core:/home/ubuntu/ros2_ws/install/srdfdom:/home/ubuntu/ros2_ws/install/rviz_marker_tools:/home/ubuntu/ros2_ws/install/rosparam_shortcuts:/home/ubuntu/ros2_ws/install/moveit_task_constructor_msgs:/home/ubuntu/ros2_ws/install/moveit_resources_prbt_support:/home/ubuntu/ros2_ws/install/moveit_resources:/home/ubuntu/ros2_ws/install/moveit_resources_pr2_description:/home/ubuntu/ros2_ws/install/moveit_resources_panda_moveit_config:/home/ubuntu/ros2_ws/install/moveit_resources_panda_description:/home/ubuntu/ros2_ws/install/moveit_resources_fanuc_moveit_config:/home/ubuntu/ros2_ws/install/moveit_resources_fanuc_description:/home/ubuntu/ros2_ws/install/moveit_common:/home/ubuntu/ros2_ws/install/custom_interfaces:/opt/ros/humble CMAKE_PREFIX_PATH=/home/ubuntu/ros2_ws/install/moveit_setup_assistant:/home/ubuntu/ros2_ws/install/moveit_setup_srdf_plugins:/home/ubuntu/ros2_ws/install/moveit_setup_core_plugins:/home/ubuntu/ros2_ws/install/moveit_setup_controllers:/home/ubuntu/ros2_ws/install/moveit_setup_app_plugins:/home/ubuntu/ros2_ws/install/moveit_planners:/home/ubuntu/ros2_ws/install/pilz_industrial_motion_planner:/home/ubuntu/ros2_ws/install/moveit_setup_framework:/home/ubuntu/ros2_ws/install/moveit_ros_visualization:/home/ubuntu/ros2_ws/install/moveit_resources_prbt_pg70_support:/home/ubuntu/ros2_ws/install/moveit_ros_planning_interface:/home/ubuntu/ros2_ws/install/moveit_resources_prbt_moveit_config:/home/ubuntu/ros2_ws/install/moveit_ros_move_group:/home/ubuntu/ros2_ws/install/moveit_visual_tools:/home/ubuntu/ros2_ws/install/moveit_ros_warehouse:/home/ubuntu/ros2_ws/install/moveit_ros_robot_interaction:/home/ubuntu/ros2_ws/install/moveit_planners_ompl:/home/ubuntu/ros2_ws/install/moveit_kinematics:/home/ubuntu/ros2_ws/install/moveit_ros_planning:/home/ubuntu/ros2_ws/install/pilz_industrial_motion_planner_testutils:/home/ubuntu/ros2_ws/install/moveit_simple_controller_manager:/home/ubuntu/ros2_ws/install/moveit_ros_occupancy_map_monitor:/home/ubuntu/ros2_ws/install/moveit_resources_prbt_ikfast_manipulator_plugin:/home/ubuntu/ros2_ws/install/moveit_core:/home/ubuntu/ros2_ws/install/moveit_resources_panda_moveit_config:/home/ubuntu/ros2_ws/install/moveit_resources_fanuc_moveit_config:/home/ubuntu/ros2_ws/install/srdfdom:/home/ubuntu/ros2_ws/install/moveit_resources_prbt_support:/home/ubuntu/ros2_ws/install/moveit_resources_pr2_description:/home/ubuntu/ros2_ws/install/moveit_resources_panda_description:/home/ubuntu/ros2_ws/install/moveit_resources_fanuc_description:/home/ubuntu/ros2_ws/install/moveit_common:/home/ubuntu/ros2_ws/install/custom_interfaces:/home/ubuntu/ros2_ws/install/test_moveit_config:/home/ubuntu/ros2_ws/install/moveit_runtime:/home/ubuntu/ros2_ws/install/moveit2_tutorials:/home/ubuntu/ros2_ws/install/moveit:/home/ubuntu/ros2_ws/install/four_drone_demo:/home/ubuntu/ros2_ws/install/chain_moveit_config:/home/ubuntu/ros2_ws/install/4_drone_demo:/home/ubuntu/ros2_ws/install/isaac_sim_demo:/home/ubuntu/ros2_ws/install/moveit_task_constructor_visualization:/home/ubuntu/ros2_ws/install/moveit_task_constructor_demo:/home/ubuntu/ros2_ws/install/moveit_task_constructor_capabilities:/home/ubuntu/ros2_ws/install/moveit_task_constructor_core:/home/ubuntu/ros2_ws/install/moveit_ros_control_interface:/home/ubuntu/ros2_ws/install/moveit_plugins:/home/ubuntu/ros2_ws/install/moveit_servo:/home/ubuntu/ros2_ws/install/moveit_ros:/home/ubuntu/ros2_ws/install/moveit_hybrid_planning:/home/ubuntu/ros2_ws/install/moveit_ros_benchmarks:/home/ubuntu/ros2_ws/install/moveit_ros_perception:/home/ubuntu/ros2_ws/install/moveit_planners_chomp:/home/ubuntu/ros2_ws/install/moveit_chomp_optimizer_adapter:/home/ubuntu/ros2_ws/install/chomp_motion_planner:/home/ubuntu/ros2_ws/install/rviz_marker_tools:/home/ubuntu/ros2_ws/install/rosparam_shortcuts:/home/ubuntu/ros2_ws/install/moveit_task_constructor_msgs:/home/ubuntu/ros2_ws/install/moveit_resources:/home/ubuntu/ros2_ws/install/moveit_configs_utils:/home/ubuntu/ros2_ws/install/launch_param_builder:/opt/ros/humble LD_LIBRARY_PATH=/home/ubuntu/ros2_ws/install/moveit_setup_srdf_plugins/lib:/home/ubuntu/ros2_ws/install/moveit_setup_core_plugins/lib:/home/ubuntu/ros2_ws/install/moveit_setup_controllers/lib:/home/ubuntu/ros2_ws/install/moveit_setup_app_plugins/lib:/home/ubuntu/ros2_ws/install/pilz_industrial_motion_planner/lib:/home/ubuntu/ros2_ws/install/moveit_setup_framework/lib:/home/ubuntu/ros2_ws/install/moveit_ros_visualization/lib:/home/ubuntu/ros2_ws/install/moveit_ros_planning_interface/lib:/home/ubuntu/ros2_ws/install/moveit_ros_move_group/lib:/home/ubuntu/ros2_ws/install/moveit_visual_tools/lib:/home/ubuntu/ros2_ws/install/moveit_ros_warehouse/lib:/home/ubuntu/ros2_ws/install/moveit_ros_robot_interaction/lib:/home/ubuntu/ros2_ws/install/moveit_planners_ompl/lib:/home/ubuntu/ros2_ws/install/moveit_kinematics/lib:/home/ubuntu/ros2_ws/install/moveit_ros_planning/lib:/home/ubuntu/ros2_ws/install/pilz_industrial_motion_planner_testutils/lib:/home/ubuntu/ros2_ws/install/moveit_simple_controller_manager/lib:/home/ubuntu/ros2_ws/install/moveit_ros_occupancy_map_monitor/lib:/home/ubuntu/ros2_ws/install/moveit_resources_prbt_ikfast_manipulator_plugin/lib:/home/ubuntu/ros2_ws/install/moveit_core/lib:/home/ubuntu/ros2_ws/install/srdfdom/lib:/home/ubuntu/ros2_ws/install/custom_interfaces/lib:/home/ubuntu/ros2_ws/install/moveit_task_constructor_visualization/lib:/home/ubuntu/ros2_ws/install/moveit_task_constructor_demo/lib:/home/ubuntu/ros2_ws/install/moveit_task_constructor_capabilities/lib:/home/ubuntu/ros2_ws/install/moveit_task_constructor_core/lib:/home/ubuntu/ros2_ws/install/moveit_ros_control_interface/lib:/home/ubuntu/ros2_ws/install/moveit_setup_assistant/lib:/home/ubuntu/ros2_ws/install/moveit_servo/lib:/home/ubuntu/ros2_ws/install/moveit_hybrid_planning/lib:/home/ubuntu/ros2_ws/install/moveit_ros_benchmarks/lib:/home/ubuntu/ros2_ws/install/moveit_ros_perception/lib:/home/ubuntu/ros2_ws/install/moveit_planners_chomp/lib:/home/ubuntu/ros2_ws/install/moveit_chomp_optimizer_adapter/lib:/home/ubuntu/ros2_ws/install/chomp_motion_planner/lib:/home/ubuntu/ros2_ws/install/rviz_marker_tools/lib:/home/ubuntu/ros2_ws/install/rosparam_shortcuts/lib:/home/ubuntu/ros2_ws/install/moveit_task_constructor_msgs/lib:/opt/ros/humble/opt/rviz_ogre_vendor/lib:/opt/ros/humble/lib/x86_64-linux-gnu:/opt/ros/humble/lib PYTHONPATH=/home/ubuntu/ros2_ws/install/moveit_configs_utils/lib/python3.10/site-packages:/home/ubuntu/ros2_ws/install/launch_param_builder/lib/python3.10/site-packages:/home/ubuntu/ros2_ws/install/srdfdom/local/lib/python3.10/dist-packages:/home/ubuntu/ros2_ws/install/moveit_task_constructor_msgs/local/lib/python3.10/dist-packages:/home/ubuntu/ros2_ws/install/custom_interfaces/local/lib/python3.10/dist-packages:/opt/ros/humble/lib/python3.10/site-packages:/opt/ros/humble/local/lib/python3.10/dist-packages /usr/bin/cmake --build /home/ubuntu/ros2_ws/build/isaac_sim_demo -- -j24 -l24
