[35m[1mConsolidate compiler generated dependencies of target joint_space[0m
[  9%] Built target StateSubscriber_node
[ 18%] Built target visualization_node
[ 27%] Built target markers_node
[ 36%] Built target tf_to_pos_node
[ 45%] Built target isaac_sim_demo_library
[ 54%] Built target moveit_test_node
[ 63%] Built target spawn_scene
[ 72%] Built target cartesian
[ 77%] [32mBuilding CXX object CMakeFiles/joint_space.dir/src/joint_space.cpp.o[0m
[ 90%] Built target ompl_controller_node
[ 95%] Built target ompl_lifecycle
[01m[K/home/ubuntu/ros2_ws/src/isaac_sim_demo/src/joint_space.cpp:[m[K In lambda function:
[01m[K/home/ubuntu/ros2_ws/src/isaac_sim_demo/src/joint_space.cpp:208:25:[m[K [01;31m[Kerror: [m[Krequest for member â€˜[01m[KgetGlobalLinkTransform[m[Kâ€™ in â€˜[01m[Krobot_state[m[Kâ€™, which is of pointer type â€˜[01m[Kmoveit::core::RobotState*[m[Kâ€™ (maybe you meant to use â€˜[01m[K->[m[Kâ€™ ?)
  208 |         if (robot_state.[01;31m[KgetGlobalLinkTransform[m[K("Drone"+i).translation().z<0)
      |                         [01;31m[K^~~~~~~~~~~~~~~~~~~~~~[m[K
In file included from [01m[K/opt/ros/humble/include/pluginlib/pluginlib/class_loader_imp.hpp:57[m[K,
                 from [01m[K/opt/ros/humble/include/pluginlib/pluginlib/class_loader.hpp:334[m[K,
                 from [01m[K/home/ubuntu/ros2_ws/src/isaac_sim_demo/src/joint_space.cpp:1[m[K:
[01m[K/home/ubuntu/ros2_ws/src/isaac_sim_demo/src/joint_space.cpp:210:87:[m[K [01;31m[Kerror: [m[Krequest for member â€˜[01m[KgetGlobalLinkTransform[m[Kâ€™ in â€˜[01m[Krobot_state[m[Kâ€™, which is of pointer type â€˜[01m[Kmoveit::core::RobotState*[m[Kâ€™ (maybe you meant to use â€˜[01m[K->[m[Kâ€™ ?)
  210 |             RCLCPP_INFO(LOGGER, "Link %zu is above Z = 0 with Z = %f", i ,robot_state.[01;31m[KgetGlobalLinkTransform[m[K("Drone"+i).translation().z<0);
      |                                                                                       [01;31m[K^~~~~~~~~~~~~~~~~~~~~~[m[K
gmake[2]: *** [CMakeFiles/joint_space.dir/build.make:76: CMakeFiles/joint_space.dir/src/joint_space.cpp.o] Error 1
gmake[1]: *** [CMakeFiles/Makefile2:339: CMakeFiles/joint_space.dir/all] Error 2
gmake: *** [Makefile:146: all] Error 2
