[01m[K/home/ubuntu/ros2_ws/src/isaac_sim_demo/src/joint_space.cpp:[m[K In function â€˜[01m[Kshapes::ShapeConstPtr createCylinderBetweenLinks(const moveit::core::RobotState&, const string&, const string&, double)[m[Kâ€™:
[01m[K/home/ubuntu/ros2_ws/src/isaac_sim_demo/src/joint_space.cpp:92:46:[m[K [01;31m[Kerror: [m[Kâ€˜[01m[KcreateCylinder[m[Kâ€™ is not a member of â€˜[01m[Kshapes[m[Kâ€™
   92 |     shapes::ShapeConstPtr cylinder = shapes::[01;31m[KcreateCylinder[m[K(radius, height);
      |                                              [01;31m[K^~~~~~~~~~~~~~[m[K
gmake[2]: *** [CMakeFiles/joint_space.dir/build.make:76: CMakeFiles/joint_space.dir/src/joint_space.cpp.o] Error 1
gmake[1]: *** [CMakeFiles/Makefile2:339: CMakeFiles/joint_space.dir/all] Error 2
gmake: *** [Makefile:146: all] Error 2
