[35m[1mConsolidate compiler generated dependencies of target joint_space[0m
[  9%] Built target markers_node
[ 18%] Built target visualization_node
[ 27%] Built target spawn_scene
[ 45%] Built target tf_to_pos_node
[ 45%] Built target StateSubscriber_node
[ 54%] Built target isaac_sim_demo_library
[ 63%] Built target moveit_test_node
[ 72%] Built target cartesian
[ 77%] [32mBuilding CXX object CMakeFiles/joint_space.dir/src/joint_space.cpp.o[0m
[ 95%] Built target ompl_controller_node
[ 95%] Built target ompl_lifecycle
[01m[K/home/ubuntu/ros2_ws/src/isaac_sim_demo/src/joint_space.cpp:[m[K In function â€˜[01m[Kshapes::ShapeConstPtr createCylinderBetweenLinks(const moveit::core::RobotState&, const string&, const string&, double)[m[Kâ€™:
[01m[K/home/ubuntu/ros2_ws/src/isaac_sim_demo/src/joint_space.cpp:92:46:[m[K [01;31m[Kerror: [m[Kâ€˜[01m[KcreateCylinder[m[Kâ€™ is not a member of â€˜[01m[Kshapes[m[Kâ€™
   92 |     shapes::ShapeConstPtr cylinder = shapes::[01;31m[KcreateCylinder[m[K(radius, height);
      |                                              [01;31m[K^~~~~~~~~~~~~~[m[K
gmake[2]: *** [CMakeFiles/joint_space.dir/build.make:76: CMakeFiles/joint_space.dir/src/joint_space.cpp.o] Error 1
gmake[1]: *** [CMakeFiles/Makefile2:339: CMakeFiles/joint_space.dir/all] Error 2
gmake: *** [Makefile:146: all] Error 2
