[0.031s] Invoking command in '/home/ubuntu/ros2_ws/build/moveit_setup_app_plugins': AMENT_PREFIX_PATH=/home/ubuntu/ros2_ws/install/moveit_setup_framework:/home/ubuntu/ros2_ws/install/moveit_ros_visualization:/home/ubuntu/ros2_ws/install/moveit_ros_planning_interface:/home/ubuntu/ros2_ws/install/moveit_ros_move_group:/home/ubuntu/ros2_ws/install/moveit_ros_warehouse:/home/ubuntu/ros2_ws/install/moveit_ros_robot_interaction:/home/ubuntu/ros2_ws/install/moveit_planners_ompl:/home/ubuntu/ros2_ws/install/moveit_kinematics:/home/ubuntu/ros2_ws/install/moveit_ros_planning:/home/ubuntu/ros2_ws/install/moveit_simple_controller_manager:/home/ubuntu/ros2_ws/install/moveit_ros_occupancy_map_monitor:/home/ubuntu/ros2_ws/install/moveit_core:/home/ubuntu/ros2_ws/install/moveit_resources_panda_moveit_config:/home/ubuntu/ros2_ws/install/moveit_resources_fanuc_moveit_config:/home/ubuntu/ros2_ws/install/moveit_configs_utils:/home/ubuntu/ros2_ws/install/srdfdom:/home/ubuntu/ros2_ws/install/moveit_resources_pr2_description:/home/ubuntu/ros2_ws/install/moveit_resources_panda_description:/home/ubuntu/ros2_ws/install/moveit_resources_fanuc_description:/home/ubuntu/ros2_ws/install/moveit_common:/home/ubuntu/ros2_ws/install/launch_param_builder:${AMENT_PREFIX_PATH} CMAKE_PREFIX_PATH=/home/ubuntu/ros2_ws/install/moveit_setup_framework:/home/ubuntu/ros2_ws/install/moveit_ros_visualization:/home/ubuntu/ros2_ws/install/moveit_ros_planning_interface:/home/ubuntu/ros2_ws/install/moveit_ros_move_group:/home/ubuntu/ros2_ws/install/moveit_ros_warehouse:/home/ubuntu/ros2_ws/install/moveit_ros_robot_interaction:/home/ubuntu/ros2_ws/install/moveit_planners_ompl:/home/ubuntu/ros2_ws/install/moveit_kinematics:/home/ubuntu/ros2_ws/install/moveit_ros_planning:/home/ubuntu/ros2_ws/install/moveit_simple_controller_manager:/home/ubuntu/ros2_ws/install/moveit_ros_occupancy_map_monitor:/home/ubuntu/ros2_ws/install/moveit_core:/home/ubuntu/ros2_ws/install/moveit_resources_panda_moveit_config:/home/ubuntu/ros2_ws/install/moveit_resources_fanuc_moveit_config:/home/ubuntu/ros2_ws/install/srdfdom:/home/ubuntu/ros2_ws/install/moveit_resources_pr2_description:/home/ubuntu/ros2_ws/install/moveit_resources_panda_description:/home/ubuntu/ros2_ws/install/moveit_resources_fanuc_description:/home/ubuntu/ros2_ws/install/moveit_common:/opt/ros/humble LD_LIBRARY_PATH=/home/ubuntu/ros2_ws/install/moveit_setup_framework/lib:/home/ubuntu/ros2_ws/install/moveit_ros_visualization/lib:/home/ubuntu/ros2_ws/install/moveit_ros_planning_interface/lib:/home/ubuntu/ros2_ws/install/moveit_ros_move_group/lib:/home/ubuntu/ros2_ws/install/moveit_ros_warehouse/lib:/home/ubuntu/ros2_ws/install/moveit_ros_robot_interaction/lib:/home/ubuntu/ros2_ws/install/moveit_planners_ompl/lib:/home/ubuntu/ros2_ws/install/moveit_kinematics/lib:/home/ubuntu/ros2_ws/install/moveit_ros_planning/lib:/home/ubuntu/ros2_ws/install/moveit_simple_controller_manager/lib:/home/ubuntu/ros2_ws/install/moveit_ros_occupancy_map_monitor/lib:/home/ubuntu/ros2_ws/install/moveit_core/lib:/home/ubuntu/ros2_ws/install/srdfdom/lib:${LD_LIBRARY_PATH} PATH=/home/ubuntu/ros2_ws/install/moveit_core/bin:${PATH} PYTHONPATH=/home/ubuntu/ros2_ws/install/moveit_configs_utils/lib/python3.10/site-packages:/home/ubuntu/ros2_ws/install/srdfdom/local/lib/python3.10/dist-packages:/home/ubuntu/ros2_ws/install/launch_param_builder/lib/python3.10/site-packages:${PYTHONPATH} /usr/bin/cmake /home/ubuntu/ros2_ws/src/moveit2/moveit_setup_assistant/moveit_setup_app_plugins -DCMAKE_BUILD_TYPE=Release -DCMAKE_INSTALL_PREFIX=/home/ubuntu/ros2_ws/install/moveit_setup_app_plugins
[0.074s] -- The C compiler identification is GNU 11.4.0
[0.121s] -- The CXX compiler identification is GNU 11.4.0
[0.126s] -- Detecting C compiler ABI info
[0.176s] -- Detecting C compiler ABI info - done
[0.182s] -- Check for working C compiler: /usr/bin/cc - skipped
[0.182s] -- Detecting C compile features
[0.183s] -- Detecting C compile features - done
[0.185s] -- Detecting CXX compiler ABI info
[0.255s] -- Detecting CXX compiler ABI info - done
[0.261s] -- Check for working CXX compiler: /usr/bin/c++ - skipped
[0.261s] -- Detecting CXX compile features
[0.262s] -- Detecting CXX compile features - done
[0.264s] -- Found moveit_common: 2.5.5 (/home/ubuntu/ros2_ws/install/moveit_common/share/moveit_common/cmake)
[0.270s] -- Found ament_cmake: 1.3.9 (/opt/ros/humble/share/ament_cmake/cmake)
[0.416s] -- Found Python3: /usr/bin/python3 (found version "3.10.12") found components: Interpreter 
[0.618s] -- Found libdw: /usr/lib/x86_64-linux-gnu/libdw.so  
[0.624s] -- Could NOT find libbfd (missing: LIBBFD_LIBRARY LIBBFD_INCLUDE_DIR) 
[0.625s] -- BACKWARD_HAS_UNWIND=1
[0.625s] -- BACKWARD_HAS_BACKTRACE=0
[0.625s] -- BACKWARD_HAS_BACKTRACE_SYMBOL=0
[0.625s] -- BACKWARD_HAS_DW=1
[0.625s] -- BACKWARD_HAS_BFD=0
[0.625s] -- Found Backward: /opt/ros/humble/share/backward_ros/cmake  
[0.630s] -- Found ament_cmake_ros: 0.10.0 (/opt/ros/humble/share/ament_cmake_ros/cmake)
[0.649s] -- Found ament_index_cpp: 1.4.0 (/opt/ros/humble/share/ament_index_cpp/cmake)
[0.650s] -- Found moveit_ros_visualization: 2.5.5 (/home/ubuntu/ros2_ws/install/moveit_ros_visualization/share/moveit_ros_visualization/cmake)
[0.844s] -- Found Boost: /usr/lib/x86_64-linux-gnu/cmake/Boost-1.74.0/BoostConfig.cmake (found version "1.74.0") found components: thread date_time system filesystem 
[0.879s] -- Found Boost: /usr/lib/x86_64-linux-gnu/cmake/Boost-1.74.0/BoostConfig.cmake (found version "1.74.0") found components: filesystem 
[0.952s] -- Found rosidl_generator_c: 3.1.5 (/opt/ros/humble/share/rosidl_generator_c/cmake)
[0.962s] -- Found rosidl_adapter: 3.1.5 (/opt/ros/humble/share/rosidl_adapter/cmake)
[0.976s] -- Found rosidl_generator_cpp: 3.1.5 (/opt/ros/humble/share/rosidl_generator_cpp/cmake)
[0.997s] -- Using all available rosidl_typesupport_c: rosidl_typesupport_fastrtps_c;rosidl_typesupport_introspection_c
[1.020s] -- Using all available rosidl_typesupport_cpp: rosidl_typesupport_fastrtps_cpp;rosidl_typesupport_introspection_cpp
[1.245s] -- Found rmw_implementation_cmake: 6.1.2 (/opt/ros/humble/share/rmw_implementation_cmake/cmake)
[1.252s] -- Found rmw_fastrtps_cpp: 6.2.6 (/opt/ros/humble/share/rmw_fastrtps_cpp/cmake)
[1.378s] -- Found OpenSSL: /usr/lib/x86_64-linux-gnu/libcrypto.so (found version "3.0.2")  
[1.410s] -- Found FastRTPS: /opt/ros/humble/include  
[1.466s] -- Using RMW implementation 'rmw_fastrtps_cpp' as default
[1.486s] -- Found Threads: TRUE  
[1.783s] -- library: /usr/lib/x86_64-linux-gnu/libcurl.so
[2.158s] -- Found Boost: /usr/lib/x86_64-linux-gnu/cmake/Boost-1.74.0/BoostConfig.cmake (found version "1.74.0") found components: system filesystem date_time program_options thread chrono 
[2.725s] -- Found Boost: /usr/lib/x86_64-linux-gnu/cmake/Boost-1.74.0/BoostConfig.cmake (found version "1.74.0") found components: chrono date_time filesystem iostreams program_options regex serialization system thread 
[2.790s] -- Found parameter_traits: 0.3.8 (/opt/ros/humble/share/parameter_traits/cmake)
[2.825s] -- Found Eigen3: TRUE (found version "3.4.0") 
[2.832s] -- Found rclcpp_lifecycle: 16.0.9 (/opt/ros/humble/share/rclcpp_lifecycle/cmake)
[2.919s] -- Ensuring Eigen3 include directory is part of orocos-kdl CMake target
[3.917s] -- Found Boost: /usr/lib/x86_64-linux-gnu/cmake/Boost-1.74.0/BoostConfig.cmake (found version "1.74.0") found components: date_time filesystem program_options system thread 
[4.055s] -- Found Boost: /usr/lib/x86_64-linux-gnu/cmake/Boost-1.74.0/BoostConfig.cmake (found version "1.74.0") found components: thread system filesystem regex date_time program_options 
[4.227s] -- Found Boost: /usr/lib/x86_64-linux-gnu/cmake/Boost-1.74.0/BoostConfig.cmake (found version "1.74.0") found components: system filesystem date_time program_options thread 
[4.990s] -- Setting OGRE_DIR to: '/opt/ros/humble/share/rviz_ogre_vendor/cmake/../../../opt/rviz_ogre_vendor/lib/OGRE/cmake'
[4.991s] -- Found OGRE
[4.991s] --   static     : OFF
[4.991s] --   components : HLMS;MeshLodGenerator;Overlay;Paging;Property;RTShaderSystem;Terrain;Volume
[4.992s] --   plugins    : Plugin_BSPSceneManager;Plugin_OctreeSceneManager;Plugin_PCZSceneManager;Plugin_ParticleFX;RenderSystem_GL;RenderSystem_GL3Plus;Codec_STBI
[4.992s] --   media      : /opt/ros/humble/opt/rviz_ogre_vendor/share/OGRE/Media
[4.992s] -- OGRE_LIBRARIES: OgreHLMS;OgreMeshLodGenerator;OgreOverlay;OgrePaging;OgreProperty;OgreRTShaderSystem;OgreTerrain;OgreVolume;OgreMain
[4.992s] -- OGRE_LIBRARY_DIRS: /opt/ros/humble/opt/rviz_ogre_vendor/lib
[4.992s] -- OGRE_PLUGINS: Plugin_BSPSceneManager;Plugin_OctreeSceneManager;Plugin_PCZSceneManager;Plugin_ParticleFX;RenderSystem_GL;RenderSystem_GL3Plus;Codec_STBI
[4.992s] -- OGRE_PLUGIN_DIR: /opt/ros/humble/opt/rviz_ogre_vendor/lib/OGRE
[4.992s] -- rviz_ogre_vendor::OgreOverlay for IMPORTED_LOCATION_RELEASE: /opt/ros/humble/opt/rviz_ogre_vendor/lib/libOgreOverlay.so
[4.992s] -- rviz_ogre_vendor::OgreOverlay for IMPORTED_LOCATION_DEBUG: /opt/ros/humble/opt/rviz_ogre_vendor/lib/libOgreOverlay.so
[4.992s] -- rviz_ogre_vendor::OgreMain for IMPORTED_LOCATION_RELEASE: /opt/ros/humble/opt/rviz_ogre_vendor/lib/libOgreMain.so
[4.992s] -- rviz_ogre_vendor::OgreMain for IMPORTED_LOCATION_DEBUG: /opt/ros/humble/opt/rviz_ogre_vendor/lib/libOgreMain.so
[5.004s] -- Found ZLIB: /usr/lib/x86_64-linux-gnu/libz.so (found version "1.2.11") 
[5.008s] -- Found OpenGL: /usr/lib/x86_64-linux-gnu/libOpenGL.so   
[5.070s] -- Found X11: /usr/include   
[5.070s] -- Looking for XOpenDisplay in /usr/lib/x86_64-linux-gnu/libX11.so;/usr/lib/x86_64-linux-gnu/libXext.so
[5.138s] -- Looking for XOpenDisplay in /usr/lib/x86_64-linux-gnu/libX11.so;/usr/lib/x86_64-linux-gnu/libXext.so - found
[5.139s] -- Looking for gethostbyname
[5.206s] -- Looking for gethostbyname - found
[5.207s] -- Looking for connect
[5.270s] -- Looking for connect - found
[5.270s] -- Looking for remove
[5.339s] -- Looking for remove - found
[5.339s] -- Looking for shmat
[5.410s] -- Looking for shmat - found
[5.410s] -- Looking for IceConnectionNumber in ICE
[5.476s] -- Looking for IceConnectionNumber in ICE - found
[5.478s] -- rviz_ogre_vendor::RenderSystem_GL for IMPORTED_LOCATION_RELEASE: _render_system_gl_static_library_abs-NOTFOUND
[5.479s] -- rviz_ogre_vendor::RenderSystem_GL for IMPORTED_LOCATION_DEBUG: _render_system_gl_static_library_abs-NOTFOUND
[6.061s] -- Found moveit_setup_framework: 2.5.5 (/home/ubuntu/ros2_ws/install/moveit_setup_framework/share/moveit_setup_framework/cmake)
[6.221s] -- Found ament_lint_auto: 0.12.11 (/opt/ros/humble/share/ament_lint_auto/cmake)
[6.246s] -- Found gtest sources under '/opt/ros/humble/src/gtest_vendor': C++ tests using 'Google Test' will be built
[6.253s] -- Added test 'lint_cmake' to check CMake code style
[6.254s] -- Added test 'xmllint' to check XML markup files
[6.257s] -- Configuring done
[6.357s] -- Generating done
[6.361s] -- Build files have been written to: /home/ubuntu/ros2_ws/build/moveit_setup_app_plugins
[6.382s] Invoked command in '/home/ubuntu/ros2_ws/build/moveit_setup_app_plugins' returned '0': AMENT_PREFIX_PATH=/home/ubuntu/ros2_ws/install/moveit_setup_framework:/home/ubuntu/ros2_ws/install/moveit_ros_visualization:/home/ubuntu/ros2_ws/install/moveit_ros_planning_interface:/home/ubuntu/ros2_ws/install/moveit_ros_move_group:/home/ubuntu/ros2_ws/install/moveit_ros_warehouse:/home/ubuntu/ros2_ws/install/moveit_ros_robot_interaction:/home/ubuntu/ros2_ws/install/moveit_planners_ompl:/home/ubuntu/ros2_ws/install/moveit_kinematics:/home/ubuntu/ros2_ws/install/moveit_ros_planning:/home/ubuntu/ros2_ws/install/moveit_simple_controller_manager:/home/ubuntu/ros2_ws/install/moveit_ros_occupancy_map_monitor:/home/ubuntu/ros2_ws/install/moveit_core:/home/ubuntu/ros2_ws/install/moveit_resources_panda_moveit_config:/home/ubuntu/ros2_ws/install/moveit_resources_fanuc_moveit_config:/home/ubuntu/ros2_ws/install/moveit_configs_utils:/home/ubuntu/ros2_ws/install/srdfdom:/home/ubuntu/ros2_ws/install/moveit_resources_pr2_description:/home/ubuntu/ros2_ws/install/moveit_resources_panda_description:/home/ubuntu/ros2_ws/install/moveit_resources_fanuc_description:/home/ubuntu/ros2_ws/install/moveit_common:/home/ubuntu/ros2_ws/install/launch_param_builder:${AMENT_PREFIX_PATH} CMAKE_PREFIX_PATH=/home/ubuntu/ros2_ws/install/moveit_setup_framework:/home/ubuntu/ros2_ws/install/moveit_ros_visualization:/home/ubuntu/ros2_ws/install/moveit_ros_planning_interface:/home/ubuntu/ros2_ws/install/moveit_ros_move_group:/home/ubuntu/ros2_ws/install/moveit_ros_warehouse:/home/ubuntu/ros2_ws/install/moveit_ros_robot_interaction:/home/ubuntu/ros2_ws/install/moveit_planners_ompl:/home/ubuntu/ros2_ws/install/moveit_kinematics:/home/ubuntu/ros2_ws/install/moveit_ros_planning:/home/ubuntu/ros2_ws/install/moveit_simple_controller_manager:/home/ubuntu/ros2_ws/install/moveit_ros_occupancy_map_monitor:/home/ubuntu/ros2_ws/install/moveit_core:/home/ubuntu/ros2_ws/install/moveit_resources_panda_moveit_config:/home/ubuntu/ros2_ws/install/moveit_resources_fanuc_moveit_config:/home/ubuntu/ros2_ws/install/srdfdom:/home/ubuntu/ros2_ws/install/moveit_resources_pr2_description:/home/ubuntu/ros2_ws/install/moveit_resources_panda_description:/home/ubuntu/ros2_ws/install/moveit_resources_fanuc_description:/home/ubuntu/ros2_ws/install/moveit_common:/opt/ros/humble LD_LIBRARY_PATH=/home/ubuntu/ros2_ws/install/moveit_setup_framework/lib:/home/ubuntu/ros2_ws/install/moveit_ros_visualization/lib:/home/ubuntu/ros2_ws/install/moveit_ros_planning_interface/lib:/home/ubuntu/ros2_ws/install/moveit_ros_move_group/lib:/home/ubuntu/ros2_ws/install/moveit_ros_warehouse/lib:/home/ubuntu/ros2_ws/install/moveit_ros_robot_interaction/lib:/home/ubuntu/ros2_ws/install/moveit_planners_ompl/lib:/home/ubuntu/ros2_ws/install/moveit_kinematics/lib:/home/ubuntu/ros2_ws/install/moveit_ros_planning/lib:/home/ubuntu/ros2_ws/install/moveit_simple_controller_manager/lib:/home/ubuntu/ros2_ws/install/moveit_ros_occupancy_map_monitor/lib:/home/ubuntu/ros2_ws/install/moveit_core/lib:/home/ubuntu/ros2_ws/install/srdfdom/lib:${LD_LIBRARY_PATH} PATH=/home/ubuntu/ros2_ws/install/moveit_core/bin:${PATH} PYTHONPATH=/home/ubuntu/ros2_ws/install/moveit_configs_utils/lib/python3.10/site-packages:/home/ubuntu/ros2_ws/install/srdfdom/local/lib/python3.10/dist-packages:/home/ubuntu/ros2_ws/install/launch_param_builder/lib/python3.10/site-packages:${PYTHONPATH} /usr/bin/cmake /home/ubuntu/ros2_ws/src/moveit2/moveit_setup_assistant/moveit_setup_app_plugins -DCMAKE_BUILD_TYPE=Release -DCMAKE_INSTALL_PREFIX=/home/ubuntu/ros2_ws/install/moveit_setup_app_plugins
[6.384s] Invoking command in '/home/ubuntu/ros2_ws/build/moveit_setup_app_plugins': AMENT_PREFIX_PATH=/home/ubuntu/ros2_ws/install/moveit_setup_framework:/home/ubuntu/ros2_ws/install/moveit_ros_visualization:/home/ubuntu/ros2_ws/install/moveit_ros_planning_interface:/home/ubuntu/ros2_ws/install/moveit_ros_move_group:/home/ubuntu/ros2_ws/install/moveit_ros_warehouse:/home/ubuntu/ros2_ws/install/moveit_ros_robot_interaction:/home/ubuntu/ros2_ws/install/moveit_planners_ompl:/home/ubuntu/ros2_ws/install/moveit_kinematics:/home/ubuntu/ros2_ws/install/moveit_ros_planning:/home/ubuntu/ros2_ws/install/moveit_simple_controller_manager:/home/ubuntu/ros2_ws/install/moveit_ros_occupancy_map_monitor:/home/ubuntu/ros2_ws/install/moveit_core:/home/ubuntu/ros2_ws/install/moveit_resources_panda_moveit_config:/home/ubuntu/ros2_ws/install/moveit_resources_fanuc_moveit_config:/home/ubuntu/ros2_ws/install/moveit_configs_utils:/home/ubuntu/ros2_ws/install/srdfdom:/home/ubuntu/ros2_ws/install/moveit_resources_pr2_description:/home/ubuntu/ros2_ws/install/moveit_resources_panda_description:/home/ubuntu/ros2_ws/install/moveit_resources_fanuc_description:/home/ubuntu/ros2_ws/install/moveit_common:/home/ubuntu/ros2_ws/install/launch_param_builder:${AMENT_PREFIX_PATH} CMAKE_PREFIX_PATH=/home/ubuntu/ros2_ws/install/moveit_setup_framework:/home/ubuntu/ros2_ws/install/moveit_ros_visualization:/home/ubuntu/ros2_ws/install/moveit_ros_planning_interface:/home/ubuntu/ros2_ws/install/moveit_ros_move_group:/home/ubuntu/ros2_ws/install/moveit_ros_warehouse:/home/ubuntu/ros2_ws/install/moveit_ros_robot_interaction:/home/ubuntu/ros2_ws/install/moveit_planners_ompl:/home/ubuntu/ros2_ws/install/moveit_kinematics:/home/ubuntu/ros2_ws/install/moveit_ros_planning:/home/ubuntu/ros2_ws/install/moveit_simple_controller_manager:/home/ubuntu/ros2_ws/install/moveit_ros_occupancy_map_monitor:/home/ubuntu/ros2_ws/install/moveit_core:/home/ubuntu/ros2_ws/install/moveit_resources_panda_moveit_config:/home/ubuntu/ros2_ws/install/moveit_resources_fanuc_moveit_config:/home/ubuntu/ros2_ws/install/srdfdom:/home/ubuntu/ros2_ws/install/moveit_resources_pr2_description:/home/ubuntu/ros2_ws/install/moveit_resources_panda_description:/home/ubuntu/ros2_ws/install/moveit_resources_fanuc_description:/home/ubuntu/ros2_ws/install/moveit_common:/opt/ros/humble LD_LIBRARY_PATH=/home/ubuntu/ros2_ws/install/moveit_setup_framework/lib:/home/ubuntu/ros2_ws/install/moveit_ros_visualization/lib:/home/ubuntu/ros2_ws/install/moveit_ros_planning_interface/lib:/home/ubuntu/ros2_ws/install/moveit_ros_move_group/lib:/home/ubuntu/ros2_ws/install/moveit_ros_warehouse/lib:/home/ubuntu/ros2_ws/install/moveit_ros_robot_interaction/lib:/home/ubuntu/ros2_ws/install/moveit_planners_ompl/lib:/home/ubuntu/ros2_ws/install/moveit_kinematics/lib:/home/ubuntu/ros2_ws/install/moveit_ros_planning/lib:/home/ubuntu/ros2_ws/install/moveit_simple_controller_manager/lib:/home/ubuntu/ros2_ws/install/moveit_ros_occupancy_map_monitor/lib:/home/ubuntu/ros2_ws/install/moveit_core/lib:/home/ubuntu/ros2_ws/install/srdfdom/lib:${LD_LIBRARY_PATH} PATH=/home/ubuntu/ros2_ws/install/moveit_core/bin:${PATH} PYTHONPATH=/home/ubuntu/ros2_ws/install/moveit_configs_utils/lib/python3.10/site-packages:/home/ubuntu/ros2_ws/install/srdfdom/local/lib/python3.10/dist-packages:/home/ubuntu/ros2_ws/install/launch_param_builder/lib/python3.10/site-packages:${PYTHONPATH} /usr/bin/cmake --build /home/ubuntu/ros2_ws/build/moveit_setup_app_plugins -- -j24 -l24
[6.459s] [  8%] [34m[1mAutomatic MOC for target gtest[0m
[6.459s] [  8%] [34m[1mAutomatic MOC for target moveit_setup_app_plugins[0m
[6.466s] [ 12%] [34m[1mAutomatic MOC for target gtest_main[0m
[6.496s] [ 12%] Built target gtest_autogen
[6.503s] [ 12%] Built target moveit_setup_app_plugins_autogen
[6.514s] [ 12%] Built target gtest_main_autogen
[6.518s] [ 16%] [34m[1mGenerating include/moveit_setup_app_plugins/moc_perception_widget.cpp[0m
[6.521s] [ 20%] [34m[1mGenerating include/moveit_setup_app_plugins/moc_launches_widget.cpp[0m
[6.531s] [ 24%] [32mBuilding CXX object gtest/CMakeFiles/gtest.dir/src/gtest-all.cc.o[0m
[6.531s] [ 28%] [32mBuilding CXX object gtest/CMakeFiles/gtest.dir/gtest_autogen/mocs_compilation.cpp.o[0m
[6.553s] [ 32%] [32mBuilding CXX object gtest/CMakeFiles/gtest_main.dir/src/gtest_main.cc.o[0m
[6.556s] [ 36%] [32mBuilding CXX object gtest/CMakeFiles/gtest_main.dir/gtest_main_autogen/mocs_compilation.cpp.o[0m
[6.581s] [ 40%] [32mBuilding CXX object CMakeFiles/moveit_setup_app_plugins.dir/moveit_setup_app_plugins_autogen/mocs_compilation.cpp.o[0m
[6.590s] [ 44%] [32mBuilding CXX object CMakeFiles/moveit_setup_app_plugins.dir/src/launches_widget.cpp.o[0m
[6.598s] [ 48%] [32mBuilding CXX object CMakeFiles/moveit_setup_app_plugins.dir/src/launches.cpp.o[0m
[6.608s] [ 52%] [32mBuilding CXX object CMakeFiles/moveit_setup_app_plugins.dir/src/perception_config.cpp.o[0m
[6.613s] [ 56%] [32mBuilding CXX object CMakeFiles/moveit_setup_app_plugins.dir/src/perception.cpp.o[0m
[6.617s] [ 60%] [32mBuilding CXX object CMakeFiles/moveit_setup_app_plugins.dir/src/launches_config.cpp.o[0m
[6.621s] [ 64%] [32mBuilding CXX object CMakeFiles/moveit_setup_app_plugins.dir/include/moveit_setup_app_plugins/moc_launches_widget.cpp.o[0m
[6.631s] [ 68%] [32mBuilding CXX object CMakeFiles/moveit_setup_app_plugins.dir/src/perception_widget.cpp.o[0m
[6.644s] [ 72%] [32mBuilding CXX object CMakeFiles/moveit_setup_app_plugins.dir/include/moveit_setup_app_plugins/moc_perception_widget.cpp.o[0m
[7.428s] [ 76%] [32m[1mLinking CXX static library libgtest_main.a[0m
[7.597s] [ 76%] Built target gtest_main
[45.479s] [ 80%] [32m[1mLinking CXX static library libgtest.a[0m
[49.080s] [ 80%] Built target gtest
[50.603s] [01m[Kc++:[m[K [01;31m[Kfatal error: [m[KKilled signal terminated program cc1plus
[50.605s] compilation terminated.
[50.613s] gmake[2]: *** [CMakeFiles/moveit_setup_app_plugins.dir/build.make:196: CMakeFiles/moveit_setup_app_plugins.dir/include/moveit_setup_app_plugins/moc_perception_widget.cpp.o] Error 1
[50.614s] gmake[2]: *** Waiting for unfinished jobs....
[53.946s] [01m[Kc++:[m[K [01;31m[Kfatal error: [m[KKilled signal terminated program cc1plus
[53.965s] compilation terminated.
[53.971s] gmake[2]: *** [CMakeFiles/moveit_setup_app_plugins.dir/build.make:182: CMakeFiles/moveit_setup_app_plugins.dir/include/moveit_setup_app_plugins/moc_launches_widget.cpp.o] Error 1
[66.305s] gmake[1]: *** [CMakeFiles/Makefile2:161: CMakeFiles/moveit_setup_app_plugins.dir/all] Error 2
[66.305s] gmake: *** [Makefile:146: all] Error 2
