[01m[K/home/ubuntu/ros2_ws/src/isaac_sim_demo/src/cpp_int.cpp:[m[K In function â€˜[01m[Kint main(int, char**)[m[Kâ€™:
[01m[K/home/ubuntu/ros2_ws/src/isaac_sim_demo/src/cpp_int.cpp:75:71:[m[K [01;31m[Kerror: [m[Kbase operand of â€˜[01m[K->[m[Kâ€™ has non-pointer type â€˜[01m[Kmoveit::core::RobotState[m[Kâ€™
   75 |   const moveit::core::JointModelGroup* joint_model_group = robot_state[01;31m[K->[m[KgetJointModelGroup("Group1");
      |                                                                       [01;31m[K^~[m[K
[01m[K/home/ubuntu/ros2_ws/src/isaac_sim_demo/src/cpp_int.cpp:82:14:[m[K [01;31m[Kerror: [m[Kbase operand of â€˜[01m[K->[m[Kâ€™ has non-pointer type â€˜[01m[Kmoveit::core::RobotState[m[Kâ€™
   82 |   robot_state[01;31m[K->[m[KcopyJointGroupPositions(joint_model_group, joint_values);
      |              [01;31m[K^~[m[K
[01m[K/home/ubuntu/ros2_ws/src/isaac_sim_demo/src/cpp_int.cpp:89:60:[m[K [01;31m[Kerror: [m[Kbase operand of â€˜[01m[K->[m[Kâ€™ has non-pointer type â€˜[01m[Kmoveit::core::RobotState[m[Kâ€™
   89 |   const Eigen::Isometry3d& end_effector_state = robot_state[01;31m[K->[m[KgetGlobalLinkTransform("Drone4");
      |                                                            [01;31m[K^~[m[K
[01m[K/home/ubuntu/ros2_ws/src/isaac_sim_demo/src/cpp_int.cpp:95:30:[m[K [01;31m[Kerror: [m[Kbase operand of â€˜[01m[K->[m[Kâ€™ has non-pointer type â€˜[01m[Kmoveit::core::RobotState[m[Kâ€™
   95 |   bool found_ik = robot_state[01;31m[K->[m[KsetFromIK(joint_model_group, new_transform, timeout);
      |                              [01;31m[K^~[m[K
[01m[K/home/ubuntu/ros2_ws/src/isaac_sim_demo/src/cpp_int.cpp:98:16:[m[K [01;31m[Kerror: [m[Kbase operand of â€˜[01m[K->[m[Kâ€™ has non-pointer type â€˜[01m[Kmoveit::core::RobotState[m[Kâ€™
   98 |     robot_state[01;31m[K->[m[KcopyJointGroupPositions(joint_model_group, joint_values);
      |                [01;31m[K^~[m[K
gmake[2]: *** [CMakeFiles/cpp_demo.dir/build.make:76: CMakeFiles/cpp_demo.dir/src/cpp_int.cpp.o] Error 1
gmake[1]: *** [CMakeFiles/Makefile2:337: CMakeFiles/cpp_demo.dir/all] Error 2
gmake: *** [Makefile:146: all] Error 2
