[35m[1mConsolidate compiler generated dependencies of target joint_space[0m
[ 18%] Built target tf_to_pos_node
[ 18%] Built target markers_node
[ 27%] Built target visualization_node
[ 36%] Built target StateSubscriber_node
[ 45%] Built target isaac_sim_demo_library
[ 54%] Built target moveit_test_node
[ 63%] Built target spawn_scene
[ 72%] Built target cartesian
[ 77%] [32mBuilding CXX object CMakeFiles/joint_space.dir/src/joint_space.cpp.o[0m
[ 95%] Built target ompl_lifecycle
[ 95%] Built target ompl_controller_node
[01m[K/home/ubuntu/ros2_ws/src/isaac_sim_demo/src/joint_space.cpp:[m[K In function â€˜[01m[Kint main(int, char**)[m[Kâ€™:
[01m[K/home/ubuntu/ros2_ws/src/isaac_sim_demo/src/joint_space.cpp:616:20:[m[K [01;31m[Kerror: [m[Kâ€˜[01m[Kclass std::shared_ptr<planning_scene::PlanningScene>[m[Kâ€™ has no member named â€˜[01m[KsetStateFeasibilityPredicate[m[Kâ€™
  616 |     planning_scene.[01;31m[KsetStateFeasibilityPredicate[m[K(feasible_predicate)
      |                    [01;31m[K^~~~~~~~~~~~~~~~~~~~~~~~~~~~[m[K
In file included from [01m[K/opt/ros/humble/include/pluginlib/pluginlib/class_loader_imp.hpp:57[m[K,
                 from [01m[K/opt/ros/humble/include/pluginlib/pluginlib/class_loader.hpp:334[m[K,
                 from [01m[K/home/ubuntu/ros2_ws/src/isaac_sim_demo/src/joint_space.cpp:1[m[K:
[01m[K/home/ubuntu/ros2_ws/src/isaac_sim_demo/src/joint_space.cpp:618:30:[m[K [01;31m[Kerror: [m[Kâ€˜[01m[KLoS[m[Kâ€™ was not declared in this scope
  618 |     RCLCPP_INFO(LOGGER,"%s", [01;31m[KLoS[m[K ? "true" : "false");
      |                              [01;31m[K^~~[m[K
gmake[2]: *** [CMakeFiles/joint_space.dir/build.make:76: CMakeFiles/joint_space.dir/src/joint_space.cpp.o] Error 1
gmake[1]: *** [CMakeFiles/Makefile2:339: CMakeFiles/joint_space.dir/all] Error 2
gmake: *** [Makefile:146: all] Error 2
