[35m[1mConsolidate compiler generated dependencies of target moveit_test_node[0m
[ 30%] Built target visualization_node
[ 30%] Built target StateSubscriber_node
[ 30%] Built target markers_node
[ 40%] Built target tf_to_pos_node
[ 50%] Built target isaac_sim_demo_library
[ 60%] Built target spawn_scene
[ 70%] Built target cpp_demo
[ 75%] [32mBuilding CXX object CMakeFiles/moveit_test_node.dir/src/moveit_demo.cpp.o[0m
[ 95%] Built target ompl_lifecycle
[ 95%] Built target ompl_controller_node
[01m[K/home/ubuntu/ros2_ws/src/isaac_sim_demo/src/moveit_demo.cpp:[m[K In function â€˜[01m[Kint main(int, char**)[m[Kâ€™:
[01m[K/home/ubuntu/ros2_ws/src/isaac_sim_demo/src/moveit_demo.cpp:135:41:[m[K [01;31m[Kerror: [m[Kâ€˜[01m[Kusing Pose = struct geometry_msgs::msg::Pose_<std::allocator<void> >[m[Kâ€™ {aka â€˜[01m[Kstruct geometry_msgs::msg::Pose_<std::allocator<void> >[m[Kâ€™} has no member named â€˜[01m[Ksize[m[Kâ€™
  135 |   for (std::size_t i = 0; i < waypoints.[01;31m[Ksize[m[K(); ++i)
      |                                         [01;31m[K^~~~[m[K
[01m[K/home/ubuntu/ros2_ws/src/isaac_sim_demo/src/moveit_demo.cpp:142:71:[m[K [01;31m[Kerror: [m[Kno match for â€˜[01m[Koperator[][m[Kâ€™ (operand types are â€˜[01m[Kgeometry_msgs::msg::Pose[m[Kâ€™ {aka â€˜[01m[Kgeometry_msgs::msg::Pose_<std::allocator<void> >[m[Kâ€™} and â€˜[01m[Kstd::size_t[m[Kâ€™ {aka â€˜[01m[Klong unsigned int[m[Kâ€™})
  142 |     bool found_ik = start_state.setFromIK(joint_model_group, waypoints[01;31m[K[[m[Ki], timeout);
      |                                                                       [01;31m[K^[m[K
In file included from [01m[K/opt/ros/humble/include/rclcpp/rclcpp/logging.hpp:24[m[K,
                 from [01m[K/opt/ros/humble/include/rclcpp/rclcpp/client.hpp:40[m[K,
                 from [01m[K/opt/ros/humble/include/rclcpp/rclcpp/callback_group.hpp:24[m[K,
                 from [01m[K/opt/ros/humble/include/rclcpp/rclcpp/any_executable.hpp:20[m[K,
                 from [01m[K/opt/ros/humble/include/rclcpp/rclcpp/memory_strategy.hpp:25[m[K,
                 from [01m[K/opt/ros/humble/include/rclcpp/rclcpp/memory_strategies.hpp:18[m[K,
                 from [01m[K/opt/ros/humble/include/rclcpp/rclcpp/executor_options.hpp:20[m[K,
                 from [01m[K/opt/ros/humble/include/rclcpp/rclcpp/executor.hpp:37[m[K,
                 from [01m[K/opt/ros/humble/include/rclcpp/rclcpp/executors/multi_threaded_executor.hpp:25[m[K,
                 from [01m[K/opt/ros/humble/include/rclcpp/rclcpp/executors.hpp:21[m[K,
                 from [01m[K/opt/ros/humble/include/rclcpp/rclcpp/rclcpp.hpp:155[m[K,
                 from [01m[K/home/ubuntu/ros2_ws/src/isaac_sim_demo/src/moveit_demo.cpp:3[m[K:
[01m[K/home/ubuntu/ros2_ws/src/isaac_sim_demo/src/moveit_demo.cpp:146:80:[m[K [01;31m[Kerror: [m[Kno match for â€˜[01m[Koperator[][m[Kâ€™ (operand types are â€˜[01m[Kgeometry_msgs::msg::Pose[m[Kâ€™ {aka â€˜[01m[Kgeometry_msgs::msg::Pose_<std::allocator<void> >[m[Kâ€™} and â€˜[01m[Kstd::size_t[m[Kâ€™ {aka â€˜[01m[Klong unsigned int[m[Kâ€™})
  146 |           RCLCPP_INFO(node->get_logger(), "IK for waypoint %f found", waypoints[01;31m[K[[m[Ki]);
      |                                                                                [01;31m[K^[m[K
gmake[2]: *** [CMakeFiles/moveit_test_node.dir/build.make:76: CMakeFiles/moveit_test_node.dir/src/moveit_demo.cpp.o] Error 1
gmake[1]: *** [CMakeFiles/Makefile2:311: CMakeFiles/moveit_test_node.dir/all] Error 2
gmake: *** [Makefile:146: all] Error 2
