[01m[K/home/ubuntu/ros2_ws/src/isaac_sim_demo/src/moveit_demo.cpp:167:5:[m[K [01;31m[Kerror: [m[Knon-static data member declared with placeholder â€˜[01m[Kconst auto[m[Kâ€™
  167 |     [01;31m[Kauto[m[K const logger = rclcpp::get_logger("moveit_demo");
      |     [01;31m[K^~~~[m[K
[01m[K/home/ubuntu/ros2_ws/src/isaac_sim_demo/src/moveit_demo.cpp:168:5:[m[K [01;31m[Kerror: [m[Knon-static data member declared with placeholder â€˜[01m[Kconst auto[m[Kâ€™
  168 |     [01;31m[Kauto[m[K const collision_object = [frame_id =
      |     [01;31m[K^~~~[m[K
[01m[K/home/ubuntu/ros2_ws/src/isaac_sim_demo/src/moveit_demo.cpp:197:7:[m[K [01;31m[Kerror: [m[Kâ€˜[01m[Kplanning_scene_interface[m[Kâ€™ does not name a type
  197 |       [01;31m[Kplanning_scene_interface[m[K.applyCollisionObject(collision_object);
      |       [01;31m[K^~~~~~~~~~~~~~~~~~~~~~~~[m[K
[01m[K/home/ubuntu/ros2_ws/src/isaac_sim_demo/src/moveit_demo.cpp:[m[K In function â€˜[01m[Kint main(int, char**)[m[Kâ€™:
[01m[K/home/ubuntu/ros2_ws/src/isaac_sim_demo/src/moveit_demo.cpp:211:80:[m[K [01;31m[Kerror: [m[Kexpected â€˜[01m[K;[m[Kâ€™ before â€˜[01m[Krclcpp[m[Kâ€™
  211 |     rclcpp::NodeOptions().automatically_declare_parameters_from_overrides(true)
      |                                                                                [01;31m[K^[m[K
      |                                                                                [32m[K;[m[K
  212 |     [32m[Krclcpp[m[K::spin(std::make_shared<MyNode>());
      |     [32m[K~~~~~~[m[K                                                                      
gmake[2]: *** [CMakeFiles/moveit_test.dir/build.make:76: CMakeFiles/moveit_test.dir/src/moveit_demo.cpp.o] Error 1
gmake[1]: *** [CMakeFiles/Makefile2:305: CMakeFiles/moveit_test.dir/all] Error 2
gmake: *** [Makefile:146: all] Error 2
