[  1%] Built target gtest_main
[  5%] Built target moveit_version
[  5%] Built target moveit_utils
[  6%] Built target moveit_kinematics_base
[  7%] Built target moveit_butterworth_parameters
[  8%] Built target moveit_exceptions
[  9%] Built target moveit_transforms
[ 10%] Built target gtest
[ 11%] Built target gmock_main
[ 12%] Built target moveit_smoothing_base
[ 14%] Built target gmock
[ 16%] Built target moveit_distance_field
[ 17%] Built target test_transforms
[ 25%] Built target test_voxel_grid
[ 25%] Built target moveit_robot_model
[ 26%] Built target test_distance_field
[ 28%] Built target moveit_butterworth_filter
[ 28%] Built target moveit_test_utils
[ 31%] Built target moveit_robot_state
[ 32%] Built target test_robot_model
[ 35%] Built target moveit_kinematics_metrics
[ 35%] Built target moveit_dynamics_solver
[ 36%] Built target moveit_robot_trajectory
[ 38%] Built target test_robot_state
[ 39%] Built target test_butterworth_filter
[ 45%] Built target moveit_collision_detection
[ 46%] Built target test_robot_state_complex
[ 47%] Built target test_aabb
[ 48%] Built target test_cartesian_interpolator
[ 49%] Built target test_robot_state_benchmark
[ 51%] Built target test_world
[ 51%] Built target test_robot_trajectory
[ 53%] Built target test_world_diff
[ 57%] Built target moveit_trajectory_processing
[ 59%] Built target moveit_collision_detection_fcl
[ 60%] Built target test_all_valid
[ 62%] Built target moveit_planning_interface
[ 67%] Built target moveit_collision_detection_bullet
[35m[1mConsolidate compiler generated dependencies of target moveit_kinematic_constraints[0m
[ 69%] Built target test_time_optimal_trajectory_generation
[ 70%] Built target test_time_parameterization
[ 72%] Built target test_fcl_collision_env
[ 73%] Built target test_bullet_collision_detection
[ 74%] Built target test_fcl_collision_detection_panda
[ 75%] Built target test_ruckig_traj_smoothing
[ 76%] Built target test_fcl_collision_detection
[ 77%] Built target test_bullet_collision_detection_panda
[ 79%] Built target test_bullet_continuous_collision_checking
[ 79%] [32mBuilding CXX object kinematic_constraints/CMakeFiles/moveit_kinematic_constraints.dir/src/kinematic_constraint.cpp.o[0m
In file included from [01m[K/opt/ros/humble/include/rclcpp/rclcpp/logging.hpp:24[m[K,
                 from [01m[K/home/ubuntu/ros2_ws/src/moveit2/moveit_core/kinematics_base/include/moveit/kinematics_base/kinematics_base.h:42[m[K,
                 from [01m[K/home/ubuntu/ros2_ws/src/moveit2/moveit_core/robot_model/include/moveit/robot_model/joint_model_group.h:42[m[K,
                 from [01m[K/home/ubuntu/ros2_ws/src/moveit2/moveit_core/robot_model/include/moveit/robot_model/robot_model.h:45[m[K,
                 from [01m[K/home/ubuntu/ros2_ws/src/moveit2/moveit_core/kinematic_constraints/include/moveit/kinematic_constraints/kinematic_constraint.h:39[m[K,
                 from [01m[K/home/ubuntu/ros2_ws/src/moveit2/moveit_core/kinematic_constraints/src/kinematic_constraint.cpp:37[m[K:
[01m[K/home/ubuntu/ros2_ws/src/moveit2/moveit_core/kinematic_constraints/src/kinematic_constraint.cpp:[m[K In member function â€˜[01m[Kvirtual kinematic_constraints::ConstraintEvaluationResult kinematic_constraints::VisibilityConstraint::decide(const moveit::core::RobotState&, bool) const[m[Kâ€™:
[01m[K/home/ubuntu/ros2_ws/src/moveit2/moveit_core/kinematic_constraints/src/kinematic_constraint.cpp:1116:3:[m[K [01;31m[Kerror: [m[Kexpected primary-expression before â€˜[01m[K)[m[Kâ€™ token
 1116 |   [01;31m[KRCLCPP_INFO[m[K(LOGGER, "------",);
      |   [01;31m[K^~~~~~~~~~~[m[K
gmake[2]: *** [kinematic_constraints/CMakeFiles/moveit_kinematic_constraints.dir/build.make:76: kinematic_constraints/CMakeFiles/moveit_kinematic_constraints.dir/src/kinematic_constraint.cpp.o] Error 1
gmake[1]: *** [CMakeFiles/Makefile2:1123: kinematic_constraints/CMakeFiles/moveit_kinematic_constraints.dir/all] Error 2
gmake: *** [Makefile:146: all] Error 2
