[35m[1mConsolidate compiler generated dependencies of target ompl_lifecycle[0m
[ 12%] Built target StateSubscriber_node
[ 37%] Built target visualization_node
[ 37%] Built target tf_to_pos_node
[ 50%] Built target markers_node
[ 62%] Built target isaac_sim_demo_library
[ 75%] Built target moveit_test
[ 81%] [32mBuilding CXX object CMakeFiles/ompl_lifecycle.dir/src/ompl_lifecycle.cpp.o[0m
[ 93%] Built target ompl_controller_node
[01m[K/home/ubuntu/ros2_ws/src/isaac_sim_demo/src/ompl_lifecycle.cpp:[m[K In member function â€˜[01m[Kvoid LifecycleTalker::goal_callback(geometry_msgs::msg::PoseStamped_<std::allocator<void> >::SharedPtr)[m[Kâ€™:
[01m[K/home/ubuntu/ros2_ws/src/isaac_sim_demo/src/ompl_lifecycle.cpp:328:9:[m[K [01;31m[Kerror: [m[Kâ€˜[01m[Kgoal_pose[m[Kâ€™ was not declared in this scope; did you mean â€˜[01m[Kquad_pose[m[Kâ€™?
  328 |         [01;31m[Kgoal_pose[m[K[0]= msg->pose.position.x;
      |         [01;31m[K^~~~~~~~~[m[K
      |         [32m[Kquad_pose[m[K
gmake[2]: *** [CMakeFiles/ompl_lifecycle.dir/build.make:76: CMakeFiles/ompl_lifecycle.dir/src/ompl_lifecycle.cpp.o] Error 1
gmake[1]: *** [CMakeFiles/Makefile2:333: CMakeFiles/ompl_lifecycle.dir/all] Error 2
gmake: *** [Makefile:146: all] Error 2
