[01m[K/home/ubuntu/ros2_ws/src/isaac_sim_demo/src/joint_space.cpp:[m[K In function â€˜[01m[Kint main(int, char**)[m[Kâ€™:
[01m[K/home/ubuntu/ros2_ws/src/isaac_sim_demo/src/joint_space.cpp:146:19:[m[K [01;31m[Kerror: [m[Kâ€˜[01m[Kusing element_type = class planning_scene::PlanningScene[m[Kâ€™ {aka â€˜[01m[Kclass planning_scene::PlanningScene[m[Kâ€™} has no member named â€˜[01m[KsetActiveCollisionDetector[m[Kâ€™; did you mean â€˜[01m[KallocateCollisionDetector[m[Kâ€™?
  146 |   planning_scene->[01;31m[KsetActiveCollisionDetector[m[K(collision_detection::CollisionDetectorAllocatorBullet::create());
      |                   [01;31m[K^~~~~~~~~~~~~~~~~~~~~~~~~~[m[K
      |                   [32m[KallocateCollisionDetector[m[K
[01m[K/home/ubuntu/ros2_ws/src/isaac_sim_demo/src/joint_space.cpp:146:67:[m[K [01;31m[Kerror: [m[Kâ€˜[01m[Kcollision_detection::CollisionDetectorAllocatorBullet[m[Kâ€™ has not been declared
  146 |   planning_scene->setActiveCollisionDetector(collision_detection::[01;31m[KCollisionDetectorAllocatorBullet[m[K::create());
      |                                                                   [01;31m[K^~~~~~~~~~~~~~~~~~~~~~~~~~~~~~~~[m[K
gmake[2]: *** [CMakeFiles/joint_space.dir/build.make:76: CMakeFiles/joint_space.dir/src/joint_space.cpp.o] Error 1
gmake[1]: *** [CMakeFiles/Makefile2:339: CMakeFiles/joint_space.dir/all] Error 2
gmake: *** [Makefile:146: all] Error 2
