[01m[K/home/ubuntu/ros2_ws/src/isaac_sim_demo/src/moveit_demo.cpp:[m[K In function â€˜[01m[Kint main(int, char**)[m[Kâ€™:
[01m[K/home/ubuntu/ros2_ws/src/isaac_sim_demo/src/moveit_demo.cpp:179:86:[m[K [01;31m[Kerror: [m[Kexpected primary-expression before â€˜[01m[K&[m[Kâ€™ token
  179 |     visual_tools.publishEEMarkers(ee_pose,joint_model_group,joint_values, std::string[01;31m[K&[m[K ns = "end_effector");
      |                                                                                      [01;31m[K^[m[K
[01m[K/home/ubuntu/ros2_ws/src/isaac_sim_demo/src/moveit_demo.cpp:179:88:[m[K [01;31m[Kerror: [m[Kâ€˜[01m[Kns[m[Kâ€™ was not declared in this scope
  179 |     visual_tools.publishEEMarkers(ee_pose,joint_model_group,joint_values, std::string& [01;31m[Kns[m[K = "end_effector");
      |                                                                                        [01;31m[K^~[m[K
gmake[2]: *** [CMakeFiles/moveit_test_node.dir/build.make:76: CMakeFiles/moveit_test_node.dir/src/moveit_demo.cpp.o] Error 1
gmake[1]: *** [CMakeFiles/Makefile2:311: CMakeFiles/moveit_test_node.dir/all] Error 2
gmake: *** [Makefile:146: all] Error 2
