[01m[K/home/ubuntu/ros2_ws/src/isaac_sim_demo/src/cpp_int.cpp:[m[K In function â€˜[01m[Kint main(int, char**)[m[Kâ€™:
[01m[K/home/ubuntu/ros2_ws/src/isaac_sim_demo/src/cpp_int.cpp:32:74:[m[K [01;31m[Kerror: [m[Kexpected primary-expression before â€˜[01m[K)[m[Kâ€™ token
   32 |       new planning_scene_monitor::PlanningSceneMonitor(robot_model_loader[01;31m[K)[m[K);
      |                                                                          [01;31m[K^[m[K
[01m[K/home/ubuntu/ros2_ws/src/isaac_sim_demo/src/cpp_int.cpp:45:63:[m[K [01;31m[Kerror: [m[Kexpected primary-expression before â€˜[01m[K->[m[Kâ€™ token
   45 |   moveit::core::RobotModelPtr robot_model = robot_model_loader[01;31m[K->[m[KgetModel();
      |                                                               [01;31m[K^~[m[K
[01m[K/home/ubuntu/ros2_ws/src/isaac_sim_demo/src/cpp_int.cpp:57:3:[m[K [01;31m[Kerror: [m[Kâ€˜[01m[Kplanning_pipeline[m[Kâ€™ has not been declared
   57 |   [01;31m[Kplanning_pipeline[m[K::PlanningPipelinePtr planning_pipeline(
      |   [01;31m[K^~~~~~~~~~~~~~~~~[m[K
[01m[K/home/ubuntu/ros2_ws/src/isaac_sim_demo/src/cpp_int.cpp:59:23:[m[K [01;31m[Kerror: [m[Kâ€˜[01m[Kplanning_pipeline[m[Kâ€™ was not declared in this scope; did you mean â€˜[01m[Kplanning_scene[m[Kâ€™?
   59 |   auto planner_name = [01;31m[Kplanning_pipeline[m[K->
      |                       [01;31m[K^~~~~~~~~~~~~~~~~[m[K
      |                       [32m[Kplanning_scene[m[K
In file included from [01m[K/home/ubuntu/ros2_ws/install/moveit_core/include/moveit/kinematics_base/kinematics_base.h:42[m[K,
                 from [01m[K/home/ubuntu/ros2_ws/install/moveit_core/include/moveit/robot_model/joint_model_group.h:42[m[K,
                 from [01m[K/home/ubuntu/ros2_ws/install/moveit_core/include/moveit/robot_model/robot_model.h:45[m[K,
                 from [01m[K/home/ubuntu/ros2_ws/install/moveit_ros_planning/include/moveit/robot_model_loader/robot_model_loader.h:40[m[K,
                 from [01m[K/home/ubuntu/ros2_ws/src/isaac_sim_demo/src/cpp_int.cpp:4[m[K:
[01m[K/home/ubuntu/ros2_ws/src/isaac_sim_demo/src/cpp_int.cpp:60:3:[m[K [01;31m[Kerror: [m[Kexpected unqualified-id before â€˜[01m[Kdo[m[Kâ€™
   60 |   [01;31m[KRCLCPP_WARN[m[K(LOGGER, "Exception while creating planning plugin loader %s", planner_name);
      |   [01;31m[K^~~~~~~~~~~[m[K
[01m[K/home/ubuntu/ros2_ws/src/isaac_sim_demo/src/cpp_int.cpp:60:3:[m[K [01;31m[Kerror: [m[Kexpected â€˜[01m[K,[m[Kâ€™ or â€˜[01m[K;[m[Kâ€™ before â€˜[01m[Kwhile[m[Kâ€™
   60 |   [01;31m[KRCLCPP_WARN[m[K(LOGGER, "Exception while creating planning plugin loader %s", planner_name);
      |   [01;31m[K^~~~~~~~~~~[m[K
[01m[K/home/ubuntu/ros2_ws/src/isaac_sim_demo/src/cpp_int.cpp:69:55:[m[K [01;31m[Kerror: [m[Kâ€˜[01m[Kmove_group[m[Kâ€™ was not declared in this scope
   69 |                                                       [01;31m[Kmove_group[m[K.getRobotModel());
      |                                                       [01;31m[K^~~~~~~~~~[m[K
[01m[K/home/ubuntu/ros2_ws/src/isaac_sim_demo/src/cpp_int.cpp:55:40:[m[K [01;35m[Kwarning: [m[Kunused variable â€˜[01m[Kjoint_model_group[m[Kâ€™ [[01;35m[K]8;;https://gcc.gnu.org/onlinedocs/gcc/Warning-Options.html#index-Wunused-variable-Wunused-variable]8;;[m[K]
   55 |   const moveit::core::JointModelGroup* [01;35m[Kjoint_model_group[m[K = robot_state->getJointModelGroup("panda_arm");
      |                                        [01;35m[K^~~~~~~~~~~~~~~~~[m[K
gmake[2]: *** [CMakeFiles/cpp_demo.dir/build.make:76: CMakeFiles/cpp_demo.dir/src/cpp_int.cpp.o] Error 1
gmake[1]: *** [CMakeFiles/Makefile2:335: CMakeFiles/cpp_demo.dir/all] Error 2
gmake: *** [Makefile:146: all] Error 2
