[35m[1mConsolidate compiler generated dependencies of target cpp_demo[0m
[ 20%] Built target visualization_node
[ 20%] Built target markers_node
[ 30%] Built target tf_to_pos_node
[ 40%] Built target StateSubscriber_node
[ 50%] Built target moveit_test_node
[ 60%] Built target isaac_sim_demo_library
[ 65%] [32mBuilding CXX object CMakeFiles/spawn_scene.dir/src/spawn_scene.cpp.o[0m
[ 70%] [32mBuilding CXX object CMakeFiles/cpp_demo.dir/src/cpp_int.cpp.o[0m
[ 90%] Built target ompl_lifecycle
[ 90%] Built target ompl_controller_node
[01m[K/home/ubuntu/ros2_ws/src/isaac_sim_demo/src/cpp_int.cpp:[m[K In function â€˜[01m[Kint main(int, char**)[m[Kâ€™:
[01m[K/home/ubuntu/ros2_ws/src/isaac_sim_demo/src/cpp_int.cpp:57:3:[m[K [01;31m[Kerror: [m[Kâ€˜[01m[Kplanning_scene_[m[Kâ€™ was not declared in this scope; did you mean â€˜[01m[Kplanning_scene[m[Kâ€™?
   57 |   [01;31m[Kplanning_scene_[m[K = std::make_shared<planning_scene::PlanningScene>(robot_model);
      |   [01;31m[K^~~~~~~~~~~~~~~[m[K
      |   [32m[Kplanning_scene[m[K
[01m[K/home/ubuntu/ros2_ws/src/isaac_sim_demo/src/cpp_int.cpp:116:51:[m[K [01;31m[Kerror: [m[Kqualified-id in declaration before â€˜[01m[K([m[Kâ€™ token
  116 |   bool planning_scene::PlanningScene::isStateValid[01;31m[K([m[Krobot_state,joint_model_group);
      |                                                   [01;31m[K^[m[K
gmake[2]: *** [CMakeFiles/cpp_demo.dir/build.make:76: CMakeFiles/cpp_demo.dir/src/cpp_int.cpp.o] Error 1
gmake[1]: *** [CMakeFiles/Makefile2:337: CMakeFiles/cpp_demo.dir/all] Error 2
gmake[1]: *** Waiting for unfinished jobs....
[ 95%] [32m[1mLinking CXX executable spawn_scene[0m
[ 95%] Built target spawn_scene
gmake: *** [Makefile:146: all] Error 2
