[35m[1mConsolidate compiler generated dependencies of target moveit_test[0m
[ 57%] Built target visualization_node
[ 57%] Built target StateSubscriber_node
[ 57%] Built target tf_to_pos_node
[ 57%] Built target markers_node
[ 71%] Built target isaac_sim_demo_library
[ 78%] [32mBuilding CXX object CMakeFiles/moveit_test.dir/src/moveit_demo.cpp.o[0m
[ 92%] Built target ompl_controller_node
[01m[K/home/ubuntu/ros2_ws/src/isaac_sim_demo/src/moveit_demo.cpp:[m[K In lambda function:
[01m[K/home/ubuntu/ros2_ws/src/isaac_sim_demo/src/moveit_demo.cpp:99:3:[m[K [01;31m[Kerror: [m[Kuse of â€˜[01m[Kcollision_object1[m[Kâ€™ before deduction of â€˜[01m[Kauto[m[Kâ€™
   99 |   [01;31m[Kcollision_object1[m[K.primitives.push_back(primitive);
      |   [01;31m[K^~~~~~~~~~~~~~~~~[m[K
[01m[K/home/ubuntu/ros2_ws/src/isaac_sim_demo/src/moveit_demo.cpp:100:3:[m[K [01;31m[Kerror: [m[Kuse of â€˜[01m[Kcollision_object1[m[Kâ€™ before deduction of â€˜[01m[Kauto[m[Kâ€™
  100 |   [01;31m[Kcollision_object1[m[K.primitive_poses.push_back(box_pose);
      |   [01;31m[K^~~~~~~~~~~~~~~~~[m[K
[01m[K/home/ubuntu/ros2_ws/src/isaac_sim_demo/src/moveit_demo.cpp:101:3:[m[K [01;31m[Kerror: [m[Kuse of â€˜[01m[Kcollision_object1[m[Kâ€™ before deduction of â€˜[01m[Kauto[m[Kâ€™
  101 |   [01;31m[Kcollision_object1[m[K.operation = collision_object.ADD;
      |   [01;31m[K^~~~~~~~~~~~~~~~~[m[K
gmake[2]: *** [CMakeFiles/moveit_test.dir/build.make:76: CMakeFiles/moveit_test.dir/src/moveit_demo.cpp.o] Error 1
gmake[1]: *** [CMakeFiles/Makefile2:305: CMakeFiles/moveit_test.dir/all] Error 2
gmake: *** [Makefile:146: all] Error 2
