[35m[1mConsolidate compiler generated dependencies of target cpp_demo[0m
[ 10%] Built target markers_node
[ 20%] Built target visualization_node
[ 30%] Built target tf_to_pos_node
[ 40%] Built target StateSubscriber_node
[ 50%] Built target isaac_sim_demo_library
[ 60%] Built target spawn_scene
[ 70%] Built target moveit_test_node
[ 75%] [32mBuilding CXX object CMakeFiles/cpp_demo.dir/src/cpp_int.cpp.o[0m
[ 95%] Built target ompl_lifecycle
[ 95%] Built target ompl_controller_node
[01m[K/home/ubuntu/ros2_ws/src/isaac_sim_demo/src/cpp_int.cpp:[m[K In function â€˜[01m[Kint main(int, char**)[m[Kâ€™:
[01m[K/home/ubuntu/ros2_ws/src/isaac_sim_demo/src/cpp_int.cpp:117:33:[m[K [01;31m[Kerror: [m[Kâ€˜[01m[Kclass std::shared_ptr<planning_scene::PlanningScene>[m[Kâ€™ has no member named â€˜[01m[KisStateValid[m[Kâ€™
  117 |   bool isValid = planning_scene.[01;31m[KisStateValid[m[K(robot_state,"Group1");
      |                                 [01;31m[K^~~~~~~~~~~~[m[K
[01m[K/home/ubuntu/ros2_ws/src/isaac_sim_demo/src/cpp_int.cpp:122:35:[m[K [01;31m[Kerror: [m[Kâ€˜[01m[Kclass std::shared_ptr<planning_scene::PlanningScene>[m[Kâ€™ has no member named â€˜[01m[KisStateValid[m[Kâ€™
  122 |     bool isValid = planning_scene.[01;31m[KisStateValid[m[K(robot_state,"Group1");
      |                                   [01;31m[K^~~~~~~~~~~~[m[K
[01m[K/home/ubuntu/ros2_ws/src/isaac_sim_demo/src/cpp_int.cpp:117:8:[m[K [01;35m[Kwarning: [m[Kunused variable â€˜[01m[KisValid[m[Kâ€™ [[01;35m[K]8;;https://gcc.gnu.org/onlinedocs/gcc/Warning-Options.html#index-Wunused-variable-Wunused-variable]8;;[m[K]
  117 |   bool [01;35m[KisValid[m[K = planning_scene.isStateValid(robot_state,"Group1");
      |        [01;35m[K^~~~~~~[m[K
[01m[K/home/ubuntu/ros2_ws/src/isaac_sim_demo/src/cpp_int.cpp:150:35:[m[K [01;35m[Kwarning: [m[Kunused variable â€˜[01m[Kjoint_names[m[Kâ€™ [[01;35m[K]8;;https://gcc.gnu.org/onlinedocs/gcc/Warning-Options.html#index-Wunused-variable-Wunused-variable]8;;[m[K]
  150 |   const std::vector<std::string>& [01;35m[Kjoint_names[m[K = joint_model_group->getVariableNames();
      |                                   [01;35m[K^~~~~~~~~~~[m[K
gmake[2]: *** [CMakeFiles/cpp_demo.dir/build.make:76: CMakeFiles/cpp_demo.dir/src/cpp_int.cpp.o] Error 1
gmake[1]: *** [CMakeFiles/Makefile2:337: CMakeFiles/cpp_demo.dir/all] Error 2
gmake: *** [Makefile:146: all] Error 2
