[35m[1mConsolidate compiler generated dependencies of target moveit_test[0m
[ 25%] Built target markers_node
[ 25%] Built target StateSubscriber_node
[ 37%] Built target tf_to_pos_node
[ 50%] Built target visualization_node
[ 62%] Built target isaac_sim_demo_library
[ 68%] [32mBuilding CXX object CMakeFiles/moveit_test.dir/src/moveit_demo.cpp.o[0m
[ 93%] Built target ompl_lifecycle
[ 93%] Built target ompl_controller_node
[01m[K/home/ubuntu/ros2_ws/src/isaac_sim_demo/src/moveit_demo.cpp:[m[K In function â€˜[01m[Kint main(int, char**)[m[Kâ€™:
[01m[K/home/ubuntu/ros2_ws/src/isaac_sim_demo/src/moveit_demo.cpp:150:28:[m[K [01;31m[Kerror: [m[Kâ€˜[01m[Kclass moveit::planning_interface::PlanningSceneInterface[m[Kâ€™ has no member named â€˜[01m[KaddlyCollisionObject[m[Kâ€™; did you mean â€˜[01m[KapplyCollisionObject[m[Kâ€™?
  150 |   planning_scene_interface.[01;31m[KaddlyCollisionObject[m[K(collision_object);
      |                            [01;31m[K^~~~~~~~~~~~~~~~~~~~[m[K
      |                            [32m[KapplyCollisionObject[m[K
[01m[K/home/ubuntu/ros2_ws/src/isaac_sim_demo/src/moveit_demo.cpp:151:28:[m[K [01;31m[Kerror: [m[Kâ€˜[01m[Kclass moveit::planning_interface::PlanningSceneInterface[m[Kâ€™ has no member named â€˜[01m[KaddlyCollisionObject[m[Kâ€™; did you mean â€˜[01m[KapplyCollisionObject[m[Kâ€™?
  151 |   planning_scene_interface.[01;31m[KaddlyCollisionObject[m[K(collision_object1);
      |                            [01;31m[K^~~~~~~~~~~~~~~~~~~~[m[K
      |                            [32m[KapplyCollisionObject[m[K
gmake[2]: *** [CMakeFiles/moveit_test.dir/build.make:76: CMakeFiles/moveit_test.dir/src/moveit_demo.cpp.o] Error 1
gmake[1]: *** [CMakeFiles/Makefile2:307: CMakeFiles/moveit_test.dir/all] Error 2
gmake: *** [Makefile:146: all] Error 2
