[01m[K/home/ubuntu/ros2_ws/src/isaac_sim_demo/src/joint_space.cpp:27:59:[m[K [01;31m[Kerror: [m[Kcapture of non-variable â€˜[01m[Kplanning_scene[m[Kâ€™
   27 | moveit::core::GroupStateValidityCallbackFn callback_fn = [[01;31m[Kplanning_scene[m[K](moveit::core::RobotState* robot_state, const moveit::core::JointModelGroup* joint_group, const double* joint_group_variable_values) {
      |                                                           [01;31m[K^~~~~~~~~~~~~~[m[K
In file included from [01m[K/home/ubuntu/ros2_ws/install/moveit_ros_planning/include/moveit/planning_pipeline/planning_pipeline.h:39[m[K,
                 from [01m[K/home/ubuntu/ros2_ws/src/isaac_sim_demo/src/joint_space.cpp:8[m[K:
[01m[K/home/ubuntu/ros2_ws/install/moveit_core/include/moveit/planning_interface/planning_interface.h:47:11:[m[K [01;36m[Knote: [m[Kâ€˜[01m[Knamespace planning_scene { }[m[Kâ€™ declared here
   47 | namespace [01;36m[Kplanning_scene[m[K
      |           [01;36m[K^~~~~~~~~~~~~~[m[K
[01m[K/home/ubuntu/ros2_ws/src/isaac_sim_demo/src/joint_space.cpp:[m[K In lambda function:
[01m[K/home/ubuntu/ros2_ws/src/isaac_sim_demo/src/joint_space.cpp:27:101:[m[K [01;35m[Kwarning: [m[Kunused parameter â€˜[01m[Krobot_state[m[Kâ€™ [[01;35m[K]8;;https://gcc.gnu.org/onlinedocs/gcc/Warning-Options.html#index-Wunused-parameter-Wunused-parameter]8;;[m[K]
   27 | moveit::core::GroupStateValidityCallbackFn callback_fn = [planning_scene]([01;35m[Kmoveit::core::RobotState* robot_state[m[K, const moveit::core::JointModelGroup* joint_group, const double* joint_group_variable_values) {
      |                                                                           [01;35m[K~~~~~~~~~~~~~~~~~~~~~~~~~~^~~~~~~~~~~[m[K
[01m[K/home/ubuntu/ros2_ws/src/isaac_sim_demo/src/joint_space.cpp:27:151:[m[K [01;35m[Kwarning: [m[Kunused parameter â€˜[01m[Kjoint_group[m[Kâ€™ [[01;35m[K]8;;https://gcc.gnu.org/onlinedocs/gcc/Warning-Options.html#index-Wunused-parameter-Wunused-parameter]8;;[m[K]
   27 | moveit::core::GroupStateValidityCallbackFn callback_fn = [planning_scene](moveit::core::RobotState* robot_state, [01;35m[Kconst moveit::core::JointModelGroup* joint_group[m[K, const double* joint_group_variable_values) {
      |                                                                                                                  [01;35m[K~~~~~~~~~~~~~~~~~~~~~~~~~~~~~~~~~~~~~^~~~~~~~~~~[m[K
[01m[K/home/ubuntu/ros2_ws/src/isaac_sim_demo/src/joint_space.cpp:27:178:[m[K [01;35m[Kwarning: [m[Kunused parameter â€˜[01m[Kjoint_group_variable_values[m[Kâ€™ [[01;35m[K]8;;https://gcc.gnu.org/onlinedocs/gcc/Warning-Options.html#index-Wunused-parameter-Wunused-parameter]8;;[m[K]
   27 | moveit::core::GroupStateValidityCallbackFn callback_fn = [planning_scene](moveit::core::RobotState* robot_state, const moveit::core::JointModelGroup* joint_group, [01;35m[Kconst double* joint_group_variable_values[m[K) {
      |                                                                                                                                                                    [01;35m[K~~~~~~~~~~~~~~^~~~~~~~~~~~~~~~~~~~~~~~~~~[m[K
[01m[K/home/ubuntu/ros2_ws/src/isaac_sim_demo/src/joint_space.cpp:[m[K In function â€˜[01m[Kint main(int, char**)[m[Kâ€™:
[01m[K/home/ubuntu/ros2_ws/src/isaac_sim_demo/src/joint_space.cpp:98:61:[m[K [01;31m[Kerror: [m[Kâ€˜[01m[KmyStateValidityCallback[m[Kâ€™ was not declared in this scope
   98 |   moveit::core::GroupStateValidityCallbackFn callback_fn = &[01;31m[KmyStateValidityCallback[m[K;
      |                                                             [01;31m[K^~~~~~~~~~~~~~~~~~~~~~~[m[K
gmake[2]: *** [CMakeFiles/joint_space.dir/build.make:76: CMakeFiles/joint_space.dir/src/joint_space.cpp.o] Error 1
gmake[1]: *** [CMakeFiles/Makefile2:339: CMakeFiles/joint_space.dir/all] Error 2
gmake: *** [Makefile:146: all] Error 2
