[ 20%] Built target visualization_node
[ 20%] Built target StateSubscriber_node
[ 30%] Built target markers_node
[ 40%] Built target tf_to_pos_node
[ 60%] Built target moveit_test_node
[ 60%] Built target cpp_demo
[ 65%] [32mBuilding CXX object CMakeFiles/spawn_scene.dir/src/spawn_scene.cpp.o[0m
[ 75%] Built target isaac_sim_demo_library
[ 95%] Built target ompl_lifecycle
[ 95%] Built target ompl_controller_node
[01m[K/home/ubuntu/ros2_ws/src/isaac_sim_demo/src/spawn_scene.cpp:[m[K In function â€˜[01m[Kint main(int, char**)[m[Kâ€™:
[01m[K/home/ubuntu/ros2_ws/src/isaac_sim_demo/src/spawn_scene.cpp:14:3:[m[K [01;31m[Kerror: [m[Kexpected primary-expression before â€˜[01m[K)[m[Kâ€™ token
   14 |   [01;31m[K)[m[K;
      |   [01;31m[K^[m[K
gmake[2]: *** [CMakeFiles/spawn_scene.dir/build.make:76: CMakeFiles/spawn_scene.dir/src/spawn_scene.cpp.o] Error 1
gmake[1]: *** [CMakeFiles/Makefile2:363: CMakeFiles/spawn_scene.dir/all] Error 2
gmake: *** [Makefile:146: all] Error 2
