[01m[K/home/ubuntu/ros2_ws/src/moveit2/moveit_core/kinematic_constraints/src/kinematic_constraint.cpp:[m[K In member function â€˜[01m[Kvirtual kinematic_constraints::ConstraintEvaluationResult kinematic_constraints::VisibilityConstraint::decide(const moveit::core::RobotState&, bool) const[m[Kâ€™:
[01m[K/home/ubuntu/ros2_ws/src/moveit2/moveit_core/kinematic_constraints/src/kinematic_constraint.cpp:1154:35:[m[K [01;31m[Kerror: [m[Kâ€˜[01m[Kshape_poses[m[Kâ€™ was not declared in this scope; did you mean â€˜[01m[Kshape_msgs[m[Kâ€™?
 1154 |   collision_object.shape_poses_ = [01;31m[Kshape_poses[m[K;
      |                                   [01;31m[K^~~~~~~~~~~[m[K
      |                                   [32m[Kshape_msgs[m[K
gmake[2]: *** [kinematic_constraints/CMakeFiles/moveit_kinematic_constraints.dir/build.make:76: kinematic_constraints/CMakeFiles/moveit_kinematic_constraints.dir/src/kinematic_constraint.cpp.o] Error 1
gmake[1]: *** [CMakeFiles/Makefile2:1123: kinematic_constraints/CMakeFiles/moveit_kinematic_constraints.dir/all] Error 2
gmake: *** [Makefile:146: all] Error 2
