[  1%] Built target moveit_kinematics_base
[  3%] Built target moveit_version
[  4%] Built target gtest
[  5%] Built target moveit_exceptions
[  6%] Built target moveit_transforms
[  8%] Built target gmock
[ 10%] Built target moveit_distance_field
[ 12%] Built target moveit_utils
[ 13%] Built target gmock_main
[ 14%] Built target moveit_butterworth_parameters
[ 15%] Built target gtest_main
[ 16%] Built target moveit_smoothing_base
[ 17%] Built target test_transforms
[ 19%] Built target test_distance_field
[ 19%] Built target test_voxel_grid
[ 26%] Built target moveit_robot_model
[ 27%] Built target moveit_butterworth_filter
[ 28%] Built target moveit_test_utils
[ 31%] Built target moveit_robot_state
[ 32%] Built target test_butterworth_filter
[ 33%] Built target moveit_robot_trajectory
[ 34%] Built target test_robot_model
[ 35%] Built target test_robot_state_complex
[ 36%] Built target test_cartesian_interpolator
[ 38%] Built target moveit_dynamics_solver
[ 39%] Built target moveit_kinematics_metrics
[ 41%] Built target test_robot_state
[ 47%] Built target moveit_collision_detection
[ 48%] Built target test_robot_state_benchmark
[ 49%] Built target test_aabb
[ 51%] Built target moveit_planning_interface
[ 54%] Built target test_robot_trajectory
[ 56%] Built target moveit_trajectory_processing
[ 58%] Built target test_world_diff
[ 59%] Built target test_world
[ 60%] Built target test_all_valid
[ 62%] Built target moveit_collision_detection_fcl
[ 67%] Built target moveit_collision_detection_bullet
[ 69%] Built target test_time_optimal_trajectory_generation
[ 70%] Built target test_time_parameterization
[ 71%] Built target test_ruckig_traj_smoothing
[35m[1mConsolidate compiler generated dependencies of target moveit_kinematic_constraints[0m
[ 72%] Built target test_bullet_collision_detection
[ 74%] Built target test_bullet_collision_detection_panda
[ 75%] Built target test_fcl_collision_env
[ 76%] Built target test_fcl_collision_detection
[ 77%] Built target test_fcl_collision_detection_panda
[ 79%] Built target test_bullet_continuous_collision_checking
[ 79%] [32mBuilding CXX object kinematic_constraints/CMakeFiles/moveit_kinematic_constraints.dir/src/kinematic_constraint.cpp.o[0m
[01m[K/home/ubuntu/ros2_ws/src/moveit2/moveit_core/kinematic_constraints/src/kinematic_constraint.cpp:[m[K In member function â€˜[01m[Kvirtual kinematic_constraints::ConstraintEvaluationResult kinematic_constraints::VisibilityConstraint::decide(const moveit::core::RobotState&, bool) const[m[Kâ€™:
[01m[K/home/ubuntu/ros2_ws/src/moveit2/moveit_core/kinematic_constraints/src/kinematic_constraint.cpp:1154:35:[m[K [01;31m[Kerror: [m[Kâ€˜[01m[Kshape_poses[m[Kâ€™ was not declared in this scope; did you mean â€˜[01m[Kshape_msgs[m[Kâ€™?
 1154 |   collision_object.shape_poses_ = [01;31m[Kshape_poses[m[K;
      |                                   [01;31m[K^~~~~~~~~~~[m[K
      |                                   [32m[Kshape_msgs[m[K
gmake[2]: *** [kinematic_constraints/CMakeFiles/moveit_kinematic_constraints.dir/build.make:76: kinematic_constraints/CMakeFiles/moveit_kinematic_constraints.dir/src/kinematic_constraint.cpp.o] Error 1
gmake[1]: *** [CMakeFiles/Makefile2:1123: kinematic_constraints/CMakeFiles/moveit_kinematic_constraints.dir/all] Error 2
gmake: *** [Makefile:146: all] Error 2
