[35m[1mConsolidate compiler generated dependencies of target cpp_demo[0m
[ 10%] Built target StateSubscriber_node
[ 20%] Built target visualization_node
[ 30%] Built target markers_node
[ 40%] Built target isaac_sim_demo_library
[ 50%] Built target tf_to_pos_node
[ 60%] Built target moveit_test_node
[ 70%] Built target spawn_scene
[ 75%] [32mBuilding CXX object CMakeFiles/cpp_demo.dir/src/cpp_int.cpp.o[0m
[ 95%] Built target ompl_lifecycle
[ 95%] Built target ompl_controller_node
[01m[K/home/ubuntu/ros2_ws/src/isaac_sim_demo/src/cpp_int.cpp:[m[K In function â€˜[01m[Kint main(int, char**)[m[Kâ€™:
[01m[K/home/ubuntu/ros2_ws/src/isaac_sim_demo/src/cpp_int.cpp:71:54:[m[K [01;31m[Kerror: [m[Kno matching function for call to â€˜[01m[KrobotStateMsgToRobotState(const RobotState&, moveit::core::RobotStatePtr&)[m[Kâ€™
   71 |               [01;31m[Kmoveit::core::robotStateMsgToRobotState(robot_state_msg, robot_state)[m[K;
      |               [01;31m[K~~~~~~~~~~~~~~~~~~~~~~~~~~~~~~~~~~~~~~~^~~~~~~~~~~~~~~~~~~~~~~~~~~~~~[m[K
In file included from [01m[K/home/ubuntu/ros2_ws/src/isaac_sim_demo/src/cpp_int.cpp:8[m[K:
[01m[K/home/ubuntu/ros2_ws/install/moveit_core/include/moveit/robot_state/conversions.h:63:6:[m[K [01;36m[Knote: [m[Kcandidate: â€˜[01m[Kbool moveit::core::robotStateMsgToRobotState(const moveit::core::Transforms&, const RobotState&, moveit::core::RobotState&, bool)[m[Kâ€™
   63 | bool [01;36m[KrobotStateMsgToRobotState[m[K(const Transforms& tf, const moveit_msgs::msg::RobotState& robot_state, RobotState& state,
      |      [01;36m[K^~~~~~~~~~~~~~~~~~~~~~~~~[m[K
[01m[K/home/ubuntu/ros2_ws/install/moveit_core/include/moveit/robot_state/conversions.h:63:6:[m[K [01;36m[Knote: [m[K  candidate expects 4 arguments, 2 provided
[01m[K/home/ubuntu/ros2_ws/install/moveit_core/include/moveit/robot_state/conversions.h:73:6:[m[K [01;36m[Knote: [m[Kcandidate: â€˜[01m[Kbool moveit::core::robotStateMsgToRobotState(const RobotState&, moveit::core::RobotState&, bool)[m[Kâ€™
   73 | bool [01;36m[KrobotStateMsgToRobotState[m[K(const moveit_msgs::msg::RobotState& robot_state, RobotState& state,
      |      [01;36m[K^~~~~~~~~~~~~~~~~~~~~~~~~[m[K
[01m[K/home/ubuntu/ros2_ws/install/moveit_core/include/moveit/robot_state/conversions.h:73:93:[m[K [01;36m[Knote: [m[K  no known conversion for argument 2 from â€˜[01m[Kmoveit::core::RobotStatePtr[m[Kâ€™ {aka â€˜[01m[Kstd::shared_ptr<moveit::core::RobotState>[m[Kâ€™} to â€˜[01m[Kmoveit::core::RobotState&[m[Kâ€™
   73 | bool robotStateMsgToRobotState(const moveit_msgs::msg::RobotState& robot_state, [01;36m[KRobotState& state[m[K,
      |                                                                                 [01;36m[K~~~~~~~~~~~~^~~~~[m[K
In file included from [01m[K/home/ubuntu/ros2_ws/install/moveit_core/include/moveit/kinematics_base/kinematics_base.h:42[m[K,
                 from [01m[K/home/ubuntu/ros2_ws/install/moveit_core/include/moveit/robot_model/joint_model_group.h:42[m[K,
                 from [01m[K/home/ubuntu/ros2_ws/install/moveit_core/include/moveit/robot_model/robot_model.h:45[m[K,
                 from [01m[K/home/ubuntu/ros2_ws/install/moveit_ros_planning/include/moveit/robot_model_loader/robot_model_loader.h:40[m[K,
                 from [01m[K/home/ubuntu/ros2_ws/src/isaac_sim_demo/src/cpp_int.cpp:7[m[K:
[01m[K/home/ubuntu/ros2_ws/src/isaac_sim_demo/src/cpp_int.cpp:146:51:[m[K [01;31m[Kerror: [m[Kâ€˜[01m[Kend_effector_state[m[Kâ€™ was not declared in this scope
  146 |   RCLCPP_INFO_STREAM(LOGGER, "Translation: \n" << [01;31m[Kend_effector_state[m[K.translation().x()+0.1 << "\n");
      |                                                   [01;31m[K^~~~~~~~~~~~~~~~~~[m[K
[01m[K/home/ubuntu/ros2_ws/src/isaac_sim_demo/src/cpp_int.cpp:165:26:[m[K [01;31m[Kerror: [m[Kâ€˜[01m[Kend_effector_state[m[Kâ€™ was not declared in this scope
  165 |   pose.pose.position.x = [01;31m[Kend_effector_state[m[K.translation().x()+0.1;
      |                          [01;31m[K^~~~~~~~~~~~~~~~~~[m[K
gmake[2]: *** [CMakeFiles/cpp_demo.dir/build.make:76: CMakeFiles/cpp_demo.dir/src/cpp_int.cpp.o] Error 1
gmake[1]: *** [CMakeFiles/Makefile2:337: CMakeFiles/cpp_demo.dir/all] Error 2
gmake: *** [Makefile:146: all] Error 2
