[35m[1mConsolidate compiler generated dependencies of target cpp_demo[0m
[ 30%] Built target StateSubscriber_node
[ 30%] Built target tf_to_pos_node
[ 30%] Built target visualization_node
[ 40%] Built target markers_node
[ 50%] Built target isaac_sim_demo_library
[ 60%] Built target moveit_test_node
[ 70%] Built target spawn_scene
[ 75%] [32mBuilding CXX object CMakeFiles/cpp_demo.dir/src/cpp_int.cpp.o[0m
[ 95%] Built target ompl_controller_node
[ 95%] Built target ompl_lifecycle
[01m[K/home/ubuntu/ros2_ws/src/isaac_sim_demo/src/cpp_int.cpp:[m[K In function â€˜[01m[Kint main(int, char**)[m[Kâ€™:
[01m[K/home/ubuntu/ros2_ws/src/isaac_sim_demo/src/cpp_int.cpp:217:56:[m[K [01;31m[Kerror: [m[Kconversion from â€˜[01m[Krobot_trajectory::RobotTrajectoryPtr*[m[Kâ€™ {aka â€˜[01m[Kstd::shared_ptr<robot_trajectory::RobotTrajectory>*[m[Kâ€™} to non-scalar type â€˜[01m[Kmoveit_msgs::msg::RobotTrajectory[m[Kâ€™ {aka â€˜[01m[Kmoveit_msgs::msg::RobotTrajectory_<std::allocator<void> >[m[Kâ€™} requested
  217 |         moveit_msgs::msg::RobotTrajectory trajectory = [01;31m[K&res.trajectory_[m[K;
      |                                                        [01;31m[K^~~~~~~~~~~~~~~~[m[K
gmake[2]: *** [CMakeFiles/cpp_demo.dir/build.make:76: CMakeFiles/cpp_demo.dir/src/cpp_int.cpp.o] Error 1
gmake[1]: *** [CMakeFiles/Makefile2:337: CMakeFiles/cpp_demo.dir/all] Error 2
gmake: *** [Makefile:146: all] Error 2
