[01m[K/home/ubuntu/ros2_ws/src/isaac_sim_demo/src/ompl_lifecycle.cpp:[m[K In member function â€˜[01m[Kvoid LifecycleTalker::pose_callback(geometry_msgs::msg::PoseStamped_<std::allocator<void> >::SharedPtr)[m[Kâ€™:
[01m[K/home/ubuntu/ros2_ws/src/isaac_sim_demo/src/ompl_lifecycle.cpp:62:5:[m[K [01;31m[Kerror: [m[Kâ€˜[01m[Kquad_pose[m[Kâ€™ was not declared in this scope
   62 |     [01;31m[Kquad_pose[m[K[0]= &msg->pose.position.x;
      |     [01;31m[K^~~~~~~~~[m[K
gmake[2]: *** [CMakeFiles/ompl_lifecycle.dir/build.make:76: CMakeFiles/ompl_lifecycle.dir/src/ompl_lifecycle.cpp.o] Error 1
gmake[1]: *** [CMakeFiles/Makefile2:333: CMakeFiles/ompl_lifecycle.dir/all] Error 2
gmake[1]: *** Waiting for unfinished jobs....
gmake: *** [Makefile:146: all] Error 2
