[01m[K/home/ubuntu/ros2_ws/src/isaac_sim_demo/src/cpp_int.cpp:[m[K In function â€˜[01m[Kint main(int, char**)[m[Kâ€™:
[01m[K/home/ubuntu/ros2_ws/src/isaac_sim_demo/src/cpp_int.cpp:60:31:[m[K [01;31m[Kerror: [m[Kredeclaration of â€˜[01m[Kmoveit::core::RobotStatePtr robot_state[m[Kâ€™
   60 |   moveit::core::RobotStatePtr [01;31m[Krobot_state[m[K(new moveit::core::RobotState(robot_model));
      |                               [01;31m[K^~~~~~~~~~~[m[K
[01m[K/home/ubuntu/ros2_ws/src/isaac_sim_demo/src/cpp_int.cpp:51:31:[m[K [01;36m[Knote: [m[Kâ€˜[01m[Kmoveit::core::RobotStatePtr robot_state[m[Kâ€™ previously declared here
   51 |   moveit::core::RobotStatePtr [01;36m[Krobot_state[m[K(new moveit::core::RobotState(robot_model));
      |                               [01;36m[K^~~~~~~~~~~[m[K
[01m[K/home/ubuntu/ros2_ws/src/isaac_sim_demo/src/moveit_demo.cpp:[m[K In function â€˜[01m[Kint main(int, char**)[m[Kâ€™:
[01m[K/home/ubuntu/ros2_ws/src/isaac_sim_demo/src/moveit_demo.cpp:78:60:[m[K [01;31m[Kerror: [m[Kbase operand of â€˜[01m[K->[m[Kâ€™ has non-pointer type â€˜[01m[Kmoveit::core::RobotState[m[Kâ€™
   78 |   const Eigen::Isometry3d& end_effector_state = start_state[01;31m[K->[m[KgetGlobalLinkTransform("Drone4");
      |                                                            [01;31m[K^~[m[K
[01m[K/home/ubuntu/ros2_ws/src/isaac_sim_demo/src/moveit_demo.cpp:78:28:[m[K [01;35m[Kwarning: [m[Kunused variable â€˜[01m[Kend_effector_state[m[Kâ€™ [[01;35m[K]8;;https://gcc.gnu.org/onlinedocs/gcc/Warning-Options.html#index-Wunused-variable-Wunused-variable]8;;[m[K]
   78 |   const Eigen::Isometry3d& [01;35m[Kend_effector_state[m[K = start_state->getGlobalLinkTransform("Drone4");
      |                            [01;35m[K^~~~~~~~~~~~~~~~~~[m[K
gmake[2]: *** [CMakeFiles/cpp_demo.dir/build.make:76: CMakeFiles/cpp_demo.dir/src/cpp_int.cpp.o] Error 1
gmake[1]: *** [CMakeFiles/Makefile2:337: CMakeFiles/cpp_demo.dir/all] Error 2
gmake[1]: *** Waiting for unfinished jobs....
gmake[2]: *** [CMakeFiles/moveit_test_node.dir/build.make:76: CMakeFiles/moveit_test_node.dir/src/moveit_demo.cpp.o] Error 1
gmake[1]: *** [CMakeFiles/Makefile2:311: CMakeFiles/moveit_test_node.dir/all] Error 2
gmake: *** [Makefile:146: all] Error 2
