[01m[K/home/ubuntu/ros2_ws/src/isaac_sim_demo/src/joint_space.cpp:[m[K In function â€˜[01m[Kvoid configure_bullet(std::shared_ptr<planning_scene::PlanningScene>, moveit::core::RobotState&)[m[Kâ€™:
[01m[K/home/ubuntu/ros2_ws/src/isaac_sim_demo/src/joint_space.cpp:124:31:[m[K [01;31m[Kerror: [m[Kâ€˜[01m[KEigen::Quaterniond[m[Kâ€™ {aka â€˜[01m[Kclass Eigen::Quaternion<double>[m[Kâ€™} has no member named â€˜[01m[Kscalar[m[Kâ€™; did you mean â€˜[01m[KScalar[m[Kâ€™?
  124 |       std::cout << quaternion.[01;31m[Kscalar[m[K << std::endl;
      |                               [01;31m[K^~~~~~[m[K
      |                               [32m[KScalar[m[K
gmake[2]: *** [CMakeFiles/joint_space.dir/build.make:76: CMakeFiles/joint_space.dir/src/joint_space.cpp.o] Error 1
gmake[1]: *** [CMakeFiles/Makefile2:339: CMakeFiles/joint_space.dir/all] Error 2
gmake: *** [Makefile:146: all] Error 2
