[01m[K/home/ubuntu/ros2_ws/src/isaac_sim_demo/src/joint_space.cpp:[m[K In function â€˜[01m[Kint main(int, char**)[m[Kâ€™:
[01m[K/home/ubuntu/ros2_ws/src/isaac_sim_demo/src/joint_space.cpp:446:55:[m[K [01;31m[Kerror: [m[Kâ€˜[01m[Kattached_object[m[Kâ€™ was not declared in this scope
  446 |     planning_scene1.world.collision_objects.push_back([01;31m[Kattached_object[m[K.object);
      |                                                       [01;31m[K^~~~~~~~~~~~~~~[m[K
[01m[K/home/ubuntu/ros2_ws/src/isaac_sim_demo/src/joint_space.cpp:448:5:[m[K [01;31m[Kerror: [m[Kâ€˜[01m[Kplanning_scene_diff_publisher[m[Kâ€™ was not declared in this scope
  448 |     [01;31m[Kplanning_scene_diff_publisher[m[K->publish(planning_scene);
      |     [01;31m[K^~~~~~~~~~~~~~~~~~~~~~~~~~~~~[m[K
gmake[2]: *** [CMakeFiles/joint_space.dir/build.make:76: CMakeFiles/joint_space.dir/src/joint_space.cpp.o] Error 1
gmake[1]: *** [CMakeFiles/Makefile2:339: CMakeFiles/joint_space.dir/all] Error 2
gmake: *** [Makefile:146: all] Error 2
