[01m[K/home/ubuntu/ros2_ws/src/isaac_sim_demo/src/cpp_int.cpp:[m[K In function â€˜[01m[Kint main(int, char**)[m[Kâ€™:
[01m[K/home/ubuntu/ros2_ws/src/isaac_sim_demo/src/cpp_int.cpp:166:77:[m[K [01;31m[Kerror: [m[Kâ€˜[01m[Kstruct planning_interface::MotionPlanResponse[m[Kâ€™ has no member named â€˜[01m[Kval[m[Kâ€™
  166 |       if (!planning_pipeline->generatePlan(planning_scene, req, res) || res.[01;31m[Kval[m[K != res.error_code_.SUCCESS)
      |                                                                             [01;31m[K^~~[m[K
gmake[2]: *** [CMakeFiles/cpp_demo.dir/build.make:76: CMakeFiles/cpp_demo.dir/src/cpp_int.cpp.o] Error 1
gmake[1]: *** [CMakeFiles/Makefile2:337: CMakeFiles/cpp_demo.dir/all] Error 2
gmake: *** [Makefile:146: all] Error 2
