[35m[1mConsolidate compiler generated dependencies of target joint_space[0m
[  9%] Built target StateSubscriber_node
[ 27%] Built target visualization_node
[ 27%] Built target markers_node
[ 36%] Built target tf_to_pos_node
[ 45%] Built target spawn_scene
[ 54%] Built target isaac_sim_demo_library
[ 63%] Built target cartesian
[ 72%] Built target moveit_test_node
[ 77%] [32mBuilding CXX object CMakeFiles/joint_space.dir/src/joint_space.cpp.o[0m
[ 95%] Built target ompl_lifecycle
[ 95%] Built target ompl_controller_node
[01m[K/home/ubuntu/ros2_ws/src/isaac_sim_demo/src/joint_space.cpp:[m[K In function â€˜[01m[Kvoid configure_bullet(std::shared_ptr<planning_scene::PlanningScene>, moveit::core::RobotState&)[m[Kâ€™:
[01m[K/home/ubuntu/ros2_ws/src/isaac_sim_demo/src/joint_space.cpp:117:71:[m[K [01;31m[Kerror: [m[Krequest for member â€˜[01m[Kget[m[Kâ€™ in â€˜[01m[Kshape[m[Kâ€™, which is of non-class type â€˜[01m[Kshapes::ShapeType[m[Kâ€™
  117 |       const shapes::Box* box = dynamic_cast<const shapes::Box*>(shape.[01;31m[Kget[m[K());
      |                                                                       [01;31m[K^~~[m[K
gmake[2]: *** [CMakeFiles/joint_space.dir/build.make:76: CMakeFiles/joint_space.dir/src/joint_space.cpp.o] Error 1
gmake[1]: *** [CMakeFiles/Makefile2:339: CMakeFiles/joint_space.dir/all] Error 2
gmake: *** [Makefile:146: all] Error 2
