[35m[1mConsolidate compiler generated dependencies of target cpp_demo[0m
[ 10%] Built target markers_node
[ 20%] Built target visualization_node
[ 30%] Built target StateSubscriber_node
[ 40%] Built target tf_to_pos_node
[ 50%] Built target isaac_sim_demo_library
[ 70%] Built target moveit_test_node
[ 70%] Built target spawn_scene
[ 75%] [32mBuilding CXX object CMakeFiles/cpp_demo.dir/src/cpp_int.cpp.o[0m
[ 95%] Built target ompl_controller_node
[ 95%] Built target ompl_lifecycle
[01m[K/home/ubuntu/ros2_ws/src/isaac_sim_demo/src/cpp_int.cpp:[m[K In function â€˜[01m[Kint main(int, char**)[m[Kâ€™:
[01m[K/home/ubuntu/ros2_ws/src/isaac_sim_demo/src/cpp_int.cpp:103:72:[m[K [01;31m[Kerror: [m[Kâ€˜[01m[Kmoveit::core::RobotStatePtr[m[Kâ€™ {aka â€˜[01m[Kclass std::shared_ptr<moveit::core::RobotState>[m[Kâ€™} has no member named â€˜[01m[KgetJointModelGroup[m[Kâ€™
  103 |   const moveit::core::JointModelGroup* joint_model_group = robot_state.[01;31m[KgetJointModelGroup[m[K("Group1");
      |                                                                        [01;31m[K^~~~~~~~~~~~~~~~~~[m[K
[01m[K/home/ubuntu/ros2_ws/src/isaac_sim_demo/src/cpp_int.cpp:109:61:[m[K [01;31m[Kerror: [m[Kâ€˜[01m[Kmoveit::core::RobotStatePtr[m[Kâ€™ {aka â€˜[01m[Kclass std::shared_ptr<moveit::core::RobotState>[m[Kâ€™} has no member named â€˜[01m[KgetGlobalLinkTransform[m[Kâ€™
  109 |   const Eigen::Isometry3d& end_effector_state = robot_state.[01;31m[KgetGlobalLinkTransform[m[K("Drone4");
      |                                                             [01;31m[K^~~~~~~~~~~~~~~~~~~~~~[m[K
[01m[K/home/ubuntu/ros2_ws/src/isaac_sim_demo/src/cpp_int.cpp:115:31:[m[K [01;31m[Kerror: [m[Kâ€˜[01m[Kmoveit::core::RobotStatePtr[m[Kâ€™ {aka â€˜[01m[Kclass std::shared_ptr<moveit::core::RobotState>[m[Kâ€™} has no member named â€˜[01m[KsetFromIK[m[Kâ€™
  115 |   bool found_ik = robot_state.[01;31m[KsetFromIK[m[K(joint_model_group, new_transform, timeout);
      |                               [01;31m[K^~~~~~~~~[m[K
[01m[K/home/ubuntu/ros2_ws/src/isaac_sim_demo/src/cpp_int.cpp:122:48:[m[K [01;31m[Kerror: [m[Kno matching function for call to â€˜[01m[Kplanning_scene::PlanningScene::isStateValid(moveit::core::RobotStatePtr&, const char [7])[m[Kâ€™
  122 |     bool isValid = [01;31m[Kplanning_scene->isStateValid(robot_state,"Group1")[m[K;
      |                    [01;31m[K~~~~~~~~~~~~~~~~~~~~~~~~~~~~^~~~~~~~~~~~~~~~~~~~~~[m[K
In file included from [01m[K/home/ubuntu/ros2_ws/install/moveit_core/include/moveit/planning_request_adapter/planning_request_adapter.h:41[m[K,
                 from [01m[K/home/ubuntu/ros2_ws/install/moveit_ros_planning/include/moveit/planning_pipeline/planning_pipeline.h:40[m[K,
                 from [01m[K/home/ubuntu/ros2_ws/src/isaac_sim_demo/src/cpp_int.cpp:9[m[K:
[01m[K/home/ubuntu/ros2_ws/install/moveit_core/include/moveit/planning_scene/planning_scene.h:825:8:[m[K [01;36m[Knote: [m[Kcandidate: â€˜[01m[Kbool planning_scene::PlanningScene::isStateValid(const RobotState&, const string&, bool) const[m[Kâ€™
  825 |   bool [01;36m[KisStateValid[m[K(const moveit_msgs::msg::RobotState& state, const std::string& group = "",
      |        [01;36m[K^~~~~~~~~~~~[m[K
[01m[K/home/ubuntu/ros2_ws/install/moveit_core/include/moveit/planning_scene/planning_scene.h:825:57:[m[K [01;36m[Knote: [m[K  no known conversion for argument 1 from â€˜[01m[Kmoveit::core::RobotStatePtr[m[Kâ€™ {aka â€˜[01m[Kstd::shared_ptr<moveit::core::RobotState>[m[Kâ€™} to â€˜[01m[Kconst RobotState&[m[Kâ€™ {aka â€˜[01m[Kconst moveit_msgs::msg::RobotState_<std::allocator<void> >&[m[Kâ€™}
  825 |   bool isStateValid([01;36m[Kconst moveit_msgs::msg::RobotState& state[m[K, const std::string& group = "",
      |                     [01;36m[K~~~~~~~~~~~~~~~~~~~~~~~~~~~~~~~~~~~~^~~~~[m[K
[01m[K/home/ubuntu/ros2_ws/install/moveit_core/include/moveit/planning_scene/planning_scene.h:829:8:[m[K [01;36m[Knote: [m[Kcandidate: â€˜[01m[Kbool planning_scene::PlanningScene::isStateValid(const moveit::core::RobotState&, const string&, bool) const[m[Kâ€™
  829 |   bool [01;36m[KisStateValid[m[K(const moveit::core::RobotState& state, const std::string& group = "", bool verbose = false) const;
      |        [01;36m[K^~~~~~~~~~~~[m[K
[01m[K/home/ubuntu/ros2_ws/install/moveit_core/include/moveit/planning_scene/planning_scene.h:829:53:[m[K [01;36m[Knote: [m[K  no known conversion for argument 1 from â€˜[01m[Kmoveit::core::RobotStatePtr[m[Kâ€™ {aka â€˜[01m[Kstd::shared_ptr<moveit::core::RobotState>[m[Kâ€™} to â€˜[01m[Kconst moveit::core::RobotState&[m[Kâ€™
  829 |   bool isStateValid([01;36m[Kconst moveit::core::RobotState& state[m[K, const std::string& group = "", bool verbose = false) const;
      |                     [01;36m[K~~~~~~~~~~~~~~~~~~~~~~~~~~~~~~~~^~~~~[m[K
[01m[K/home/ubuntu/ros2_ws/install/moveit_core/include/moveit/planning_scene/planning_scene.h:833:8:[m[K [01;36m[Knote: [m[Kcandidate: â€˜[01m[Kbool planning_scene::PlanningScene::isStateValid(const RobotState&, const Constraints&, const string&, bool) const[m[Kâ€™
  833 |   bool [01;36m[KisStateValid[m[K(const moveit_msgs::msg::RobotState& state, const moveit_msgs::msg::Constraints& constr,
      |        [01;36m[K^~~~~~~~~~~~[m[K
[01m[K/home/ubuntu/ros2_ws/install/moveit_core/include/moveit/planning_scene/planning_scene.h:833:57:[m[K [01;36m[Knote: [m[K  no known conversion for argument 1 from â€˜[01m[Kmoveit::core::RobotStatePtr[m[Kâ€™ {aka â€˜[01m[Kstd::shared_ptr<moveit::core::RobotState>[m[Kâ€™} to â€˜[01m[Kconst RobotState&[m[Kâ€™ {aka â€˜[01m[Kconst moveit_msgs::msg::RobotState_<std::allocator<void> >&[m[Kâ€™}
  833 |   bool isStateValid([01;36m[Kconst moveit_msgs::msg::RobotState& state[m[K, const moveit_msgs::msg::Constraints& constr,
      |                     [01;36m[K~~~~~~~~~~~~~~~~~~~~~~~~~~~~~~~~~~~~^~~~~[m[K
[01m[K/home/ubuntu/ros2_ws/install/moveit_core/include/moveit/planning_scene/planning_scene.h:838:8:[m[K [01;36m[Knote: [m[Kcandidate: â€˜[01m[Kbool planning_scene::PlanningScene::isStateValid(const moveit::core::RobotState&, const Constraints&, const string&, bool) const[m[Kâ€™
  838 |   bool [01;36m[KisStateValid[m[K(const moveit::core::RobotState& state, const moveit_msgs::msg::Constraints& constr,
      |        [01;36m[K^~~~~~~~~~~~[m[K
[01m[K/home/ubuntu/ros2_ws/install/moveit_core/include/moveit/planning_scene/planning_scene.h:838:53:[m[K [01;36m[Knote: [m[K  no known conversion for argument 1 from â€˜[01m[Kmoveit::core::RobotStatePtr[m[Kâ€™ {aka â€˜[01m[Kstd::shared_ptr<moveit::core::RobotState>[m[Kâ€™} to â€˜[01m[Kconst moveit::core::RobotState&[m[Kâ€™
  838 |   bool isStateValid([01;36m[Kconst moveit::core::RobotState& state[m[K, const moveit_msgs::msg::Constraints& constr,
      |                     [01;36m[K~~~~~~~~~~~~~~~~~~~~~~~~~~~~~~~~^~~~~[m[K
[01m[K/home/ubuntu/ros2_ws/install/moveit_core/include/moveit/planning_scene/planning_scene.h:843:8:[m[K [01;36m[Knote: [m[Kcandidate: â€˜[01m[Kbool planning_scene::PlanningScene::isStateValid(const moveit::core::RobotState&, const kinematic_constraints::KinematicConstraintSet&, const string&, bool) const[m[Kâ€™
  843 |   bool [01;36m[KisStateValid[m[K(const moveit::core::RobotState& state, const kinematic_constraints::KinematicConstraintSet& constr,
      |        [01;36m[K^~~~~~~~~~~~[m[K
[01m[K/home/ubuntu/ros2_ws/install/moveit_core/include/moveit/planning_scene/planning_scene.h:843:53:[m[K [01;36m[Knote: [m[K  no known conversion for argument 1 from â€˜[01m[Kmoveit::core::RobotStatePtr[m[Kâ€™ {aka â€˜[01m[Kstd::shared_ptr<moveit::core::RobotState>[m[Kâ€™} to â€˜[01m[Kconst moveit::core::RobotState&[m[Kâ€™
  843 |   bool isStateValid([01;36m[Kconst moveit::core::RobotState& state[m[K, const kinematic_constraints::KinematicConstraintSet& constr,
      |                     [01;36m[K~~~~~~~~~~~~~~~~~~~~~~~~~~~~~~~~^~~~~[m[K
gmake[2]: *** [CMakeFiles/cpp_demo.dir/build.make:76: CMakeFiles/cpp_demo.dir/src/cpp_int.cpp.o] Error 1
gmake[1]: *** [CMakeFiles/Makefile2:337: CMakeFiles/cpp_demo.dir/all] Error 2
gmake: *** [Makefile:146: all] Error 2
