[35m[1mConsolidate compiler generated dependencies of target joint_space[0m
[  9%] Built target markers_node
[ 18%] Built target StateSubscriber_node
[ 27%] Built target tf_to_pos_node
[ 36%] Built target visualization_node
[ 45%] Built target isaac_sim_demo_library
[ 54%] Built target moveit_test_node
[ 63%] Built target cartesian
[ 72%] Built target spawn_scene
[ 77%] [32mBuilding CXX object CMakeFiles/joint_space.dir/src/joint_space.cpp.o[0m
[ 86%] Built target ompl_lifecycle
[ 95%] Built target ompl_controller_node
[01m[K/home/ubuntu/ros2_ws/src/isaac_sim_demo/src/joint_space.cpp:[m[K In function â€˜[01m[Kint main(int, char**)[m[Kâ€™:
[01m[K/home/ubuntu/ros2_ws/src/isaac_sim_demo/src/joint_space.cpp:615:5:[m[K [01;31m[Kerror: [m[Kcannot convert â€˜[01m[Kmain(int, char**)::<lambda(moveit::core::RobotState*, bool)>[m[Kâ€™ to â€˜[01m[Kbool[m[Kâ€™ in initialization
  615 |     [01;31m[K}[m[K;
      |     [01;31m[K^[m[K
gmake[2]: *** [CMakeFiles/joint_space.dir/build.make:76: CMakeFiles/joint_space.dir/src/joint_space.cpp.o] Error 1
gmake[1]: *** [CMakeFiles/Makefile2:339: CMakeFiles/joint_space.dir/all] Error 2
gmake: *** [Makefile:146: all] Error 2
