[01m[K/home/ubuntu/ros2_ws/src/isaac_sim_demo/src/cpp_int.cpp:[m[K In function â€˜[01m[Kint main(int, char**)[m[Kâ€™:
[01m[K/home/ubuntu/ros2_ws/src/isaac_sim_demo/src/cpp_int.cpp:158:80:[m[K [01;31m[Kerror: [m[Kexpected â€˜[01m[K;[m[Kâ€™ before â€˜[01m[Kvisual_tools[m[Kâ€™
  158 |           visual_tools.publishTrajectoryLine(res.trajectory_,joint_model_group)
      |                                                                                [01;31m[K^[m[K
      |                                                                                [32m[K;[m[K
  159 |           [32m[Kvisual_tools[m[K.trigger();
      |           [32m[K~~~~~~~~~~~~[m[K                                                          
gmake[2]: *** [CMakeFiles/cpp_demo.dir/build.make:76: CMakeFiles/cpp_demo.dir/src/cpp_int.cpp.o] Error 1
gmake[1]: *** [CMakeFiles/Makefile2:337: CMakeFiles/cpp_demo.dir/all] Error 2
gmake: *** [Makefile:146: all] Error 2
