[35m[1mConsolidate compiler generated dependencies of target joint_space[0m
[  9%] Built target StateSubscriber_node
[ 18%] Built target markers_node
[ 27%] Built target visualization_node
[ 36%] Built target tf_to_pos_node
[ 45%] Built target moveit_test_node
[ 54%] Built target spawn_scene
[ 63%] Built target isaac_sim_demo_library
[ 72%] Built target cartesian
[ 77%] [32mBuilding CXX object CMakeFiles/joint_space.dir/src/joint_space.cpp.o[0m
[ 95%] Built target ompl_lifecycle
[ 95%] Built target ompl_controller_node
[01m[K/home/ubuntu/ros2_ws/src/isaac_sim_demo/src/joint_space.cpp:[m[K In function â€˜[01m[Kint main(int, char**)[m[Kâ€™:
[01m[K/home/ubuntu/ros2_ws/src/isaac_sim_demo/src/joint_space.cpp:277:74:[m[K [01;31m[Kerror: [m[Kconversion from â€˜[01m[Kconst Isometry3d[m[Kâ€™ {aka â€˜[01m[Kconst Eigen::Transform<double, 3, 1>[m[Kâ€™} to non-scalar type â€˜[01m[Kmoveit::core::Transforms[m[Kâ€™ requested
  277 |       moveit::core::Transforms transforms = [01;31m[Krobot_state.getFrameTransform("Drone4")[m[K;
      |                                             [01;31m[K~~~~~~~~~~~~~~~~~~~~~~~~~~~~~^~~~~~~~~~[m[K
[01m[K/home/ubuntu/ros2_ws/src/isaac_sim_demo/src/joint_space.cpp:278:40:[m[K [01;31m[Kerror: [m[Kâ€˜[01m[Kvisibility_constraint[m[Kâ€™ was not declared in this scope
  278 |       vis_constraint_checker.configure([01;31m[Kvisibility_constraint[m[K, transforms);
      |                                        [01;31m[K^~~~~~~~~~~~~~~~~~~~~[m[K
gmake[2]: *** [CMakeFiles/joint_space.dir/build.make:76: CMakeFiles/joint_space.dir/src/joint_space.cpp.o] Error 1
gmake[1]: *** [CMakeFiles/Makefile2:339: CMakeFiles/joint_space.dir/all] Error 2
gmake: *** [Makefile:146: all] Error 2
