[01m[K/home/ubuntu/ros2_ws/src/isaac_sim_demo/src/moveit_demo.cpp:[m[K In constructor â€˜[01m[KMyNode::MyNode()[m[Kâ€™:
[01m[K/home/ubuntu/ros2_ws/src/isaac_sim_demo/src/moveit_demo.cpp:157:58:[m[K [01;31m[Kerror: [m[Kâ€˜[01m[Knode[m[Kâ€™ was not declared in this scope; did you mean â€˜[01m[KNode[m[Kâ€™?
  157 |           auto move_group_interface = MoveGroupInterface([01;31m[Knode[m[K, "Group1");
      |                                                          [01;31m[K^~~~[m[K
      |                                                          [32m[KNode[m[K
[01m[K/home/ubuntu/ros2_ws/src/isaac_sim_demo/src/moveit_demo.cpp:[m[K In lambda function:
[01m[K/home/ubuntu/ros2_ws/src/isaac_sim_demo/src/moveit_demo.cpp:161:44:[m[K [01;31m[Kerror: [m[Kâ€˜[01m[Kframe_id[m[Kâ€™ was not declared in this scope
  161 |         collision_object.header.frame_id = [01;31m[Kframe_id[m[K;
      |                                            [01;31m[K^~~~~~~~[m[K
[01m[K/home/ubuntu/ros2_ws/src/isaac_sim_demo/src/moveit_demo.cpp:[m[K In function â€˜[01m[Kint main(int, char**)[m[Kâ€™:
[01m[K/home/ubuntu/ros2_ws/src/isaac_sim_demo/src/moveit_demo.cpp:210:80:[m[K [01;31m[Kerror: [m[Kexpected â€˜[01m[K;[m[Kâ€™ before â€˜[01m[Krclcpp[m[Kâ€™
  210 |     rclcpp::NodeOptions().automatically_declare_parameters_from_overrides(true)
      |                                                                                [01;31m[K^[m[K
      |                                                                                [32m[K;[m[K
  211 |     [32m[Krclcpp[m[K::spin(std::make_shared<MyNode>());
      |     [32m[K~~~~~~[m[K                                                                      
gmake[2]: *** [CMakeFiles/moveit_test.dir/build.make:76: CMakeFiles/moveit_test.dir/src/moveit_demo.cpp.o] Error 1
gmake[1]: *** [CMakeFiles/Makefile2:305: CMakeFiles/moveit_test.dir/all] Error 2
gmake: *** [Makefile:146: all] Error 2
