[35m[1mConsolidate compiler generated dependencies of target joint_space[0m
[ 16%] Built target visualization_node
[ 16%] Built target tf_to_pos_node
[ 25%] Built target StateSubscriber_node
[ 33%] Built target markers_node
[ 41%] Built target drone_marker_publisher
[ 50%] Built target isaac_sim_demo_library
[ 58%] Built target moveit_test_node
[ 66%] Built target cartesian
[ 75%] Built target spawn_scene
[ 79%] [32mBuilding CXX object CMakeFiles/joint_space.dir/src/joint_space.cpp.o[0m
[ 95%] Built target ompl_controller_node
[ 95%] Built target ompl_lifecycle
[01m[K/home/ubuntu/ros2_ws/src/isaac_sim_demo/src/joint_space.cpp:[m[K In function â€˜[01m[Kint main(int, char**)[m[Kâ€™:
[01m[K/home/ubuntu/ros2_ws/src/isaac_sim_demo/src/joint_space.cpp:543:76:[m[K [01;31m[Kerror: [m[Kexpected â€˜[01m[K;[m[Kâ€™ before â€˜[01m[Kdo[m[Kâ€™
  543 |           calculate_joint_distances(msg.trajectory.joint_trajectory,LOGGER)
      |                                                                            [01;31m[K^[m[K
      |                                                                            [32m[K;[m[K
gmake[2]: *** [CMakeFiles/joint_space.dir/build.make:76: CMakeFiles/joint_space.dir/src/joint_space.cpp.o] Error 1
gmake[1]: *** [CMakeFiles/Makefile2:341: CMakeFiles/joint_space.dir/all] Error 2
gmake: *** [Makefile:146: all] Error 2
