[35m[1mConsolidate compiler generated dependencies of target moveit_test_node[0m
[ 11%] Built target markers_node
[ 22%] Built target StateSubscriber_node
[ 33%] Built target tf_to_pos_node
[ 44%] Built target visualization_node
[ 55%] Built target isaac_sim_demo_library
[ 66%] Built target cpp_demo
[ 72%] [32mBuilding CXX object CMakeFiles/moveit_test_node.dir/src/moveit_demo.cpp.o[0m
[ 83%] Built target ompl_lifecycle
[ 94%] Built target ompl_controller_node
[01m[K/home/ubuntu/ros2_ws/src/isaac_sim_demo/src/moveit_demo.cpp:[m[K In function â€˜[01m[Kint main(int, char**)[m[Kâ€™:
[01m[K/home/ubuntu/ros2_ws/src/isaac_sim_demo/src/moveit_demo.cpp:37:56:[m[K [01;31m[Kerror: [m[Kbase operand of â€˜[01m[K->[m[Kâ€™ has non-pointer type â€˜[01m[Kmoveit::planning_interface::MoveGroupInterface[m[Kâ€™
   37 |   const std::string planner_name = move_group_interface[01;31m[K->[m[KgetPlannerPluginName();
      |                                                        [01;31m[K^~[m[K
gmake[2]: *** [CMakeFiles/moveit_test_node.dir/build.make:76: CMakeFiles/moveit_test_node.dir/src/moveit_demo.cpp.o] Error 1
gmake[1]: *** [CMakeFiles/Makefile2:309: CMakeFiles/moveit_test_node.dir/all] Error 2
gmake: *** [Makefile:146: all] Error 2
