[0.024s] Invoking command in '/home/ubuntu/ros2_ws/build/isaac_sim_demo': AMENT_PREFIX_PATH=/home/ubuntu/ros2_ws/install/moveit_ros_planning_interface:/home/ubuntu/ros2_ws/install/moveit_ros_move_group:/home/ubuntu/ros2_ws/install/moveit_visual_tools:/home/ubuntu/ros2_ws/install/moveit_ros_warehouse:/home/ubuntu/ros2_ws/install/moveit_planners_ompl:/home/ubuntu/ros2_ws/install/moveit_kinematics:/home/ubuntu/ros2_ws/install/moveit_ros_planning:/home/ubuntu/ros2_ws/install/moveit_simple_controller_manager:/home/ubuntu/ros2_ws/install/moveit_ros_occupancy_map_monitor:/home/ubuntu/ros2_ws/install/moveit_core:/home/ubuntu/ros2_ws/install/moveit_resources_panda_moveit_config:/home/ubuntu/ros2_ws/install/moveit_resources_fanuc_moveit_config:/home/ubuntu/ros2_ws/install/moveit_configs_utils:/home/ubuntu/ros2_ws/install/srdfdom:/home/ubuntu/ros2_ws/install/moveit_resources_pr2_description:/home/ubuntu/ros2_ws/install/moveit_resources_panda_description:/home/ubuntu/ros2_ws/install/moveit_resources_fanuc_description:/home/ubuntu/ros2_ws/install/moveit_common:/home/ubuntu/ros2_ws/install/launch_param_builder:/home/ubuntu/ros2_ws/install/custom_interfaces:${AMENT_PREFIX_PATH} CMAKE_PREFIX_PATH=/home/ubuntu/ros2_ws/install/moveit_ros_planning_interface:/home/ubuntu/ros2_ws/install/moveit_ros_move_group:/home/ubuntu/ros2_ws/install/moveit_visual_tools:/home/ubuntu/ros2_ws/install/moveit_ros_warehouse:/home/ubuntu/ros2_ws/install/moveit_planners_ompl:/home/ubuntu/ros2_ws/install/moveit_kinematics:/home/ubuntu/ros2_ws/install/moveit_ros_planning:/home/ubuntu/ros2_ws/install/moveit_simple_controller_manager:/home/ubuntu/ros2_ws/install/moveit_ros_occupancy_map_monitor:/home/ubuntu/ros2_ws/install/moveit_core:/home/ubuntu/ros2_ws/install/moveit_resources_panda_moveit_config:/home/ubuntu/ros2_ws/install/moveit_resources_fanuc_moveit_config:/home/ubuntu/ros2_ws/install/srdfdom:/home/ubuntu/ros2_ws/install/moveit_resources_pr2_description:/home/ubuntu/ros2_ws/install/moveit_resources_panda_description:/home/ubuntu/ros2_ws/install/moveit_resources_fanuc_description:/home/ubuntu/ros2_ws/install/moveit_common:/home/ubuntu/ros2_ws/install/custom_interfaces:/opt/ros/humble LD_LIBRARY_PATH=/home/ubuntu/ros2_ws/install/moveit_ros_planning_interface/lib:/home/ubuntu/ros2_ws/install/moveit_ros_move_group/lib:/home/ubuntu/ros2_ws/install/moveit_visual_tools/lib:/home/ubuntu/ros2_ws/install/moveit_ros_warehouse/lib:/home/ubuntu/ros2_ws/install/moveit_planners_ompl/lib:/home/ubuntu/ros2_ws/install/moveit_kinematics/lib:/home/ubuntu/ros2_ws/install/moveit_ros_planning/lib:/home/ubuntu/ros2_ws/install/moveit_simple_controller_manager/lib:/home/ubuntu/ros2_ws/install/moveit_ros_occupancy_map_monitor/lib:/home/ubuntu/ros2_ws/install/moveit_core/lib:/home/ubuntu/ros2_ws/install/srdfdom/lib:/home/ubuntu/ros2_ws/install/custom_interfaces/lib:${LD_LIBRARY_PATH} PATH=/home/ubuntu/ros2_ws/install/moveit_core/bin:${PATH} PYTHONPATH=/home/ubuntu/ros2_ws/install/moveit_configs_utils/lib/python3.10/site-packages:/home/ubuntu/ros2_ws/install/srdfdom/local/lib/python3.10/dist-packages:/home/ubuntu/ros2_ws/install/launch_param_builder/lib/python3.10/site-packages:/home/ubuntu/ros2_ws/install/custom_interfaces/local/lib/python3.10/dist-packages:${PYTHONPATH} /usr/bin/cmake --build /home/ubuntu/ros2_ws/build/isaac_sim_demo -- -j24 -l24
[0.044s] -- Found ament_cmake: 1.3.9 (/opt/ros/humble/share/ament_cmake/cmake)
[0.126s] -- Found rclcpp: 16.0.9 (/opt/ros/humble/share/rclcpp/cmake)
[0.148s] -- Found rosidl_generator_c: 3.1.5 (/opt/ros/humble/share/rosidl_generator_c/cmake)
[0.150s] -- Found rosidl_adapter: 3.1.5 (/opt/ros/humble/share/rosidl_adapter/cmake)
[0.154s] -- Found rosidl_generator_cpp: 3.1.5 (/opt/ros/humble/share/rosidl_generator_cpp/cmake)
[0.161s] -- Using all available rosidl_typesupport_c: rosidl_typesupport_fastrtps_c;rosidl_typesupport_introspection_c
[0.171s] -- Using all available rosidl_typesupport_cpp: rosidl_typesupport_fastrtps_cpp;rosidl_typesupport_introspection_cpp
[0.208s] -- Found rmw_implementation_cmake: 6.1.2 (/opt/ros/humble/share/rmw_implementation_cmake/cmake)
[0.209s] -- Found rmw_fastrtps_cpp: 6.2.6 (/opt/ros/humble/share/rmw_fastrtps_cpp/cmake)
[0.313s] -- Using RMW implementation 'rmw_fastrtps_cpp' as default
[0.416s] -- Found nav_msgs: 4.2.4 (/opt/ros/humble/share/nav_msgs/cmake)
[0.495s] -- Found tf2_geometry_msgs: 0.25.7 (/opt/ros/humble/share/tf2_geometry_msgs/cmake)
[0.497s] -- Found eigen3_cmake_module: 0.1.1 (/opt/ros/humble/share/eigen3_cmake_module/cmake)
[0.498s] -- Ensuring Eigen3 include directory is part of orocos-kdl CMake target
[0.717s] -- Found trajectory_msgs: 4.2.4 (/opt/ros/humble/share/trajectory_msgs/cmake)
[0.770s] -- Found visualization_msgs: 4.2.4 (/opt/ros/humble/share/visualization_msgs/cmake)
[0.907s] -- Found custom_interfaces: 0.0.0 (/home/ubuntu/ros2_ws/install/custom_interfaces/share/custom_interfaces/cmake)
[0.951s] -- Found rosidl_default_generators: 1.2.0 (/opt/ros/humble/share/rosidl_default_generators/cmake)
[0.956s] -- Found std_srvs: 4.2.4 (/opt/ros/humble/share/std_srvs/cmake)
[0.966s] -- Found moveit_ros_planning_interface: 2.5.5 (/home/ubuntu/ros2_ws/install/moveit_ros_planning_interface/share/moveit_ros_planning_interface/cmake)
[0.973s] -- Found Boost: /usr/lib/x86_64-linux-gnu/cmake/Boost-1.74.0/BoostConfig.cmake (found version "1.74.0") found components: date_time filesystem program_options system thread 
[1.332s] -- Found Boost: /usr/lib/x86_64-linux-gnu/cmake/Boost-1.74.0/BoostConfig.cmake (found version "1.74.0") found components: chrono date_time filesystem iostreams program_options regex serialization system thread 
[1.346s] -- Found parameter_traits: 0.3.8 (/opt/ros/humble/share/parameter_traits/cmake)
[1.356s] -- Found rclcpp_lifecycle: 16.0.9 (/opt/ros/humble/share/rclcpp_lifecycle/cmake)
[1.384s] -- Found Boost: /usr/lib/x86_64-linux-gnu/cmake/Boost-1.74.0/BoostConfig.cmake (found version "1.74.0") found components: filesystem 
[1.413s] -- library: /usr/lib/x86_64-linux-gnu/libcurl.so
[1.585s] -- Found Boost: /usr/lib/x86_64-linux-gnu/cmake/Boost-1.74.0/BoostConfig.cmake (found version "1.74.0") found components: system filesystem date_time program_options thread chrono 
[1.937s] -- Found Boost: /usr/lib/x86_64-linux-gnu/cmake/Boost-1.74.0/BoostConfig.cmake (found version "1.74.0") found components: thread system filesystem regex date_time program_options 
[2.097s] -- Found Boost: /usr/lib/x86_64-linux-gnu/cmake/Boost-1.74.0/BoostConfig.cmake (found version "1.74.0") found components: system filesystem date_time program_options thread 
[2.417s] -- Found moveit_visual_tools: 4.1.0 (/home/ubuntu/ros2_ws/install/moveit_visual_tools/share/moveit_visual_tools/cmake)
[2.664s] -- Setting OGRE_DIR to: '/opt/ros/humble/share/rviz_ogre_vendor/cmake/../../../opt/rviz_ogre_vendor/lib/OGRE/cmake'
[2.664s] -- Found OGRE
[2.664s] --   static     : OFF
[2.664s] --   components : HLMS;MeshLodGenerator;Overlay;Paging;Property;RTShaderSystem;Terrain;Volume
[2.664s] --   plugins    : Plugin_BSPSceneManager;Plugin_OctreeSceneManager;Plugin_PCZSceneManager;Plugin_ParticleFX;RenderSystem_GL;RenderSystem_GL3Plus;Codec_STBI
[2.664s] --   media      : /opt/ros/humble/opt/rviz_ogre_vendor/share/OGRE/Media
[2.665s] -- OGRE_LIBRARIES: OgreHLMS;OgreMeshLodGenerator;OgreOverlay;OgrePaging;OgreProperty;OgreRTShaderSystem;OgreTerrain;OgreVolume;OgreMain
[2.665s] -- OGRE_LIBRARY_DIRS: /opt/ros/humble/opt/rviz_ogre_vendor/lib
[2.665s] -- OGRE_PLUGINS: Plugin_BSPSceneManager;Plugin_OctreeSceneManager;Plugin_PCZSceneManager;Plugin_ParticleFX;RenderSystem_GL;RenderSystem_GL3Plus;Codec_STBI
[2.665s] -- OGRE_PLUGIN_DIR: /opt/ros/humble/opt/rviz_ogre_vendor/lib/OGRE
[2.665s] -- rviz_ogre_vendor::OgreOverlay for IMPORTED_LOCATION_RELEASE: /opt/ros/humble/opt/rviz_ogre_vendor/lib/libOgreOverlay.so
[2.665s] -- rviz_ogre_vendor::OgreOverlay for IMPORTED_LOCATION_DEBUG: /opt/ros/humble/opt/rviz_ogre_vendor/lib/libOgreOverlay.so
[2.665s] -- rviz_ogre_vendor::OgreMain for IMPORTED_LOCATION_RELEASE: /opt/ros/humble/opt/rviz_ogre_vendor/lib/libOgreMain.so
[2.665s] -- rviz_ogre_vendor::OgreMain for IMPORTED_LOCATION_DEBUG: /opt/ros/humble/opt/rviz_ogre_vendor/lib/libOgreMain.so
[2.692s] -- rviz_ogre_vendor::RenderSystem_GL for IMPORTED_LOCATION_RELEASE: _render_system_gl_static_library_abs-NOTFOUND
[2.692s] -- rviz_ogre_vendor::RenderSystem_GL for IMPORTED_LOCATION_DEBUG: _render_system_gl_static_library_abs-NOTFOUND
[3.066s] -- Found robot_state_publisher: 3.0.3 (/opt/ros/humble/share/robot_state_publisher/cmake)
[3.109s] -- Found ament_lint_auto: 0.12.11 (/opt/ros/humble/share/ament_lint_auto/cmake)
[3.176s] -- Added test 'cppcheck' to perform static code analysis on C / C++ code
[3.177s] -- Configured cppcheck include dirs: /home/ubuntu/ros2_ws/src/isaac_sim_demo/include;/home/ubuntu/ros2_ws/src/isaac_sim_demo/ros2_ws/install/custom_interfaces/include/custom_interfaces/custom_interfaces;/home/ubuntu/ros2_ws/src/isaac_sim_demo/include/isaac_sim_demo
[3.177s] -- Configured cppcheck exclude dirs and/or files: 
[3.178s] -- Added test 'flake8' to check Python code syntax and style conventions
[3.179s] -- Added test 'lint_cmake' to check CMake code style
[3.180s] -- Added test 'pep257' to check Python code against some of the docstring style conventions in PEP 257
[3.184s] -- Added test 'uncrustify' to check C / C++ code style
[3.184s] -- Configured uncrustify additional arguments: 
[3.184s] -- Added test 'xmllint' to check XML markup files
[3.185s] -- Configuring done
[3.247s] -- Generating done
[3.249s] -- Build files have been written to: /home/ubuntu/ros2_ws/build/isaac_sim_demo
[3.271s] [35m[1mConsolidate compiler generated dependencies of target StateSubscriber_node[0m
[3.271s] [35m[1mConsolidate compiler generated dependencies of target markers_node[0m
[3.272s] [35m[1mConsolidate compiler generated dependencies of target tf_to_pos_node[0m
[3.272s] [35m[1mConsolidate compiler generated dependencies of target isaac_sim_demo_library[0m
[3.272s] [35m[1mConsolidate compiler generated dependencies of target visualization_node[0m
[3.273s] [35m[1mConsolidate compiler generated dependencies of target moveit_test[0m
[3.277s] [  6%] [32mBuilding CXX object CMakeFiles/ompl_lifecycle.dir/src/ompl_lifecycle.cpp.o[0m
[3.284s] [ 25%] Built target StateSubscriber_node
[3.285s] [ 31%] Built target markers_node
[3.285s] [ 43%] Built target visualization_node
[3.286s] [ 56%] Built target tf_to_pos_node
[3.296s] [ 68%] Built target moveit_test
[3.296s] [ 81%] Built target isaac_sim_demo_library
[3.303s] [35m[1mConsolidate compiler generated dependencies of target ompl_controller_node[0m
[3.330s] [ 87%] [32mBuilding CXX object CMakeFiles/ompl_controller_node.dir/src/ompl_controller_node.cpp.o[0m
[6.793s] [01m[K/home/ubuntu/ros2_ws/src/isaac_sim_demo/src/ompl_lifecycle.cpp:[m[K In member function â€˜[01m[Kvirtual rclcpp_lifecycle::node_interfaces::LifecycleNodeInterface::CallbackReturn LifecycleTalker::on_configure(const rclcpp_lifecycle::State&)[m[Kâ€™:
[6.793s] [01m[K/home/ubuntu/ros2_ws/src/isaac_sim_demo/src/ompl_lifecycle.cpp:113:5:[m[K [01;31m[Kerror: [m[Kâ€˜[01m[Kpublisher_[m[Kâ€™ was not declared in this scope; did you mean â€˜[01m[Kpublish[m[Kâ€™?
[6.793s]   113 |     [01;31m[Kpublisher_[m[K = this->create_publisher<nav_msgs::msg::Path>("/"+Quadrotor_num+"/path_topic", 10);
[6.794s]       |     [01;31m[K^~~~~~~~~~[m[K
[6.794s]       |     [32m[Kpublish[m[K
[6.807s] [01m[K/home/ubuntu/ros2_ws/src/isaac_sim_demo/src/ompl_lifecycle.cpp:115:5:[m[K [01;31m[Kerror: [m[Kâ€˜[01m[Kpose_subscriber_[m[Kâ€™ was not declared in this scope; did you mean â€˜[01m[Kcount_subscribers[m[Kâ€™?
[6.807s]   115 |     [01;31m[Kpose_subscriber_[m[K = this->create_subscription<geometry_msgs::msg::PoseStamped>(
[6.807s]       |     [01;31m[K^~~~~~~~~~~~~~~~[m[K
[6.807s]       |     [32m[Kcount_subscribers[m[K
[6.807s] [01m[K/home/ubuntu/ros2_ws/src/isaac_sim_demo/src/ompl_lifecycle.cpp:116:56:[m[K [01;31m[Kerror: [m[Kâ€˜[01m[KPathPublisher[m[Kâ€™ has not been declared
[6.807s]   116 |         ""+Quadrotor_num+"/state/pose", 10, std::bind(&[01;31m[KPathPublisher[m[K::pose_callback, this, std::placeholders::_1));
[6.807s]       |                                                        [01;31m[K^~~~~~~~~~~~~[m[K
[6.818s] [01m[K/home/ubuntu/ros2_ws/src/isaac_sim_demo/src/ompl_lifecycle.cpp:117:5:[m[K [01;31m[Kerror: [m[Kâ€˜[01m[Kgoal_subscriber_[m[Kâ€™ was not declared in this scope; did you mean â€˜[01m[Kcount_subscribers[m[Kâ€™?
[6.818s]   117 |     [01;31m[Kgoal_subscriber_[m[K = this->create_subscription<geometry_msgs::msg::PoseStamped>(
[6.818s]       |     [01;31m[K^~~~~~~~~~~~~~~~[m[K
[6.818s]       |     [32m[Kcount_subscribers[m[K
[6.818s] [01m[K/home/ubuntu/ros2_ws/src/isaac_sim_demo/src/ompl_lifecycle.cpp:118:56:[m[K [01;31m[Kerror: [m[Kâ€˜[01m[KPathPublisher[m[Kâ€™ has not been declared
[6.818s]   118 |         "/"+Quadrotor_num+"/goal_pose", 10, std::bind(&[01;31m[KPathPublisher[m[K::goal_callback, this, std::placeholders::_1));
[6.818s]       |                                                        [01;31m[K^~~~~~~~~~~~~[m[K
[6.818s] [01m[K/home/ubuntu/ros2_ws/src/isaac_sim_demo/src/ompl_lifecycle.cpp:122:27:[m[K [01;31m[Kerror: [m[Kâ€˜[01m[KPathPublisher[m[Kâ€™ has not been declared
[6.818s]   122 |         800ms, std::bind(&[01;31m[KPathPublisher[m[K::timer_callback,this));
[6.818s]       |                           [01;31m[K^~~~~~~~~~~~~[m[K
[8.079s] gmake[2]: *** [CMakeFiles/ompl_lifecycle.dir/build.make:76: CMakeFiles/ompl_lifecycle.dir/src/ompl_lifecycle.cpp.o] Error 1
[8.080s] gmake[1]: *** [CMakeFiles/Makefile2:333: CMakeFiles/ompl_lifecycle.dir/all] Error 2
[8.080s] gmake[1]: *** Waiting for unfinished jobs....
[14.085s] [ 93%] [32m[1mLinking CXX executable ompl_controller_node[0m
[14.424s] [ 93%] Built target ompl_controller_node
[14.424s] gmake: *** [Makefile:146: all] Error 2
[14.426s] Invoked command in '/home/ubuntu/ros2_ws/build/isaac_sim_demo' returned '2': AMENT_PREFIX_PATH=/home/ubuntu/ros2_ws/install/moveit_ros_planning_interface:/home/ubuntu/ros2_ws/install/moveit_ros_move_group:/home/ubuntu/ros2_ws/install/moveit_visual_tools:/home/ubuntu/ros2_ws/install/moveit_ros_warehouse:/home/ubuntu/ros2_ws/install/moveit_planners_ompl:/home/ubuntu/ros2_ws/install/moveit_kinematics:/home/ubuntu/ros2_ws/install/moveit_ros_planning:/home/ubuntu/ros2_ws/install/moveit_simple_controller_manager:/home/ubuntu/ros2_ws/install/moveit_ros_occupancy_map_monitor:/home/ubuntu/ros2_ws/install/moveit_core:/home/ubuntu/ros2_ws/install/moveit_resources_panda_moveit_config:/home/ubuntu/ros2_ws/install/moveit_resources_fanuc_moveit_config:/home/ubuntu/ros2_ws/install/moveit_configs_utils:/home/ubuntu/ros2_ws/install/srdfdom:/home/ubuntu/ros2_ws/install/moveit_resources_pr2_description:/home/ubuntu/ros2_ws/install/moveit_resources_panda_description:/home/ubuntu/ros2_ws/install/moveit_resources_fanuc_description:/home/ubuntu/ros2_ws/install/moveit_common:/home/ubuntu/ros2_ws/install/launch_param_builder:/home/ubuntu/ros2_ws/install/custom_interfaces:${AMENT_PREFIX_PATH} CMAKE_PREFIX_PATH=/home/ubuntu/ros2_ws/install/moveit_ros_planning_interface:/home/ubuntu/ros2_ws/install/moveit_ros_move_group:/home/ubuntu/ros2_ws/install/moveit_visual_tools:/home/ubuntu/ros2_ws/install/moveit_ros_warehouse:/home/ubuntu/ros2_ws/install/moveit_planners_ompl:/home/ubuntu/ros2_ws/install/moveit_kinematics:/home/ubuntu/ros2_ws/install/moveit_ros_planning:/home/ubuntu/ros2_ws/install/moveit_simple_controller_manager:/home/ubuntu/ros2_ws/install/moveit_ros_occupancy_map_monitor:/home/ubuntu/ros2_ws/install/moveit_core:/home/ubuntu/ros2_ws/install/moveit_resources_panda_moveit_config:/home/ubuntu/ros2_ws/install/moveit_resources_fanuc_moveit_config:/home/ubuntu/ros2_ws/install/srdfdom:/home/ubuntu/ros2_ws/install/moveit_resources_pr2_description:/home/ubuntu/ros2_ws/install/moveit_resources_panda_description:/home/ubuntu/ros2_ws/install/moveit_resources_fanuc_description:/home/ubuntu/ros2_ws/install/moveit_common:/home/ubuntu/ros2_ws/install/custom_interfaces:/opt/ros/humble LD_LIBRARY_PATH=/home/ubuntu/ros2_ws/install/moveit_ros_planning_interface/lib:/home/ubuntu/ros2_ws/install/moveit_ros_move_group/lib:/home/ubuntu/ros2_ws/install/moveit_visual_tools/lib:/home/ubuntu/ros2_ws/install/moveit_ros_warehouse/lib:/home/ubuntu/ros2_ws/install/moveit_planners_ompl/lib:/home/ubuntu/ros2_ws/install/moveit_kinematics/lib:/home/ubuntu/ros2_ws/install/moveit_ros_planning/lib:/home/ubuntu/ros2_ws/install/moveit_simple_controller_manager/lib:/home/ubuntu/ros2_ws/install/moveit_ros_occupancy_map_monitor/lib:/home/ubuntu/ros2_ws/install/moveit_core/lib:/home/ubuntu/ros2_ws/install/srdfdom/lib:/home/ubuntu/ros2_ws/install/custom_interfaces/lib:${LD_LIBRARY_PATH} PATH=/home/ubuntu/ros2_ws/install/moveit_core/bin:${PATH} PYTHONPATH=/home/ubuntu/ros2_ws/install/moveit_configs_utils/lib/python3.10/site-packages:/home/ubuntu/ros2_ws/install/srdfdom/local/lib/python3.10/dist-packages:/home/ubuntu/ros2_ws/install/launch_param_builder/lib/python3.10/site-packages:/home/ubuntu/ros2_ws/install/custom_interfaces/local/lib/python3.10/dist-packages:${PYTHONPATH} /usr/bin/cmake --build /home/ubuntu/ros2_ws/build/isaac_sim_demo -- -j24 -l24
