[35m[1mConsolidate compiler generated dependencies of target joint_space[0m
[  9%] Built target markers_node
[ 18%] Built target StateSubscriber_node
[ 27%] Built target visualization_node
[ 36%] Built target isaac_sim_demo_library
[ 45%] Built target tf_to_pos_node
[ 54%] Built target spawn_scene
[ 63%] Built target moveit_test_node
[ 72%] Built target cartesian
[ 77%] [32mBuilding CXX object CMakeFiles/joint_space.dir/src/joint_space.cpp.o[0m
[ 95%] Built target ompl_lifecycle
[ 95%] Built target ompl_controller_node
[01m[K/home/ubuntu/ros2_ws/src/isaac_sim_demo/src/joint_space.cpp:[m[K In function â€˜[01m[Kint main(int, char**)[m[Kâ€™:
[01m[K/home/ubuntu/ros2_ws/src/isaac_sim_demo/src/joint_space.cpp:299:9:[m[K [01;31m[Kerror: [m[Kâ€˜[01m[Kvisibility_constraint[m[Kâ€™ was not declared in this scope
  299 |         [01;31m[Kvisibility_constraint[m[K.sensor_view_direction = 0
      |         [01;31m[K^~~~~~~~~~~~~~~~~~~~~[m[K
[01m[K/home/ubuntu/ros2_ws/src/isaac_sim_demo/src/joint_space.cpp:307:30:[m[K [01;31m[Kerror: [m[Kâ€˜[01m[Kusing _path_constraints_type = struct moveit_msgs::msg::Constraints_<std::allocator<void> >[m[Kâ€™ {aka â€˜[01m[Kstruct moveit_msgs::msg::Constraints_<std::allocator<void> >[m[Kâ€™} has no member named â€˜[01m[Kpush_back[m[Kâ€™
  307 |         req.path_constraints.[01;31m[Kpush_back[m[K(vis_const)
      |                              [01;31m[K^~~~~~~~~[m[K
[01m[K/home/ubuntu/ros2_ws/src/isaac_sim_demo/src/joint_space.cpp:313:9:[m[K [01;31m[Kerror: [m[Kâ€˜[01m[Kelse[m[Kâ€™ without a previous â€˜[01m[Kif[m[Kâ€™
  313 |         [01;31m[Kelse[m[K
      |         [01;31m[K^~~~[m[K
gmake[2]: *** [CMakeFiles/joint_space.dir/build.make:76: CMakeFiles/joint_space.dir/src/joint_space.cpp.o] Error 1
gmake[1]: *** [CMakeFiles/Makefile2:339: CMakeFiles/joint_space.dir/all] Error 2
gmake: *** [Makefile:146: all] Error 2
