[35m[1mConsolidate compiler generated dependencies of target joint_space[0m
[  9%] Built target tf_to_pos_node
[ 18%] Built target visualization_node
[ 27%] Built target markers_node
[ 45%] Built target isaac_sim_demo_library
[ 45%] Built target moveit_test_node
[ 54%] Built target StateSubscriber_node
[ 63%] Built target spawn_scene
[ 72%] Built target cartesian
[ 77%] [32mBuilding CXX object CMakeFiles/joint_space.dir/src/joint_space.cpp.o[0m
[ 95%] Built target ompl_controller_node
[ 95%] Built target ompl_lifecycle
[01m[K/home/ubuntu/ros2_ws/src/isaac_sim_demo/src/joint_space.cpp:[m[K In function â€˜[01m[Kint main(int, char**)[m[Kâ€™:
[01m[K/home/ubuntu/ros2_ws/src/isaac_sim_demo/src/joint_space.cpp:427:57:[m[K [01;31m[Kerror: [m[Kredeclaration of â€˜[01m[Kkinematic_constraints::ConstraintEvaluationResult result[m[Kâ€™
  427 |       kinematic_constraints::ConstraintEvaluationResult [01;31m[Kresult[m[K = vis_constraint_checker.decide(robot_state,true);
      |                                                         [01;31m[K^~~~~~[m[K
[01m[K/home/ubuntu/ros2_ws/src/isaac_sim_demo/src/joint_space.cpp:355:57:[m[K [01;36m[Knote: [m[Kâ€˜[01m[Kkinematic_constraints::ConstraintEvaluationResult result[m[Kâ€™ previously declared here
  355 |       kinematic_constraints::ConstraintEvaluationResult [01;36m[Kresult[m[K = vis_constraint_checker.decide(robot_state,true);
      |                                                         [01;36m[K^~~~~~[m[K
[01m[K/home/ubuntu/ros2_ws/src/isaac_sim_demo/src/joint_space.cpp:428:12:[m[K [01;31m[Kerror: [m[Kredeclaration of â€˜[01m[Kbool success[m[Kâ€™
  428 |       bool [01;31m[Ksuccess[m[K = result.satisfied;
      |            [01;31m[K^~~~~~~[m[K
[01m[K/home/ubuntu/ros2_ws/src/isaac_sim_demo/src/joint_space.cpp:356:12:[m[K [01;36m[Knote: [m[Kâ€˜[01m[Kbool success[m[Kâ€™ previously declared here
  356 |       bool [01;36m[Ksuccess[m[K = result.satisfied;
      |            [01;36m[K^~~~~~~[m[K
gmake[2]: *** [CMakeFiles/joint_space.dir/build.make:76: CMakeFiles/joint_space.dir/src/joint_space.cpp.o] Error 1
gmake[1]: *** [CMakeFiles/Makefile2:339: CMakeFiles/joint_space.dir/all] Error 2
gmake: *** [Makefile:146: all] Error 2
